ARM GAS  /tmp/ccW1S9b5.s 			page 1


   1              		.cpu cortex-m4
   2              		.eabi_attribute 27, 1
   3              		.eabi_attribute 28, 1
   4              		.eabi_attribute 20, 1
   5              		.eabi_attribute 21, 1
   6              		.eabi_attribute 23, 3
   7              		.eabi_attribute 24, 1
   8              		.eabi_attribute 25, 1
   9              		.eabi_attribute 26, 1
  10              		.eabi_attribute 30, 2
  11              		.eabi_attribute 34, 1
  12              		.eabi_attribute 18, 4
  13              		.file	"chregistry.c"
  14              		.text
  15              	.Ltext0:
  16              		.cfi_sections	.debug_frame
  17              		.section	.text.chRegFirstThread,"ax",%progbits
  18              		.align	1
  19              		.p2align 4,,15
  20              		.global	chRegFirstThread
  21              		.syntax unified
  22              		.thumb
  23              		.thumb_func
  24              		.fpu fpv4-sp-d16
  25              		.type	chRegFirstThread, %function
  26              	chRegFirstThread:
  27              	.LFB219:
  28              		.file 1 "ChibiOS_3.0.5/os/rt/src/chregistry.c"
  29              		.loc 1 131 0
  30              		.cfi_startproc
  31              		@ args = 0, pretend = 0, frame = 0
  32              		@ frame_needed = 0, uses_anonymous_args = 0
  33              		@ link register save eliminated.
  34              	.LBB34:
  35              	.LBB35:
  36              	.LBB36:
  37              	.LBB37:
  38              		.file 2 "ChibiOS_3.0.5/os/ext/CMSIS/include/core_cmFunc.h"
  39              		.loc 2 342 0
  40              		.syntax unified
  41              	@ 342 "ChibiOS_3.0.5/os/ext/CMSIS/include/core_cmFunc.h" 1
  42 0000 72B6     		cpsid i
  43              	@ 0 "" 2
  44              		.thumb
  45              		.syntax unified
  46              	.LBE37:
  47              	.LBE36:
  48              	.LBE35:
  49              	.LBE34:
  50              		.loc 1 135 0
  51 0002 044B     		ldr	r3, .L3
  52 0004 1869     		ldr	r0, [r3, #16]
  53              	.LVL0:
  54              		.loc 1 137 0
  55 0006 90F82230 		ldrb	r3, [r0, #34]	@ zero_extendqisi2
  56 000a 0133     		adds	r3, r3, #1
  57 000c 80F82230 		strb	r3, [r0, #34]
ARM GAS  /tmp/ccW1S9b5.s 			page 2


  58              	.LBB38:
  59              	.LBB39:
  60              	.LBB40:
  61              	.LBB41:
  62              	.LBB42:
  63              		.loc 2 331 0
  64              		.syntax unified
  65              	@ 331 "ChibiOS_3.0.5/os/ext/CMSIS/include/core_cmFunc.h" 1
  66 0010 62B6     		cpsie i
  67              	@ 0 "" 2
  68              		.thumb
  69              		.syntax unified
  70              	.LBE42:
  71              	.LBE41:
  72              	.LBE40:
  73              	.LBE39:
  74              	.LBE38:
  75              		.loc 1 142 0
  76 0012 7047     		bx	lr
  77              	.L4:
  78              		.align	2
  79              	.L3:
  80 0014 00000000 		.word	ch
  81              		.cfi_endproc
  82              	.LFE219:
  83              		.size	chRegFirstThread, .-chRegFirstThread
  84              		.section	.text.chRegNextThread,"ax",%progbits
  85              		.align	1
  86              		.p2align 4,,15
  87              		.global	chRegNextThread
  88              		.syntax unified
  89              		.thumb
  90              		.thumb_func
  91              		.fpu fpv4-sp-d16
  92              		.type	chRegNextThread, %function
  93              	chRegNextThread:
  94              	.LFB220:
  95              		.loc 1 155 0
  96              		.cfi_startproc
  97              		@ args = 0, pretend = 0, frame = 0
  98              		@ frame_needed = 0, uses_anonymous_args = 0
  99              	.LVL1:
 100 0000 10B5     		push	{r4, lr}
 101              		.cfi_def_cfa_offset 8
 102              		.cfi_offset 4, -8
 103              		.cfi_offset 14, -4
 104              	.LBB43:
 105              	.LBB44:
 106              	.LBB45:
 107              	.LBB46:
 108              		.loc 2 342 0
 109              		.syntax unified
 110              	@ 342 "ChibiOS_3.0.5/os/ext/CMSIS/include/core_cmFunc.h" 1
 111 0002 72B6     		cpsid i
 112              	@ 0 "" 2
 113              		.thumb
 114              		.syntax unified
ARM GAS  /tmp/ccW1S9b5.s 			page 3


 115              	.LBE46:
 116              	.LBE45:
 117              	.LBE44:
 118              	.LBE43:
 119              		.loc 1 161 0
 120 0004 074B     		ldr	r3, .L9
 121              		.loc 1 159 0
 122 0006 0469     		ldr	r4, [r0, #16]
 123              	.LVL2:
 124              		.loc 1 161 0
 125 0008 9C42     		cmp	r4, r3
 126              		.loc 1 168 0
 127 000a 1DBF     		ittte	ne
 128 000c 94F82230 		ldrbne	r3, [r4, #34]	@ zero_extendqisi2
 129 0010 0133     		addne	r3, r3, #1
 130 0012 84F82230 		strbne	r3, [r4, #34]
 131              		.loc 1 163 0
 132 0016 0024     		moveq	r4, #0
 133              	.LVL3:
 134              	.LBB47:
 135              	.LBB48:
 136              	.LBB49:
 137              	.LBB50:
 138              	.LBB51:
 139              		.loc 2 331 0
 140              		.syntax unified
 141              	@ 331 "ChibiOS_3.0.5/os/ext/CMSIS/include/core_cmFunc.h" 1
 142 0018 62B6     		cpsie i
 143              	@ 0 "" 2
 144              		.thumb
 145              		.syntax unified
 146              	.LBE51:
 147              	.LBE50:
 148              	.LBE49:
 149              	.LBE48:
 150              	.LBE47:
 151              		.loc 1 173 0
 152 001a FFF7FEFF 		bl	chThdRelease
 153              	.LVL4:
 154              		.loc 1 177 0
 155 001e 2046     		mov	r0, r4
 156 0020 10BD     		pop	{r4, pc}
 157              	.LVL5:
 158              	.L10:
 159 0022 00BF     		.align	2
 160              	.L9:
 161 0024 00000000 		.word	ch
 162              		.cfi_endproc
 163              	.LFE220:
 164              		.size	chRegNextThread, .-chRegNextThread
 165              		.global	ch_debug
 166              		.section	.rodata.ch_debug,"a",%progbits
 167              		.align	2
 168              		.type	ch_debug, %object
 169              		.size	ch_debug, 22
 170              	ch_debug:
 171 0000 6D       		.byte	109
ARM GAS  /tmp/ccW1S9b5.s 			page 4


 172 0001 61       		.byte	97
 173 0002 69       		.byte	105
 174 0003 6E       		.byte	110
 175 0004 00       		.byte	0
 176 0005 16       		.byte	22
 177 0006 0418     		.short	6148
 178 0008 04       		.byte	4
 179 0009 04       		.byte	4
 180 000a 50       		.byte	80
 181 000b 08       		.byte	8
 182 000c 0C       		.byte	12
 183 000d 10       		.byte	16
 184 000e 14       		.byte	20
 185 000f 18       		.byte	24
 186 0010 1C       		.byte	28
 187 0011 20       		.byte	32
 188 0012 21       		.byte	33
 189 0013 22       		.byte	34
 190 0014 23       		.byte	35
 191 0015 24       		.byte	36
 192              		.text
 193              	.Letext0:
 194              		.file 3 "/usr/lib/gcc/arm-none-eabi/7.3.1/include/stddef.h"
 195              		.file 4 "/usr/arm-none-eabi/include/machine/_default_types.h"
 196              		.file 5 "/usr/arm-none-eabi/include/sys/_stdint.h"
 197              		.file 6 "ChibiOS_3.0.5/os/rt/ports/ARMCMx/compilers/GCC/chtypes.h"
 198              		.file 7 "ChibiOS_3.0.5/os/rt/include/chsystypes.h"
 199              		.file 8 "ChibiOS_3.0.5/os/rt/include/chschd.h"
 200              		.file 9 "ChibiOS_3.0.5/os/ext/CMSIS/include/core_cm4.h"
 201              		.file 10 "ChibiOS_3.0.5/os/ext/CMSIS/ST/system_stm32f4xx.h"
 202              		.file 11 "ChibiOS_3.0.5/os/rt/ports/ARMCMx/chcore.h"
 203              		.file 12 "ChibiOS_3.0.5/os/rt/ports/ARMCMx/chcore_v7m.h"
 204              		.file 13 "ChibiOS_3.0.5/os/rt/include/chtm.h"
 205              		.file 14 "ChibiOS_3.0.5/os/rt/include/chsem.h"
 206              		.file 15 "ChibiOS_3.0.5/os/rt/include/chmtx.h"
 207              		.file 16 "ChibiOS_3.0.5/os/rt/include/chregistry.h"
 208              		.file 17 "ChibiOS_3.0.5/os/rt/include/chsys.h"
 209              		.file 18 "ChibiOS_3.0.5/os/rt/include/chdynamic.h"
 210              		.section	.debug_info,"",%progbits
 211              	.Ldebug_info0:
 212 0000 520A0000 		.4byte	0xa52
 213 0004 0400     		.2byte	0x4
 214 0006 00000000 		.4byte	.Ldebug_abbrev0
 215 000a 04       		.byte	0x4
 216 000b 01       		.uleb128 0x1
 217 000c 56000000 		.4byte	.LASF137
 218 0010 0C       		.byte	0xc
 219 0011 BD010000 		.4byte	.LASF138
 220 0015 BA050000 		.4byte	.LASF139
 221 0019 00000000 		.4byte	.Ldebug_ranges0+0
 222 001d 00000000 		.4byte	0
 223 0021 00000000 		.4byte	.Ldebug_line0
 224 0025 02       		.uleb128 0x2
 225 0026 04       		.byte	0x4
 226 0027 05       		.byte	0x5
 227 0028 696E7400 		.ascii	"int\000"
 228 002c 03       		.uleb128 0x3
ARM GAS  /tmp/ccW1S9b5.s 			page 5


 229 002d 1A000000 		.4byte	.LASF2
 230 0031 03       		.byte	0x3
 231 0032 D8       		.byte	0xd8
 232 0033 37000000 		.4byte	0x37
 233 0037 04       		.uleb128 0x4
 234 0038 04       		.byte	0x4
 235 0039 07       		.byte	0x7
 236 003a 0E030000 		.4byte	.LASF0
 237 003e 04       		.uleb128 0x4
 238 003f 01       		.byte	0x1
 239 0040 06       		.byte	0x6
 240 0041 33020000 		.4byte	.LASF1
 241 0045 03       		.uleb128 0x3
 242 0046 31000000 		.4byte	.LASF3
 243 004a 04       		.byte	0x4
 244 004b 2B       		.byte	0x2b
 245 004c 50000000 		.4byte	0x50
 246 0050 04       		.uleb128 0x4
 247 0051 01       		.byte	0x1
 248 0052 08       		.byte	0x8
 249 0053 EC040000 		.4byte	.LASF4
 250 0057 04       		.uleb128 0x4
 251 0058 02       		.byte	0x2
 252 0059 05       		.byte	0x5
 253 005a 04050000 		.4byte	.LASF5
 254 005e 03       		.uleb128 0x3
 255 005f 23060000 		.4byte	.LASF6
 256 0063 04       		.byte	0x4
 257 0064 39       		.byte	0x39
 258 0065 69000000 		.4byte	0x69
 259 0069 04       		.uleb128 0x4
 260 006a 02       		.byte	0x2
 261 006b 07       		.byte	0x7
 262 006c 78030000 		.4byte	.LASF7
 263 0070 03       		.uleb128 0x3
 264 0071 CD030000 		.4byte	.LASF8
 265 0075 04       		.byte	0x4
 266 0076 4D       		.byte	0x4d
 267 0077 7B000000 		.4byte	0x7b
 268 007b 04       		.uleb128 0x4
 269 007c 04       		.byte	0x4
 270 007d 05       		.byte	0x5
 271 007e 99020000 		.4byte	.LASF9
 272 0082 03       		.uleb128 0x3
 273 0083 5C060000 		.4byte	.LASF10
 274 0087 04       		.byte	0x4
 275 0088 4F       		.byte	0x4f
 276 0089 8D000000 		.4byte	0x8d
 277 008d 04       		.uleb128 0x4
 278 008e 04       		.byte	0x4
 279 008f 07       		.byte	0x7
 280 0090 F5050000 		.4byte	.LASF11
 281 0094 04       		.uleb128 0x4
 282 0095 08       		.byte	0x8
 283 0096 05       		.byte	0x5
 284 0097 25020000 		.4byte	.LASF12
 285 009b 03       		.uleb128 0x3
ARM GAS  /tmp/ccW1S9b5.s 			page 6


 286 009c 91040000 		.4byte	.LASF13
 287 00a0 04       		.byte	0x4
 288 00a1 69       		.byte	0x69
 289 00a2 A6000000 		.4byte	0xa6
 290 00a6 04       		.uleb128 0x4
 291 00a7 08       		.byte	0x8
 292 00a8 07       		.byte	0x7
 293 00a9 84010000 		.4byte	.LASF14
 294 00ad 03       		.uleb128 0x3
 295 00ae BD060000 		.4byte	.LASF15
 296 00b2 05       		.byte	0x5
 297 00b3 18       		.byte	0x18
 298 00b4 45000000 		.4byte	0x45
 299 00b8 03       		.uleb128 0x3
 300 00b9 23030000 		.4byte	.LASF16
 301 00bd 05       		.byte	0x5
 302 00be 24       		.byte	0x24
 303 00bf 5E000000 		.4byte	0x5e
 304 00c3 03       		.uleb128 0x3
 305 00c4 E4040000 		.4byte	.LASF17
 306 00c8 05       		.byte	0x5
 307 00c9 2C       		.byte	0x2c
 308 00ca 70000000 		.4byte	0x70
 309 00ce 05       		.uleb128 0x5
 310 00cf C3000000 		.4byte	0xc3
 311 00d3 03       		.uleb128 0x3
 312 00d4 C0050000 		.4byte	.LASF18
 313 00d8 05       		.byte	0x5
 314 00d9 30       		.byte	0x30
 315 00da 82000000 		.4byte	0x82
 316 00de 03       		.uleb128 0x3
 317 00df 28000000 		.4byte	.LASF19
 318 00e3 05       		.byte	0x5
 319 00e4 3C       		.byte	0x3c
 320 00e5 9B000000 		.4byte	0x9b
 321 00e9 03       		.uleb128 0x3
 322 00ea 16040000 		.4byte	.LASF20
 323 00ee 06       		.byte	0x6
 324 00ef 45       		.byte	0x45
 325 00f0 D3000000 		.4byte	0xd3
 326 00f4 03       		.uleb128 0x3
 327 00f5 35050000 		.4byte	.LASF21
 328 00f9 06       		.byte	0x6
 329 00fa 48       		.byte	0x48
 330 00fb AD000000 		.4byte	0xad
 331 00ff 03       		.uleb128 0x3
 332 0100 A2020000 		.4byte	.LASF22
 333 0104 06       		.byte	0x6
 334 0105 49       		.byte	0x49
 335 0106 AD000000 		.4byte	0xad
 336 010a 03       		.uleb128 0x3
 337 010b C5020000 		.4byte	.LASF23
 338 010f 06       		.byte	0x6
 339 0110 4A       		.byte	0x4a
 340 0111 AD000000 		.4byte	0xad
 341 0115 03       		.uleb128 0x3
 342 0116 7F020000 		.4byte	.LASF24
ARM GAS  /tmp/ccW1S9b5.s 			page 7


 343 011a 06       		.byte	0x6
 344 011b 4B       		.byte	0x4b
 345 011c AD000000 		.4byte	0xad
 346 0120 03       		.uleb128 0x3
 347 0121 CC040000 		.4byte	.LASF25
 348 0125 06       		.byte	0x6
 349 0126 4C       		.byte	0x4c
 350 0127 D3000000 		.4byte	0xd3
 351 012b 03       		.uleb128 0x3
 352 012c 95030000 		.4byte	.LASF26
 353 0130 06       		.byte	0x6
 354 0131 4D       		.byte	0x4d
 355 0132 C3000000 		.4byte	0xc3
 356 0136 03       		.uleb128 0x3
 357 0137 C1030000 		.4byte	.LASF27
 358 013b 06       		.byte	0x6
 359 013c 4F       		.byte	0x4f
 360 013d D3000000 		.4byte	0xd3
 361 0141 03       		.uleb128 0x3
 362 0142 FD020000 		.4byte	.LASF28
 363 0146 06       		.byte	0x6
 364 0147 51       		.byte	0x51
 365 0148 C3000000 		.4byte	0xc3
 366 014c 03       		.uleb128 0x3
 367 014d 3E060000 		.4byte	.LASF29
 368 0151 07       		.byte	0x7
 369 0152 33       		.byte	0x33
 370 0153 D3000000 		.4byte	0xd3
 371 0157 05       		.uleb128 0x5
 372 0158 4C010000 		.4byte	0x14c
 373 015c 03       		.uleb128 0x3
 374 015d 2E060000 		.4byte	.LASF30
 375 0161 07       		.byte	0x7
 376 0162 3F       		.byte	0x3f
 377 0163 67010000 		.4byte	0x167
 378 0167 06       		.uleb128 0x6
 379 0168 8B030000 		.4byte	.LASF54
 380 016c 50       		.byte	0x50
 381 016d 08       		.byte	0x8
 382 016e C2       		.byte	0xc2
 383 016f 85020000 		.4byte	0x285
 384 0173 07       		.uleb128 0x7
 385 0174 2E050000 		.4byte	.LASF31
 386 0178 08       		.byte	0x8
 387 0179 C3       		.byte	0xc3
 388 017a 90020000 		.4byte	0x290
 389 017e 00       		.byte	0
 390 017f 07       		.uleb128 0x7
 391 0180 C5040000 		.4byte	.LASF32
 392 0184 08       		.byte	0x8
 393 0185 C5       		.byte	0xc5
 394 0186 90020000 		.4byte	0x290
 395 018a 04       		.byte	0x4
 396 018b 07       		.uleb128 0x7
 397 018c 00020000 		.4byte	.LASF33
 398 0190 08       		.byte	0x8
 399 0191 C7       		.byte	0xc7
ARM GAS  /tmp/ccW1S9b5.s 			page 8


 400 0192 20010000 		.4byte	0x120
 401 0196 08       		.byte	0x8
 402 0197 07       		.uleb128 0x7
 403 0198 5B040000 		.4byte	.LASF34
 404 019c 08       		.byte	0x8
 405 019d C8       		.byte	0xc8
 406 019e D0040000 		.4byte	0x4d0
 407 01a2 0C       		.byte	0xc
 408 01a3 07       		.uleb128 0x7
 409 01a4 B5020000 		.4byte	.LASF35
 410 01a8 08       		.byte	0x8
 411 01a9 CA       		.byte	0xca
 412 01aa 90020000 		.4byte	0x290
 413 01ae 10       		.byte	0x10
 414 01af 07       		.uleb128 0x7
 415 01b0 4D040000 		.4byte	.LASF36
 416 01b4 08       		.byte	0x8
 417 01b5 CB       		.byte	0xcb
 418 01b6 90020000 		.4byte	0x290
 419 01ba 14       		.byte	0x14
 420 01bb 07       		.uleb128 0x7
 421 01bc DF060000 		.4byte	.LASF37
 422 01c0 08       		.byte	0x8
 423 01c1 D2       		.byte	0xd2
 424 01c2 15070000 		.4byte	0x715
 425 01c6 18       		.byte	0x18
 426 01c7 07       		.uleb128 0x7
 427 01c8 03030000 		.4byte	.LASF38
 428 01cc 08       		.byte	0x8
 429 01cd D8       		.byte	0xd8
 430 01ce 2C070000 		.4byte	0x72c
 431 01d2 1C       		.byte	0x1c
 432 01d3 07       		.uleb128 0x7
 433 01d4 0E050000 		.4byte	.LASF39
 434 01d8 08       		.byte	0x8
 435 01d9 DD       		.byte	0xdd
 436 01da FF000000 		.4byte	0xff
 437 01de 20       		.byte	0x20
 438 01df 07       		.uleb128 0x7
 439 01e0 4C050000 		.4byte	.LASF40
 440 01e4 08       		.byte	0x8
 441 01e5 E1       		.byte	0xe1
 442 01e6 F4000000 		.4byte	0xf4
 443 01ea 21       		.byte	0x21
 444 01eb 07       		.uleb128 0x7
 445 01ec A1060000 		.4byte	.LASF41
 446 01f0 08       		.byte	0x8
 447 01f1 E6       		.byte	0xe6
 448 01f2 0A010000 		.4byte	0x10a
 449 01f6 22       		.byte	0x22
 450 01f7 07       		.uleb128 0x7
 451 01f8 16050000 		.4byte	.LASF42
 452 01fc 08       		.byte	0x8
 453 01fd EC       		.byte	0xec
 454 01fe 15010000 		.4byte	0x115
 455 0202 23       		.byte	0x23
 456 0203 07       		.uleb128 0x7
ARM GAS  /tmp/ccW1S9b5.s 			page 9


 457 0204 3C030000 		.4byte	.LASF43
 458 0208 08       		.byte	0x8
 459 0209 F3       		.byte	0xf3
 460 020a 57010000 		.4byte	0x157
 461 020e 24       		.byte	0x24
 462 020f 08       		.uleb128 0x8
 463 0210 705F7500 		.ascii	"p_u\000"
 464 0214 08       		.byte	0x8
 465 0215 3101     		.2byte	0x131
 466 0217 50060000 		.4byte	0x650
 467 021b 28       		.byte	0x28
 468 021c 09       		.uleb128 0x9
 469 021d 0C040000 		.4byte	.LASF44
 470 0221 08       		.byte	0x8
 471 0222 3601     		.2byte	0x136
 472 0224 96020000 		.4byte	0x296
 473 0228 2C       		.byte	0x2c
 474 0229 09       		.uleb128 0x9
 475 022a 5E030000 		.4byte	.LASF45
 476 022e 08       		.byte	0x8
 477 022f 3C01     		.2byte	0x13c
 478 0231 BA020000 		.4byte	0x2ba
 479 0235 30       		.byte	0x30
 480 0236 09       		.uleb128 0x9
 481 0237 80060000 		.4byte	.LASF46
 482 023b 08       		.byte	0x8
 483 023c 4001     		.2byte	0x140
 484 023e 2B010000 		.4byte	0x12b
 485 0242 38       		.byte	0x38
 486 0243 09       		.uleb128 0x9
 487 0244 AF050000 		.4byte	.LASF47
 488 0248 08       		.byte	0x8
 489 0249 4601     		.2byte	0x146
 490 024b 36010000 		.4byte	0x136
 491 024f 3C       		.byte	0x3c
 492 0250 09       		.uleb128 0x9
 493 0251 FA040000 		.4byte	.LASF48
 494 0255 08       		.byte	0x8
 495 0256 4D01     		.2byte	0x14d
 496 0258 0F070000 		.4byte	0x70f
 497 025c 40       		.byte	0x40
 498 025d 09       		.uleb128 0x9
 499 025e 48060000 		.4byte	.LASF49
 500 0262 08       		.byte	0x8
 501 0263 5101     		.2byte	0x151
 502 0265 20010000 		.4byte	0x120
 503 0269 44       		.byte	0x44
 504 026a 09       		.uleb128 0x9
 505 026b 5C020000 		.4byte	.LASF50
 506 026f 08       		.byte	0x8
 507 0270 5801     		.2byte	0x158
 508 0272 6D030000 		.4byte	0x36d
 509 0276 48       		.byte	0x48
 510 0277 09       		.uleb128 0x9
 511 0278 A8060000 		.4byte	.LASF51
 512 027c 08       		.byte	0x8
 513 027d 6201     		.2byte	0x162
ARM GAS  /tmp/ccW1S9b5.s 			page 10


 514 027f 25000000 		.4byte	0x25
 515 0283 4C       		.byte	0x4c
 516 0284 00       		.byte	0
 517 0285 03       		.uleb128 0x3
 518 0286 C5060000 		.4byte	.LASF52
 519 028a 07       		.byte	0x7
 520 028b 44       		.byte	0x44
 521 028c 90020000 		.4byte	0x290
 522 0290 0A       		.uleb128 0xa
 523 0291 04       		.byte	0x4
 524 0292 5C010000 		.4byte	0x15c
 525 0296 03       		.uleb128 0x3
 526 0297 E6060000 		.4byte	.LASF53
 527 029b 07       		.byte	0x7
 528 029c 49       		.byte	0x49
 529 029d A1020000 		.4byte	0x2a1
 530 02a1 06       		.uleb128 0x6
 531 02a2 DD050000 		.4byte	.LASF55
 532 02a6 04       		.byte	0x4
 533 02a7 08       		.byte	0x8
 534 02a8 B0       		.byte	0xb0
 535 02a9 BA020000 		.4byte	0x2ba
 536 02ad 07       		.uleb128 0x7
 537 02ae 2E050000 		.4byte	.LASF31
 538 02b2 08       		.byte	0x8
 539 02b3 B1       		.byte	0xb1
 540 02b4 90020000 		.4byte	0x290
 541 02b8 00       		.byte	0
 542 02b9 00       		.byte	0
 543 02ba 03       		.uleb128 0x3
 544 02bb 74050000 		.4byte	.LASF56
 545 02bf 07       		.byte	0x7
 546 02c0 50       		.byte	0x50
 547 02c1 C5020000 		.4byte	0x2c5
 548 02c5 06       		.uleb128 0x6
 549 02c6 EF010000 		.4byte	.LASF57
 550 02ca 08       		.byte	0x8
 551 02cb 08       		.byte	0x8
 552 02cc B7       		.byte	0xb7
 553 02cd EA020000 		.4byte	0x2ea
 554 02d1 07       		.uleb128 0x7
 555 02d2 2E050000 		.4byte	.LASF31
 556 02d6 08       		.byte	0x8
 557 02d7 B8       		.byte	0xb8
 558 02d8 90020000 		.4byte	0x290
 559 02dc 00       		.byte	0
 560 02dd 07       		.uleb128 0x7
 561 02de C5040000 		.4byte	.LASF32
 562 02e2 08       		.byte	0x8
 563 02e3 B9       		.byte	0xb9
 564 02e4 90020000 		.4byte	0x290
 565 02e8 04       		.byte	0x4
 566 02e9 00       		.byte	0
 567 02ea 03       		.uleb128 0x3
 568 02eb 0D000000 		.4byte	.LASF58
 569 02ef 07       		.byte	0x7
 570 02f0 57       		.byte	0x57
ARM GAS  /tmp/ccW1S9b5.s 			page 11


 571 02f1 F5020000 		.4byte	0x2f5
 572 02f5 0B       		.uleb128 0xb
 573 02f6 B3030000 		.4byte	.LASF59
 574 02fa 1C       		.byte	0x1c
 575 02fb 08       		.byte	0x8
 576 02fc 9001     		.2byte	0x190
 577 02fe 51030000 		.4byte	0x351
 578 0302 09       		.uleb128 0x9
 579 0303 D5050000 		.4byte	.LASF60
 580 0307 08       		.byte	0x8
 581 0308 9101     		.2byte	0x191
 582 030a BA020000 		.4byte	0x2ba
 583 030e 00       		.byte	0
 584 030f 09       		.uleb128 0x9
 585 0310 20050000 		.4byte	.LASF61
 586 0314 08       		.byte	0x8
 587 0315 9201     		.2byte	0x192
 588 0317 20010000 		.4byte	0x120
 589 031b 08       		.byte	0x8
 590 031c 09       		.uleb128 0x9
 591 031d 55040000 		.4byte	.LASF62
 592 0321 08       		.byte	0x8
 593 0322 9401     		.2byte	0x194
 594 0324 D0040000 		.4byte	0x4d0
 595 0328 0C       		.byte	0xc
 596 0329 09       		.uleb128 0x9
 597 032a CD020000 		.4byte	.LASF63
 598 032e 08       		.byte	0x8
 599 032f 9701     		.2byte	0x197
 600 0331 90020000 		.4byte	0x290
 601 0335 10       		.byte	0x10
 602 0336 09       		.uleb128 0x9
 603 0337 7C040000 		.4byte	.LASF64
 604 033b 08       		.byte	0x8
 605 033c 9801     		.2byte	0x198
 606 033e 90020000 		.4byte	0x290
 607 0342 14       		.byte	0x14
 608 0343 09       		.uleb128 0x9
 609 0344 72040000 		.4byte	.LASF65
 610 0348 08       		.byte	0x8
 611 0349 9B01     		.2byte	0x19b
 612 034b 90020000 		.4byte	0x290
 613 034f 18       		.byte	0x18
 614 0350 00       		.byte	0
 615 0351 03       		.uleb128 0x3
 616 0352 53060000 		.4byte	.LASF66
 617 0356 07       		.byte	0x7
 618 0357 5C       		.byte	0x5c
 619 0358 5C030000 		.4byte	0x35c
 620 035c 0A       		.uleb128 0xa
 621 035d 04       		.byte	0x4
 622 035e 62030000 		.4byte	0x362
 623 0362 0C       		.uleb128 0xc
 624 0363 6D030000 		.4byte	0x36d
 625 0367 0D       		.uleb128 0xd
 626 0368 6D030000 		.4byte	0x36d
 627 036c 00       		.byte	0
ARM GAS  /tmp/ccW1S9b5.s 			page 12


 628 036d 0E       		.uleb128 0xe
 629 036e 04       		.byte	0x4
 630 036f 03       		.uleb128 0x3
 631 0370 B5040000 		.4byte	.LASF67
 632 0374 07       		.byte	0x7
 633 0375 61       		.byte	0x61
 634 0376 7A030000 		.4byte	0x37a
 635 037a 0B       		.uleb128 0xb
 636 037b 84050000 		.4byte	.LASF68
 637 037f 14       		.byte	0x14
 638 0380 08       		.byte	0x8
 639 0381 6B01     		.2byte	0x16b
 640 0383 C9030000 		.4byte	0x3c9
 641 0387 09       		.uleb128 0x9
 642 0388 1B030000 		.4byte	.LASF69
 643 038c 08       		.byte	0x8
 644 038d 6C01     		.2byte	0x16c
 645 038f 32070000 		.4byte	0x732
 646 0393 00       		.byte	0
 647 0394 09       		.uleb128 0x9
 648 0395 DE020000 		.4byte	.LASF70
 649 0399 08       		.byte	0x8
 650 039a 6D01     		.2byte	0x16d
 651 039c 32070000 		.4byte	0x732
 652 03a0 04       		.byte	0x4
 653 03a1 09       		.uleb128 0x9
 654 03a2 55030000 		.4byte	.LASF71
 655 03a6 08       		.byte	0x8
 656 03a7 6E01     		.2byte	0x16e
 657 03a9 4C010000 		.4byte	0x14c
 658 03ad 08       		.byte	0x8
 659 03ae 09       		.uleb128 0x9
 660 03af 22070000 		.4byte	.LASF72
 661 03b3 08       		.byte	0x8
 662 03b4 6F01     		.2byte	0x16f
 663 03b6 51030000 		.4byte	0x351
 664 03ba 0C       		.byte	0xc
 665 03bb 09       		.uleb128 0x9
 666 03bc 86060000 		.4byte	.LASF73
 667 03c0 08       		.byte	0x8
 668 03c1 7101     		.2byte	0x171
 669 03c3 6D030000 		.4byte	0x36d
 670 03c7 10       		.byte	0x10
 671 03c8 00       		.byte	0
 672 03c9 03       		.uleb128 0x3
 673 03ca D7030000 		.4byte	.LASF74
 674 03ce 07       		.byte	0x7
 675 03cf 66       		.byte	0x66
 676 03d0 D4030000 		.4byte	0x3d4
 677 03d4 0B       		.uleb128 0xb
 678 03d5 1E040000 		.4byte	.LASF75
 679 03d9 10       		.byte	0x10
 680 03da 08       		.byte	0x8
 681 03db 7B01     		.2byte	0x17b
 682 03dd 16040000 		.4byte	0x416
 683 03e1 09       		.uleb128 0x9
 684 03e2 1B030000 		.4byte	.LASF69
ARM GAS  /tmp/ccW1S9b5.s 			page 13


 685 03e6 08       		.byte	0x8
 686 03e7 7C01     		.2byte	0x17c
 687 03e9 32070000 		.4byte	0x732
 688 03ed 00       		.byte	0
 689 03ee 09       		.uleb128 0x9
 690 03ef DE020000 		.4byte	.LASF70
 691 03f3 08       		.byte	0x8
 692 03f4 7E01     		.2byte	0x17e
 693 03f6 32070000 		.4byte	0x732
 694 03fa 04       		.byte	0x4
 695 03fb 09       		.uleb128 0x9
 696 03fc 55030000 		.4byte	.LASF71
 697 0400 08       		.byte	0x8
 698 0401 8001     		.2byte	0x180
 699 0403 4C010000 		.4byte	0x14c
 700 0407 08       		.byte	0x8
 701 0408 09       		.uleb128 0x9
 702 0409 4A030000 		.4byte	.LASF76
 703 040d 08       		.byte	0x8
 704 040e 8201     		.2byte	0x182
 705 0410 57010000 		.4byte	0x157
 706 0414 0C       		.byte	0xc
 707 0415 00       		.byte	0
 708 0416 03       		.uleb128 0x3
 709 0417 47000000 		.4byte	.LASF77
 710 041b 07       		.byte	0x7
 711 041c 6B       		.byte	0x6b
 712 041d 21040000 		.4byte	0x421
 713 0421 0B       		.uleb128 0xb
 714 0422 D4040000 		.4byte	.LASF78
 715 0426 04       		.byte	0x4
 716 0427 08       		.byte	0x8
 717 0428 A201     		.2byte	0x1a2
 718 042a 3C040000 		.4byte	0x43c
 719 042e 09       		.uleb128 0x9
 720 042f 67060000 		.4byte	.LASF79
 721 0433 08       		.byte	0x8
 722 0434 AA01     		.2byte	0x1aa
 723 0436 1B070000 		.4byte	0x71b
 724 043a 00       		.byte	0
 725 043b 00       		.byte	0
 726 043c 03       		.uleb128 0x3
 727 043d 9B030000 		.4byte	.LASF80
 728 0441 07       		.byte	0x7
 729 0442 70       		.byte	0x70
 730 0443 47040000 		.4byte	0x447
 731 0447 0F       		.uleb128 0xf
 732 0448 8F020000 		.4byte	.LASF81
 733 044c 6802     		.2byte	0x268
 734 044e 08       		.byte	0x8
 735 044f C201     		.2byte	0x1c2
 736 0451 A3040000 		.4byte	0x4a3
 737 0455 09       		.uleb128 0x9
 738 0456 B7060000 		.4byte	.LASF82
 739 045a 08       		.byte	0x8
 740 045b C601     		.2byte	0x1c6
 741 045d EA020000 		.4byte	0x2ea
ARM GAS  /tmp/ccW1S9b5.s 			page 14


 742 0461 00       		.byte	0
 743 0462 09       		.uleb128 0x9
 744 0463 6C020000 		.4byte	.LASF83
 745 0467 08       		.byte	0x8
 746 0468 CA01     		.2byte	0x1ca
 747 046a C9030000 		.4byte	0x3c9
 748 046e 1C       		.byte	0x1c
 749 046f 08       		.uleb128 0x8
 750 0470 64626700 		.ascii	"dbg\000"
 751 0474 08       		.byte	0x8
 752 0475 CE01     		.2byte	0x1ce
 753 0477 16040000 		.4byte	0x416
 754 047b 2C       		.byte	0x2c
 755 047c 09       		.uleb128 0x9
 756 047d B2010000 		.4byte	.LASF84
 757 0481 08       		.byte	0x8
 758 0482 D201     		.2byte	0x1d2
 759 0484 5C010000 		.4byte	0x15c
 760 0488 30       		.byte	0x30
 761 0489 08       		.uleb128 0x8
 762 048a 746D00   		.ascii	"tm\000"
 763 048d 08       		.byte	0x8
 764 048e D701     		.2byte	0x1d7
 765 0490 45060000 		.4byte	0x645
 766 0494 80       		.byte	0x80
 767 0495 09       		.uleb128 0x9
 768 0496 EE020000 		.4byte	.LASF85
 769 049a 08       		.byte	0x8
 770 049b E301     		.2byte	0x1e3
 771 049d 38070000 		.4byte	0x738
 772 04a1 88       		.byte	0x88
 773 04a2 00       		.byte	0
 774 04a3 10       		.uleb128 0x10
 775 04a4 E2010000 		.4byte	.LASF86
 776 04a8 09       		.byte	0x9
 777 04a9 A706     		.2byte	0x6a7
 778 04ab CE000000 		.4byte	0xce
 779 04af 11       		.uleb128 0x11
 780 04b0 2C030000 		.4byte	.LASF87
 781 04b4 0A       		.byte	0xa
 782 04b5 4C       		.byte	0x4c
 783 04b6 D3000000 		.4byte	0xd3
 784 04ba 03       		.uleb128 0x3
 785 04bb D5020000 		.4byte	.LASF88
 786 04bf 0B       		.byte	0xb
 787 04c0 65       		.byte	0x65
 788 04c1 6D030000 		.4byte	0x36d
 789 04c5 03       		.uleb128 0x3
 790 04c6 ED030000 		.4byte	.LASF89
 791 04ca 0B       		.byte	0xb
 792 04cb 6D       		.byte	0x6d
 793 04cc DE000000 		.4byte	0xde
 794 04d0 06       		.uleb128 0x6
 795 04d1 78060000 		.4byte	.LASF90
 796 04d5 04       		.byte	0x4
 797 04d6 0B       		.byte	0xb
 798 04d7 89       		.byte	0x89
ARM GAS  /tmp/ccW1S9b5.s 			page 15


 799 04d8 E9040000 		.4byte	0x4e9
 800 04dc 12       		.uleb128 0x12
 801 04dd 72313300 		.ascii	"r13\000"
 802 04e1 0B       		.byte	0xb
 803 04e2 8A       		.byte	0x8a
 804 04e3 2A060000 		.4byte	0x62a
 805 04e7 00       		.byte	0
 806 04e8 00       		.byte	0
 807 04e9 06       		.uleb128 0x6
 808 04ea 3B000000 		.4byte	.LASF91
 809 04ee 64       		.byte	0x64
 810 04ef 0C       		.byte	0xc
 811 04f0 F4       		.byte	0xf4
 812 04f1 2A060000 		.4byte	0x62a
 813 04f5 12       		.uleb128 0x12
 814 04f6 73313600 		.ascii	"s16\000"
 815 04fa 0C       		.byte	0xc
 816 04fb F6       		.byte	0xf6
 817 04fc BA040000 		.4byte	0x4ba
 818 0500 00       		.byte	0
 819 0501 12       		.uleb128 0x12
 820 0502 73313700 		.ascii	"s17\000"
 821 0506 0C       		.byte	0xc
 822 0507 F7       		.byte	0xf7
 823 0508 BA040000 		.4byte	0x4ba
 824 050c 04       		.byte	0x4
 825 050d 12       		.uleb128 0x12
 826 050e 73313800 		.ascii	"s18\000"
 827 0512 0C       		.byte	0xc
 828 0513 F8       		.byte	0xf8
 829 0514 BA040000 		.4byte	0x4ba
 830 0518 08       		.byte	0x8
 831 0519 12       		.uleb128 0x12
 832 051a 73313900 		.ascii	"s19\000"
 833 051e 0C       		.byte	0xc
 834 051f F9       		.byte	0xf9
 835 0520 BA040000 		.4byte	0x4ba
 836 0524 0C       		.byte	0xc
 837 0525 12       		.uleb128 0x12
 838 0526 73323000 		.ascii	"s20\000"
 839 052a 0C       		.byte	0xc
 840 052b FA       		.byte	0xfa
 841 052c BA040000 		.4byte	0x4ba
 842 0530 10       		.byte	0x10
 843 0531 12       		.uleb128 0x12
 844 0532 73323100 		.ascii	"s21\000"
 845 0536 0C       		.byte	0xc
 846 0537 FB       		.byte	0xfb
 847 0538 BA040000 		.4byte	0x4ba
 848 053c 14       		.byte	0x14
 849 053d 12       		.uleb128 0x12
 850 053e 73323200 		.ascii	"s22\000"
 851 0542 0C       		.byte	0xc
 852 0543 FC       		.byte	0xfc
 853 0544 BA040000 		.4byte	0x4ba
 854 0548 18       		.byte	0x18
 855 0549 12       		.uleb128 0x12
ARM GAS  /tmp/ccW1S9b5.s 			page 16


 856 054a 73323300 		.ascii	"s23\000"
 857 054e 0C       		.byte	0xc
 858 054f FD       		.byte	0xfd
 859 0550 BA040000 		.4byte	0x4ba
 860 0554 1C       		.byte	0x1c
 861 0555 12       		.uleb128 0x12
 862 0556 73323400 		.ascii	"s24\000"
 863 055a 0C       		.byte	0xc
 864 055b FE       		.byte	0xfe
 865 055c BA040000 		.4byte	0x4ba
 866 0560 20       		.byte	0x20
 867 0561 12       		.uleb128 0x12
 868 0562 73323500 		.ascii	"s25\000"
 869 0566 0C       		.byte	0xc
 870 0567 FF       		.byte	0xff
 871 0568 BA040000 		.4byte	0x4ba
 872 056c 24       		.byte	0x24
 873 056d 08       		.uleb128 0x8
 874 056e 73323600 		.ascii	"s26\000"
 875 0572 0C       		.byte	0xc
 876 0573 0001     		.2byte	0x100
 877 0575 BA040000 		.4byte	0x4ba
 878 0579 28       		.byte	0x28
 879 057a 08       		.uleb128 0x8
 880 057b 73323700 		.ascii	"s27\000"
 881 057f 0C       		.byte	0xc
 882 0580 0101     		.2byte	0x101
 883 0582 BA040000 		.4byte	0x4ba
 884 0586 2C       		.byte	0x2c
 885 0587 08       		.uleb128 0x8
 886 0588 73323800 		.ascii	"s28\000"
 887 058c 0C       		.byte	0xc
 888 058d 0201     		.2byte	0x102
 889 058f BA040000 		.4byte	0x4ba
 890 0593 30       		.byte	0x30
 891 0594 08       		.uleb128 0x8
 892 0595 73323900 		.ascii	"s29\000"
 893 0599 0C       		.byte	0xc
 894 059a 0301     		.2byte	0x103
 895 059c BA040000 		.4byte	0x4ba
 896 05a0 34       		.byte	0x34
 897 05a1 08       		.uleb128 0x8
 898 05a2 73333000 		.ascii	"s30\000"
 899 05a6 0C       		.byte	0xc
 900 05a7 0401     		.2byte	0x104
 901 05a9 BA040000 		.4byte	0x4ba
 902 05ad 38       		.byte	0x38
 903 05ae 08       		.uleb128 0x8
 904 05af 73333100 		.ascii	"s31\000"
 905 05b3 0C       		.byte	0xc
 906 05b4 0501     		.2byte	0x105
 907 05b6 BA040000 		.4byte	0x4ba
 908 05ba 3C       		.byte	0x3c
 909 05bb 08       		.uleb128 0x8
 910 05bc 723400   		.ascii	"r4\000"
 911 05bf 0C       		.byte	0xc
 912 05c0 0701     		.2byte	0x107
ARM GAS  /tmp/ccW1S9b5.s 			page 17


 913 05c2 BA040000 		.4byte	0x4ba
 914 05c6 40       		.byte	0x40
 915 05c7 08       		.uleb128 0x8
 916 05c8 723500   		.ascii	"r5\000"
 917 05cb 0C       		.byte	0xc
 918 05cc 0801     		.2byte	0x108
 919 05ce BA040000 		.4byte	0x4ba
 920 05d2 44       		.byte	0x44
 921 05d3 08       		.uleb128 0x8
 922 05d4 723600   		.ascii	"r6\000"
 923 05d7 0C       		.byte	0xc
 924 05d8 0901     		.2byte	0x109
 925 05da BA040000 		.4byte	0x4ba
 926 05de 48       		.byte	0x48
 927 05df 08       		.uleb128 0x8
 928 05e0 723700   		.ascii	"r7\000"
 929 05e3 0C       		.byte	0xc
 930 05e4 0A01     		.2byte	0x10a
 931 05e6 BA040000 		.4byte	0x4ba
 932 05ea 4C       		.byte	0x4c
 933 05eb 08       		.uleb128 0x8
 934 05ec 723800   		.ascii	"r8\000"
 935 05ef 0C       		.byte	0xc
 936 05f0 0B01     		.2byte	0x10b
 937 05f2 BA040000 		.4byte	0x4ba
 938 05f6 50       		.byte	0x50
 939 05f7 08       		.uleb128 0x8
 940 05f8 723900   		.ascii	"r9\000"
 941 05fb 0C       		.byte	0xc
 942 05fc 0C01     		.2byte	0x10c
 943 05fe BA040000 		.4byte	0x4ba
 944 0602 54       		.byte	0x54
 945 0603 08       		.uleb128 0x8
 946 0604 72313000 		.ascii	"r10\000"
 947 0608 0C       		.byte	0xc
 948 0609 0D01     		.2byte	0x10d
 949 060b BA040000 		.4byte	0x4ba
 950 060f 58       		.byte	0x58
 951 0610 08       		.uleb128 0x8
 952 0611 72313100 		.ascii	"r11\000"
 953 0615 0C       		.byte	0xc
 954 0616 0E01     		.2byte	0x10e
 955 0618 BA040000 		.4byte	0x4ba
 956 061c 5C       		.byte	0x5c
 957 061d 08       		.uleb128 0x8
 958 061e 6C7200   		.ascii	"lr\000"
 959 0621 0C       		.byte	0xc
 960 0622 0F01     		.2byte	0x10f
 961 0624 BA040000 		.4byte	0x4ba
 962 0628 60       		.byte	0x60
 963 0629 00       		.byte	0
 964 062a 0A       		.uleb128 0xa
 965 062b 04       		.byte	0x4
 966 062c E9040000 		.4byte	0x4e9
 967 0630 13       		.uleb128 0x13
 968 0631 04       		.byte	0x4
 969 0632 0D       		.byte	0xd
ARM GAS  /tmp/ccW1S9b5.s 			page 18


 970 0633 38       		.byte	0x38
 971 0634 45060000 		.4byte	0x645
 972 0638 07       		.uleb128 0x7
 973 0639 71060000 		.4byte	.LASF92
 974 063d 0D       		.byte	0xd
 975 063e 3C       		.byte	0x3c
 976 063f E9000000 		.4byte	0xe9
 977 0643 00       		.byte	0
 978 0644 00       		.byte	0
 979 0645 03       		.uleb128 0x3
 980 0646 61040000 		.4byte	.LASF93
 981 064a 0D       		.byte	0xd
 982 064b 3D       		.byte	0x3d
 983 064c 30060000 		.4byte	0x630
 984 0650 14       		.uleb128 0x14
 985 0651 04       		.byte	0x4
 986 0652 08       		.byte	0x8
 987 0653 FA       		.byte	0xfa
 988 0654 AD060000 		.4byte	0x6ad
 989 0658 15       		.uleb128 0x15
 990 0659 21000000 		.4byte	.LASF94
 991 065d 08       		.byte	0x8
 992 065e 0101     		.2byte	0x101
 993 0660 2B010000 		.4byte	0x12b
 994 0664 15       		.uleb128 0x15
 995 0665 A9010000 		.4byte	.LASF95
 996 0669 08       		.byte	0x8
 997 066a 0801     		.2byte	0x108
 998 066c 2B010000 		.4byte	0x12b
 999 0670 15       		.uleb128 0x15
 1000 0671 D8060000 		.4byte	.LASF96
 1001 0675 08       		.byte	0x8
 1002 0676 0F01     		.2byte	0x10f
 1003 0678 6D030000 		.4byte	0x36d
 1004 067c 15       		.uleb128 0x15
 1005 067d 89020000 		.4byte	.LASF97
 1006 0681 08       		.byte	0x8
 1007 0682 1601     		.2byte	0x116
 1008 0684 AD060000 		.4byte	0x6ad
 1009 0688 15       		.uleb128 0x15
 1010 0689 43030000 		.4byte	.LASF98
 1011 068d 08       		.byte	0x8
 1012 068e 1E01     		.2byte	0x11e
 1013 0690 D8060000 		.4byte	0x6d8
 1014 0694 15       		.uleb128 0x15
 1015 0695 1C060000 		.4byte	.LASF99
 1016 0699 08       		.byte	0x8
 1017 069a 2701     		.2byte	0x127
 1018 069c 0F070000 		.4byte	0x70f
 1019 06a0 15       		.uleb128 0x15
 1020 06a1 27050000 		.4byte	.LASF100
 1021 06a5 08       		.byte	0x8
 1022 06a6 2F01     		.2byte	0x12f
 1023 06a8 36010000 		.4byte	0x136
 1024 06ac 00       		.byte	0
 1025 06ad 0A       		.uleb128 0xa
 1026 06ae 04       		.byte	0x4
ARM GAS  /tmp/ccW1S9b5.s 			page 19


 1027 06af 85020000 		.4byte	0x285
 1028 06b3 06       		.uleb128 0x6
 1029 06b4 A2050000 		.4byte	.LASF101
 1030 06b8 0C       		.byte	0xc
 1031 06b9 0E       		.byte	0xe
 1032 06ba 34       		.byte	0x34
 1033 06bb D8060000 		.4byte	0x6d8
 1034 06bf 07       		.uleb128 0x7
 1035 06c0 BD020000 		.4byte	.LASF102
 1036 06c4 0E       		.byte	0xe
 1037 06c5 35       		.byte	0x35
 1038 06c6 BA020000 		.4byte	0x2ba
 1039 06ca 00       		.byte	0
 1040 06cb 07       		.uleb128 0x7
 1041 06cc 72030000 		.4byte	.LASF103
 1042 06d0 0E       		.byte	0xe
 1043 06d1 37       		.byte	0x37
 1044 06d2 41010000 		.4byte	0x141
 1045 06d6 08       		.byte	0x8
 1046 06d7 00       		.byte	0
 1047 06d8 0A       		.uleb128 0xa
 1048 06d9 04       		.byte	0x4
 1049 06da B3060000 		.4byte	0x6b3
 1050 06de 06       		.uleb128 0x6
 1051 06df 98060000 		.4byte	.LASF104
 1052 06e3 10       		.byte	0x10
 1053 06e4 0F       		.byte	0xf
 1054 06e5 39       		.byte	0x39
 1055 06e6 0F070000 		.4byte	0x70f
 1056 06ea 07       		.uleb128 0x7
 1057 06eb 64020000 		.4byte	.LASF105
 1058 06ef 0F       		.byte	0xf
 1059 06f0 3A       		.byte	0x3a
 1060 06f1 BA020000 		.4byte	0x2ba
 1061 06f5 00       		.byte	0
 1062 06f6 07       		.uleb128 0x7
 1063 06f7 0C070000 		.4byte	.LASF106
 1064 06fb 0F       		.byte	0xf
 1065 06fc 3C       		.byte	0x3c
 1066 06fd 90020000 		.4byte	0x290
 1067 0701 08       		.byte	0x8
 1068 0702 07       		.uleb128 0x7
 1069 0703 37060000 		.4byte	.LASF107
 1070 0707 0F       		.byte	0xf
 1071 0708 3E       		.byte	0x3e
 1072 0709 6A080000 		.4byte	0x86a
 1073 070d 0C       		.byte	0xc
 1074 070e 00       		.byte	0
 1075 070f 0A       		.uleb128 0xa
 1076 0710 04       		.byte	0x4
 1077 0711 DE060000 		.4byte	0x6de
 1078 0715 0A       		.uleb128 0xa
 1079 0716 04       		.byte	0x4
 1080 0717 27070000 		.4byte	0x727
 1081 071b 05       		.uleb128 0x5
 1082 071c 15070000 		.4byte	0x715
 1083 0720 04       		.uleb128 0x4
ARM GAS  /tmp/ccW1S9b5.s 			page 20


 1084 0721 01       		.byte	0x1
 1085 0722 08       		.byte	0x8
 1086 0723 07060000 		.4byte	.LASF108
 1087 0727 16       		.uleb128 0x16
 1088 0728 20070000 		.4byte	0x720
 1089 072c 0A       		.uleb128 0xa
 1090 072d 04       		.byte	0x4
 1091 072e C5040000 		.4byte	0x4c5
 1092 0732 0A       		.uleb128 0xa
 1093 0733 04       		.byte	0x4
 1094 0734 6F030000 		.4byte	0x36f
 1095 0738 17       		.uleb128 0x17
 1096 0739 C5040000 		.4byte	0x4c5
 1097 073d 48070000 		.4byte	0x748
 1098 0741 18       		.uleb128 0x18
 1099 0742 37000000 		.4byte	0x37
 1100 0746 3B       		.byte	0x3b
 1101 0747 00       		.byte	0
 1102 0748 19       		.uleb128 0x19
 1103 0749 636800   		.ascii	"ch\000"
 1104 074c 08       		.byte	0x8
 1105 074d 0902     		.2byte	0x209
 1106 074f 3C040000 		.4byte	0x43c
 1107 0753 13       		.uleb128 0x13
 1108 0754 16       		.byte	0x16
 1109 0755 10       		.byte	0x10
 1110 0756 34       		.byte	0x34
 1111 0757 34080000 		.4byte	0x834
 1112 075b 07       		.uleb128 0x7
 1113 075c 14070000 		.4byte	.LASF109
 1114 0760 10       		.byte	0x10
 1115 0761 35       		.byte	0x35
 1116 0762 34080000 		.4byte	0x834
 1117 0766 00       		.byte	0
 1118 0767 07       		.uleb128 0x7
 1119 0768 F8030000 		.4byte	.LASF110
 1120 076c 10       		.byte	0x10
 1121 076d 36       		.byte	0x36
 1122 076e AD000000 		.4byte	0xad
 1123 0772 04       		.byte	0x4
 1124 0773 07       		.uleb128 0x7
 1125 0774 ED050000 		.4byte	.LASF111
 1126 0778 10       		.byte	0x10
 1127 0779 37       		.byte	0x37
 1128 077a AD000000 		.4byte	0xad
 1129 077e 05       		.byte	0x5
 1130 077f 07       		.uleb128 0x7
 1131 0780 01070000 		.4byte	.LASF112
 1132 0784 10       		.byte	0x10
 1133 0785 38       		.byte	0x38
 1134 0786 B8000000 		.4byte	0xb8
 1135 078a 06       		.byte	0x6
 1136 078b 07       		.uleb128 0x7
 1137 078c AA040000 		.4byte	.LASF113
 1138 0790 10       		.byte	0x10
 1139 0791 39       		.byte	0x39
 1140 0792 AD000000 		.4byte	0xad
ARM GAS  /tmp/ccW1S9b5.s 			page 21


 1141 0796 08       		.byte	0x8
 1142 0797 07       		.uleb128 0x7
 1143 0798 35040000 		.4byte	.LASF114
 1144 079c 10       		.byte	0x10
 1145 079d 3A       		.byte	0x3a
 1146 079e AD000000 		.4byte	0xad
 1147 07a2 09       		.byte	0x9
 1148 07a3 07       		.uleb128 0x7
 1149 07a4 9B010000 		.4byte	.LASF115
 1150 07a8 10       		.byte	0x10
 1151 07a9 3B       		.byte	0x3b
 1152 07aa AD000000 		.4byte	0xad
 1153 07ae 0A       		.byte	0xa
 1154 07af 07       		.uleb128 0x7
 1155 07b0 C9050000 		.4byte	.LASF116
 1156 07b4 10       		.byte	0x10
 1157 07b5 3C       		.byte	0x3c
 1158 07b6 AD000000 		.4byte	0xad
 1159 07ba 0B       		.byte	0xb
 1160 07bb 07       		.uleb128 0x7
 1161 07bc 8D060000 		.4byte	.LASF117
 1162 07c0 10       		.byte	0x10
 1163 07c1 3D       		.byte	0x3d
 1164 07c2 AD000000 		.4byte	0xad
 1165 07c6 0C       		.byte	0xc
 1166 07c7 07       		.uleb128 0x7
 1167 07c8 95050000 		.4byte	.LASF118
 1168 07cc 10       		.byte	0x10
 1169 07cd 3E       		.byte	0x3e
 1170 07ce AD000000 		.4byte	0xad
 1171 07d2 0D       		.byte	0xd
 1172 07d3 07       		.uleb128 0x7
 1173 07d4 00000000 		.4byte	.LASF119
 1174 07d8 10       		.byte	0x10
 1175 07d9 3F       		.byte	0x3f
 1176 07da AD000000 		.4byte	0xad
 1177 07de 0E       		.byte	0xe
 1178 07df 07       		.uleb128 0x7
 1179 07e0 41040000 		.4byte	.LASF120
 1180 07e4 10       		.byte	0x10
 1181 07e5 40       		.byte	0x40
 1182 07e6 AD000000 		.4byte	0xad
 1183 07ea 0F       		.byte	0xf
 1184 07eb 07       		.uleb128 0x7
 1185 07ec 3F020000 		.4byte	.LASF121
 1186 07f0 10       		.byte	0x10
 1187 07f1 41       		.byte	0x41
 1188 07f2 AD000000 		.4byte	0xad
 1189 07f6 10       		.byte	0x10
 1190 07f7 07       		.uleb128 0x7
 1191 07f8 07020000 		.4byte	.LASF122
 1192 07fc 10       		.byte	0x10
 1193 07fd 43       		.byte	0x43
 1194 07fe AD000000 		.4byte	0xad
 1195 0802 11       		.byte	0x11
 1196 0803 07       		.uleb128 0x7
 1197 0804 4F020000 		.4byte	.LASF123
ARM GAS  /tmp/ccW1S9b5.s 			page 22


 1198 0808 10       		.byte	0x10
 1199 0809 44       		.byte	0x44
 1200 080a AD000000 		.4byte	0xad
 1201 080e 12       		.byte	0x12
 1202 080f 07       		.uleb128 0x7
 1203 0810 00040000 		.4byte	.LASF124
 1204 0814 10       		.byte	0x10
 1205 0815 45       		.byte	0x45
 1206 0816 AD000000 		.4byte	0xad
 1207 081a 13       		.byte	0x13
 1208 081b 07       		.uleb128 0x7
 1209 081c 3D050000 		.4byte	.LASF125
 1210 0820 10       		.byte	0x10
 1211 0821 46       		.byte	0x46
 1212 0822 AD000000 		.4byte	0xad
 1213 0826 14       		.byte	0x14
 1214 0827 07       		.uleb128 0x7
 1215 0828 A7030000 		.4byte	.LASF126
 1216 082c 10       		.byte	0x10
 1217 082d 48       		.byte	0x48
 1218 082e AD000000 		.4byte	0xad
 1219 0832 15       		.byte	0x15
 1220 0833 00       		.byte	0
 1221 0834 17       		.uleb128 0x17
 1222 0835 20070000 		.4byte	0x720
 1223 0839 44080000 		.4byte	0x844
 1224 083d 18       		.uleb128 0x18
 1225 083e 37000000 		.4byte	0x37
 1226 0842 03       		.byte	0x3
 1227 0843 00       		.byte	0
 1228 0844 03       		.uleb128 0x3
 1229 0845 AB020000 		.4byte	.LASF127
 1230 0849 10       		.byte	0x10
 1231 084a 49       		.byte	0x49
 1232 084b 53070000 		.4byte	0x753
 1233 084f 16       		.uleb128 0x16
 1234 0850 44080000 		.4byte	0x844
 1235 0854 11       		.uleb128 0x11
 1236 0855 69030000 		.4byte	.LASF128
 1237 0859 10       		.byte	0x10
 1238 085a 6E       		.byte	0x6e
 1239 085b 4F080000 		.4byte	0x84f
 1240 085f 03       		.uleb128 0x3
 1241 0860 E6020000 		.4byte	.LASF129
 1242 0864 0F       		.byte	0xf
 1243 0865 34       		.byte	0x34
 1244 0866 DE060000 		.4byte	0x6de
 1245 086a 0A       		.uleb128 0xa
 1246 086b 04       		.byte	0x4
 1247 086c 5F080000 		.4byte	0x85f
 1248 0870 1A       		.uleb128 0x1a
 1249 0871 54080000 		.4byte	0x854
 1250 0875 01       		.byte	0x1
 1251 0876 50       		.byte	0x50
 1252 0877 05       		.uleb128 0x5
 1253 0878 03       		.byte	0x3
 1254 0879 00000000 		.4byte	ch_debug
ARM GAS  /tmp/ccW1S9b5.s 			page 23


 1255 087d 1B       		.uleb128 0x1b
 1256 087e 0C060000 		.4byte	.LASF130
 1257 0882 01       		.byte	0x1
 1258 0883 9B       		.byte	0x9b
 1259 0884 90020000 		.4byte	0x290
 1260 0888 00000000 		.4byte	.LFB220
 1261 088c 28000000 		.4byte	.LFE220-.LFB220
 1262 0890 01       		.uleb128 0x1
 1263 0891 9C       		.byte	0x9c
 1264 0892 42090000 		.4byte	0x942
 1265 0896 1C       		.uleb128 0x1c
 1266 0897 747000   		.ascii	"tp\000"
 1267 089a 01       		.byte	0x1
 1268 089b 9B       		.byte	0x9b
 1269 089c 90020000 		.4byte	0x290
 1270 08a0 00000000 		.4byte	.LLST0
 1271 08a4 1D       		.uleb128 0x1d
 1272 08a5 6E747000 		.ascii	"ntp\000"
 1273 08a9 01       		.byte	0x1
 1274 08aa 9C       		.byte	0x9c
 1275 08ab 90020000 		.4byte	0x290
 1276 08af 21000000 		.4byte	.LLST1
 1277 08b3 1E       		.uleb128 0x1e
 1278 08b4 54050000 		.4byte	.LASF140
 1279 08b8 52090000 		.4byte	0x952
 1280 08bc 1F       		.uleb128 0x1f
 1281 08bd 1D0A0000 		.4byte	0xa1d
 1282 08c1 02000000 		.4byte	.LBB43
 1283 08c5 02000000 		.4byte	.LBE43-.LBB43
 1284 08c9 01       		.byte	0x1
 1285 08ca 9E       		.byte	0x9e
 1286 08cb F1080000 		.4byte	0x8f1
 1287 08cf 20       		.uleb128 0x20
 1288 08d0 2F0A0000 		.4byte	0xa2f
 1289 08d4 02000000 		.4byte	.LBB44
 1290 08d8 02000000 		.4byte	.LBE44-.LBB44
 1291 08dc 11       		.byte	0x11
 1292 08dd 5C01     		.2byte	0x15c
 1293 08df 21       		.uleb128 0x21
 1294 08e0 380A0000 		.4byte	0xa38
 1295 08e4 02000000 		.4byte	.LBB45
 1296 08e8 02000000 		.4byte	.LBE45-.LBB45
 1297 08ec 0C       		.byte	0xc
 1298 08ed C101     		.2byte	0x1c1
 1299 08ef 00       		.byte	0
 1300 08f0 00       		.byte	0
 1301 08f1 1F       		.uleb128 0x1f
 1302 08f2 ED090000 		.4byte	0x9ed
 1303 08f6 18000000 		.4byte	.LBB47
 1304 08fa 02000000 		.4byte	.LBE47-.LBB47
 1305 08fe 01       		.byte	0x1
 1306 08ff AB       		.byte	0xab
 1307 0900 30090000 		.4byte	0x930
 1308 0904 22       		.uleb128 0x22
 1309 0905 18000000 		.4byte	.LBB48
 1310 0909 02000000 		.4byte	.LBE48-.LBB48
 1311 090d 20       		.uleb128 0x20
ARM GAS  /tmp/ccW1S9b5.s 			page 24


 1312 090e 260A0000 		.4byte	0xa26
 1313 0912 18000000 		.4byte	.LBB49
 1314 0916 02000000 		.4byte	.LBE49-.LBB49
 1315 091a 11       		.byte	0x11
 1316 091b 7301     		.2byte	0x173
 1317 091d 21       		.uleb128 0x21
 1318 091e 410A0000 		.4byte	0xa41
 1319 0922 18000000 		.4byte	.LBB50
 1320 0926 02000000 		.4byte	.LBE50-.LBB50
 1321 092a 0C       		.byte	0xc
 1322 092b CF01     		.2byte	0x1cf
 1323 092d 00       		.byte	0
 1324 092e 00       		.byte	0
 1325 092f 00       		.byte	0
 1326 0930 23       		.uleb128 0x23
 1327 0931 1E000000 		.4byte	.LVL4
 1328 0935 4A0A0000 		.4byte	0xa4a
 1329 0939 24       		.uleb128 0x24
 1330 093a 01       		.uleb128 0x1
 1331 093b 50       		.byte	0x50
 1332 093c 03       		.uleb128 0x3
 1333 093d F3       		.byte	0xf3
 1334 093e 01       		.uleb128 0x1
 1335 093f 50       		.byte	0x50
 1336 0940 00       		.byte	0
 1337 0941 00       		.byte	0
 1338 0942 17       		.uleb128 0x17
 1339 0943 27070000 		.4byte	0x727
 1340 0947 52090000 		.4byte	0x952
 1341 094b 18       		.uleb128 0x18
 1342 094c 37000000 		.4byte	0x37
 1343 0950 0F       		.byte	0xf
 1344 0951 00       		.byte	0
 1345 0952 16       		.uleb128 0x16
 1346 0953 42090000 		.4byte	0x942
 1347 0957 1B       		.uleb128 0x1b
 1348 0958 14020000 		.4byte	.LASF131
 1349 095c 01       		.byte	0x1
 1350 095d 83       		.byte	0x83
 1351 095e 90020000 		.4byte	0x290
 1352 0962 00000000 		.4byte	.LFB219
 1353 0966 18000000 		.4byte	.LFE219-.LFB219
 1354 096a 01       		.uleb128 0x1
 1355 096b 9C       		.byte	0x9c
 1356 096c ED090000 		.4byte	0x9ed
 1357 0970 25       		.uleb128 0x25
 1358 0971 747000   		.ascii	"tp\000"
 1359 0974 01       		.byte	0x1
 1360 0975 84       		.byte	0x84
 1361 0976 90020000 		.4byte	0x290
 1362 097a 01       		.uleb128 0x1
 1363 097b 50       		.byte	0x50
 1364 097c 1F       		.uleb128 0x1f
 1365 097d 1D0A0000 		.4byte	0xa1d
 1366 0981 00000000 		.4byte	.LBB34
 1367 0985 02000000 		.4byte	.LBE34-.LBB34
 1368 0989 01       		.byte	0x1
ARM GAS  /tmp/ccW1S9b5.s 			page 25


 1369 098a 86       		.byte	0x86
 1370 098b B1090000 		.4byte	0x9b1
 1371 098f 20       		.uleb128 0x20
 1372 0990 2F0A0000 		.4byte	0xa2f
 1373 0994 00000000 		.4byte	.LBB35
 1374 0998 02000000 		.4byte	.LBE35-.LBB35
 1375 099c 11       		.byte	0x11
 1376 099d 5C01     		.2byte	0x15c
 1377 099f 21       		.uleb128 0x21
 1378 09a0 380A0000 		.4byte	0xa38
 1379 09a4 00000000 		.4byte	.LBB36
 1380 09a8 02000000 		.4byte	.LBE36-.LBB36
 1381 09ac 0C       		.byte	0xc
 1382 09ad C101     		.2byte	0x1c1
 1383 09af 00       		.byte	0
 1384 09b0 00       		.byte	0
 1385 09b1 26       		.uleb128 0x26
 1386 09b2 ED090000 		.4byte	0x9ed
 1387 09b6 10000000 		.4byte	.LBB38
 1388 09ba 02000000 		.4byte	.LBE38-.LBB38
 1389 09be 01       		.byte	0x1
 1390 09bf 8B       		.byte	0x8b
 1391 09c0 22       		.uleb128 0x22
 1392 09c1 10000000 		.4byte	.LBB39
 1393 09c5 02000000 		.4byte	.LBE39-.LBB39
 1394 09c9 20       		.uleb128 0x20
 1395 09ca 260A0000 		.4byte	0xa26
 1396 09ce 10000000 		.4byte	.LBB40
 1397 09d2 02000000 		.4byte	.LBE40-.LBB40
 1398 09d6 11       		.byte	0x11
 1399 09d7 7301     		.2byte	0x173
 1400 09d9 21       		.uleb128 0x21
 1401 09da 410A0000 		.4byte	0xa41
 1402 09de 10000000 		.4byte	.LBB41
 1403 09e2 02000000 		.4byte	.LBE41-.LBB41
 1404 09e6 0C       		.byte	0xc
 1405 09e7 CF01     		.2byte	0x1cf
 1406 09e9 00       		.byte	0
 1407 09ea 00       		.byte	0
 1408 09eb 00       		.byte	0
 1409 09ec 00       		.byte	0
 1410 09ed 27       		.uleb128 0x27
 1411 09ee F5060000 		.4byte	.LASF141
 1412 09f2 11       		.byte	0x11
 1413 09f3 6601     		.2byte	0x166
 1414 09f5 03       		.byte	0x3
 1415 09f6 080A0000 		.4byte	0xa08
 1416 09fa 28       		.uleb128 0x28
 1417 09fb 54050000 		.4byte	.LASF140
 1418 09ff 180A0000 		.4byte	0xa18
 1419 0a03 F5060000 		.4byte	.LASF141
 1420 0a07 00       		.byte	0
 1421 0a08 17       		.uleb128 0x17
 1422 0a09 27070000 		.4byte	0x727
 1423 0a0d 180A0000 		.4byte	0xa18
 1424 0a11 18       		.uleb128 0x18
 1425 0a12 37000000 		.4byte	0x37
ARM GAS  /tmp/ccW1S9b5.s 			page 26


 1426 0a16 0B       		.byte	0xb
 1427 0a17 00       		.byte	0
 1428 0a18 16       		.uleb128 0x16
 1429 0a19 080A0000 		.4byte	0xa08
 1430 0a1d 29       		.uleb128 0x29
 1431 0a1e 5D050000 		.4byte	.LASF132
 1432 0a22 11       		.byte	0x11
 1433 0a23 5A01     		.2byte	0x15a
 1434 0a25 03       		.byte	0x3
 1435 0a26 29       		.uleb128 0x29
 1436 0a27 73020000 		.4byte	.LASF133
 1437 0a2b 0C       		.byte	0xc
 1438 0a2c CA01     		.2byte	0x1ca
 1439 0a2e 03       		.byte	0x3
 1440 0a2f 29       		.uleb128 0x29
 1441 0a30 7A010000 		.4byte	.LASF134
 1442 0a34 0C       		.byte	0xc
 1443 0a35 BC01     		.2byte	0x1bc
 1444 0a37 03       		.byte	0x3
 1445 0a38 29       		.uleb128 0x29
 1446 0a39 9C040000 		.4byte	.LASF135
 1447 0a3d 02       		.byte	0x2
 1448 0a3e 5401     		.2byte	0x154
 1449 0a40 03       		.byte	0x3
 1450 0a41 29       		.uleb128 0x29
 1451 0a42 84040000 		.4byte	.LASF136
 1452 0a46 02       		.byte	0x2
 1453 0a47 4901     		.2byte	0x149
 1454 0a49 03       		.byte	0x3
 1455 0a4a 2A       		.uleb128 0x2a
 1456 0a4b 67050000 		.4byte	.LASF142
 1457 0a4f 67050000 		.4byte	.LASF142
 1458 0a53 12       		.byte	0x12
 1459 0a54 4B       		.byte	0x4b
 1460 0a55 00       		.byte	0
 1461              		.section	.debug_abbrev,"",%progbits
 1462              	.Ldebug_abbrev0:
 1463 0000 01       		.uleb128 0x1
 1464 0001 11       		.uleb128 0x11
 1465 0002 01       		.byte	0x1
 1466 0003 25       		.uleb128 0x25
 1467 0004 0E       		.uleb128 0xe
 1468 0005 13       		.uleb128 0x13
 1469 0006 0B       		.uleb128 0xb
 1470 0007 03       		.uleb128 0x3
 1471 0008 0E       		.uleb128 0xe
 1472 0009 1B       		.uleb128 0x1b
 1473 000a 0E       		.uleb128 0xe
 1474 000b 55       		.uleb128 0x55
 1475 000c 17       		.uleb128 0x17
 1476 000d 11       		.uleb128 0x11
 1477 000e 01       		.uleb128 0x1
 1478 000f 10       		.uleb128 0x10
 1479 0010 17       		.uleb128 0x17
 1480 0011 00       		.byte	0
 1481 0012 00       		.byte	0
 1482 0013 02       		.uleb128 0x2
ARM GAS  /tmp/ccW1S9b5.s 			page 27


 1483 0014 24       		.uleb128 0x24
 1484 0015 00       		.byte	0
 1485 0016 0B       		.uleb128 0xb
 1486 0017 0B       		.uleb128 0xb
 1487 0018 3E       		.uleb128 0x3e
 1488 0019 0B       		.uleb128 0xb
 1489 001a 03       		.uleb128 0x3
 1490 001b 08       		.uleb128 0x8
 1491 001c 00       		.byte	0
 1492 001d 00       		.byte	0
 1493 001e 03       		.uleb128 0x3
 1494 001f 16       		.uleb128 0x16
 1495 0020 00       		.byte	0
 1496 0021 03       		.uleb128 0x3
 1497 0022 0E       		.uleb128 0xe
 1498 0023 3A       		.uleb128 0x3a
 1499 0024 0B       		.uleb128 0xb
 1500 0025 3B       		.uleb128 0x3b
 1501 0026 0B       		.uleb128 0xb
 1502 0027 49       		.uleb128 0x49
 1503 0028 13       		.uleb128 0x13
 1504 0029 00       		.byte	0
 1505 002a 00       		.byte	0
 1506 002b 04       		.uleb128 0x4
 1507 002c 24       		.uleb128 0x24
 1508 002d 00       		.byte	0
 1509 002e 0B       		.uleb128 0xb
 1510 002f 0B       		.uleb128 0xb
 1511 0030 3E       		.uleb128 0x3e
 1512 0031 0B       		.uleb128 0xb
 1513 0032 03       		.uleb128 0x3
 1514 0033 0E       		.uleb128 0xe
 1515 0034 00       		.byte	0
 1516 0035 00       		.byte	0
 1517 0036 05       		.uleb128 0x5
 1518 0037 35       		.uleb128 0x35
 1519 0038 00       		.byte	0
 1520 0039 49       		.uleb128 0x49
 1521 003a 13       		.uleb128 0x13
 1522 003b 00       		.byte	0
 1523 003c 00       		.byte	0
 1524 003d 06       		.uleb128 0x6
 1525 003e 13       		.uleb128 0x13
 1526 003f 01       		.byte	0x1
 1527 0040 03       		.uleb128 0x3
 1528 0041 0E       		.uleb128 0xe
 1529 0042 0B       		.uleb128 0xb
 1530 0043 0B       		.uleb128 0xb
 1531 0044 3A       		.uleb128 0x3a
 1532 0045 0B       		.uleb128 0xb
 1533 0046 3B       		.uleb128 0x3b
 1534 0047 0B       		.uleb128 0xb
 1535 0048 01       		.uleb128 0x1
 1536 0049 13       		.uleb128 0x13
 1537 004a 00       		.byte	0
 1538 004b 00       		.byte	0
 1539 004c 07       		.uleb128 0x7
ARM GAS  /tmp/ccW1S9b5.s 			page 28


 1540 004d 0D       		.uleb128 0xd
 1541 004e 00       		.byte	0
 1542 004f 03       		.uleb128 0x3
 1543 0050 0E       		.uleb128 0xe
 1544 0051 3A       		.uleb128 0x3a
 1545 0052 0B       		.uleb128 0xb
 1546 0053 3B       		.uleb128 0x3b
 1547 0054 0B       		.uleb128 0xb
 1548 0055 49       		.uleb128 0x49
 1549 0056 13       		.uleb128 0x13
 1550 0057 38       		.uleb128 0x38
 1551 0058 0B       		.uleb128 0xb
 1552 0059 00       		.byte	0
 1553 005a 00       		.byte	0
 1554 005b 08       		.uleb128 0x8
 1555 005c 0D       		.uleb128 0xd
 1556 005d 00       		.byte	0
 1557 005e 03       		.uleb128 0x3
 1558 005f 08       		.uleb128 0x8
 1559 0060 3A       		.uleb128 0x3a
 1560 0061 0B       		.uleb128 0xb
 1561 0062 3B       		.uleb128 0x3b
 1562 0063 05       		.uleb128 0x5
 1563 0064 49       		.uleb128 0x49
 1564 0065 13       		.uleb128 0x13
 1565 0066 38       		.uleb128 0x38
 1566 0067 0B       		.uleb128 0xb
 1567 0068 00       		.byte	0
 1568 0069 00       		.byte	0
 1569 006a 09       		.uleb128 0x9
 1570 006b 0D       		.uleb128 0xd
 1571 006c 00       		.byte	0
 1572 006d 03       		.uleb128 0x3
 1573 006e 0E       		.uleb128 0xe
 1574 006f 3A       		.uleb128 0x3a
 1575 0070 0B       		.uleb128 0xb
 1576 0071 3B       		.uleb128 0x3b
 1577 0072 05       		.uleb128 0x5
 1578 0073 49       		.uleb128 0x49
 1579 0074 13       		.uleb128 0x13
 1580 0075 38       		.uleb128 0x38
 1581 0076 0B       		.uleb128 0xb
 1582 0077 00       		.byte	0
 1583 0078 00       		.byte	0
 1584 0079 0A       		.uleb128 0xa
 1585 007a 0F       		.uleb128 0xf
 1586 007b 00       		.byte	0
 1587 007c 0B       		.uleb128 0xb
 1588 007d 0B       		.uleb128 0xb
 1589 007e 49       		.uleb128 0x49
 1590 007f 13       		.uleb128 0x13
 1591 0080 00       		.byte	0
 1592 0081 00       		.byte	0
 1593 0082 0B       		.uleb128 0xb
 1594 0083 13       		.uleb128 0x13
 1595 0084 01       		.byte	0x1
 1596 0085 03       		.uleb128 0x3
ARM GAS  /tmp/ccW1S9b5.s 			page 29


 1597 0086 0E       		.uleb128 0xe
 1598 0087 0B       		.uleb128 0xb
 1599 0088 0B       		.uleb128 0xb
 1600 0089 3A       		.uleb128 0x3a
 1601 008a 0B       		.uleb128 0xb
 1602 008b 3B       		.uleb128 0x3b
 1603 008c 05       		.uleb128 0x5
 1604 008d 01       		.uleb128 0x1
 1605 008e 13       		.uleb128 0x13
 1606 008f 00       		.byte	0
 1607 0090 00       		.byte	0
 1608 0091 0C       		.uleb128 0xc
 1609 0092 15       		.uleb128 0x15
 1610 0093 01       		.byte	0x1
 1611 0094 27       		.uleb128 0x27
 1612 0095 19       		.uleb128 0x19
 1613 0096 01       		.uleb128 0x1
 1614 0097 13       		.uleb128 0x13
 1615 0098 00       		.byte	0
 1616 0099 00       		.byte	0
 1617 009a 0D       		.uleb128 0xd
 1618 009b 05       		.uleb128 0x5
 1619 009c 00       		.byte	0
 1620 009d 49       		.uleb128 0x49
 1621 009e 13       		.uleb128 0x13
 1622 009f 00       		.byte	0
 1623 00a0 00       		.byte	0
 1624 00a1 0E       		.uleb128 0xe
 1625 00a2 0F       		.uleb128 0xf
 1626 00a3 00       		.byte	0
 1627 00a4 0B       		.uleb128 0xb
 1628 00a5 0B       		.uleb128 0xb
 1629 00a6 00       		.byte	0
 1630 00a7 00       		.byte	0
 1631 00a8 0F       		.uleb128 0xf
 1632 00a9 13       		.uleb128 0x13
 1633 00aa 01       		.byte	0x1
 1634 00ab 03       		.uleb128 0x3
 1635 00ac 0E       		.uleb128 0xe
 1636 00ad 0B       		.uleb128 0xb
 1637 00ae 05       		.uleb128 0x5
 1638 00af 3A       		.uleb128 0x3a
 1639 00b0 0B       		.uleb128 0xb
 1640 00b1 3B       		.uleb128 0x3b
 1641 00b2 05       		.uleb128 0x5
 1642 00b3 01       		.uleb128 0x1
 1643 00b4 13       		.uleb128 0x13
 1644 00b5 00       		.byte	0
 1645 00b6 00       		.byte	0
 1646 00b7 10       		.uleb128 0x10
 1647 00b8 34       		.uleb128 0x34
 1648 00b9 00       		.byte	0
 1649 00ba 03       		.uleb128 0x3
 1650 00bb 0E       		.uleb128 0xe
 1651 00bc 3A       		.uleb128 0x3a
 1652 00bd 0B       		.uleb128 0xb
 1653 00be 3B       		.uleb128 0x3b
ARM GAS  /tmp/ccW1S9b5.s 			page 30


 1654 00bf 05       		.uleb128 0x5
 1655 00c0 49       		.uleb128 0x49
 1656 00c1 13       		.uleb128 0x13
 1657 00c2 3F       		.uleb128 0x3f
 1658 00c3 19       		.uleb128 0x19
 1659 00c4 3C       		.uleb128 0x3c
 1660 00c5 19       		.uleb128 0x19
 1661 00c6 00       		.byte	0
 1662 00c7 00       		.byte	0
 1663 00c8 11       		.uleb128 0x11
 1664 00c9 34       		.uleb128 0x34
 1665 00ca 00       		.byte	0
 1666 00cb 03       		.uleb128 0x3
 1667 00cc 0E       		.uleb128 0xe
 1668 00cd 3A       		.uleb128 0x3a
 1669 00ce 0B       		.uleb128 0xb
 1670 00cf 3B       		.uleb128 0x3b
 1671 00d0 0B       		.uleb128 0xb
 1672 00d1 49       		.uleb128 0x49
 1673 00d2 13       		.uleb128 0x13
 1674 00d3 3F       		.uleb128 0x3f
 1675 00d4 19       		.uleb128 0x19
 1676 00d5 3C       		.uleb128 0x3c
 1677 00d6 19       		.uleb128 0x19
 1678 00d7 00       		.byte	0
 1679 00d8 00       		.byte	0
 1680 00d9 12       		.uleb128 0x12
 1681 00da 0D       		.uleb128 0xd
 1682 00db 00       		.byte	0
 1683 00dc 03       		.uleb128 0x3
 1684 00dd 08       		.uleb128 0x8
 1685 00de 3A       		.uleb128 0x3a
 1686 00df 0B       		.uleb128 0xb
 1687 00e0 3B       		.uleb128 0x3b
 1688 00e1 0B       		.uleb128 0xb
 1689 00e2 49       		.uleb128 0x49
 1690 00e3 13       		.uleb128 0x13
 1691 00e4 38       		.uleb128 0x38
 1692 00e5 0B       		.uleb128 0xb
 1693 00e6 00       		.byte	0
 1694 00e7 00       		.byte	0
 1695 00e8 13       		.uleb128 0x13
 1696 00e9 13       		.uleb128 0x13
 1697 00ea 01       		.byte	0x1
 1698 00eb 0B       		.uleb128 0xb
 1699 00ec 0B       		.uleb128 0xb
 1700 00ed 3A       		.uleb128 0x3a
 1701 00ee 0B       		.uleb128 0xb
 1702 00ef 3B       		.uleb128 0x3b
 1703 00f0 0B       		.uleb128 0xb
 1704 00f1 01       		.uleb128 0x1
 1705 00f2 13       		.uleb128 0x13
 1706 00f3 00       		.byte	0
 1707 00f4 00       		.byte	0
 1708 00f5 14       		.uleb128 0x14
 1709 00f6 17       		.uleb128 0x17
 1710 00f7 01       		.byte	0x1
ARM GAS  /tmp/ccW1S9b5.s 			page 31


 1711 00f8 0B       		.uleb128 0xb
 1712 00f9 0B       		.uleb128 0xb
 1713 00fa 3A       		.uleb128 0x3a
 1714 00fb 0B       		.uleb128 0xb
 1715 00fc 3B       		.uleb128 0x3b
 1716 00fd 0B       		.uleb128 0xb
 1717 00fe 01       		.uleb128 0x1
 1718 00ff 13       		.uleb128 0x13
 1719 0100 00       		.byte	0
 1720 0101 00       		.byte	0
 1721 0102 15       		.uleb128 0x15
 1722 0103 0D       		.uleb128 0xd
 1723 0104 00       		.byte	0
 1724 0105 03       		.uleb128 0x3
 1725 0106 0E       		.uleb128 0xe
 1726 0107 3A       		.uleb128 0x3a
 1727 0108 0B       		.uleb128 0xb
 1728 0109 3B       		.uleb128 0x3b
 1729 010a 05       		.uleb128 0x5
 1730 010b 49       		.uleb128 0x49
 1731 010c 13       		.uleb128 0x13
 1732 010d 00       		.byte	0
 1733 010e 00       		.byte	0
 1734 010f 16       		.uleb128 0x16
 1735 0110 26       		.uleb128 0x26
 1736 0111 00       		.byte	0
 1737 0112 49       		.uleb128 0x49
 1738 0113 13       		.uleb128 0x13
 1739 0114 00       		.byte	0
 1740 0115 00       		.byte	0
 1741 0116 17       		.uleb128 0x17
 1742 0117 01       		.uleb128 0x1
 1743 0118 01       		.byte	0x1
 1744 0119 49       		.uleb128 0x49
 1745 011a 13       		.uleb128 0x13
 1746 011b 01       		.uleb128 0x1
 1747 011c 13       		.uleb128 0x13
 1748 011d 00       		.byte	0
 1749 011e 00       		.byte	0
 1750 011f 18       		.uleb128 0x18
 1751 0120 21       		.uleb128 0x21
 1752 0121 00       		.byte	0
 1753 0122 49       		.uleb128 0x49
 1754 0123 13       		.uleb128 0x13
 1755 0124 2F       		.uleb128 0x2f
 1756 0125 0B       		.uleb128 0xb
 1757 0126 00       		.byte	0
 1758 0127 00       		.byte	0
 1759 0128 19       		.uleb128 0x19
 1760 0129 34       		.uleb128 0x34
 1761 012a 00       		.byte	0
 1762 012b 03       		.uleb128 0x3
 1763 012c 08       		.uleb128 0x8
 1764 012d 3A       		.uleb128 0x3a
 1765 012e 0B       		.uleb128 0xb
 1766 012f 3B       		.uleb128 0x3b
 1767 0130 05       		.uleb128 0x5
ARM GAS  /tmp/ccW1S9b5.s 			page 32


 1768 0131 49       		.uleb128 0x49
 1769 0132 13       		.uleb128 0x13
 1770 0133 3F       		.uleb128 0x3f
 1771 0134 19       		.uleb128 0x19
 1772 0135 3C       		.uleb128 0x3c
 1773 0136 19       		.uleb128 0x19
 1774 0137 00       		.byte	0
 1775 0138 00       		.byte	0
 1776 0139 1A       		.uleb128 0x1a
 1777 013a 34       		.uleb128 0x34
 1778 013b 00       		.byte	0
 1779 013c 47       		.uleb128 0x47
 1780 013d 13       		.uleb128 0x13
 1781 013e 3A       		.uleb128 0x3a
 1782 013f 0B       		.uleb128 0xb
 1783 0140 3B       		.uleb128 0x3b
 1784 0141 0B       		.uleb128 0xb
 1785 0142 02       		.uleb128 0x2
 1786 0143 18       		.uleb128 0x18
 1787 0144 00       		.byte	0
 1788 0145 00       		.byte	0
 1789 0146 1B       		.uleb128 0x1b
 1790 0147 2E       		.uleb128 0x2e
 1791 0148 01       		.byte	0x1
 1792 0149 3F       		.uleb128 0x3f
 1793 014a 19       		.uleb128 0x19
 1794 014b 03       		.uleb128 0x3
 1795 014c 0E       		.uleb128 0xe
 1796 014d 3A       		.uleb128 0x3a
 1797 014e 0B       		.uleb128 0xb
 1798 014f 3B       		.uleb128 0x3b
 1799 0150 0B       		.uleb128 0xb
 1800 0151 27       		.uleb128 0x27
 1801 0152 19       		.uleb128 0x19
 1802 0153 49       		.uleb128 0x49
 1803 0154 13       		.uleb128 0x13
 1804 0155 11       		.uleb128 0x11
 1805 0156 01       		.uleb128 0x1
 1806 0157 12       		.uleb128 0x12
 1807 0158 06       		.uleb128 0x6
 1808 0159 40       		.uleb128 0x40
 1809 015a 18       		.uleb128 0x18
 1810 015b 9742     		.uleb128 0x2117
 1811 015d 19       		.uleb128 0x19
 1812 015e 01       		.uleb128 0x1
 1813 015f 13       		.uleb128 0x13
 1814 0160 00       		.byte	0
 1815 0161 00       		.byte	0
 1816 0162 1C       		.uleb128 0x1c
 1817 0163 05       		.uleb128 0x5
 1818 0164 00       		.byte	0
 1819 0165 03       		.uleb128 0x3
 1820 0166 08       		.uleb128 0x8
 1821 0167 3A       		.uleb128 0x3a
 1822 0168 0B       		.uleb128 0xb
 1823 0169 3B       		.uleb128 0x3b
 1824 016a 0B       		.uleb128 0xb
ARM GAS  /tmp/ccW1S9b5.s 			page 33


 1825 016b 49       		.uleb128 0x49
 1826 016c 13       		.uleb128 0x13
 1827 016d 02       		.uleb128 0x2
 1828 016e 17       		.uleb128 0x17
 1829 016f 00       		.byte	0
 1830 0170 00       		.byte	0
 1831 0171 1D       		.uleb128 0x1d
 1832 0172 34       		.uleb128 0x34
 1833 0173 00       		.byte	0
 1834 0174 03       		.uleb128 0x3
 1835 0175 08       		.uleb128 0x8
 1836 0176 3A       		.uleb128 0x3a
 1837 0177 0B       		.uleb128 0xb
 1838 0178 3B       		.uleb128 0x3b
 1839 0179 0B       		.uleb128 0xb
 1840 017a 49       		.uleb128 0x49
 1841 017b 13       		.uleb128 0x13
 1842 017c 02       		.uleb128 0x2
 1843 017d 17       		.uleb128 0x17
 1844 017e 00       		.byte	0
 1845 017f 00       		.byte	0
 1846 0180 1E       		.uleb128 0x1e
 1847 0181 34       		.uleb128 0x34
 1848 0182 00       		.byte	0
 1849 0183 03       		.uleb128 0x3
 1850 0184 0E       		.uleb128 0xe
 1851 0185 49       		.uleb128 0x49
 1852 0186 13       		.uleb128 0x13
 1853 0187 34       		.uleb128 0x34
 1854 0188 19       		.uleb128 0x19
 1855 0189 00       		.byte	0
 1856 018a 00       		.byte	0
 1857 018b 1F       		.uleb128 0x1f
 1858 018c 1D       		.uleb128 0x1d
 1859 018d 01       		.byte	0x1
 1860 018e 31       		.uleb128 0x31
 1861 018f 13       		.uleb128 0x13
 1862 0190 11       		.uleb128 0x11
 1863 0191 01       		.uleb128 0x1
 1864 0192 12       		.uleb128 0x12
 1865 0193 06       		.uleb128 0x6
 1866 0194 58       		.uleb128 0x58
 1867 0195 0B       		.uleb128 0xb
 1868 0196 59       		.uleb128 0x59
 1869 0197 0B       		.uleb128 0xb
 1870 0198 01       		.uleb128 0x1
 1871 0199 13       		.uleb128 0x13
 1872 019a 00       		.byte	0
 1873 019b 00       		.byte	0
 1874 019c 20       		.uleb128 0x20
 1875 019d 1D       		.uleb128 0x1d
 1876 019e 01       		.byte	0x1
 1877 019f 31       		.uleb128 0x31
 1878 01a0 13       		.uleb128 0x13
 1879 01a1 11       		.uleb128 0x11
 1880 01a2 01       		.uleb128 0x1
 1881 01a3 12       		.uleb128 0x12
ARM GAS  /tmp/ccW1S9b5.s 			page 34


 1882 01a4 06       		.uleb128 0x6
 1883 01a5 58       		.uleb128 0x58
 1884 01a6 0B       		.uleb128 0xb
 1885 01a7 59       		.uleb128 0x59
 1886 01a8 05       		.uleb128 0x5
 1887 01a9 00       		.byte	0
 1888 01aa 00       		.byte	0
 1889 01ab 21       		.uleb128 0x21
 1890 01ac 1D       		.uleb128 0x1d
 1891 01ad 00       		.byte	0
 1892 01ae 31       		.uleb128 0x31
 1893 01af 13       		.uleb128 0x13
 1894 01b0 11       		.uleb128 0x11
 1895 01b1 01       		.uleb128 0x1
 1896 01b2 12       		.uleb128 0x12
 1897 01b3 06       		.uleb128 0x6
 1898 01b4 58       		.uleb128 0x58
 1899 01b5 0B       		.uleb128 0xb
 1900 01b6 59       		.uleb128 0x59
 1901 01b7 05       		.uleb128 0x5
 1902 01b8 00       		.byte	0
 1903 01b9 00       		.byte	0
 1904 01ba 22       		.uleb128 0x22
 1905 01bb 0B       		.uleb128 0xb
 1906 01bc 01       		.byte	0x1
 1907 01bd 11       		.uleb128 0x11
 1908 01be 01       		.uleb128 0x1
 1909 01bf 12       		.uleb128 0x12
 1910 01c0 06       		.uleb128 0x6
 1911 01c1 00       		.byte	0
 1912 01c2 00       		.byte	0
 1913 01c3 23       		.uleb128 0x23
 1914 01c4 898201   		.uleb128 0x4109
 1915 01c7 01       		.byte	0x1
 1916 01c8 11       		.uleb128 0x11
 1917 01c9 01       		.uleb128 0x1
 1918 01ca 31       		.uleb128 0x31
 1919 01cb 13       		.uleb128 0x13
 1920 01cc 00       		.byte	0
 1921 01cd 00       		.byte	0
 1922 01ce 24       		.uleb128 0x24
 1923 01cf 8A8201   		.uleb128 0x410a
 1924 01d2 00       		.byte	0
 1925 01d3 02       		.uleb128 0x2
 1926 01d4 18       		.uleb128 0x18
 1927 01d5 9142     		.uleb128 0x2111
 1928 01d7 18       		.uleb128 0x18
 1929 01d8 00       		.byte	0
 1930 01d9 00       		.byte	0
 1931 01da 25       		.uleb128 0x25
 1932 01db 34       		.uleb128 0x34
 1933 01dc 00       		.byte	0
 1934 01dd 03       		.uleb128 0x3
 1935 01de 08       		.uleb128 0x8
 1936 01df 3A       		.uleb128 0x3a
 1937 01e0 0B       		.uleb128 0xb
 1938 01e1 3B       		.uleb128 0x3b
ARM GAS  /tmp/ccW1S9b5.s 			page 35


 1939 01e2 0B       		.uleb128 0xb
 1940 01e3 49       		.uleb128 0x49
 1941 01e4 13       		.uleb128 0x13
 1942 01e5 02       		.uleb128 0x2
 1943 01e6 18       		.uleb128 0x18
 1944 01e7 00       		.byte	0
 1945 01e8 00       		.byte	0
 1946 01e9 26       		.uleb128 0x26
 1947 01ea 1D       		.uleb128 0x1d
 1948 01eb 01       		.byte	0x1
 1949 01ec 31       		.uleb128 0x31
 1950 01ed 13       		.uleb128 0x13
 1951 01ee 11       		.uleb128 0x11
 1952 01ef 01       		.uleb128 0x1
 1953 01f0 12       		.uleb128 0x12
 1954 01f1 06       		.uleb128 0x6
 1955 01f2 58       		.uleb128 0x58
 1956 01f3 0B       		.uleb128 0xb
 1957 01f4 59       		.uleb128 0x59
 1958 01f5 0B       		.uleb128 0xb
 1959 01f6 00       		.byte	0
 1960 01f7 00       		.byte	0
 1961 01f8 27       		.uleb128 0x27
 1962 01f9 2E       		.uleb128 0x2e
 1963 01fa 01       		.byte	0x1
 1964 01fb 03       		.uleb128 0x3
 1965 01fc 0E       		.uleb128 0xe
 1966 01fd 3A       		.uleb128 0x3a
 1967 01fe 0B       		.uleb128 0xb
 1968 01ff 3B       		.uleb128 0x3b
 1969 0200 05       		.uleb128 0x5
 1970 0201 27       		.uleb128 0x27
 1971 0202 19       		.uleb128 0x19
 1972 0203 20       		.uleb128 0x20
 1973 0204 0B       		.uleb128 0xb
 1974 0205 01       		.uleb128 0x1
 1975 0206 13       		.uleb128 0x13
 1976 0207 00       		.byte	0
 1977 0208 00       		.byte	0
 1978 0209 28       		.uleb128 0x28
 1979 020a 34       		.uleb128 0x34
 1980 020b 00       		.byte	0
 1981 020c 03       		.uleb128 0x3
 1982 020d 0E       		.uleb128 0xe
 1983 020e 49       		.uleb128 0x49
 1984 020f 13       		.uleb128 0x13
 1985 0210 34       		.uleb128 0x34
 1986 0211 19       		.uleb128 0x19
 1987 0212 1C       		.uleb128 0x1c
 1988 0213 0E       		.uleb128 0xe
 1989 0214 00       		.byte	0
 1990 0215 00       		.byte	0
 1991 0216 29       		.uleb128 0x29
 1992 0217 2E       		.uleb128 0x2e
 1993 0218 00       		.byte	0
 1994 0219 03       		.uleb128 0x3
 1995 021a 0E       		.uleb128 0xe
ARM GAS  /tmp/ccW1S9b5.s 			page 36


 1996 021b 3A       		.uleb128 0x3a
 1997 021c 0B       		.uleb128 0xb
 1998 021d 3B       		.uleb128 0x3b
 1999 021e 05       		.uleb128 0x5
 2000 021f 27       		.uleb128 0x27
 2001 0220 19       		.uleb128 0x19
 2002 0221 20       		.uleb128 0x20
 2003 0222 0B       		.uleb128 0xb
 2004 0223 00       		.byte	0
 2005 0224 00       		.byte	0
 2006 0225 2A       		.uleb128 0x2a
 2007 0226 2E       		.uleb128 0x2e
 2008 0227 00       		.byte	0
 2009 0228 3F       		.uleb128 0x3f
 2010 0229 19       		.uleb128 0x19
 2011 022a 3C       		.uleb128 0x3c
 2012 022b 19       		.uleb128 0x19
 2013 022c 6E       		.uleb128 0x6e
 2014 022d 0E       		.uleb128 0xe
 2015 022e 03       		.uleb128 0x3
 2016 022f 0E       		.uleb128 0xe
 2017 0230 3A       		.uleb128 0x3a
 2018 0231 0B       		.uleb128 0xb
 2019 0232 3B       		.uleb128 0x3b
 2020 0233 0B       		.uleb128 0xb
 2021 0234 00       		.byte	0
 2022 0235 00       		.byte	0
 2023 0236 00       		.byte	0
 2024              		.section	.debug_loc,"",%progbits
 2025              	.Ldebug_loc0:
 2026              	.LLST0:
 2027 0000 00000000 		.4byte	.LVL1
 2028 0004 1D000000 		.4byte	.LVL4-1
 2029 0008 0100     		.2byte	0x1
 2030 000a 50       		.byte	0x50
 2031 000b 1D000000 		.4byte	.LVL4-1
 2032 000f 28000000 		.4byte	.LFE220
 2033 0013 0400     		.2byte	0x4
 2034 0015 F3       		.byte	0xf3
 2035 0016 01       		.uleb128 0x1
 2036 0017 50       		.byte	0x50
 2037 0018 9F       		.byte	0x9f
 2038 0019 00000000 		.4byte	0
 2039 001d 00000000 		.4byte	0
 2040              	.LLST1:
 2041 0021 08000000 		.4byte	.LVL2
 2042 0025 22000000 		.4byte	.LVL5
 2043 0029 0100     		.2byte	0x1
 2044 002b 54       		.byte	0x54
 2045 002c 22000000 		.4byte	.LVL5
 2046 0030 28000000 		.4byte	.LFE220
 2047 0034 0100     		.2byte	0x1
 2048 0036 50       		.byte	0x50
 2049 0037 00000000 		.4byte	0
 2050 003b 00000000 		.4byte	0
 2051              		.section	.debug_aranges,"",%progbits
 2052 0000 24000000 		.4byte	0x24
ARM GAS  /tmp/ccW1S9b5.s 			page 37


 2053 0004 0200     		.2byte	0x2
 2054 0006 00000000 		.4byte	.Ldebug_info0
 2055 000a 04       		.byte	0x4
 2056 000b 00       		.byte	0
 2057 000c 0000     		.2byte	0
 2058 000e 0000     		.2byte	0
 2059 0010 00000000 		.4byte	.LFB219
 2060 0014 18000000 		.4byte	.LFE219-.LFB219
 2061 0018 00000000 		.4byte	.LFB220
 2062 001c 28000000 		.4byte	.LFE220-.LFB220
 2063 0020 00000000 		.4byte	0
 2064 0024 00000000 		.4byte	0
 2065              		.section	.debug_ranges,"",%progbits
 2066              	.Ldebug_ranges0:
 2067 0000 00000000 		.4byte	.LFB219
 2068 0004 18000000 		.4byte	.LFE219
 2069 0008 00000000 		.4byte	.LFB220
 2070 000c 28000000 		.4byte	.LFE220
 2071 0010 00000000 		.4byte	0
 2072 0014 00000000 		.4byte	0
 2073              		.section	.debug_line,"",%progbits
 2074              	.Ldebug_line0:
 2075 0000 A0020000 		.section	.debug_str,"MS",%progbits,1
 2075      02004402 
 2075      00000201 
 2075      FB0E0D00 
 2075      01010101 
 2076              	.LASF119:
 2077 0000 63665F6F 		.ascii	"cf_off_older\000"
 2077      66665F6F 
 2077      6C646572 
 2077      00
 2078              	.LASF58:
 2079 000d 72656164 		.ascii	"ready_list_t\000"
 2079      795F6C69 
 2079      73745F74 
 2079      00
 2080              	.LASF2:
 2081 001a 73697A65 		.ascii	"size_t\000"
 2081      5F7400
 2082              	.LASF94:
 2083 0021 7264796D 		.ascii	"rdymsg\000"
 2083      736700
 2084              	.LASF19:
 2085 0028 75696E74 		.ascii	"uint64_t\000"
 2085      36345F74 
 2085      00
 2086              	.LASF3:
 2087 0031 5F5F7569 		.ascii	"__uint8_t\000"
 2087      6E74385F 
 2087      7400
 2088              	.LASF91:
 2089 003b 706F7274 		.ascii	"port_intctx\000"
 2089      5F696E74 
 2089      63747800 
 2090              	.LASF77:
 2091 0047 73797374 		.ascii	"system_debug_t\000"
ARM GAS  /tmp/ccW1S9b5.s 			page 38


 2091      656D5F64 
 2091      65627567 
 2091      5F7400
 2092              	.LASF137:
 2093 0056 474E5520 		.ascii	"GNU C99 7.3.1 20180622 (release) [ARM/embedded-7-br"
 2093      43393920 
 2093      372E332E 
 2093      31203230 
 2093      31383036 
 2094 0089 616E6368 		.ascii	"anch revision 261907] -mcpu=cortex-m4 -mfloat-abi=h"
 2094      20726576 
 2094      6973696F 
 2094      6E203236 
 2094      31393037 
 2095 00bc 61726420 		.ascii	"ard -mfpu=fpv4-sp-d16 -mno-thumb-interwork -mthumb "
 2095      2D6D6670 
 2095      753D6670 
 2095      76342D73 
 2095      702D6431 
 2096 00ef 2D676764 		.ascii	"-ggdb -O2 -std=gnu99 -fomit-frame-pointer -falign-f"
 2096      62202D4F 
 2096      32202D73 
 2096      74643D67 
 2096      6E753939 
 2097 0122 756E6374 		.ascii	"unctions=16 -ffunction-sections -fdata-sections -fn"
 2097      696F6E73 
 2097      3D313620 
 2097      2D666675 
 2097      6E637469 
 2098 0155 6F2D636F 		.ascii	"o-common -fsingle-precision-constant\000"
 2098      6D6D6F6E 
 2098      202D6673 
 2098      696E676C 
 2098      652D7072 
 2099              	.LASF134:
 2100 017a 706F7274 		.ascii	"port_lock\000"
 2100      5F6C6F63 
 2100      6B00
 2101              	.LASF14:
 2102 0184 6C6F6E67 		.ascii	"long long unsigned int\000"
 2102      206C6F6E 
 2102      6720756E 
 2102      7369676E 
 2102      65642069 
 2103              	.LASF115:
 2104 019b 63685F74 		.ascii	"ch_threadsize\000"
 2104      68726561 
 2104      6473697A 
 2104      6500
 2105              	.LASF95:
 2106 01a9 65786974 		.ascii	"exitcode\000"
 2106      636F6465 
 2106      00
 2107              	.LASF84:
 2108 01b2 6D61696E 		.ascii	"mainthread\000"
 2108      74687265 
 2108      616400
ARM GAS  /tmp/ccW1S9b5.s 			page 39


 2109              	.LASF138:
 2110 01bd 43686962 		.ascii	"ChibiOS_3.0.5/os/rt/src/chregistry.c\000"
 2110      694F535F 
 2110      332E302E 
 2110      352F6F73 
 2110      2F72742F 
 2111              	.LASF86:
 2112 01e2 49544D5F 		.ascii	"ITM_RxBuffer\000"
 2112      52784275 
 2112      66666572 
 2112      00
 2113              	.LASF57:
 2114 01ef 63685F74 		.ascii	"ch_threads_queue\000"
 2114      68726561 
 2114      64735F71 
 2114      75657565 
 2114      00
 2115              	.LASF33:
 2116 0200 705F7072 		.ascii	"p_prio\000"
 2116      696F00
 2117              	.LASF122:
 2118 0207 63665F6F 		.ascii	"cf_off_state\000"
 2118      66665F73 
 2118      74617465 
 2118      00
 2119              	.LASF131:
 2120 0214 63685265 		.ascii	"chRegFirstThread\000"
 2120      67466972 
 2120      73745468 
 2120      72656164 
 2120      00
 2121              	.LASF12:
 2122 0225 6C6F6E67 		.ascii	"long long int\000"
 2122      206C6F6E 
 2122      6720696E 
 2122      7400
 2123              	.LASF1:
 2124 0233 7369676E 		.ascii	"signed char\000"
 2124      65642063 
 2124      68617200 
 2125              	.LASF121:
 2126 023f 63665F6F 		.ascii	"cf_off_stklimit\000"
 2126      66665F73 
 2126      746B6C69 
 2126      6D697400 
 2127              	.LASF123:
 2128 024f 63665F6F 		.ascii	"cf_off_flags\000"
 2128      66665F66 
 2128      6C616773 
 2128      00
 2129              	.LASF50:
 2130 025c 705F6D70 		.ascii	"p_mpool\000"
 2130      6F6F6C00 
 2131              	.LASF105:
 2132 0264 6D5F7175 		.ascii	"m_queue\000"
 2132      65756500 
 2133              	.LASF83:
ARM GAS  /tmp/ccW1S9b5.s 			page 40


 2134 026c 76746C69 		.ascii	"vtlist\000"
 2134      737400
 2135              	.LASF133:
 2136 0273 706F7274 		.ascii	"port_unlock\000"
 2136      5F756E6C 
 2136      6F636B00 
 2137              	.LASF24:
 2138 027f 74736C69 		.ascii	"tslices_t\000"
 2138      6365735F 
 2138      7400
 2139              	.LASF97:
 2140 0289 77747472 		.ascii	"wttrp\000"
 2140      7000
 2141              	.LASF81:
 2142 028f 63685F73 		.ascii	"ch_system\000"
 2142      79737465 
 2142      6D00
 2143              	.LASF9:
 2144 0299 6C6F6E67 		.ascii	"long int\000"
 2144      20696E74 
 2144      00
 2145              	.LASF22:
 2146 02a2 74737461 		.ascii	"tstate_t\000"
 2146      74655F74 
 2146      00
 2147              	.LASF127:
 2148 02ab 63686465 		.ascii	"chdebug_t\000"
 2148      6275675F 
 2148      7400
 2149              	.LASF35:
 2150 02b5 705F6E65 		.ascii	"p_newer\000"
 2150      77657200 
 2151              	.LASF102:
 2152 02bd 735F7175 		.ascii	"s_queue\000"
 2152      65756500 
 2153              	.LASF23:
 2154 02c5 74726566 		.ascii	"trefs_t\000"
 2154      735F7400 
 2155              	.LASF63:
 2156 02cd 725F6E65 		.ascii	"r_newer\000"
 2156      77657200 
 2157              	.LASF88:
 2158 02d5 72656761 		.ascii	"regarm_t\000"
 2158      726D5F74 
 2158      00
 2159              	.LASF70:
 2160 02de 76745F70 		.ascii	"vt_prev\000"
 2160      72657600 
 2161              	.LASF129:
 2162 02e6 6D757465 		.ascii	"mutex_t\000"
 2162      785F7400 
 2163              	.LASF85:
 2164 02ee 69646C65 		.ascii	"idle_thread_wa\000"
 2164      5F746872 
 2164      6561645F 
 2164      776100
 2165              	.LASF28:
ARM GAS  /tmp/ccW1S9b5.s 			page 41


 2166 02fd 636E745F 		.ascii	"cnt_t\000"
 2166      7400
 2167              	.LASF38:
 2168 0303 705F7374 		.ascii	"p_stklimit\000"
 2168      6B6C696D 
 2168      697400
 2169              	.LASF0:
 2170 030e 756E7369 		.ascii	"unsigned int\000"
 2170      676E6564 
 2170      20696E74 
 2170      00
 2171              	.LASF69:
 2172 031b 76745F6E 		.ascii	"vt_next\000"
 2172      65787400 
 2173              	.LASF16:
 2174 0323 75696E74 		.ascii	"uint16_t\000"
 2174      31365F74 
 2174      00
 2175              	.LASF87:
 2176 032c 53797374 		.ascii	"SystemCoreClock\000"
 2176      656D436F 
 2176      7265436C 
 2176      6F636B00 
 2177              	.LASF43:
 2178 033c 705F7469 		.ascii	"p_time\000"
 2178      6D6500
 2179              	.LASF98:
 2180 0343 77747365 		.ascii	"wtsemp\000"
 2180      6D7000
 2181              	.LASF76:
 2182 034a 76745F73 		.ascii	"vt_systime\000"
 2182      79737469 
 2182      6D6500
 2183              	.LASF71:
 2184 0355 76745F64 		.ascii	"vt_delta\000"
 2184      656C7461 
 2184      00
 2185              	.LASF45:
 2186 035e 705F6D73 		.ascii	"p_msgqueue\000"
 2186      67717565 
 2186      756500
 2187              	.LASF128:
 2188 0369 63685F64 		.ascii	"ch_debug\000"
 2188      65627567 
 2188      00
 2189              	.LASF103:
 2190 0372 735F636E 		.ascii	"s_cnt\000"
 2190      7400
 2191              	.LASF7:
 2192 0378 73686F72 		.ascii	"short unsigned int\000"
 2192      7420756E 
 2192      7369676E 
 2192      65642069 
 2192      6E7400
 2193              	.LASF54:
 2194 038b 63685F74 		.ascii	"ch_thread\000"
 2194      68726561 
ARM GAS  /tmp/ccW1S9b5.s 			page 42


 2194      6400
 2195              	.LASF26:
 2196 0395 6D73675F 		.ascii	"msg_t\000"
 2196      7400
 2197              	.LASF80:
 2198 039b 63685F73 		.ascii	"ch_system_t\000"
 2198      79737465 
 2198      6D5F7400 
 2199              	.LASF126:
 2200 03a7 63665F6F 		.ascii	"cf_off_time\000"
 2200      66665F74 
 2200      696D6500 
 2201              	.LASF59:
 2202 03b3 63685F72 		.ascii	"ch_ready_list\000"
 2202      65616479 
 2202      5F6C6973 
 2202      7400
 2203              	.LASF27:
 2204 03c1 6576656E 		.ascii	"eventmask_t\000"
 2204      746D6173 
 2204      6B5F7400 
 2205              	.LASF8:
 2206 03cd 5F5F696E 		.ascii	"__int32_t\000"
 2206      7433325F 
 2206      7400
 2207              	.LASF74:
 2208 03d7 76697274 		.ascii	"virtual_timers_list_t\000"
 2208      75616C5F 
 2208      74696D65 
 2208      72735F6C 
 2208      6973745F 
 2209              	.LASF89:
 2210 03ed 73746B61 		.ascii	"stkalign_t\000"
 2210      6C69676E 
 2210      5F7400
 2211              	.LASF110:
 2212 03f8 63685F7A 		.ascii	"ch_zero\000"
 2212      65726F00 
 2213              	.LASF124:
 2214 0400 63665F6F 		.ascii	"cf_off_refs\000"
 2214      66665F72 
 2214      65667300 
 2215              	.LASF44:
 2216 040c 705F7761 		.ascii	"p_waiting\000"
 2216      6974696E 
 2216      6700
 2217              	.LASF20:
 2218 0416 7274636E 		.ascii	"rtcnt_t\000"
 2218      745F7400 
 2219              	.LASF75:
 2220 041e 63685F76 		.ascii	"ch_virtual_timers_list\000"
 2220      69727475 
 2220      616C5F74 
 2220      696D6572 
 2220      735F6C69 
 2221              	.LASF114:
 2222 0435 63685F74 		.ascii	"ch_timesize\000"
ARM GAS  /tmp/ccW1S9b5.s 			page 43


 2222      696D6573 
 2222      697A6500 
 2223              	.LASF120:
 2224 0441 63665F6F 		.ascii	"cf_off_name\000"
 2224      66665F6E 
 2224      616D6500 
 2225              	.LASF36:
 2226 044d 705F6F6C 		.ascii	"p_older\000"
 2226      64657200 
 2227              	.LASF62:
 2228 0455 725F6374 		.ascii	"r_ctx\000"
 2228      7800
 2229              	.LASF34:
 2230 045b 705F6374 		.ascii	"p_ctx\000"
 2230      7800
 2231              	.LASF93:
 2232 0461 746D5F63 		.ascii	"tm_calibration_t\000"
 2232      616C6962 
 2232      72617469 
 2232      6F6E5F74 
 2232      00
 2233              	.LASF65:
 2234 0472 725F6375 		.ascii	"r_current\000"
 2234      7272656E 
 2234      7400
 2235              	.LASF64:
 2236 047c 725F6F6C 		.ascii	"r_older\000"
 2236      64657200 
 2237              	.LASF136:
 2238 0484 5F5F656E 		.ascii	"__enable_irq\000"
 2238      61626C65 
 2238      5F697271 
 2238      00
 2239              	.LASF13:
 2240 0491 5F5F7569 		.ascii	"__uint64_t\000"
 2240      6E743634 
 2240      5F7400
 2241              	.LASF135:
 2242 049c 5F5F6469 		.ascii	"__disable_irq\000"
 2242      7361626C 
 2242      655F6972 
 2242      7100
 2243              	.LASF113:
 2244 04aa 63685F70 		.ascii	"ch_ptrsize\000"
 2244      74727369 
 2244      7A6500
 2245              	.LASF67:
 2246 04b5 76697274 		.ascii	"virtual_timer_t\000"
 2246      75616C5F 
 2246      74696D65 
 2246      725F7400 
 2247              	.LASF32:
 2248 04c5 705F7072 		.ascii	"p_prev\000"
 2248      657600
 2249              	.LASF25:
 2250 04cc 74707269 		.ascii	"tprio_t\000"
 2250      6F5F7400 
ARM GAS  /tmp/ccW1S9b5.s 			page 44


 2251              	.LASF78:
 2252 04d4 63685F73 		.ascii	"ch_system_debug\000"
 2252      79737465 
 2252      6D5F6465 
 2252      62756700 
 2253              	.LASF17:
 2254 04e4 696E7433 		.ascii	"int32_t\000"
 2254      325F7400 
 2255              	.LASF4:
 2256 04ec 756E7369 		.ascii	"unsigned char\000"
 2256      676E6564 
 2256      20636861 
 2256      7200
 2257              	.LASF48:
 2258 04fa 705F6D74 		.ascii	"p_mtxlist\000"
 2258      786C6973 
 2258      7400
 2259              	.LASF5:
 2260 0504 73686F72 		.ascii	"short int\000"
 2260      7420696E 
 2260      7400
 2261              	.LASF39:
 2262 050e 705F7374 		.ascii	"p_state\000"
 2262      61746500 
 2263              	.LASF42:
 2264 0516 705F7072 		.ascii	"p_preempt\000"
 2264      65656D70 
 2264      7400
 2265              	.LASF61:
 2266 0520 725F7072 		.ascii	"r_prio\000"
 2266      696F00
 2267              	.LASF100:
 2268 0527 65776D61 		.ascii	"ewmask\000"
 2268      736B00
 2269              	.LASF31:
 2270 052e 705F6E65 		.ascii	"p_next\000"
 2270      787400
 2271              	.LASF21:
 2272 0535 746D6F64 		.ascii	"tmode_t\000"
 2272      655F7400 
 2273              	.LASF125:
 2274 053d 63665F6F 		.ascii	"cf_off_preempt\000"
 2274      66665F70 
 2274      7265656D 
 2274      707400
 2275              	.LASF40:
 2276 054c 705F666C 		.ascii	"p_flags\000"
 2276      61677300 
 2277              	.LASF140:
 2278 0554 5F5F6675 		.ascii	"__func__\000"
 2278      6E635F5F 
 2278      00
 2279              	.LASF132:
 2280 055d 63685379 		.ascii	"chSysLock\000"
 2280      734C6F63 
 2280      6B00
 2281              	.LASF142:
ARM GAS  /tmp/ccW1S9b5.s 			page 45


 2282 0567 63685468 		.ascii	"chThdRelease\000"
 2282      6452656C 
 2282      65617365 
 2282      00
 2283              	.LASF56:
 2284 0574 74687265 		.ascii	"threads_queue_t\000"
 2284      6164735F 
 2284      71756575 
 2284      655F7400 
 2285              	.LASF68:
 2286 0584 63685F76 		.ascii	"ch_virtual_timer\000"
 2286      69727475 
 2286      616C5F74 
 2286      696D6572 
 2286      00
 2287              	.LASF118:
 2288 0595 63665F6F 		.ascii	"cf_off_newer\000"
 2288      66665F6E 
 2288      65776572 
 2288      00
 2289              	.LASF101:
 2290 05a2 63685F73 		.ascii	"ch_semaphore\000"
 2290      656D6170 
 2290      686F7265 
 2290      00
 2291              	.LASF47:
 2292 05af 705F6570 		.ascii	"p_epending\000"
 2292      656E6469 
 2292      6E6700
 2293              	.LASF139:
 2294 05ba 2F626C64 		.ascii	"/bldc\000"
 2294      6300
 2295              	.LASF18:
 2296 05c0 75696E74 		.ascii	"uint32_t\000"
 2296      33325F74 
 2296      00
 2297              	.LASF116:
 2298 05c9 63665F6F 		.ascii	"cf_off_prio\000"
 2298      66665F70 
 2298      72696F00 
 2299              	.LASF60:
 2300 05d5 725F7175 		.ascii	"r_queue\000"
 2300      65756500 
 2301              	.LASF55:
 2302 05dd 63685F74 		.ascii	"ch_threads_list\000"
 2302      68726561 
 2302      64735F6C 
 2302      69737400 
 2303              	.LASF111:
 2304 05ed 63685F73 		.ascii	"ch_size\000"
 2304      697A6500 
 2305              	.LASF11:
 2306 05f5 6C6F6E67 		.ascii	"long unsigned int\000"
 2306      20756E73 
 2306      69676E65 
 2306      6420696E 
 2306      7400
ARM GAS  /tmp/ccW1S9b5.s 			page 46


 2307              	.LASF108:
 2308 0607 63686172 		.ascii	"char\000"
 2308      00
 2309              	.LASF130:
 2310 060c 63685265 		.ascii	"chRegNextThread\000"
 2310      674E6578 
 2310      74546872 
 2310      65616400 
 2311              	.LASF99:
 2312 061c 77746D74 		.ascii	"wtmtxp\000"
 2312      787000
 2313              	.LASF6:
 2314 0623 5F5F7569 		.ascii	"__uint16_t\000"
 2314      6E743136 
 2314      5F7400
 2315              	.LASF30:
 2316 062e 74687265 		.ascii	"thread_t\000"
 2316      61645F74 
 2316      00
 2317              	.LASF107:
 2318 0637 6D5F6E65 		.ascii	"m_next\000"
 2318      787400
 2319              	.LASF29:
 2320 063e 73797374 		.ascii	"systime_t\000"
 2320      696D655F 
 2320      7400
 2321              	.LASF49:
 2322 0648 705F7265 		.ascii	"p_realprio\000"
 2322      616C7072 
 2322      696F00
 2323              	.LASF66:
 2324 0653 76746675 		.ascii	"vtfunc_t\000"
 2324      6E635F74 
 2324      00
 2325              	.LASF10:
 2326 065c 5F5F7569 		.ascii	"__uint32_t\000"
 2326      6E743332 
 2326      5F7400
 2327              	.LASF79:
 2328 0667 70616E69 		.ascii	"panic_msg\000"
 2328      635F6D73 
 2328      6700
 2329              	.LASF92:
 2330 0671 6F666673 		.ascii	"offset\000"
 2330      657400
 2331              	.LASF90:
 2332 0678 636F6E74 		.ascii	"context\000"
 2332      65787400 
 2333              	.LASF46:
 2334 0680 705F6D73 		.ascii	"p_msg\000"
 2334      6700
 2335              	.LASF73:
 2336 0686 76745F70 		.ascii	"vt_par\000"
 2336      617200
 2337              	.LASF117:
 2338 068d 63665F6F 		.ascii	"cf_off_ctx\000"
 2338      66665F63 
ARM GAS  /tmp/ccW1S9b5.s 			page 47


 2338      747800
 2339              	.LASF104:
 2340 0698 63685F6D 		.ascii	"ch_mutex\000"
 2340      75746578 
 2340      00
 2341              	.LASF41:
 2342 06a1 705F7265 		.ascii	"p_refs\000"
 2342      667300
 2343              	.LASF51:
 2344 06a8 6D6F746F 		.ascii	"motor_selected\000"
 2344      725F7365 
 2344      6C656374 
 2344      656400
 2345              	.LASF82:
 2346 06b7 726C6973 		.ascii	"rlist\000"
 2346      7400
 2347              	.LASF15:
 2348 06bd 75696E74 		.ascii	"uint8_t\000"
 2348      385F7400 
 2349              	.LASF52:
 2350 06c5 74687265 		.ascii	"thread_reference_t\000"
 2350      61645F72 
 2350      65666572 
 2350      656E6365 
 2350      5F7400
 2351              	.LASF96:
 2352 06d8 77746F62 		.ascii	"wtobjp\000"
 2352      6A7000
 2353              	.LASF37:
 2354 06df 705F6E61 		.ascii	"p_name\000"
 2354      6D6500
 2355              	.LASF53:
 2356 06e6 74687265 		.ascii	"threads_list_t\000"
 2356      6164735F 
 2356      6C697374 
 2356      5F7400
 2357              	.LASF141:
 2358 06f5 63685379 		.ascii	"chSysUnlock\000"
 2358      73556E6C 
 2358      6F636B00 
 2359              	.LASF112:
 2360 0701 63685F76 		.ascii	"ch_version\000"
 2360      65727369 
 2360      6F6E00
 2361              	.LASF106:
 2362 070c 6D5F6F77 		.ascii	"m_owner\000"
 2362      6E657200 
 2363              	.LASF109:
 2364 0714 63685F69 		.ascii	"ch_identifier\000"
 2364      64656E74 
 2364      69666965 
 2364      7200
 2365              	.LASF72:
 2366 0722 76745F66 		.ascii	"vt_func\000"
 2366      756E6300 
 2367              		.ident	"GCC: (GNU Tools for Arm Embedded Processors 7-2018-q3-update) 7.3.1 20180622 (release) [AR
ARM GAS  /tmp/ccW1S9b5.s 			page 48


DEFINED SYMBOLS
                            *ABS*:0000000000000000 chregistry.c
     /tmp/ccW1S9b5.s:18     .text.chRegFirstThread:0000000000000000 $t
     /tmp/ccW1S9b5.s:26     .text.chRegFirstThread:0000000000000000 chRegFirstThread
     /tmp/ccW1S9b5.s:80     .text.chRegFirstThread:0000000000000014 $d
     /tmp/ccW1S9b5.s:85     .text.chRegNextThread:0000000000000000 $t
     /tmp/ccW1S9b5.s:93     .text.chRegNextThread:0000000000000000 chRegNextThread
     /tmp/ccW1S9b5.s:161    .text.chRegNextThread:0000000000000024 $d
     /tmp/ccW1S9b5.s:170    .rodata.ch_debug:0000000000000000 ch_debug
     /tmp/ccW1S9b5.s:167    .rodata.ch_debug:0000000000000000 $d

UNDEFINED SYMBOLS
ch
chThdRelease
