ARM GAS  /tmp/cc1mNCT0.s 			page 1


   1              		.cpu cortex-m4
   2              		.eabi_attribute 27, 1
   3              		.eabi_attribute 28, 1
   4              		.eabi_attribute 20, 1
   5              		.eabi_attribute 21, 1
   6              		.eabi_attribute 23, 3
   7              		.eabi_attribute 24, 1
   8              		.eabi_attribute 25, 1
   9              		.eabi_attribute 26, 1
  10              		.eabi_attribute 30, 2
  11              		.eabi_attribute 34, 1
  12              		.eabi_attribute 18, 4
  13              		.file	"chvt.c"
  14              		.text
  15              	.Ltext0:
  16              		.cfi_sections	.debug_frame
  17              		.section	.text._vt_init,"ax",%progbits
  18              		.align	1
  19              		.p2align 4,,15
  20              		.global	_vt_init
  21              		.syntax unified
  22              		.thumb
  23              		.thumb_func
  24              		.fpu fpv4-sp-d16
  25              		.type	_vt_init, %function
  26              	_vt_init:
  27              	.LFB219:
  28              		.file 1 "ChibiOS_3.0.5/os/rt/src/chvt.c"
  29              		.loc 1 61 0
  30              		.cfi_startproc
  31              		@ args = 0, pretend = 0, frame = 0
  32              		@ frame_needed = 0, uses_anonymous_args = 0
  33              		@ link register save eliminated.
  34              		.loc 1 63 0
  35 0000 054B     		ldr	r3, .L3
  36              		.loc 1 65 0
  37 0002 4FF0FF30 		mov	r0, #-1
  38              		.loc 1 67 0
  39 0006 0021     		movs	r1, #0
  40              		.loc 1 63 0
  41 0008 03F11C02 		add	r2, r3, #28
  42              		.loc 1 65 0
  43 000c 5862     		str	r0, [r3, #36]
  44              		.loc 1 67 0
  45 000e 9962     		str	r1, [r3, #40]
  46              		.loc 1 64 0
  47 0010 C3E90722 		strd	r2, r2, [r3, #28]
  48              		.loc 1 71 0
  49 0014 7047     		bx	lr
  50              	.L4:
  51 0016 00BF     		.align	2
  52              	.L3:
  53 0018 00000000 		.word	ch
  54              		.cfi_endproc
  55              	.LFE219:
  56              		.size	_vt_init, .-_vt_init
  57              		.section	.text.chVTDoSetI,"ax",%progbits
ARM GAS  /tmp/cc1mNCT0.s 			page 2


  58              		.align	1
  59              		.p2align 4,,15
  60              		.global	chVTDoSetI
  61              		.syntax unified
  62              		.thumb
  63              		.thumb_func
  64              		.fpu fpv4-sp-d16
  65              		.type	chVTDoSetI, %function
  66              	chVTDoSetI:
  67              	.LFB220:
  68              		.loc 1 96 0
  69              		.cfi_startproc
  70              		@ args = 0, pretend = 0, frame = 0
  71              		@ frame_needed = 0, uses_anonymous_args = 0
  72              		@ link register save eliminated.
  73              	.LVL0:
  74 0000 30B4     		push	{r4, r5}
  75              		.cfi_def_cfa_offset 8
  76              		.cfi_offset 4, -8
  77              		.cfi_offset 5, -4
  78              		.loc 1 150 0
  79 0002 0D4D     		ldr	r5, .L10
  80 0004 EC69     		ldr	r4, [r5, #28]
  81              		.loc 1 103 0
  82 0006 0361     		str	r3, [r0, #16]
  83              		.loc 1 151 0
  84 0008 A368     		ldr	r3, [r4, #8]
  85              	.LVL1:
  86              		.loc 1 104 0
  87 000a C260     		str	r2, [r0, #12]
  88              	.LVL2:
  89              		.loc 1 151 0
  90 000c 9942     		cmp	r1, r3
  91 000e 04D9     		bls	.L6
  92              	.LVL3:
  93              	.L7:
  94              		.loc 1 153 0
  95 0010 2468     		ldr	r4, [r4]
  96              	.LVL4:
  97              		.loc 1 152 0
  98 0012 C91A     		subs	r1, r1, r3
  99              	.LVL5:
 100              		.loc 1 151 0
 101 0014 A368     		ldr	r3, [r4, #8]
 102 0016 8B42     		cmp	r3, r1
 103 0018 FAD3     		bcc	.L7
 104              	.L6:
 105              		.loc 1 158 0
 106 001a 6368     		ldr	r3, [r4, #4]
 107 001c C0E90043 		strd	r4, r3, [r0]
 108              		.loc 1 159 0
 109 0020 1860     		str	r0, [r3]
 110              		.loc 1 160 0
 111 0022 6060     		str	r0, [r4, #4]
 112              		.loc 1 161 0
 113 0024 8160     		str	r1, [r0, #8]
 114              		.loc 1 165 0
ARM GAS  /tmp/cc1mNCT0.s 			page 3


 115 0026 A368     		ldr	r3, [r4, #8]
 116              		.loc 1 166 0
 117 0028 4FF0FF32 		mov	r2, #-1
 118              	.LVL6:
 119              		.loc 1 165 0
 120 002c 591A     		subs	r1, r3, r1
 121              	.LVL7:
 122 002e A160     		str	r1, [r4, #8]
 123              	.LVL8:
 124              		.loc 1 166 0
 125 0030 6A62     		str	r2, [r5, #36]
 126              		.loc 1 167 0
 127 0032 30BC     		pop	{r4, r5}
 128              		.cfi_restore 5
 129              		.cfi_restore 4
 130              		.cfi_def_cfa_offset 0
 131              	.LVL9:
 132 0034 7047     		bx	lr
 133              	.L11:
 134 0036 00BF     		.align	2
 135              	.L10:
 136 0038 00000000 		.word	ch
 137              		.cfi_endproc
 138              	.LFE220:
 139              		.size	chVTDoSetI, .-chVTDoSetI
 140              		.section	.text.chVTDoResetI,"ax",%progbits
 141              		.align	1
 142              		.p2align 4,,15
 143              		.global	chVTDoResetI
 144              		.syntax unified
 145              		.thumb
 146              		.thumb_func
 147              		.fpu fpv4-sp-d16
 148              		.type	chVTDoResetI, %function
 149              	chVTDoResetI:
 150              	.LFB221:
 151              		.loc 1 177 0
 152              		.cfi_startproc
 153              		@ args = 0, pretend = 0, frame = 0
 154              		@ frame_needed = 0, uses_anonymous_args = 0
 155              		@ link register save eliminated.
 156              	.LVL10:
 157              		.loc 1 186 0
 158 0000 0368     		ldr	r3, [r0]
 159              		.loc 1 189 0
 160 0002 4168     		ldr	r1, [r0, #4]
 161              		.loc 1 186 0
 162 0004 9A68     		ldr	r2, [r3, #8]
 163              		.loc 1 177 0
 164 0006 30B4     		push	{r4, r5}
 165              		.cfi_def_cfa_offset 8
 166              		.cfi_offset 4, -8
 167              		.cfi_offset 5, -4
 168              		.loc 1 186 0
 169 0008 8568     		ldr	r5, [r0, #8]
 170              		.loc 1 195 0
 171 000a 064C     		ldr	r4, .L14
ARM GAS  /tmp/cc1mNCT0.s 			page 4


 172              		.loc 1 186 0
 173 000c 2A44     		add	r2, r2, r5
 174 000e 9A60     		str	r2, [r3, #8]
 175              		.loc 1 189 0
 176 0010 0B60     		str	r3, [r1]
 177              		.loc 1 190 0
 178 0012 0568     		ldr	r5, [r0]
 179              		.loc 1 191 0
 180 0014 0022     		movs	r2, #0
 181              		.loc 1 195 0
 182 0016 4FF0FF33 		mov	r3, #-1
 183              		.loc 1 190 0
 184 001a 6960     		str	r1, [r5, #4]
 185              		.loc 1 191 0
 186 001c C260     		str	r2, [r0, #12]
 187              		.loc 1 195 0
 188 001e 6362     		str	r3, [r4, #36]
 189              		.loc 1 255 0
 190 0020 30BC     		pop	{r4, r5}
 191              		.cfi_restore 5
 192              		.cfi_restore 4
 193              		.cfi_def_cfa_offset 0
 194 0022 7047     		bx	lr
 195              	.L15:
 196              		.align	2
 197              	.L14:
 198 0024 00000000 		.word	ch
 199              		.cfi_endproc
 200              	.LFE221:
 201              		.size	chVTDoResetI, .-chVTDoResetI
 202              		.text
 203              	.Letext0:
 204              		.file 2 "/usr/arm-none-eabi/include/machine/_default_types.h"
 205              		.file 3 "/usr/arm-none-eabi/include/sys/_stdint.h"
 206              		.file 4 "ChibiOS_3.0.5/os/rt/ports/ARMCMx/compilers/GCC/chtypes.h"
 207              		.file 5 "ChibiOS_3.0.5/os/rt/include/chsystypes.h"
 208              		.file 6 "ChibiOS_3.0.5/os/rt/include/chschd.h"
 209              		.file 7 "ChibiOS_3.0.5/os/ext/CMSIS/include/core_cm4.h"
 210              		.file 8 "ChibiOS_3.0.5/os/ext/CMSIS/ST/system_stm32f4xx.h"
 211              		.file 9 "ChibiOS_3.0.5/os/rt/ports/ARMCMx/chcore.h"
 212              		.file 10 "ChibiOS_3.0.5/os/rt/ports/ARMCMx/chcore_v7m.h"
 213              		.file 11 "ChibiOS_3.0.5/os/rt/include/chtm.h"
 214              		.file 12 "ChibiOS_3.0.5/os/rt/include/chsem.h"
 215              		.file 13 "ChibiOS_3.0.5/os/rt/include/chmtx.h"
 216              		.file 14 "ChibiOS_3.0.5/os/rt/include/chregistry.h"
 217              		.section	.debug_info,"",%progbits
 218              	.Ldebug_info0:
 219 0000 3E090000 		.4byte	0x93e
 220 0004 0400     		.2byte	0x4
 221 0006 00000000 		.4byte	.Ldebug_abbrev0
 222 000a 04       		.byte	0x4
 223 000b 01       		.uleb128 0x1
 224 000c 67000000 		.4byte	.LASF135
 225 0010 0C       		.byte	0xc
 226 0011 A9040000 		.4byte	.LASF136
 227 0015 77050000 		.4byte	.LASF137
 228 0019 00000000 		.4byte	.Ldebug_ranges0+0
ARM GAS  /tmp/cc1mNCT0.s 			page 5


 229 001d 00000000 		.4byte	0
 230 0021 00000000 		.4byte	.Ldebug_line0
 231 0025 02       		.uleb128 0x2
 232 0026 04       		.byte	0x4
 233 0027 05       		.byte	0x5
 234 0028 696E7400 		.ascii	"int\000"
 235 002c 03       		.uleb128 0x3
 236 002d 04       		.byte	0x4
 237 002e 07       		.byte	0x7
 238 002f E7020000 		.4byte	.LASF0
 239 0033 03       		.uleb128 0x3
 240 0034 01       		.byte	0x1
 241 0035 06       		.byte	0x6
 242 0036 30020000 		.4byte	.LASF1
 243 003a 04       		.uleb128 0x4
 244 003b 42000000 		.4byte	.LASF4
 245 003f 02       		.byte	0x2
 246 0040 2B       		.byte	0x2b
 247 0041 45000000 		.4byte	0x45
 248 0045 03       		.uleb128 0x3
 249 0046 01       		.byte	0x1
 250 0047 08       		.byte	0x8
 251 0048 9B040000 		.4byte	.LASF2
 252 004c 03       		.uleb128 0x3
 253 004d 02       		.byte	0x2
 254 004e 05       		.byte	0x5
 255 004f D8040000 		.4byte	.LASF3
 256 0053 04       		.uleb128 0x4
 257 0054 D0050000 		.4byte	.LASF5
 258 0058 02       		.byte	0x2
 259 0059 39       		.byte	0x39
 260 005a 5E000000 		.4byte	0x5e
 261 005e 03       		.uleb128 0x3
 262 005f 02       		.byte	0x2
 263 0060 07       		.byte	0x7
 264 0061 51030000 		.4byte	.LASF6
 265 0065 04       		.uleb128 0x4
 266 0066 A5030000 		.4byte	.LASF7
 267 006a 02       		.byte	0x2
 268 006b 4D       		.byte	0x4d
 269 006c 70000000 		.4byte	0x70
 270 0070 03       		.uleb128 0x3
 271 0071 04       		.byte	0x4
 272 0072 05       		.byte	0x5
 273 0073 84020000 		.4byte	.LASF8
 274 0077 04       		.uleb128 0x4
 275 0078 09060000 		.4byte	.LASF9
 276 007c 02       		.byte	0x2
 277 007d 4F       		.byte	0x4f
 278 007e 82000000 		.4byte	0x82
 279 0082 03       		.uleb128 0x3
 280 0083 04       		.byte	0x4
 281 0084 07       		.byte	0x7
 282 0085 B2050000 		.4byte	.LASF10
 283 0089 03       		.uleb128 0x3
 284 008a 08       		.byte	0x8
 285 008b 05       		.byte	0x5
ARM GAS  /tmp/cc1mNCT0.s 			page 6


 286 008c 22020000 		.4byte	.LASF11
 287 0090 04       		.uleb128 0x4
 288 0091 46040000 		.4byte	.LASF12
 289 0095 02       		.byte	0x2
 290 0096 69       		.byte	0x69
 291 0097 9B000000 		.4byte	0x9b
 292 009b 03       		.uleb128 0x3
 293 009c 08       		.byte	0x8
 294 009d 07       		.byte	0x7
 295 009e 8B010000 		.4byte	.LASF13
 296 00a2 04       		.uleb128 0x4
 297 00a3 71060000 		.4byte	.LASF14
 298 00a7 03       		.byte	0x3
 299 00a8 18       		.byte	0x18
 300 00a9 3A000000 		.4byte	0x3a
 301 00ad 04       		.uleb128 0x4
 302 00ae FC020000 		.4byte	.LASF15
 303 00b2 03       		.byte	0x3
 304 00b3 24       		.byte	0x24
 305 00b4 53000000 		.4byte	0x53
 306 00b8 04       		.uleb128 0x4
 307 00b9 93040000 		.4byte	.LASF16
 308 00bd 03       		.byte	0x3
 309 00be 2C       		.byte	0x2c
 310 00bf 65000000 		.4byte	0x65
 311 00c3 05       		.uleb128 0x5
 312 00c4 B8000000 		.4byte	0xb8
 313 00c8 04       		.uleb128 0x4
 314 00c9 7D050000 		.4byte	.LASF17
 315 00cd 03       		.byte	0x3
 316 00ce 30       		.byte	0x30
 317 00cf 77000000 		.4byte	0x77
 318 00d3 04       		.uleb128 0x4
 319 00d4 2D000000 		.4byte	.LASF18
 320 00d8 03       		.byte	0x3
 321 00d9 3C       		.byte	0x3c
 322 00da 90000000 		.4byte	0x90
 323 00de 04       		.uleb128 0x4
 324 00df D8030000 		.4byte	.LASF19
 325 00e3 04       		.byte	0x4
 326 00e4 45       		.byte	0x45
 327 00e5 C8000000 		.4byte	0xc8
 328 00e9 04       		.uleb128 0x4
 329 00ea 09050000 		.4byte	.LASF20
 330 00ee 04       		.byte	0x4
 331 00ef 48       		.byte	0x48
 332 00f0 A2000000 		.4byte	0xa2
 333 00f4 04       		.uleb128 0x4
 334 00f5 8D020000 		.4byte	.LASF21
 335 00f9 04       		.byte	0x4
 336 00fa 49       		.byte	0x49
 337 00fb A2000000 		.4byte	0xa2
 338 00ff 04       		.uleb128 0x4
 339 0100 51040000 		.4byte	.LASF22
 340 0104 04       		.byte	0x4
 341 0105 4A       		.byte	0x4a
 342 0106 A2000000 		.4byte	0xa2
ARM GAS  /tmp/cc1mNCT0.s 			page 7


 343 010a 04       		.uleb128 0x4
 344 010b 70020000 		.4byte	.LASF23
 345 010f 04       		.byte	0x4
 346 0110 4B       		.byte	0x4b
 347 0111 A2000000 		.4byte	0xa2
 348 0115 04       		.uleb128 0x4
 349 0116 7B040000 		.4byte	.LASF24
 350 011a 04       		.byte	0x4
 351 011b 4C       		.byte	0x4c
 352 011c C8000000 		.4byte	0xc8
 353 0120 04       		.uleb128 0x4
 354 0121 6E030000 		.4byte	.LASF25
 355 0125 04       		.byte	0x4
 356 0126 4D       		.byte	0x4d
 357 0127 B8000000 		.4byte	0xb8
 358 012b 04       		.uleb128 0x4
 359 012c 36000000 		.4byte	.LASF26
 360 0130 04       		.byte	0x4
 361 0131 4F       		.byte	0x4f
 362 0132 C8000000 		.4byte	0xc8
 363 0136 04       		.uleb128 0x4
 364 0137 D6020000 		.4byte	.LASF27
 365 013b 04       		.byte	0x4
 366 013c 51       		.byte	0x51
 367 013d B8000000 		.4byte	0xb8
 368 0141 04       		.uleb128 0x4
 369 0142 EB050000 		.4byte	.LASF28
 370 0146 05       		.byte	0x5
 371 0147 33       		.byte	0x33
 372 0148 C8000000 		.4byte	0xc8
 373 014c 05       		.uleb128 0x5
 374 014d 41010000 		.4byte	0x141
 375 0151 04       		.uleb128 0x4
 376 0152 DB050000 		.4byte	.LASF29
 377 0156 05       		.byte	0x5
 378 0157 3F       		.byte	0x3f
 379 0158 5C010000 		.4byte	0x15c
 380 015c 06       		.uleb128 0x6
 381 015d 64030000 		.4byte	.LASF53
 382 0161 50       		.byte	0x50
 383 0162 06       		.byte	0x6
 384 0163 C2       		.byte	0xc2
 385 0164 7A020000 		.4byte	0x27a
 386 0168 07       		.uleb128 0x7
 387 0169 02050000 		.4byte	.LASF30
 388 016d 06       		.byte	0x6
 389 016e C3       		.byte	0xc3
 390 016f 85020000 		.4byte	0x285
 391 0173 00       		.byte	0
 392 0174 07       		.uleb128 0x7
 393 0175 74040000 		.4byte	.LASF31
 394 0179 06       		.byte	0x6
 395 017a C5       		.byte	0xc5
 396 017b 85020000 		.4byte	0x285
 397 017f 04       		.byte	0x4
 398 0180 07       		.uleb128 0x7
 399 0181 05020000 		.4byte	.LASF32
ARM GAS  /tmp/cc1mNCT0.s 			page 8


 400 0185 06       		.byte	0x6
 401 0186 C7       		.byte	0xc7
 402 0187 15010000 		.4byte	0x115
 403 018b 08       		.byte	0x8
 404 018c 07       		.uleb128 0x7
 405 018d 1D040000 		.4byte	.LASF33
 406 0191 06       		.byte	0x6
 407 0192 C8       		.byte	0xc8
 408 0193 C5040000 		.4byte	0x4c5
 409 0197 0C       		.byte	0xc
 410 0198 07       		.uleb128 0x7
 411 0199 96020000 		.4byte	.LASF34
 412 019d 06       		.byte	0x6
 413 019e CA       		.byte	0xca
 414 019f 85020000 		.4byte	0x285
 415 01a3 10       		.byte	0x10
 416 01a4 07       		.uleb128 0x7
 417 01a5 0F040000 		.4byte	.LASF35
 418 01a9 06       		.byte	0x6
 419 01aa CB       		.byte	0xcb
 420 01ab 85020000 		.4byte	0x285
 421 01af 14       		.byte	0x14
 422 01b0 07       		.uleb128 0x7
 423 01b1 93060000 		.4byte	.LASF36
 424 01b5 06       		.byte	0x6
 425 01b6 D2       		.byte	0xd2
 426 01b7 0A070000 		.4byte	0x70a
 427 01bb 18       		.byte	0x18
 428 01bc 07       		.uleb128 0x7
 429 01bd DC020000 		.4byte	.LASF37
 430 01c1 06       		.byte	0x6
 431 01c2 D8       		.byte	0xd8
 432 01c3 21070000 		.4byte	0x721
 433 01c7 1C       		.byte	0x1c
 434 01c8 07       		.uleb128 0x7
 435 01c9 E2040000 		.4byte	.LASF38
 436 01cd 06       		.byte	0x6
 437 01ce DD       		.byte	0xdd
 438 01cf F4000000 		.4byte	0xf4
 439 01d3 20       		.byte	0x20
 440 01d4 07       		.uleb128 0x7
 441 01d5 20050000 		.4byte	.LASF39
 442 01d9 06       		.byte	0x6
 443 01da E1       		.byte	0xe1
 444 01db E9000000 		.4byte	0xe9
 445 01df 21       		.byte	0x21
 446 01e0 07       		.uleb128 0x7
 447 01e1 55060000 		.4byte	.LASF40
 448 01e5 06       		.byte	0x6
 449 01e6 E6       		.byte	0xe6
 450 01e7 FF000000 		.4byte	0xff
 451 01eb 22       		.byte	0x22
 452 01ec 07       		.uleb128 0x7
 453 01ed EA040000 		.4byte	.LASF41
 454 01f1 06       		.byte	0x6
 455 01f2 EC       		.byte	0xec
 456 01f3 0A010000 		.4byte	0x10a
ARM GAS  /tmp/cc1mNCT0.s 			page 9


 457 01f7 23       		.byte	0x23
 458 01f8 07       		.uleb128 0x7
 459 01f9 15030000 		.4byte	.LASF42
 460 01fd 06       		.byte	0x6
 461 01fe F3       		.byte	0xf3
 462 01ff 4C010000 		.4byte	0x14c
 463 0203 24       		.byte	0x24
 464 0204 08       		.uleb128 0x8
 465 0205 705F7500 		.ascii	"p_u\000"
 466 0209 06       		.byte	0x6
 467 020a 3101     		.2byte	0x131
 468 020c 45060000 		.4byte	0x645
 469 0210 28       		.byte	0x28
 470 0211 09       		.uleb128 0x9
 471 0212 CE030000 		.4byte	.LASF43
 472 0216 06       		.byte	0x6
 473 0217 3601     		.2byte	0x136
 474 0219 8B020000 		.4byte	0x28b
 475 021d 2C       		.byte	0x2c
 476 021e 09       		.uleb128 0x9
 477 021f 37030000 		.4byte	.LASF44
 478 0223 06       		.byte	0x6
 479 0224 3C01     		.2byte	0x13c
 480 0226 AF020000 		.4byte	0x2af
 481 022a 30       		.byte	0x30
 482 022b 09       		.uleb128 0x9
 483 022c 2D060000 		.4byte	.LASF45
 484 0230 06       		.byte	0x6
 485 0231 4001     		.2byte	0x140
 486 0233 20010000 		.4byte	0x120
 487 0237 38       		.byte	0x38
 488 0238 09       		.uleb128 0x9
 489 0239 6C050000 		.4byte	.LASF46
 490 023d 06       		.byte	0x6
 491 023e 4601     		.2byte	0x146
 492 0240 2B010000 		.4byte	0x12b
 493 0244 3C       		.byte	0x3c
 494 0245 09       		.uleb128 0x9
 495 0246 CE040000 		.4byte	.LASF47
 496 024a 06       		.byte	0x6
 497 024b 4D01     		.2byte	0x14d
 498 024d 04070000 		.4byte	0x704
 499 0251 40       		.byte	0x40
 500 0252 09       		.uleb128 0x9
 501 0253 F5050000 		.4byte	.LASF48
 502 0257 06       		.byte	0x6
 503 0258 5101     		.2byte	0x151
 504 025a 15010000 		.4byte	0x115
 505 025e 44       		.byte	0x44
 506 025f 09       		.uleb128 0x9
 507 0260 59020000 		.4byte	.LASF49
 508 0264 06       		.byte	0x6
 509 0265 5801     		.2byte	0x158
 510 0267 62030000 		.4byte	0x362
 511 026b 48       		.byte	0x48
 512 026c 09       		.uleb128 0x9
 513 026d 5C060000 		.4byte	.LASF50
ARM GAS  /tmp/cc1mNCT0.s 			page 10


 514 0271 06       		.byte	0x6
 515 0272 6201     		.2byte	0x162
 516 0274 25000000 		.4byte	0x25
 517 0278 4C       		.byte	0x4c
 518 0279 00       		.byte	0
 519 027a 04       		.uleb128 0x4
 520 027b 79060000 		.4byte	.LASF51
 521 027f 05       		.byte	0x5
 522 0280 44       		.byte	0x44
 523 0281 85020000 		.4byte	0x285
 524 0285 0A       		.uleb128 0xa
 525 0286 04       		.byte	0x4
 526 0287 51010000 		.4byte	0x151
 527 028b 04       		.uleb128 0x4
 528 028c 9A060000 		.4byte	.LASF52
 529 0290 05       		.byte	0x5
 530 0291 49       		.byte	0x49
 531 0292 96020000 		.4byte	0x296
 532 0296 06       		.uleb128 0x6
 533 0297 9A050000 		.4byte	.LASF54
 534 029b 04       		.byte	0x4
 535 029c 06       		.byte	0x6
 536 029d B0       		.byte	0xb0
 537 029e AF020000 		.4byte	0x2af
 538 02a2 07       		.uleb128 0x7
 539 02a3 02050000 		.4byte	.LASF30
 540 02a7 06       		.byte	0x6
 541 02a8 B1       		.byte	0xb1
 542 02a9 85020000 		.4byte	0x285
 543 02ad 00       		.byte	0
 544 02ae 00       		.byte	0
 545 02af 04       		.uleb128 0x4
 546 02b0 31050000 		.4byte	.LASF55
 547 02b4 05       		.byte	0x5
 548 02b5 50       		.byte	0x50
 549 02b6 BA020000 		.4byte	0x2ba
 550 02ba 06       		.uleb128 0x6
 551 02bb F4010000 		.4byte	.LASF56
 552 02bf 08       		.byte	0x8
 553 02c0 06       		.byte	0x6
 554 02c1 B7       		.byte	0xb7
 555 02c2 DF020000 		.4byte	0x2df
 556 02c6 07       		.uleb128 0x7
 557 02c7 02050000 		.4byte	.LASF30
 558 02cb 06       		.byte	0x6
 559 02cc B8       		.byte	0xb8
 560 02cd 85020000 		.4byte	0x285
 561 02d1 00       		.byte	0
 562 02d2 07       		.uleb128 0x7
 563 02d3 74040000 		.4byte	.LASF31
 564 02d7 06       		.byte	0x6
 565 02d8 B9       		.byte	0xb9
 566 02d9 85020000 		.4byte	0x285
 567 02dd 04       		.byte	0x4
 568 02de 00       		.byte	0
 569 02df 04       		.uleb128 0x4
 570 02e0 0D000000 		.4byte	.LASF57
ARM GAS  /tmp/cc1mNCT0.s 			page 11


 571 02e4 05       		.byte	0x5
 572 02e5 57       		.byte	0x57
 573 02e6 EA020000 		.4byte	0x2ea
 574 02ea 0B       		.uleb128 0xb
 575 02eb 8C030000 		.4byte	.LASF58
 576 02ef 1C       		.byte	0x1c
 577 02f0 06       		.byte	0x6
 578 02f1 9001     		.2byte	0x190
 579 02f3 46030000 		.4byte	0x346
 580 02f7 09       		.uleb128 0x9
 581 02f8 92050000 		.4byte	.LASF59
 582 02fc 06       		.byte	0x6
 583 02fd 9101     		.2byte	0x191
 584 02ff AF020000 		.4byte	0x2af
 585 0303 00       		.byte	0
 586 0304 09       		.uleb128 0x9
 587 0305 F4040000 		.4byte	.LASF60
 588 0309 06       		.byte	0x6
 589 030a 9201     		.2byte	0x192
 590 030c 15010000 		.4byte	0x115
 591 0310 08       		.byte	0x8
 592 0311 09       		.uleb128 0x9
 593 0312 17040000 		.4byte	.LASF61
 594 0316 06       		.byte	0x6
 595 0317 9401     		.2byte	0x194
 596 0319 C5040000 		.4byte	0x4c5
 597 031d 0C       		.byte	0xc
 598 031e 09       		.uleb128 0x9
 599 031f A6020000 		.4byte	.LASF62
 600 0323 06       		.byte	0x6
 601 0324 9701     		.2byte	0x197
 602 0326 85020000 		.4byte	0x285
 603 032a 10       		.byte	0x10
 604 032b 09       		.uleb128 0x9
 605 032c 3E040000 		.4byte	.LASF63
 606 0330 06       		.byte	0x6
 607 0331 9801     		.2byte	0x198
 608 0333 85020000 		.4byte	0x285
 609 0337 14       		.byte	0x14
 610 0338 09       		.uleb128 0x9
 611 0339 34040000 		.4byte	.LASF64
 612 033d 06       		.byte	0x6
 613 033e 9B01     		.2byte	0x19b
 614 0340 85020000 		.4byte	0x285
 615 0344 18       		.byte	0x18
 616 0345 00       		.byte	0
 617 0346 04       		.uleb128 0x4
 618 0347 00060000 		.4byte	.LASF65
 619 034b 05       		.byte	0x5
 620 034c 5C       		.byte	0x5c
 621 034d 51030000 		.4byte	0x351
 622 0351 0A       		.uleb128 0xa
 623 0352 04       		.byte	0x4
 624 0353 57030000 		.4byte	0x357
 625 0357 0C       		.uleb128 0xc
 626 0358 62030000 		.4byte	0x362
 627 035c 0D       		.uleb128 0xd
ARM GAS  /tmp/cc1mNCT0.s 			page 12


 628 035d 62030000 		.4byte	0x362
 629 0361 00       		.byte	0
 630 0362 0E       		.uleb128 0xe
 631 0363 04       		.byte	0x4
 632 0364 04       		.uleb128 0x4
 633 0365 64040000 		.4byte	.LASF66
 634 0369 05       		.byte	0x5
 635 036a 61       		.byte	0x61
 636 036b 6F030000 		.4byte	0x36f
 637 036f 0B       		.uleb128 0xb
 638 0370 41050000 		.4byte	.LASF67
 639 0374 14       		.byte	0x14
 640 0375 06       		.byte	0x6
 641 0376 6B01     		.2byte	0x16b
 642 0378 BE030000 		.4byte	0x3be
 643 037c 09       		.uleb128 0x9
 644 037d F4020000 		.4byte	.LASF68
 645 0381 06       		.byte	0x6
 646 0382 6C01     		.2byte	0x16c
 647 0384 27070000 		.4byte	0x727
 648 0388 00       		.byte	0
 649 0389 09       		.uleb128 0x9
 650 038a B7020000 		.4byte	.LASF69
 651 038e 06       		.byte	0x6
 652 038f 6D01     		.2byte	0x16d
 653 0391 27070000 		.4byte	0x727
 654 0395 04       		.byte	0x4
 655 0396 09       		.uleb128 0x9
 656 0397 2E030000 		.4byte	.LASF70
 657 039b 06       		.byte	0x6
 658 039c 6E01     		.2byte	0x16e
 659 039e 41010000 		.4byte	0x141
 660 03a2 08       		.byte	0x8
 661 03a3 09       		.uleb128 0x9
 662 03a4 D4060000 		.4byte	.LASF71
 663 03a8 06       		.byte	0x6
 664 03a9 6F01     		.2byte	0x16f
 665 03ab 46030000 		.4byte	0x346
 666 03af 0C       		.byte	0xc
 667 03b0 09       		.uleb128 0x9
 668 03b1 33060000 		.4byte	.LASF72
 669 03b5 06       		.byte	0x6
 670 03b6 7101     		.2byte	0x171
 671 03b8 62030000 		.4byte	0x362
 672 03bc 10       		.byte	0x10
 673 03bd 00       		.byte	0
 674 03be 04       		.uleb128 0x4
 675 03bf D1010000 		.4byte	.LASF73
 676 03c3 05       		.byte	0x5
 677 03c4 66       		.byte	0x66
 678 03c5 C9030000 		.4byte	0x3c9
 679 03c9 0B       		.uleb128 0xb
 680 03ca E0030000 		.4byte	.LASF74
 681 03ce 10       		.byte	0x10
 682 03cf 06       		.byte	0x6
 683 03d0 7B01     		.2byte	0x17b
 684 03d2 0B040000 		.4byte	0x40b
ARM GAS  /tmp/cc1mNCT0.s 			page 13


 685 03d6 09       		.uleb128 0x9
 686 03d7 F4020000 		.4byte	.LASF68
 687 03db 06       		.byte	0x6
 688 03dc 7C01     		.2byte	0x17c
 689 03de 27070000 		.4byte	0x727
 690 03e2 00       		.byte	0
 691 03e3 09       		.uleb128 0x9
 692 03e4 B7020000 		.4byte	.LASF69
 693 03e8 06       		.byte	0x6
 694 03e9 7E01     		.2byte	0x17e
 695 03eb 27070000 		.4byte	0x727
 696 03ef 04       		.byte	0x4
 697 03f0 09       		.uleb128 0x9
 698 03f1 2E030000 		.4byte	.LASF70
 699 03f5 06       		.byte	0x6
 700 03f6 8001     		.2byte	0x180
 701 03f8 41010000 		.4byte	0x141
 702 03fc 08       		.byte	0x8
 703 03fd 09       		.uleb128 0x9
 704 03fe 23030000 		.4byte	.LASF75
 705 0402 06       		.byte	0x6
 706 0403 8201     		.2byte	0x182
 707 0405 4C010000 		.4byte	0x14c
 708 0409 0C       		.byte	0xc
 709 040a 00       		.byte	0
 710 040b 04       		.uleb128 0x4
 711 040c 58000000 		.4byte	.LASF76
 712 0410 05       		.byte	0x5
 713 0411 6B       		.byte	0x6b
 714 0412 16040000 		.4byte	0x416
 715 0416 0B       		.uleb128 0xb
 716 0417 83040000 		.4byte	.LASF77
 717 041b 04       		.byte	0x4
 718 041c 06       		.byte	0x6
 719 041d A201     		.2byte	0x1a2
 720 041f 31040000 		.4byte	0x431
 721 0423 09       		.uleb128 0x9
 722 0424 14060000 		.4byte	.LASF78
 723 0428 06       		.byte	0x6
 724 0429 AA01     		.2byte	0x1aa
 725 042b 10070000 		.4byte	0x710
 726 042f 00       		.byte	0
 727 0430 00       		.byte	0
 728 0431 04       		.uleb128 0x4
 729 0432 74030000 		.4byte	.LASF79
 730 0436 05       		.byte	0x5
 731 0437 70       		.byte	0x70
 732 0438 3C040000 		.4byte	0x43c
 733 043c 0F       		.uleb128 0xf
 734 043d 7A020000 		.4byte	.LASF80
 735 0441 6802     		.2byte	0x268
 736 0443 06       		.byte	0x6
 737 0444 C201     		.2byte	0x1c2
 738 0446 98040000 		.4byte	0x498
 739 044a 09       		.uleb128 0x9
 740 044b 6B060000 		.4byte	.LASF81
 741 044f 06       		.byte	0x6
ARM GAS  /tmp/cc1mNCT0.s 			page 14


 742 0450 C601     		.2byte	0x1c6
 743 0452 DF020000 		.4byte	0x2df
 744 0456 00       		.byte	0
 745 0457 09       		.uleb128 0x9
 746 0458 69020000 		.4byte	.LASF82
 747 045c 06       		.byte	0x6
 748 045d CA01     		.2byte	0x1ca
 749 045f BE030000 		.4byte	0x3be
 750 0463 1C       		.byte	0x1c
 751 0464 08       		.uleb128 0x8
 752 0465 64626700 		.ascii	"dbg\000"
 753 0469 06       		.byte	0x6
 754 046a CE01     		.2byte	0x1ce
 755 046c 0B040000 		.4byte	0x40b
 756 0470 2C       		.byte	0x2c
 757 0471 09       		.uleb128 0x9
 758 0472 C6010000 		.4byte	.LASF83
 759 0476 06       		.byte	0x6
 760 0477 D201     		.2byte	0x1d2
 761 0479 51010000 		.4byte	0x151
 762 047d 30       		.byte	0x30
 763 047e 08       		.uleb128 0x8
 764 047f 746D00   		.ascii	"tm\000"
 765 0482 06       		.byte	0x6
 766 0483 D701     		.2byte	0x1d7
 767 0485 3A060000 		.4byte	0x63a
 768 0489 80       		.byte	0x80
 769 048a 09       		.uleb128 0x9
 770 048b C7020000 		.4byte	.LASF84
 771 048f 06       		.byte	0x6
 772 0490 E301     		.2byte	0x1e3
 773 0492 2D070000 		.4byte	0x72d
 774 0496 88       		.byte	0x88
 775 0497 00       		.byte	0
 776 0498 10       		.uleb128 0x10
 777 0499 E7010000 		.4byte	.LASF85
 778 049d 07       		.byte	0x7
 779 049e A706     		.2byte	0x6a7
 780 04a0 C3000000 		.4byte	0xc3
 781 04a4 11       		.uleb128 0x11
 782 04a5 05030000 		.4byte	.LASF86
 783 04a9 08       		.byte	0x8
 784 04aa 4C       		.byte	0x4c
 785 04ab C8000000 		.4byte	0xc8
 786 04af 04       		.uleb128 0x4
 787 04b0 AE020000 		.4byte	.LASF87
 788 04b4 09       		.byte	0x9
 789 04b5 65       		.byte	0x65
 790 04b6 62030000 		.4byte	0x362
 791 04ba 04       		.uleb128 0x4
 792 04bb AF030000 		.4byte	.LASF88
 793 04bf 09       		.byte	0x9
 794 04c0 6D       		.byte	0x6d
 795 04c1 D3000000 		.4byte	0xd3
 796 04c5 06       		.uleb128 0x6
 797 04c6 25060000 		.4byte	.LASF89
 798 04ca 04       		.byte	0x4
ARM GAS  /tmp/cc1mNCT0.s 			page 15


 799 04cb 09       		.byte	0x9
 800 04cc 89       		.byte	0x89
 801 04cd DE040000 		.4byte	0x4de
 802 04d1 12       		.uleb128 0x12
 803 04d2 72313300 		.ascii	"r13\000"
 804 04d6 09       		.byte	0x9
 805 04d7 8A       		.byte	0x8a
 806 04d8 1F060000 		.4byte	0x61f
 807 04dc 00       		.byte	0
 808 04dd 00       		.byte	0
 809 04de 06       		.uleb128 0x6
 810 04df 4C000000 		.4byte	.LASF90
 811 04e3 64       		.byte	0x64
 812 04e4 0A       		.byte	0xa
 813 04e5 F4       		.byte	0xf4
 814 04e6 1F060000 		.4byte	0x61f
 815 04ea 12       		.uleb128 0x12
 816 04eb 73313600 		.ascii	"s16\000"
 817 04ef 0A       		.byte	0xa
 818 04f0 F6       		.byte	0xf6
 819 04f1 AF040000 		.4byte	0x4af
 820 04f5 00       		.byte	0
 821 04f6 12       		.uleb128 0x12
 822 04f7 73313700 		.ascii	"s17\000"
 823 04fb 0A       		.byte	0xa
 824 04fc F7       		.byte	0xf7
 825 04fd AF040000 		.4byte	0x4af
 826 0501 04       		.byte	0x4
 827 0502 12       		.uleb128 0x12
 828 0503 73313800 		.ascii	"s18\000"
 829 0507 0A       		.byte	0xa
 830 0508 F8       		.byte	0xf8
 831 0509 AF040000 		.4byte	0x4af
 832 050d 08       		.byte	0x8
 833 050e 12       		.uleb128 0x12
 834 050f 73313900 		.ascii	"s19\000"
 835 0513 0A       		.byte	0xa
 836 0514 F9       		.byte	0xf9
 837 0515 AF040000 		.4byte	0x4af
 838 0519 0C       		.byte	0xc
 839 051a 12       		.uleb128 0x12
 840 051b 73323000 		.ascii	"s20\000"
 841 051f 0A       		.byte	0xa
 842 0520 FA       		.byte	0xfa
 843 0521 AF040000 		.4byte	0x4af
 844 0525 10       		.byte	0x10
 845 0526 12       		.uleb128 0x12
 846 0527 73323100 		.ascii	"s21\000"
 847 052b 0A       		.byte	0xa
 848 052c FB       		.byte	0xfb
 849 052d AF040000 		.4byte	0x4af
 850 0531 14       		.byte	0x14
 851 0532 12       		.uleb128 0x12
 852 0533 73323200 		.ascii	"s22\000"
 853 0537 0A       		.byte	0xa
 854 0538 FC       		.byte	0xfc
 855 0539 AF040000 		.4byte	0x4af
ARM GAS  /tmp/cc1mNCT0.s 			page 16


 856 053d 18       		.byte	0x18
 857 053e 12       		.uleb128 0x12
 858 053f 73323300 		.ascii	"s23\000"
 859 0543 0A       		.byte	0xa
 860 0544 FD       		.byte	0xfd
 861 0545 AF040000 		.4byte	0x4af
 862 0549 1C       		.byte	0x1c
 863 054a 12       		.uleb128 0x12
 864 054b 73323400 		.ascii	"s24\000"
 865 054f 0A       		.byte	0xa
 866 0550 FE       		.byte	0xfe
 867 0551 AF040000 		.4byte	0x4af
 868 0555 20       		.byte	0x20
 869 0556 12       		.uleb128 0x12
 870 0557 73323500 		.ascii	"s25\000"
 871 055b 0A       		.byte	0xa
 872 055c FF       		.byte	0xff
 873 055d AF040000 		.4byte	0x4af
 874 0561 24       		.byte	0x24
 875 0562 08       		.uleb128 0x8
 876 0563 73323600 		.ascii	"s26\000"
 877 0567 0A       		.byte	0xa
 878 0568 0001     		.2byte	0x100
 879 056a AF040000 		.4byte	0x4af
 880 056e 28       		.byte	0x28
 881 056f 08       		.uleb128 0x8
 882 0570 73323700 		.ascii	"s27\000"
 883 0574 0A       		.byte	0xa
 884 0575 0101     		.2byte	0x101
 885 0577 AF040000 		.4byte	0x4af
 886 057b 2C       		.byte	0x2c
 887 057c 08       		.uleb128 0x8
 888 057d 73323800 		.ascii	"s28\000"
 889 0581 0A       		.byte	0xa
 890 0582 0201     		.2byte	0x102
 891 0584 AF040000 		.4byte	0x4af
 892 0588 30       		.byte	0x30
 893 0589 08       		.uleb128 0x8
 894 058a 73323900 		.ascii	"s29\000"
 895 058e 0A       		.byte	0xa
 896 058f 0301     		.2byte	0x103
 897 0591 AF040000 		.4byte	0x4af
 898 0595 34       		.byte	0x34
 899 0596 08       		.uleb128 0x8
 900 0597 73333000 		.ascii	"s30\000"
 901 059b 0A       		.byte	0xa
 902 059c 0401     		.2byte	0x104
 903 059e AF040000 		.4byte	0x4af
 904 05a2 38       		.byte	0x38
 905 05a3 08       		.uleb128 0x8
 906 05a4 73333100 		.ascii	"s31\000"
 907 05a8 0A       		.byte	0xa
 908 05a9 0501     		.2byte	0x105
 909 05ab AF040000 		.4byte	0x4af
 910 05af 3C       		.byte	0x3c
 911 05b0 08       		.uleb128 0x8
 912 05b1 723400   		.ascii	"r4\000"
ARM GAS  /tmp/cc1mNCT0.s 			page 17


 913 05b4 0A       		.byte	0xa
 914 05b5 0701     		.2byte	0x107
 915 05b7 AF040000 		.4byte	0x4af
 916 05bb 40       		.byte	0x40
 917 05bc 08       		.uleb128 0x8
 918 05bd 723500   		.ascii	"r5\000"
 919 05c0 0A       		.byte	0xa
 920 05c1 0801     		.2byte	0x108
 921 05c3 AF040000 		.4byte	0x4af
 922 05c7 44       		.byte	0x44
 923 05c8 08       		.uleb128 0x8
 924 05c9 723600   		.ascii	"r6\000"
 925 05cc 0A       		.byte	0xa
 926 05cd 0901     		.2byte	0x109
 927 05cf AF040000 		.4byte	0x4af
 928 05d3 48       		.byte	0x48
 929 05d4 08       		.uleb128 0x8
 930 05d5 723700   		.ascii	"r7\000"
 931 05d8 0A       		.byte	0xa
 932 05d9 0A01     		.2byte	0x10a
 933 05db AF040000 		.4byte	0x4af
 934 05df 4C       		.byte	0x4c
 935 05e0 08       		.uleb128 0x8
 936 05e1 723800   		.ascii	"r8\000"
 937 05e4 0A       		.byte	0xa
 938 05e5 0B01     		.2byte	0x10b
 939 05e7 AF040000 		.4byte	0x4af
 940 05eb 50       		.byte	0x50
 941 05ec 08       		.uleb128 0x8
 942 05ed 723900   		.ascii	"r9\000"
 943 05f0 0A       		.byte	0xa
 944 05f1 0C01     		.2byte	0x10c
 945 05f3 AF040000 		.4byte	0x4af
 946 05f7 54       		.byte	0x54
 947 05f8 08       		.uleb128 0x8
 948 05f9 72313000 		.ascii	"r10\000"
 949 05fd 0A       		.byte	0xa
 950 05fe 0D01     		.2byte	0x10d
 951 0600 AF040000 		.4byte	0x4af
 952 0604 58       		.byte	0x58
 953 0605 08       		.uleb128 0x8
 954 0606 72313100 		.ascii	"r11\000"
 955 060a 0A       		.byte	0xa
 956 060b 0E01     		.2byte	0x10e
 957 060d AF040000 		.4byte	0x4af
 958 0611 5C       		.byte	0x5c
 959 0612 08       		.uleb128 0x8
 960 0613 6C7200   		.ascii	"lr\000"
 961 0616 0A       		.byte	0xa
 962 0617 0F01     		.2byte	0x10f
 963 0619 AF040000 		.4byte	0x4af
 964 061d 60       		.byte	0x60
 965 061e 00       		.byte	0
 966 061f 0A       		.uleb128 0xa
 967 0620 04       		.byte	0x4
 968 0621 DE040000 		.4byte	0x4de
 969 0625 13       		.uleb128 0x13
ARM GAS  /tmp/cc1mNCT0.s 			page 18


 970 0626 04       		.byte	0x4
 971 0627 0B       		.byte	0xb
 972 0628 38       		.byte	0x38
 973 0629 3A060000 		.4byte	0x63a
 974 062d 07       		.uleb128 0x7
 975 062e 1E060000 		.4byte	.LASF91
 976 0632 0B       		.byte	0xb
 977 0633 3C       		.byte	0x3c
 978 0634 DE000000 		.4byte	0xde
 979 0638 00       		.byte	0
 980 0639 00       		.byte	0
 981 063a 04       		.uleb128 0x4
 982 063b 23040000 		.4byte	.LASF92
 983 063f 0B       		.byte	0xb
 984 0640 3D       		.byte	0x3d
 985 0641 25060000 		.4byte	0x625
 986 0645 14       		.uleb128 0x14
 987 0646 04       		.byte	0x4
 988 0647 06       		.byte	0x6
 989 0648 FA       		.byte	0xfa
 990 0649 A2060000 		.4byte	0x6a2
 991 064d 15       		.uleb128 0x15
 992 064e 26000000 		.4byte	.LASF93
 993 0652 06       		.byte	0x6
 994 0653 0101     		.2byte	0x101
 995 0655 20010000 		.4byte	0x120
 996 0659 15       		.uleb128 0x15
 997 065a BD010000 		.4byte	.LASF94
 998 065e 06       		.byte	0x6
 999 065f 0801     		.2byte	0x108
 1000 0661 20010000 		.4byte	0x120
 1001 0665 15       		.uleb128 0x15
 1002 0666 8C060000 		.4byte	.LASF95
 1003 066a 06       		.byte	0x6
 1004 066b 0F01     		.2byte	0x10f
 1005 066d 62030000 		.4byte	0x362
 1006 0671 15       		.uleb128 0x15
 1007 0672 1A000000 		.4byte	.LASF96
 1008 0676 06       		.byte	0x6
 1009 0677 1601     		.2byte	0x116
 1010 0679 A2060000 		.4byte	0x6a2
 1011 067d 15       		.uleb128 0x15
 1012 067e 1C030000 		.4byte	.LASF97
 1013 0682 06       		.byte	0x6
 1014 0683 1E01     		.2byte	0x11e
 1015 0685 CD060000 		.4byte	0x6cd
 1016 0689 15       		.uleb128 0x15
 1017 068a C9050000 		.4byte	.LASF98
 1018 068e 06       		.byte	0x6
 1019 068f 2701     		.2byte	0x127
 1020 0691 04070000 		.4byte	0x704
 1021 0695 15       		.uleb128 0x15
 1022 0696 FB040000 		.4byte	.LASF99
 1023 069a 06       		.byte	0x6
 1024 069b 2F01     		.2byte	0x12f
 1025 069d 2B010000 		.4byte	0x12b
 1026 06a1 00       		.byte	0
ARM GAS  /tmp/cc1mNCT0.s 			page 19


 1027 06a2 0A       		.uleb128 0xa
 1028 06a3 04       		.byte	0x4
 1029 06a4 7A020000 		.4byte	0x27a
 1030 06a8 06       		.uleb128 0x6
 1031 06a9 5F050000 		.4byte	.LASF100
 1032 06ad 0C       		.byte	0xc
 1033 06ae 0C       		.byte	0xc
 1034 06af 34       		.byte	0x34
 1035 06b0 CD060000 		.4byte	0x6cd
 1036 06b4 07       		.uleb128 0x7
 1037 06b5 9E020000 		.4byte	.LASF101
 1038 06b9 0C       		.byte	0xc
 1039 06ba 35       		.byte	0x35
 1040 06bb AF020000 		.4byte	0x2af
 1041 06bf 00       		.byte	0
 1042 06c0 07       		.uleb128 0x7
 1043 06c1 4B030000 		.4byte	.LASF102
 1044 06c5 0C       		.byte	0xc
 1045 06c6 37       		.byte	0x37
 1046 06c7 36010000 		.4byte	0x136
 1047 06cb 08       		.byte	0x8
 1048 06cc 00       		.byte	0
 1049 06cd 0A       		.uleb128 0xa
 1050 06ce 04       		.byte	0x4
 1051 06cf A8060000 		.4byte	0x6a8
 1052 06d3 06       		.uleb128 0x6
 1053 06d4 4C060000 		.4byte	.LASF103
 1054 06d8 10       		.byte	0x10
 1055 06d9 0D       		.byte	0xd
 1056 06da 39       		.byte	0x39
 1057 06db 04070000 		.4byte	0x704
 1058 06df 07       		.uleb128 0x7
 1059 06e0 61020000 		.4byte	.LASF104
 1060 06e4 0D       		.byte	0xd
 1061 06e5 3A       		.byte	0x3a
 1062 06e6 AF020000 		.4byte	0x2af
 1063 06ea 00       		.byte	0
 1064 06eb 07       		.uleb128 0x7
 1065 06ec B4060000 		.4byte	.LASF105
 1066 06f0 0D       		.byte	0xd
 1067 06f1 3C       		.byte	0x3c
 1068 06f2 85020000 		.4byte	0x285
 1069 06f6 08       		.byte	0x8
 1070 06f7 07       		.uleb128 0x7
 1071 06f8 E4050000 		.4byte	.LASF106
 1072 06fc 0D       		.byte	0xd
 1073 06fd 3E       		.byte	0x3e
 1074 06fe 5F080000 		.4byte	0x85f
 1075 0702 0C       		.byte	0xc
 1076 0703 00       		.byte	0
 1077 0704 0A       		.uleb128 0xa
 1078 0705 04       		.byte	0x4
 1079 0706 D3060000 		.4byte	0x6d3
 1080 070a 0A       		.uleb128 0xa
 1081 070b 04       		.byte	0x4
 1082 070c 1C070000 		.4byte	0x71c
 1083 0710 05       		.uleb128 0x5
ARM GAS  /tmp/cc1mNCT0.s 			page 20


 1084 0711 0A070000 		.4byte	0x70a
 1085 0715 03       		.uleb128 0x3
 1086 0716 01       		.byte	0x1
 1087 0717 08       		.byte	0x8
 1088 0718 C4050000 		.4byte	.LASF107
 1089 071c 16       		.uleb128 0x16
 1090 071d 15070000 		.4byte	0x715
 1091 0721 0A       		.uleb128 0xa
 1092 0722 04       		.byte	0x4
 1093 0723 BA040000 		.4byte	0x4ba
 1094 0727 0A       		.uleb128 0xa
 1095 0728 04       		.byte	0x4
 1096 0729 64030000 		.4byte	0x364
 1097 072d 17       		.uleb128 0x17
 1098 072e BA040000 		.4byte	0x4ba
 1099 0732 3D070000 		.4byte	0x73d
 1100 0736 18       		.uleb128 0x18
 1101 0737 2C000000 		.4byte	0x2c
 1102 073b 3B       		.byte	0x3b
 1103 073c 00       		.byte	0
 1104 073d 19       		.uleb128 0x19
 1105 073e 636800   		.ascii	"ch\000"
 1106 0741 06       		.byte	0x6
 1107 0742 0902     		.2byte	0x209
 1108 0744 31040000 		.4byte	0x431
 1109 0748 13       		.uleb128 0x13
 1110 0749 16       		.byte	0x16
 1111 074a 0E       		.byte	0xe
 1112 074b 34       		.byte	0x34
 1113 074c 29080000 		.4byte	0x829
 1114 0750 07       		.uleb128 0x7
 1115 0751 C6060000 		.4byte	.LASF108
 1116 0755 0E       		.byte	0xe
 1117 0756 35       		.byte	0x35
 1118 0757 29080000 		.4byte	0x829
 1119 075b 00       		.byte	0
 1120 075c 07       		.uleb128 0x7
 1121 075d BA030000 		.4byte	.LASF109
 1122 0761 0E       		.byte	0xe
 1123 0762 36       		.byte	0x36
 1124 0763 A2000000 		.4byte	0xa2
 1125 0767 04       		.byte	0x4
 1126 0768 07       		.uleb128 0x7
 1127 0769 AA050000 		.4byte	.LASF110
 1128 076d 0E       		.byte	0xe
 1129 076e 37       		.byte	0x37
 1130 076f A2000000 		.4byte	0xa2
 1131 0773 05       		.byte	0x5
 1132 0774 07       		.uleb128 0x7
 1133 0775 A9060000 		.4byte	.LASF111
 1134 0779 0E       		.byte	0xe
 1135 077a 38       		.byte	0x38
 1136 077b AD000000 		.4byte	0xad
 1137 077f 06       		.byte	0x6
 1138 0780 07       		.uleb128 0x7
 1139 0781 59040000 		.4byte	.LASF112
 1140 0785 0E       		.byte	0xe
ARM GAS  /tmp/cc1mNCT0.s 			page 21


 1141 0786 39       		.byte	0x39
 1142 0787 A2000000 		.4byte	0xa2
 1143 078b 08       		.byte	0x8
 1144 078c 07       		.uleb128 0x7
 1145 078d F7030000 		.4byte	.LASF113
 1146 0791 0E       		.byte	0xe
 1147 0792 3A       		.byte	0x3a
 1148 0793 A2000000 		.4byte	0xa2
 1149 0797 09       		.byte	0x9
 1150 0798 07       		.uleb128 0x7
 1151 0799 A2010000 		.4byte	.LASF114
 1152 079d 0E       		.byte	0xe
 1153 079e 3B       		.byte	0x3b
 1154 079f A2000000 		.4byte	0xa2
 1155 07a3 0A       		.byte	0xa
 1156 07a4 07       		.uleb128 0x7
 1157 07a5 86050000 		.4byte	.LASF115
 1158 07a9 0E       		.byte	0xe
 1159 07aa 3C       		.byte	0x3c
 1160 07ab A2000000 		.4byte	0xa2
 1161 07af 0B       		.byte	0xb
 1162 07b0 07       		.uleb128 0x7
 1163 07b1 41060000 		.4byte	.LASF116
 1164 07b5 0E       		.byte	0xe
 1165 07b6 3D       		.byte	0x3d
 1166 07b7 A2000000 		.4byte	0xa2
 1167 07bb 0C       		.byte	0xc
 1168 07bc 07       		.uleb128 0x7
 1169 07bd 52050000 		.4byte	.LASF117
 1170 07c1 0E       		.byte	0xe
 1171 07c2 3E       		.byte	0x3e
 1172 07c3 A2000000 		.4byte	0xa2
 1173 07c7 0D       		.byte	0xd
 1174 07c8 07       		.uleb128 0x7
 1175 07c9 00000000 		.4byte	.LASF118
 1176 07cd 0E       		.byte	0xe
 1177 07ce 3F       		.byte	0x3f
 1178 07cf A2000000 		.4byte	0xa2
 1179 07d3 0E       		.byte	0xe
 1180 07d4 07       		.uleb128 0x7
 1181 07d5 03040000 		.4byte	.LASF119
 1182 07d9 0E       		.byte	0xe
 1183 07da 40       		.byte	0x40
 1184 07db A2000000 		.4byte	0xa2
 1185 07df 0F       		.byte	0xf
 1186 07e0 07       		.uleb128 0x7
 1187 07e1 3C020000 		.4byte	.LASF120
 1188 07e5 0E       		.byte	0xe
 1189 07e6 41       		.byte	0x41
 1190 07e7 A2000000 		.4byte	0xa2
 1191 07eb 10       		.byte	0x10
 1192 07ec 07       		.uleb128 0x7
 1193 07ed 0C020000 		.4byte	.LASF121
 1194 07f1 0E       		.byte	0xe
 1195 07f2 43       		.byte	0x43
 1196 07f3 A2000000 		.4byte	0xa2
 1197 07f7 11       		.byte	0x11
ARM GAS  /tmp/cc1mNCT0.s 			page 22


 1198 07f8 07       		.uleb128 0x7
 1199 07f9 4C020000 		.4byte	.LASF122
 1200 07fd 0E       		.byte	0xe
 1201 07fe 44       		.byte	0x44
 1202 07ff A2000000 		.4byte	0xa2
 1203 0803 12       		.byte	0x12
 1204 0804 07       		.uleb128 0x7
 1205 0805 C2030000 		.4byte	.LASF123
 1206 0809 0E       		.byte	0xe
 1207 080a 45       		.byte	0x45
 1208 080b A2000000 		.4byte	0xa2
 1209 080f 13       		.byte	0x13
 1210 0810 07       		.uleb128 0x7
 1211 0811 11050000 		.4byte	.LASF124
 1212 0815 0E       		.byte	0xe
 1213 0816 46       		.byte	0x46
 1214 0817 A2000000 		.4byte	0xa2
 1215 081b 14       		.byte	0x14
 1216 081c 07       		.uleb128 0x7
 1217 081d 80030000 		.4byte	.LASF125
 1218 0821 0E       		.byte	0xe
 1219 0822 48       		.byte	0x48
 1220 0823 A2000000 		.4byte	0xa2
 1221 0827 15       		.byte	0x15
 1222 0828 00       		.byte	0
 1223 0829 17       		.uleb128 0x17
 1224 082a 15070000 		.4byte	0x715
 1225 082e 39080000 		.4byte	0x839
 1226 0832 18       		.uleb128 0x18
 1227 0833 2C000000 		.4byte	0x2c
 1228 0837 03       		.byte	0x3
 1229 0838 00       		.byte	0
 1230 0839 04       		.uleb128 0x4
 1231 083a BC060000 		.4byte	.LASF126
 1232 083e 0E       		.byte	0xe
 1233 083f 49       		.byte	0x49
 1234 0840 48070000 		.4byte	0x748
 1235 0844 16       		.uleb128 0x16
 1236 0845 39080000 		.4byte	0x839
 1237 0849 11       		.uleb128 0x11
 1238 084a 42030000 		.4byte	.LASF127
 1239 084e 0E       		.byte	0xe
 1240 084f 6E       		.byte	0x6e
 1241 0850 44080000 		.4byte	0x844
 1242 0854 04       		.uleb128 0x4
 1243 0855 BF020000 		.4byte	.LASF128
 1244 0859 0D       		.byte	0xd
 1245 085a 34       		.byte	0x34
 1246 085b D3060000 		.4byte	0x6d3
 1247 085f 0A       		.uleb128 0xa
 1248 0860 04       		.byte	0x4
 1249 0861 54080000 		.4byte	0x854
 1250 0865 1A       		.uleb128 0x1a
 1251 0866 B0010000 		.4byte	.LASF129
 1252 086a 01       		.byte	0x1
 1253 086b B1       		.byte	0xb1
 1254 086c 00000000 		.4byte	.LFB221
ARM GAS  /tmp/cc1mNCT0.s 			page 23


 1255 0870 28000000 		.4byte	.LFE221-.LFB221
 1256 0874 01       		.uleb128 0x1
 1257 0875 9C       		.byte	0x9c
 1258 0876 91080000 		.4byte	0x891
 1259 087a 1B       		.uleb128 0x1b
 1260 087b 76747000 		.ascii	"vtp\000"
 1261 087f 01       		.byte	0x1
 1262 0880 B1       		.byte	0xb1
 1263 0881 27070000 		.4byte	0x727
 1264 0885 01       		.uleb128 0x1
 1265 0886 50       		.byte	0x50
 1266 0887 1C       		.uleb128 0x1c
 1267 0888 28050000 		.4byte	.LASF134
 1268 088c A1080000 		.4byte	0x8a1
 1269 0890 00       		.byte	0
 1270 0891 17       		.uleb128 0x17
 1271 0892 1C070000 		.4byte	0x71c
 1272 0896 A1080000 		.4byte	0x8a1
 1273 089a 18       		.uleb128 0x18
 1274 089b 2C000000 		.4byte	0x2c
 1275 089f 0C       		.byte	0xc
 1276 08a0 00       		.byte	0
 1277 08a1 16       		.uleb128 0x16
 1278 08a2 91080000 		.4byte	0x891
 1279 08a6 1A       		.uleb128 0x1a
 1280 08a7 9A030000 		.4byte	.LASF130
 1281 08ab 01       		.byte	0x1
 1282 08ac 5F       		.byte	0x5f
 1283 08ad 00000000 		.4byte	.LFB220
 1284 08b1 3C000000 		.4byte	.LFE220-.LFB220
 1285 08b5 01       		.uleb128 0x1
 1286 08b6 9C       		.byte	0x9c
 1287 08b7 1B090000 		.4byte	0x91b
 1288 08bb 1B       		.uleb128 0x1b
 1289 08bc 76747000 		.ascii	"vtp\000"
 1290 08c0 01       		.byte	0x1
 1291 08c1 5F       		.byte	0x5f
 1292 08c2 27070000 		.4byte	0x727
 1293 08c6 01       		.uleb128 0x1
 1294 08c7 50       		.byte	0x50
 1295 08c8 1D       		.uleb128 0x1d
 1296 08c9 C8040000 		.4byte	.LASF131
 1297 08cd 01       		.byte	0x1
 1298 08ce 5F       		.byte	0x5f
 1299 08cf 41010000 		.4byte	0x141
 1300 08d3 00000000 		.4byte	.LLST0
 1301 08d7 1D       		.uleb128 0x1d
 1302 08d8 3A060000 		.4byte	.LASF132
 1303 08dc 01       		.byte	0x1
 1304 08dd 60       		.byte	0x60
 1305 08de 46030000 		.4byte	0x346
 1306 08e2 21000000 		.4byte	.LLST1
 1307 08e6 1E       		.uleb128 0x1e
 1308 08e7 70617200 		.ascii	"par\000"
 1309 08eb 01       		.byte	0x1
 1310 08ec 60       		.byte	0x60
 1311 08ed 62030000 		.4byte	0x362
ARM GAS  /tmp/cc1mNCT0.s 			page 24


 1312 08f1 40000000 		.4byte	.LLST2
 1313 08f5 1F       		.uleb128 0x1f
 1314 08f6 7000     		.ascii	"p\000"
 1315 08f8 01       		.byte	0x1
 1316 08f9 61       		.byte	0x61
 1317 08fa 27070000 		.4byte	0x727
 1318 08fe 5F000000 		.4byte	.LLST3
 1319 0902 20       		.uleb128 0x20
 1320 0903 20000000 		.4byte	.LASF133
 1321 0907 01       		.byte	0x1
 1322 0908 62       		.byte	0x62
 1323 0909 41010000 		.4byte	0x141
 1324 090d 7D000000 		.4byte	.LLST4
 1325 0911 1C       		.uleb128 0x1c
 1326 0912 28050000 		.4byte	.LASF134
 1327 0916 2B090000 		.4byte	0x92b
 1328 091a 00       		.byte	0
 1329 091b 17       		.uleb128 0x17
 1330 091c 1C070000 		.4byte	0x71c
 1331 0920 2B090000 		.4byte	0x92b
 1332 0924 18       		.uleb128 0x18
 1333 0925 2C000000 		.4byte	0x2c
 1334 0929 0A       		.byte	0xa
 1335 092a 00       		.byte	0
 1336 092b 16       		.uleb128 0x16
 1337 092c 1B090000 		.4byte	0x91b
 1338 0930 21       		.uleb128 0x21
 1339 0931 19020000 		.4byte	.LASF138
 1340 0935 01       		.byte	0x1
 1341 0936 3D       		.byte	0x3d
 1342 0937 00000000 		.4byte	.LFB219
 1343 093b 1C000000 		.4byte	.LFE219-.LFB219
 1344 093f 01       		.uleb128 0x1
 1345 0940 9C       		.byte	0x9c
 1346 0941 00       		.byte	0
 1347              		.section	.debug_abbrev,"",%progbits
 1348              	.Ldebug_abbrev0:
 1349 0000 01       		.uleb128 0x1
 1350 0001 11       		.uleb128 0x11
 1351 0002 01       		.byte	0x1
 1352 0003 25       		.uleb128 0x25
 1353 0004 0E       		.uleb128 0xe
 1354 0005 13       		.uleb128 0x13
 1355 0006 0B       		.uleb128 0xb
 1356 0007 03       		.uleb128 0x3
 1357 0008 0E       		.uleb128 0xe
 1358 0009 1B       		.uleb128 0x1b
 1359 000a 0E       		.uleb128 0xe
 1360 000b 55       		.uleb128 0x55
 1361 000c 17       		.uleb128 0x17
 1362 000d 11       		.uleb128 0x11
 1363 000e 01       		.uleb128 0x1
 1364 000f 10       		.uleb128 0x10
 1365 0010 17       		.uleb128 0x17
 1366 0011 00       		.byte	0
 1367 0012 00       		.byte	0
 1368 0013 02       		.uleb128 0x2
ARM GAS  /tmp/cc1mNCT0.s 			page 25


 1369 0014 24       		.uleb128 0x24
 1370 0015 00       		.byte	0
 1371 0016 0B       		.uleb128 0xb
 1372 0017 0B       		.uleb128 0xb
 1373 0018 3E       		.uleb128 0x3e
 1374 0019 0B       		.uleb128 0xb
 1375 001a 03       		.uleb128 0x3
 1376 001b 08       		.uleb128 0x8
 1377 001c 00       		.byte	0
 1378 001d 00       		.byte	0
 1379 001e 03       		.uleb128 0x3
 1380 001f 24       		.uleb128 0x24
 1381 0020 00       		.byte	0
 1382 0021 0B       		.uleb128 0xb
 1383 0022 0B       		.uleb128 0xb
 1384 0023 3E       		.uleb128 0x3e
 1385 0024 0B       		.uleb128 0xb
 1386 0025 03       		.uleb128 0x3
 1387 0026 0E       		.uleb128 0xe
 1388 0027 00       		.byte	0
 1389 0028 00       		.byte	0
 1390 0029 04       		.uleb128 0x4
 1391 002a 16       		.uleb128 0x16
 1392 002b 00       		.byte	0
 1393 002c 03       		.uleb128 0x3
 1394 002d 0E       		.uleb128 0xe
 1395 002e 3A       		.uleb128 0x3a
 1396 002f 0B       		.uleb128 0xb
 1397 0030 3B       		.uleb128 0x3b
 1398 0031 0B       		.uleb128 0xb
 1399 0032 49       		.uleb128 0x49
 1400 0033 13       		.uleb128 0x13
 1401 0034 00       		.byte	0
 1402 0035 00       		.byte	0
 1403 0036 05       		.uleb128 0x5
 1404 0037 35       		.uleb128 0x35
 1405 0038 00       		.byte	0
 1406 0039 49       		.uleb128 0x49
 1407 003a 13       		.uleb128 0x13
 1408 003b 00       		.byte	0
 1409 003c 00       		.byte	0
 1410 003d 06       		.uleb128 0x6
 1411 003e 13       		.uleb128 0x13
 1412 003f 01       		.byte	0x1
 1413 0040 03       		.uleb128 0x3
 1414 0041 0E       		.uleb128 0xe
 1415 0042 0B       		.uleb128 0xb
 1416 0043 0B       		.uleb128 0xb
 1417 0044 3A       		.uleb128 0x3a
 1418 0045 0B       		.uleb128 0xb
 1419 0046 3B       		.uleb128 0x3b
 1420 0047 0B       		.uleb128 0xb
 1421 0048 01       		.uleb128 0x1
 1422 0049 13       		.uleb128 0x13
 1423 004a 00       		.byte	0
 1424 004b 00       		.byte	0
 1425 004c 07       		.uleb128 0x7
ARM GAS  /tmp/cc1mNCT0.s 			page 26


 1426 004d 0D       		.uleb128 0xd
 1427 004e 00       		.byte	0
 1428 004f 03       		.uleb128 0x3
 1429 0050 0E       		.uleb128 0xe
 1430 0051 3A       		.uleb128 0x3a
 1431 0052 0B       		.uleb128 0xb
 1432 0053 3B       		.uleb128 0x3b
 1433 0054 0B       		.uleb128 0xb
 1434 0055 49       		.uleb128 0x49
 1435 0056 13       		.uleb128 0x13
 1436 0057 38       		.uleb128 0x38
 1437 0058 0B       		.uleb128 0xb
 1438 0059 00       		.byte	0
 1439 005a 00       		.byte	0
 1440 005b 08       		.uleb128 0x8
 1441 005c 0D       		.uleb128 0xd
 1442 005d 00       		.byte	0
 1443 005e 03       		.uleb128 0x3
 1444 005f 08       		.uleb128 0x8
 1445 0060 3A       		.uleb128 0x3a
 1446 0061 0B       		.uleb128 0xb
 1447 0062 3B       		.uleb128 0x3b
 1448 0063 05       		.uleb128 0x5
 1449 0064 49       		.uleb128 0x49
 1450 0065 13       		.uleb128 0x13
 1451 0066 38       		.uleb128 0x38
 1452 0067 0B       		.uleb128 0xb
 1453 0068 00       		.byte	0
 1454 0069 00       		.byte	0
 1455 006a 09       		.uleb128 0x9
 1456 006b 0D       		.uleb128 0xd
 1457 006c 00       		.byte	0
 1458 006d 03       		.uleb128 0x3
 1459 006e 0E       		.uleb128 0xe
 1460 006f 3A       		.uleb128 0x3a
 1461 0070 0B       		.uleb128 0xb
 1462 0071 3B       		.uleb128 0x3b
 1463 0072 05       		.uleb128 0x5
 1464 0073 49       		.uleb128 0x49
 1465 0074 13       		.uleb128 0x13
 1466 0075 38       		.uleb128 0x38
 1467 0076 0B       		.uleb128 0xb
 1468 0077 00       		.byte	0
 1469 0078 00       		.byte	0
 1470 0079 0A       		.uleb128 0xa
 1471 007a 0F       		.uleb128 0xf
 1472 007b 00       		.byte	0
 1473 007c 0B       		.uleb128 0xb
 1474 007d 0B       		.uleb128 0xb
 1475 007e 49       		.uleb128 0x49
 1476 007f 13       		.uleb128 0x13
 1477 0080 00       		.byte	0
 1478 0081 00       		.byte	0
 1479 0082 0B       		.uleb128 0xb
 1480 0083 13       		.uleb128 0x13
 1481 0084 01       		.byte	0x1
 1482 0085 03       		.uleb128 0x3
ARM GAS  /tmp/cc1mNCT0.s 			page 27


 1483 0086 0E       		.uleb128 0xe
 1484 0087 0B       		.uleb128 0xb
 1485 0088 0B       		.uleb128 0xb
 1486 0089 3A       		.uleb128 0x3a
 1487 008a 0B       		.uleb128 0xb
 1488 008b 3B       		.uleb128 0x3b
 1489 008c 05       		.uleb128 0x5
 1490 008d 01       		.uleb128 0x1
 1491 008e 13       		.uleb128 0x13
 1492 008f 00       		.byte	0
 1493 0090 00       		.byte	0
 1494 0091 0C       		.uleb128 0xc
 1495 0092 15       		.uleb128 0x15
 1496 0093 01       		.byte	0x1
 1497 0094 27       		.uleb128 0x27
 1498 0095 19       		.uleb128 0x19
 1499 0096 01       		.uleb128 0x1
 1500 0097 13       		.uleb128 0x13
 1501 0098 00       		.byte	0
 1502 0099 00       		.byte	0
 1503 009a 0D       		.uleb128 0xd
 1504 009b 05       		.uleb128 0x5
 1505 009c 00       		.byte	0
 1506 009d 49       		.uleb128 0x49
 1507 009e 13       		.uleb128 0x13
 1508 009f 00       		.byte	0
 1509 00a0 00       		.byte	0
 1510 00a1 0E       		.uleb128 0xe
 1511 00a2 0F       		.uleb128 0xf
 1512 00a3 00       		.byte	0
 1513 00a4 0B       		.uleb128 0xb
 1514 00a5 0B       		.uleb128 0xb
 1515 00a6 00       		.byte	0
 1516 00a7 00       		.byte	0
 1517 00a8 0F       		.uleb128 0xf
 1518 00a9 13       		.uleb128 0x13
 1519 00aa 01       		.byte	0x1
 1520 00ab 03       		.uleb128 0x3
 1521 00ac 0E       		.uleb128 0xe
 1522 00ad 0B       		.uleb128 0xb
 1523 00ae 05       		.uleb128 0x5
 1524 00af 3A       		.uleb128 0x3a
 1525 00b0 0B       		.uleb128 0xb
 1526 00b1 3B       		.uleb128 0x3b
 1527 00b2 05       		.uleb128 0x5
 1528 00b3 01       		.uleb128 0x1
 1529 00b4 13       		.uleb128 0x13
 1530 00b5 00       		.byte	0
 1531 00b6 00       		.byte	0
 1532 00b7 10       		.uleb128 0x10
 1533 00b8 34       		.uleb128 0x34
 1534 00b9 00       		.byte	0
 1535 00ba 03       		.uleb128 0x3
 1536 00bb 0E       		.uleb128 0xe
 1537 00bc 3A       		.uleb128 0x3a
 1538 00bd 0B       		.uleb128 0xb
 1539 00be 3B       		.uleb128 0x3b
ARM GAS  /tmp/cc1mNCT0.s 			page 28


 1540 00bf 05       		.uleb128 0x5
 1541 00c0 49       		.uleb128 0x49
 1542 00c1 13       		.uleb128 0x13
 1543 00c2 3F       		.uleb128 0x3f
 1544 00c3 19       		.uleb128 0x19
 1545 00c4 3C       		.uleb128 0x3c
 1546 00c5 19       		.uleb128 0x19
 1547 00c6 00       		.byte	0
 1548 00c7 00       		.byte	0
 1549 00c8 11       		.uleb128 0x11
 1550 00c9 34       		.uleb128 0x34
 1551 00ca 00       		.byte	0
 1552 00cb 03       		.uleb128 0x3
 1553 00cc 0E       		.uleb128 0xe
 1554 00cd 3A       		.uleb128 0x3a
 1555 00ce 0B       		.uleb128 0xb
 1556 00cf 3B       		.uleb128 0x3b
 1557 00d0 0B       		.uleb128 0xb
 1558 00d1 49       		.uleb128 0x49
 1559 00d2 13       		.uleb128 0x13
 1560 00d3 3F       		.uleb128 0x3f
 1561 00d4 19       		.uleb128 0x19
 1562 00d5 3C       		.uleb128 0x3c
 1563 00d6 19       		.uleb128 0x19
 1564 00d7 00       		.byte	0
 1565 00d8 00       		.byte	0
 1566 00d9 12       		.uleb128 0x12
 1567 00da 0D       		.uleb128 0xd
 1568 00db 00       		.byte	0
 1569 00dc 03       		.uleb128 0x3
 1570 00dd 08       		.uleb128 0x8
 1571 00de 3A       		.uleb128 0x3a
 1572 00df 0B       		.uleb128 0xb
 1573 00e0 3B       		.uleb128 0x3b
 1574 00e1 0B       		.uleb128 0xb
 1575 00e2 49       		.uleb128 0x49
 1576 00e3 13       		.uleb128 0x13
 1577 00e4 38       		.uleb128 0x38
 1578 00e5 0B       		.uleb128 0xb
 1579 00e6 00       		.byte	0
 1580 00e7 00       		.byte	0
 1581 00e8 13       		.uleb128 0x13
 1582 00e9 13       		.uleb128 0x13
 1583 00ea 01       		.byte	0x1
 1584 00eb 0B       		.uleb128 0xb
 1585 00ec 0B       		.uleb128 0xb
 1586 00ed 3A       		.uleb128 0x3a
 1587 00ee 0B       		.uleb128 0xb
 1588 00ef 3B       		.uleb128 0x3b
 1589 00f0 0B       		.uleb128 0xb
 1590 00f1 01       		.uleb128 0x1
 1591 00f2 13       		.uleb128 0x13
 1592 00f3 00       		.byte	0
 1593 00f4 00       		.byte	0
 1594 00f5 14       		.uleb128 0x14
 1595 00f6 17       		.uleb128 0x17
 1596 00f7 01       		.byte	0x1
ARM GAS  /tmp/cc1mNCT0.s 			page 29


 1597 00f8 0B       		.uleb128 0xb
 1598 00f9 0B       		.uleb128 0xb
 1599 00fa 3A       		.uleb128 0x3a
 1600 00fb 0B       		.uleb128 0xb
 1601 00fc 3B       		.uleb128 0x3b
 1602 00fd 0B       		.uleb128 0xb
 1603 00fe 01       		.uleb128 0x1
 1604 00ff 13       		.uleb128 0x13
 1605 0100 00       		.byte	0
 1606 0101 00       		.byte	0
 1607 0102 15       		.uleb128 0x15
 1608 0103 0D       		.uleb128 0xd
 1609 0104 00       		.byte	0
 1610 0105 03       		.uleb128 0x3
 1611 0106 0E       		.uleb128 0xe
 1612 0107 3A       		.uleb128 0x3a
 1613 0108 0B       		.uleb128 0xb
 1614 0109 3B       		.uleb128 0x3b
 1615 010a 05       		.uleb128 0x5
 1616 010b 49       		.uleb128 0x49
 1617 010c 13       		.uleb128 0x13
 1618 010d 00       		.byte	0
 1619 010e 00       		.byte	0
 1620 010f 16       		.uleb128 0x16
 1621 0110 26       		.uleb128 0x26
 1622 0111 00       		.byte	0
 1623 0112 49       		.uleb128 0x49
 1624 0113 13       		.uleb128 0x13
 1625 0114 00       		.byte	0
 1626 0115 00       		.byte	0
 1627 0116 17       		.uleb128 0x17
 1628 0117 01       		.uleb128 0x1
 1629 0118 01       		.byte	0x1
 1630 0119 49       		.uleb128 0x49
 1631 011a 13       		.uleb128 0x13
 1632 011b 01       		.uleb128 0x1
 1633 011c 13       		.uleb128 0x13
 1634 011d 00       		.byte	0
 1635 011e 00       		.byte	0
 1636 011f 18       		.uleb128 0x18
 1637 0120 21       		.uleb128 0x21
 1638 0121 00       		.byte	0
 1639 0122 49       		.uleb128 0x49
 1640 0123 13       		.uleb128 0x13
 1641 0124 2F       		.uleb128 0x2f
 1642 0125 0B       		.uleb128 0xb
 1643 0126 00       		.byte	0
 1644 0127 00       		.byte	0
 1645 0128 19       		.uleb128 0x19
 1646 0129 34       		.uleb128 0x34
 1647 012a 00       		.byte	0
 1648 012b 03       		.uleb128 0x3
 1649 012c 08       		.uleb128 0x8
 1650 012d 3A       		.uleb128 0x3a
 1651 012e 0B       		.uleb128 0xb
 1652 012f 3B       		.uleb128 0x3b
 1653 0130 05       		.uleb128 0x5
ARM GAS  /tmp/cc1mNCT0.s 			page 30


 1654 0131 49       		.uleb128 0x49
 1655 0132 13       		.uleb128 0x13
 1656 0133 3F       		.uleb128 0x3f
 1657 0134 19       		.uleb128 0x19
 1658 0135 3C       		.uleb128 0x3c
 1659 0136 19       		.uleb128 0x19
 1660 0137 00       		.byte	0
 1661 0138 00       		.byte	0
 1662 0139 1A       		.uleb128 0x1a
 1663 013a 2E       		.uleb128 0x2e
 1664 013b 01       		.byte	0x1
 1665 013c 3F       		.uleb128 0x3f
 1666 013d 19       		.uleb128 0x19
 1667 013e 03       		.uleb128 0x3
 1668 013f 0E       		.uleb128 0xe
 1669 0140 3A       		.uleb128 0x3a
 1670 0141 0B       		.uleb128 0xb
 1671 0142 3B       		.uleb128 0x3b
 1672 0143 0B       		.uleb128 0xb
 1673 0144 27       		.uleb128 0x27
 1674 0145 19       		.uleb128 0x19
 1675 0146 11       		.uleb128 0x11
 1676 0147 01       		.uleb128 0x1
 1677 0148 12       		.uleb128 0x12
 1678 0149 06       		.uleb128 0x6
 1679 014a 40       		.uleb128 0x40
 1680 014b 18       		.uleb128 0x18
 1681 014c 9742     		.uleb128 0x2117
 1682 014e 19       		.uleb128 0x19
 1683 014f 01       		.uleb128 0x1
 1684 0150 13       		.uleb128 0x13
 1685 0151 00       		.byte	0
 1686 0152 00       		.byte	0
 1687 0153 1B       		.uleb128 0x1b
 1688 0154 05       		.uleb128 0x5
 1689 0155 00       		.byte	0
 1690 0156 03       		.uleb128 0x3
 1691 0157 08       		.uleb128 0x8
 1692 0158 3A       		.uleb128 0x3a
 1693 0159 0B       		.uleb128 0xb
 1694 015a 3B       		.uleb128 0x3b
 1695 015b 0B       		.uleb128 0xb
 1696 015c 49       		.uleb128 0x49
 1697 015d 13       		.uleb128 0x13
 1698 015e 02       		.uleb128 0x2
 1699 015f 18       		.uleb128 0x18
 1700 0160 00       		.byte	0
 1701 0161 00       		.byte	0
 1702 0162 1C       		.uleb128 0x1c
 1703 0163 34       		.uleb128 0x34
 1704 0164 00       		.byte	0
 1705 0165 03       		.uleb128 0x3
 1706 0166 0E       		.uleb128 0xe
 1707 0167 49       		.uleb128 0x49
 1708 0168 13       		.uleb128 0x13
 1709 0169 34       		.uleb128 0x34
 1710 016a 19       		.uleb128 0x19
ARM GAS  /tmp/cc1mNCT0.s 			page 31


 1711 016b 00       		.byte	0
 1712 016c 00       		.byte	0
 1713 016d 1D       		.uleb128 0x1d
 1714 016e 05       		.uleb128 0x5
 1715 016f 00       		.byte	0
 1716 0170 03       		.uleb128 0x3
 1717 0171 0E       		.uleb128 0xe
 1718 0172 3A       		.uleb128 0x3a
 1719 0173 0B       		.uleb128 0xb
 1720 0174 3B       		.uleb128 0x3b
 1721 0175 0B       		.uleb128 0xb
 1722 0176 49       		.uleb128 0x49
 1723 0177 13       		.uleb128 0x13
 1724 0178 02       		.uleb128 0x2
 1725 0179 17       		.uleb128 0x17
 1726 017a 00       		.byte	0
 1727 017b 00       		.byte	0
 1728 017c 1E       		.uleb128 0x1e
 1729 017d 05       		.uleb128 0x5
 1730 017e 00       		.byte	0
 1731 017f 03       		.uleb128 0x3
 1732 0180 08       		.uleb128 0x8
 1733 0181 3A       		.uleb128 0x3a
 1734 0182 0B       		.uleb128 0xb
 1735 0183 3B       		.uleb128 0x3b
 1736 0184 0B       		.uleb128 0xb
 1737 0185 49       		.uleb128 0x49
 1738 0186 13       		.uleb128 0x13
 1739 0187 02       		.uleb128 0x2
 1740 0188 17       		.uleb128 0x17
 1741 0189 00       		.byte	0
 1742 018a 00       		.byte	0
 1743 018b 1F       		.uleb128 0x1f
 1744 018c 34       		.uleb128 0x34
 1745 018d 00       		.byte	0
 1746 018e 03       		.uleb128 0x3
 1747 018f 08       		.uleb128 0x8
 1748 0190 3A       		.uleb128 0x3a
 1749 0191 0B       		.uleb128 0xb
 1750 0192 3B       		.uleb128 0x3b
 1751 0193 0B       		.uleb128 0xb
 1752 0194 49       		.uleb128 0x49
 1753 0195 13       		.uleb128 0x13
 1754 0196 02       		.uleb128 0x2
 1755 0197 17       		.uleb128 0x17
 1756 0198 00       		.byte	0
 1757 0199 00       		.byte	0
 1758 019a 20       		.uleb128 0x20
 1759 019b 34       		.uleb128 0x34
 1760 019c 00       		.byte	0
 1761 019d 03       		.uleb128 0x3
 1762 019e 0E       		.uleb128 0xe
 1763 019f 3A       		.uleb128 0x3a
 1764 01a0 0B       		.uleb128 0xb
 1765 01a1 3B       		.uleb128 0x3b
 1766 01a2 0B       		.uleb128 0xb
 1767 01a3 49       		.uleb128 0x49
ARM GAS  /tmp/cc1mNCT0.s 			page 32


 1768 01a4 13       		.uleb128 0x13
 1769 01a5 02       		.uleb128 0x2
 1770 01a6 17       		.uleb128 0x17
 1771 01a7 00       		.byte	0
 1772 01a8 00       		.byte	0
 1773 01a9 21       		.uleb128 0x21
 1774 01aa 2E       		.uleb128 0x2e
 1775 01ab 00       		.byte	0
 1776 01ac 3F       		.uleb128 0x3f
 1777 01ad 19       		.uleb128 0x19
 1778 01ae 03       		.uleb128 0x3
 1779 01af 0E       		.uleb128 0xe
 1780 01b0 3A       		.uleb128 0x3a
 1781 01b1 0B       		.uleb128 0xb
 1782 01b2 3B       		.uleb128 0x3b
 1783 01b3 0B       		.uleb128 0xb
 1784 01b4 27       		.uleb128 0x27
 1785 01b5 19       		.uleb128 0x19
 1786 01b6 11       		.uleb128 0x11
 1787 01b7 01       		.uleb128 0x1
 1788 01b8 12       		.uleb128 0x12
 1789 01b9 06       		.uleb128 0x6
 1790 01ba 40       		.uleb128 0x40
 1791 01bb 18       		.uleb128 0x18
 1792 01bc 9742     		.uleb128 0x2117
 1793 01be 19       		.uleb128 0x19
 1794 01bf 00       		.byte	0
 1795 01c0 00       		.byte	0
 1796 01c1 00       		.byte	0
 1797              		.section	.debug_loc,"",%progbits
 1798              	.Ldebug_loc0:
 1799              	.LLST0:
 1800 0000 00000000 		.4byte	.LVL0
 1801 0004 10000000 		.4byte	.LVL3
 1802 0008 0100     		.2byte	0x1
 1803 000a 51       		.byte	0x51
 1804 000b 10000000 		.4byte	.LVL3
 1805 000f 3C000000 		.4byte	.LFE220
 1806 0013 0400     		.2byte	0x4
 1807 0015 F3       		.byte	0xf3
 1808 0016 01       		.uleb128 0x1
 1809 0017 51       		.byte	0x51
 1810 0018 9F       		.byte	0x9f
 1811 0019 00000000 		.4byte	0
 1812 001d 00000000 		.4byte	0
 1813              	.LLST1:
 1814 0021 00000000 		.4byte	.LVL0
 1815 0025 2C000000 		.4byte	.LVL6
 1816 0029 0100     		.2byte	0x1
 1817 002b 52       		.byte	0x52
 1818 002c 2C000000 		.4byte	.LVL6
 1819 0030 3C000000 		.4byte	.LFE220
 1820 0034 0200     		.2byte	0x2
 1821 0036 70       		.byte	0x70
 1822 0037 0C       		.sleb128 12
 1823 0038 00000000 		.4byte	0
 1824 003c 00000000 		.4byte	0
ARM GAS  /tmp/cc1mNCT0.s 			page 33


 1825              	.LLST2:
 1826 0040 00000000 		.4byte	.LVL0
 1827 0044 0A000000 		.4byte	.LVL1
 1828 0048 0100     		.2byte	0x1
 1829 004a 53       		.byte	0x53
 1830 004b 0A000000 		.4byte	.LVL1
 1831 004f 3C000000 		.4byte	.LFE220
 1832 0053 0200     		.2byte	0x2
 1833 0055 70       		.byte	0x70
 1834 0056 10       		.sleb128 16
 1835 0057 00000000 		.4byte	0
 1836 005b 00000000 		.4byte	0
 1837              	.LLST3:
 1838 005f 0C000000 		.4byte	.LVL2
 1839 0063 12000000 		.4byte	.LVL4
 1840 0067 0100     		.2byte	0x1
 1841 0069 54       		.byte	0x54
 1842 006a 14000000 		.4byte	.LVL5
 1843 006e 34000000 		.4byte	.LVL9
 1844 0072 0100     		.2byte	0x1
 1845 0074 54       		.byte	0x54
 1846 0075 00000000 		.4byte	0
 1847 0079 00000000 		.4byte	0
 1848              	.LLST4:
 1849 007d 0C000000 		.4byte	.LVL2
 1850 0081 2E000000 		.4byte	.LVL7
 1851 0085 0100     		.2byte	0x1
 1852 0087 51       		.byte	0x51
 1853 0088 2E000000 		.4byte	.LVL7
 1854 008c 30000000 		.4byte	.LVL8
 1855 0090 0500     		.2byte	0x5
 1856 0092 74       		.byte	0x74
 1857 0093 04       		.sleb128 4
 1858 0094 06       		.byte	0x6
 1859 0095 23       		.byte	0x23
 1860 0096 08       		.uleb128 0x8
 1861 0097 00000000 		.4byte	0
 1862 009b 00000000 		.4byte	0
 1863              		.section	.debug_aranges,"",%progbits
 1864 0000 2C000000 		.4byte	0x2c
 1865 0004 0200     		.2byte	0x2
 1866 0006 00000000 		.4byte	.Ldebug_info0
 1867 000a 04       		.byte	0x4
 1868 000b 00       		.byte	0
 1869 000c 0000     		.2byte	0
 1870 000e 0000     		.2byte	0
 1871 0010 00000000 		.4byte	.LFB219
 1872 0014 1C000000 		.4byte	.LFE219-.LFB219
 1873 0018 00000000 		.4byte	.LFB220
 1874 001c 3C000000 		.4byte	.LFE220-.LFB220
 1875 0020 00000000 		.4byte	.LFB221
 1876 0024 28000000 		.4byte	.LFE221-.LFB221
 1877 0028 00000000 		.4byte	0
 1878 002c 00000000 		.4byte	0
 1879              		.section	.debug_ranges,"",%progbits
 1880              	.Ldebug_ranges0:
 1881 0000 00000000 		.4byte	.LFB219
ARM GAS  /tmp/cc1mNCT0.s 			page 34


 1882 0004 1C000000 		.4byte	.LFE219
 1883 0008 00000000 		.4byte	.LFB220
 1884 000c 3C000000 		.4byte	.LFE220
 1885 0010 00000000 		.4byte	.LFB221
 1886 0014 28000000 		.4byte	.LFE221
 1887 0018 00000000 		.4byte	0
 1888 001c 00000000 		.4byte	0
 1889              		.section	.debug_line,"",%progbits
 1890              	.Ldebug_line0:
 1891 0000 51020000 		.section	.debug_str,"MS",%progbits,1
 1891      0200DE01 
 1891      00000201 
 1891      FB0E0D00 
 1891      01010101 
 1892              	.LASF118:
 1893 0000 63665F6F 		.ascii	"cf_off_older\000"
 1893      66665F6F 
 1893      6C646572 
 1893      00
 1894              	.LASF57:
 1895 000d 72656164 		.ascii	"ready_list_t\000"
 1895      795F6C69 
 1895      73745F74 
 1895      00
 1896              	.LASF96:
 1897 001a 77747472 		.ascii	"wttrp\000"
 1897      7000
 1898              	.LASF133:
 1899 0020 64656C74 		.ascii	"delta\000"
 1899      6100
 1900              	.LASF93:
 1901 0026 7264796D 		.ascii	"rdymsg\000"
 1901      736700
 1902              	.LASF18:
 1903 002d 75696E74 		.ascii	"uint64_t\000"
 1903      36345F74 
 1903      00
 1904              	.LASF26:
 1905 0036 6576656E 		.ascii	"eventmask_t\000"
 1905      746D6173 
 1905      6B5F7400 
 1906              	.LASF4:
 1907 0042 5F5F7569 		.ascii	"__uint8_t\000"
 1907      6E74385F 
 1907      7400
 1908              	.LASF90:
 1909 004c 706F7274 		.ascii	"port_intctx\000"
 1909      5F696E74 
 1909      63747800 
 1910              	.LASF76:
 1911 0058 73797374 		.ascii	"system_debug_t\000"
 1911      656D5F64 
 1911      65627567 
 1911      5F7400
 1912              	.LASF135:
 1913 0067 474E5520 		.ascii	"GNU C99 7.3.1 20180622 (release) [ARM/embedded-7-br"
 1913      43393920 
ARM GAS  /tmp/cc1mNCT0.s 			page 35


 1913      372E332E 
 1913      31203230 
 1913      31383036 
 1914 009a 616E6368 		.ascii	"anch revision 261907] -mcpu=cortex-m4 -mfloat-abi=h"
 1914      20726576 
 1914      6973696F 
 1914      6E203236 
 1914      31393037 
 1915 00cd 61726420 		.ascii	"ard -mfpu=fpv4-sp-d16 -mno-thumb-interwork -mthumb "
 1915      2D6D6670 
 1915      753D6670 
 1915      76342D73 
 1915      702D6431 
 1916 0100 2D676764 		.ascii	"-ggdb -O2 -std=gnu99 -fomit-frame-pointer -falign-f"
 1916      62202D4F 
 1916      32202D73 
 1916      74643D67 
 1916      6E753939 
 1917 0133 756E6374 		.ascii	"unctions=16 -ffunction-sections -fdata-sections -fn"
 1917      696F6E73 
 1917      3D313620 
 1917      2D666675 
 1917      6E637469 
 1918 0166 6F2D636F 		.ascii	"o-common -fsingle-precision-constant\000"
 1918      6D6D6F6E 
 1918      202D6673 
 1918      696E676C 
 1918      652D7072 
 1919              	.LASF13:
 1920 018b 6C6F6E67 		.ascii	"long long unsigned int\000"
 1920      206C6F6E 
 1920      6720756E 
 1920      7369676E 
 1920      65642069 
 1921              	.LASF114:
 1922 01a2 63685F74 		.ascii	"ch_threadsize\000"
 1922      68726561 
 1922      6473697A 
 1922      6500
 1923              	.LASF129:
 1924 01b0 63685654 		.ascii	"chVTDoResetI\000"
 1924      446F5265 
 1924      73657449 
 1924      00
 1925              	.LASF94:
 1926 01bd 65786974 		.ascii	"exitcode\000"
 1926      636F6465 
 1926      00
 1927              	.LASF83:
 1928 01c6 6D61696E 		.ascii	"mainthread\000"
 1928      74687265 
 1928      616400
 1929              	.LASF73:
 1930 01d1 76697274 		.ascii	"virtual_timers_list_t\000"
 1930      75616C5F 
 1930      74696D65 
 1930      72735F6C 
ARM GAS  /tmp/cc1mNCT0.s 			page 36


 1930      6973745F 
 1931              	.LASF85:
 1932 01e7 49544D5F 		.ascii	"ITM_RxBuffer\000"
 1932      52784275 
 1932      66666572 
 1932      00
 1933              	.LASF56:
 1934 01f4 63685F74 		.ascii	"ch_threads_queue\000"
 1934      68726561 
 1934      64735F71 
 1934      75657565 
 1934      00
 1935              	.LASF32:
 1936 0205 705F7072 		.ascii	"p_prio\000"
 1936      696F00
 1937              	.LASF121:
 1938 020c 63665F6F 		.ascii	"cf_off_state\000"
 1938      66665F73 
 1938      74617465 
 1938      00
 1939              	.LASF138:
 1940 0219 5F76745F 		.ascii	"_vt_init\000"
 1940      696E6974 
 1940      00
 1941              	.LASF11:
 1942 0222 6C6F6E67 		.ascii	"long long int\000"
 1942      206C6F6E 
 1942      6720696E 
 1942      7400
 1943              	.LASF1:
 1944 0230 7369676E 		.ascii	"signed char\000"
 1944      65642063 
 1944      68617200 
 1945              	.LASF120:
 1946 023c 63665F6F 		.ascii	"cf_off_stklimit\000"
 1946      66665F73 
 1946      746B6C69 
 1946      6D697400 
 1947              	.LASF122:
 1948 024c 63665F6F 		.ascii	"cf_off_flags\000"
 1948      66665F66 
 1948      6C616773 
 1948      00
 1949              	.LASF49:
 1950 0259 705F6D70 		.ascii	"p_mpool\000"
 1950      6F6F6C00 
 1951              	.LASF104:
 1952 0261 6D5F7175 		.ascii	"m_queue\000"
 1952      65756500 
 1953              	.LASF82:
 1954 0269 76746C69 		.ascii	"vtlist\000"
 1954      737400
 1955              	.LASF23:
 1956 0270 74736C69 		.ascii	"tslices_t\000"
 1956      6365735F 
 1956      7400
 1957              	.LASF80:
ARM GAS  /tmp/cc1mNCT0.s 			page 37


 1958 027a 63685F73 		.ascii	"ch_system\000"
 1958      79737465 
 1958      6D00
 1959              	.LASF8:
 1960 0284 6C6F6E67 		.ascii	"long int\000"
 1960      20696E74 
 1960      00
 1961              	.LASF21:
 1962 028d 74737461 		.ascii	"tstate_t\000"
 1962      74655F74 
 1962      00
 1963              	.LASF34:
 1964 0296 705F6E65 		.ascii	"p_newer\000"
 1964      77657200 
 1965              	.LASF101:
 1966 029e 735F7175 		.ascii	"s_queue\000"
 1966      65756500 
 1967              	.LASF62:
 1968 02a6 725F6E65 		.ascii	"r_newer\000"
 1968      77657200 
 1969              	.LASF87:
 1970 02ae 72656761 		.ascii	"regarm_t\000"
 1970      726D5F74 
 1970      00
 1971              	.LASF69:
 1972 02b7 76745F70 		.ascii	"vt_prev\000"
 1972      72657600 
 1973              	.LASF128:
 1974 02bf 6D757465 		.ascii	"mutex_t\000"
 1974      785F7400 
 1975              	.LASF84:
 1976 02c7 69646C65 		.ascii	"idle_thread_wa\000"
 1976      5F746872 
 1976      6561645F 
 1976      776100
 1977              	.LASF27:
 1978 02d6 636E745F 		.ascii	"cnt_t\000"
 1978      7400
 1979              	.LASF37:
 1980 02dc 705F7374 		.ascii	"p_stklimit\000"
 1980      6B6C696D 
 1980      697400
 1981              	.LASF0:
 1982 02e7 756E7369 		.ascii	"unsigned int\000"
 1982      676E6564 
 1982      20696E74 
 1982      00
 1983              	.LASF68:
 1984 02f4 76745F6E 		.ascii	"vt_next\000"
 1984      65787400 
 1985              	.LASF15:
 1986 02fc 75696E74 		.ascii	"uint16_t\000"
 1986      31365F74 
 1986      00
 1987              	.LASF86:
 1988 0305 53797374 		.ascii	"SystemCoreClock\000"
 1988      656D436F 
ARM GAS  /tmp/cc1mNCT0.s 			page 38


 1988      7265436C 
 1988      6F636B00 
 1989              	.LASF42:
 1990 0315 705F7469 		.ascii	"p_time\000"
 1990      6D6500
 1991              	.LASF97:
 1992 031c 77747365 		.ascii	"wtsemp\000"
 1992      6D7000
 1993              	.LASF75:
 1994 0323 76745F73 		.ascii	"vt_systime\000"
 1994      79737469 
 1994      6D6500
 1995              	.LASF70:
 1996 032e 76745F64 		.ascii	"vt_delta\000"
 1996      656C7461 
 1996      00
 1997              	.LASF44:
 1998 0337 705F6D73 		.ascii	"p_msgqueue\000"
 1998      67717565 
 1998      756500
 1999              	.LASF127:
 2000 0342 63685F64 		.ascii	"ch_debug\000"
 2000      65627567 
 2000      00
 2001              	.LASF102:
 2002 034b 735F636E 		.ascii	"s_cnt\000"
 2002      7400
 2003              	.LASF6:
 2004 0351 73686F72 		.ascii	"short unsigned int\000"
 2004      7420756E 
 2004      7369676E 
 2004      65642069 
 2004      6E7400
 2005              	.LASF53:
 2006 0364 63685F74 		.ascii	"ch_thread\000"
 2006      68726561 
 2006      6400
 2007              	.LASF25:
 2008 036e 6D73675F 		.ascii	"msg_t\000"
 2008      7400
 2009              	.LASF79:
 2010 0374 63685F73 		.ascii	"ch_system_t\000"
 2010      79737465 
 2010      6D5F7400 
 2011              	.LASF125:
 2012 0380 63665F6F 		.ascii	"cf_off_time\000"
 2012      66665F74 
 2012      696D6500 
 2013              	.LASF58:
 2014 038c 63685F72 		.ascii	"ch_ready_list\000"
 2014      65616479 
 2014      5F6C6973 
 2014      7400
 2015              	.LASF130:
 2016 039a 63685654 		.ascii	"chVTDoSetI\000"
 2016      446F5365 
 2016      744900
ARM GAS  /tmp/cc1mNCT0.s 			page 39


 2017              	.LASF7:
 2018 03a5 5F5F696E 		.ascii	"__int32_t\000"
 2018      7433325F 
 2018      7400
 2019              	.LASF88:
 2020 03af 73746B61 		.ascii	"stkalign_t\000"
 2020      6C69676E 
 2020      5F7400
 2021              	.LASF109:
 2022 03ba 63685F7A 		.ascii	"ch_zero\000"
 2022      65726F00 
 2023              	.LASF123:
 2024 03c2 63665F6F 		.ascii	"cf_off_refs\000"
 2024      66665F72 
 2024      65667300 
 2025              	.LASF43:
 2026 03ce 705F7761 		.ascii	"p_waiting\000"
 2026      6974696E 
 2026      6700
 2027              	.LASF19:
 2028 03d8 7274636E 		.ascii	"rtcnt_t\000"
 2028      745F7400 
 2029              	.LASF74:
 2030 03e0 63685F76 		.ascii	"ch_virtual_timers_list\000"
 2030      69727475 
 2030      616C5F74 
 2030      696D6572 
 2030      735F6C69 
 2031              	.LASF113:
 2032 03f7 63685F74 		.ascii	"ch_timesize\000"
 2032      696D6573 
 2032      697A6500 
 2033              	.LASF119:
 2034 0403 63665F6F 		.ascii	"cf_off_name\000"
 2034      66665F6E 
 2034      616D6500 
 2035              	.LASF35:
 2036 040f 705F6F6C 		.ascii	"p_older\000"
 2036      64657200 
 2037              	.LASF61:
 2038 0417 725F6374 		.ascii	"r_ctx\000"
 2038      7800
 2039              	.LASF33:
 2040 041d 705F6374 		.ascii	"p_ctx\000"
 2040      7800
 2041              	.LASF92:
 2042 0423 746D5F63 		.ascii	"tm_calibration_t\000"
 2042      616C6962 
 2042      72617469 
 2042      6F6E5F74 
 2042      00
 2043              	.LASF64:
 2044 0434 725F6375 		.ascii	"r_current\000"
 2044      7272656E 
 2044      7400
 2045              	.LASF63:
 2046 043e 725F6F6C 		.ascii	"r_older\000"
ARM GAS  /tmp/cc1mNCT0.s 			page 40


 2046      64657200 
 2047              	.LASF12:
 2048 0446 5F5F7569 		.ascii	"__uint64_t\000"
 2048      6E743634 
 2048      5F7400
 2049              	.LASF22:
 2050 0451 74726566 		.ascii	"trefs_t\000"
 2050      735F7400 
 2051              	.LASF112:
 2052 0459 63685F70 		.ascii	"ch_ptrsize\000"
 2052      74727369 
 2052      7A6500
 2053              	.LASF66:
 2054 0464 76697274 		.ascii	"virtual_timer_t\000"
 2054      75616C5F 
 2054      74696D65 
 2054      725F7400 
 2055              	.LASF31:
 2056 0474 705F7072 		.ascii	"p_prev\000"
 2056      657600
 2057              	.LASF24:
 2058 047b 74707269 		.ascii	"tprio_t\000"
 2058      6F5F7400 
 2059              	.LASF77:
 2060 0483 63685F73 		.ascii	"ch_system_debug\000"
 2060      79737465 
 2060      6D5F6465 
 2060      62756700 
 2061              	.LASF16:
 2062 0493 696E7433 		.ascii	"int32_t\000"
 2062      325F7400 
 2063              	.LASF2:
 2064 049b 756E7369 		.ascii	"unsigned char\000"
 2064      676E6564 
 2064      20636861 
 2064      7200
 2065              	.LASF136:
 2066 04a9 43686962 		.ascii	"ChibiOS_3.0.5/os/rt/src/chvt.c\000"
 2066      694F535F 
 2066      332E302E 
 2066      352F6F73 
 2066      2F72742F 
 2067              	.LASF131:
 2068 04c8 64656C61 		.ascii	"delay\000"
 2068      7900
 2069              	.LASF47:
 2070 04ce 705F6D74 		.ascii	"p_mtxlist\000"
 2070      786C6973 
 2070      7400
 2071              	.LASF3:
 2072 04d8 73686F72 		.ascii	"short int\000"
 2072      7420696E 
 2072      7400
 2073              	.LASF38:
 2074 04e2 705F7374 		.ascii	"p_state\000"
 2074      61746500 
 2075              	.LASF41:
ARM GAS  /tmp/cc1mNCT0.s 			page 41


 2076 04ea 705F7072 		.ascii	"p_preempt\000"
 2076      65656D70 
 2076      7400
 2077              	.LASF60:
 2078 04f4 725F7072 		.ascii	"r_prio\000"
 2078      696F00
 2079              	.LASF99:
 2080 04fb 65776D61 		.ascii	"ewmask\000"
 2080      736B00
 2081              	.LASF30:
 2082 0502 705F6E65 		.ascii	"p_next\000"
 2082      787400
 2083              	.LASF20:
 2084 0509 746D6F64 		.ascii	"tmode_t\000"
 2084      655F7400 
 2085              	.LASF124:
 2086 0511 63665F6F 		.ascii	"cf_off_preempt\000"
 2086      66665F70 
 2086      7265656D 
 2086      707400
 2087              	.LASF39:
 2088 0520 705F666C 		.ascii	"p_flags\000"
 2088      61677300 
 2089              	.LASF134:
 2090 0528 5F5F6675 		.ascii	"__func__\000"
 2090      6E635F5F 
 2090      00
 2091              	.LASF55:
 2092 0531 74687265 		.ascii	"threads_queue_t\000"
 2092      6164735F 
 2092      71756575 
 2092      655F7400 
 2093              	.LASF67:
 2094 0541 63685F76 		.ascii	"ch_virtual_timer\000"
 2094      69727475 
 2094      616C5F74 
 2094      696D6572 
 2094      00
 2095              	.LASF117:
 2096 0552 63665F6F 		.ascii	"cf_off_newer\000"
 2096      66665F6E 
 2096      65776572 
 2096      00
 2097              	.LASF100:
 2098 055f 63685F73 		.ascii	"ch_semaphore\000"
 2098      656D6170 
 2098      686F7265 
 2098      00
 2099              	.LASF46:
 2100 056c 705F6570 		.ascii	"p_epending\000"
 2100      656E6469 
 2100      6E6700
 2101              	.LASF137:
 2102 0577 2F626C64 		.ascii	"/bldc\000"
 2102      6300
 2103              	.LASF17:
 2104 057d 75696E74 		.ascii	"uint32_t\000"
ARM GAS  /tmp/cc1mNCT0.s 			page 42


 2104      33325F74 
 2104      00
 2105              	.LASF115:
 2106 0586 63665F6F 		.ascii	"cf_off_prio\000"
 2106      66665F70 
 2106      72696F00 
 2107              	.LASF59:
 2108 0592 725F7175 		.ascii	"r_queue\000"
 2108      65756500 
 2109              	.LASF54:
 2110 059a 63685F74 		.ascii	"ch_threads_list\000"
 2110      68726561 
 2110      64735F6C 
 2110      69737400 
 2111              	.LASF110:
 2112 05aa 63685F73 		.ascii	"ch_size\000"
 2112      697A6500 
 2113              	.LASF10:
 2114 05b2 6C6F6E67 		.ascii	"long unsigned int\000"
 2114      20756E73 
 2114      69676E65 
 2114      6420696E 
 2114      7400
 2115              	.LASF107:
 2116 05c4 63686172 		.ascii	"char\000"
 2116      00
 2117              	.LASF98:
 2118 05c9 77746D74 		.ascii	"wtmtxp\000"
 2118      787000
 2119              	.LASF5:
 2120 05d0 5F5F7569 		.ascii	"__uint16_t\000"
 2120      6E743136 
 2120      5F7400
 2121              	.LASF29:
 2122 05db 74687265 		.ascii	"thread_t\000"
 2122      61645F74 
 2122      00
 2123              	.LASF106:
 2124 05e4 6D5F6E65 		.ascii	"m_next\000"
 2124      787400
 2125              	.LASF28:
 2126 05eb 73797374 		.ascii	"systime_t\000"
 2126      696D655F 
 2126      7400
 2127              	.LASF48:
 2128 05f5 705F7265 		.ascii	"p_realprio\000"
 2128      616C7072 
 2128      696F00
 2129              	.LASF65:
 2130 0600 76746675 		.ascii	"vtfunc_t\000"
 2130      6E635F74 
 2130      00
 2131              	.LASF9:
 2132 0609 5F5F7569 		.ascii	"__uint32_t\000"
 2132      6E743332 
 2132      5F7400
 2133              	.LASF78:
ARM GAS  /tmp/cc1mNCT0.s 			page 43


 2134 0614 70616E69 		.ascii	"panic_msg\000"
 2134      635F6D73 
 2134      6700
 2135              	.LASF91:
 2136 061e 6F666673 		.ascii	"offset\000"
 2136      657400
 2137              	.LASF89:
 2138 0625 636F6E74 		.ascii	"context\000"
 2138      65787400 
 2139              	.LASF45:
 2140 062d 705F6D73 		.ascii	"p_msg\000"
 2140      6700
 2141              	.LASF72:
 2142 0633 76745F70 		.ascii	"vt_par\000"
 2142      617200
 2143              	.LASF132:
 2144 063a 76746675 		.ascii	"vtfunc\000"
 2144      6E6300
 2145              	.LASF116:
 2146 0641 63665F6F 		.ascii	"cf_off_ctx\000"
 2146      66665F63 
 2146      747800
 2147              	.LASF103:
 2148 064c 63685F6D 		.ascii	"ch_mutex\000"
 2148      75746578 
 2148      00
 2149              	.LASF40:
 2150 0655 705F7265 		.ascii	"p_refs\000"
 2150      667300
 2151              	.LASF50:
 2152 065c 6D6F746F 		.ascii	"motor_selected\000"
 2152      725F7365 
 2152      6C656374 
 2152      656400
 2153              	.LASF81:
 2154 066b 726C6973 		.ascii	"rlist\000"
 2154      7400
 2155              	.LASF14:
 2156 0671 75696E74 		.ascii	"uint8_t\000"
 2156      385F7400 
 2157              	.LASF51:
 2158 0679 74687265 		.ascii	"thread_reference_t\000"
 2158      61645F72 
 2158      65666572 
 2158      656E6365 
 2158      5F7400
 2159              	.LASF95:
 2160 068c 77746F62 		.ascii	"wtobjp\000"
 2160      6A7000
 2161              	.LASF36:
 2162 0693 705F6E61 		.ascii	"p_name\000"
 2162      6D6500
 2163              	.LASF52:
 2164 069a 74687265 		.ascii	"threads_list_t\000"
 2164      6164735F 
 2164      6C697374 
 2164      5F7400
ARM GAS  /tmp/cc1mNCT0.s 			page 44


 2165              	.LASF111:
 2166 06a9 63685F76 		.ascii	"ch_version\000"
 2166      65727369 
 2166      6F6E00
 2167              	.LASF105:
 2168 06b4 6D5F6F77 		.ascii	"m_owner\000"
 2168      6E657200 
 2169              	.LASF126:
 2170 06bc 63686465 		.ascii	"chdebug_t\000"
 2170      6275675F 
 2170      7400
 2171              	.LASF108:
 2172 06c6 63685F69 		.ascii	"ch_identifier\000"
 2172      64656E74 
 2172      69666965 
 2172      7200
 2173              	.LASF71:
 2174 06d4 76745F66 		.ascii	"vt_func\000"
 2174      756E6300 
 2175              		.ident	"GCC: (GNU Tools for Arm Embedded Processors 7-2018-q3-update) 7.3.1 20180622 (release) [AR
ARM GAS  /tmp/cc1mNCT0.s 			page 45


DEFINED SYMBOLS
                            *ABS*:0000000000000000 chvt.c
     /tmp/cc1mNCT0.s:18     .text._vt_init:0000000000000000 $t
     /tmp/cc1mNCT0.s:26     .text._vt_init:0000000000000000 _vt_init
     /tmp/cc1mNCT0.s:53     .text._vt_init:0000000000000018 $d
     /tmp/cc1mNCT0.s:58     .text.chVTDoSetI:0000000000000000 $t
     /tmp/cc1mNCT0.s:66     .text.chVTDoSetI:0000000000000000 chVTDoSetI
     /tmp/cc1mNCT0.s:136    .text.chVTDoSetI:0000000000000038 $d
     /tmp/cc1mNCT0.s:141    .text.chVTDoResetI:0000000000000000 $t
     /tmp/cc1mNCT0.s:149    .text.chVTDoResetI:0000000000000000 chVTDoResetI
     /tmp/cc1mNCT0.s:198    .text.chVTDoResetI:0000000000000024 $d

UNDEFINED SYMBOLS
ch
