ARM GAS  /tmp/ccXmaMez.s 			page 1


   1              		.cpu cortex-m4
   2              		.eabi_attribute 27, 1
   3              		.eabi_attribute 28, 1
   4              		.eabi_attribute 20, 1
   5              		.eabi_attribute 21, 1
   6              		.eabi_attribute 23, 3
   7              		.eabi_attribute 24, 1
   8              		.eabi_attribute 25, 1
   9              		.eabi_attribute 26, 1
  10              		.eabi_attribute 30, 2
  11              		.eabi_attribute 34, 1
  12              		.eabi_attribute 18, 4
  13              		.file	"luna_display_serial.c"
  14              		.text
  15              	.Ltext0:
  16              		.cfi_sections	.debug_frame
  17              	.Letext0:
  18              		.file 1 "/usr/arm-none-eabi/include/machine/_default_types.h"
  19              		.file 2 "/usr/arm-none-eabi/include/sys/_stdint.h"
  20              		.file 3 "ChibiOS_3.0.5/os/rt/ports/ARMCMx/compilers/GCC/chtypes.h"
  21              		.file 4 "ChibiOS_3.0.5/os/rt/include/chsystypes.h"
  22              		.file 5 "ChibiOS_3.0.5/os/rt/include/chschd.h"
  23              		.file 6 "ChibiOS_3.0.5/os/ext/CMSIS/include/core_cm4.h"
  24              		.file 7 "ChibiOS_3.0.5/os/ext/CMSIS/ST/system_stm32f4xx.h"
  25              		.file 8 "ChibiOS_3.0.5/os/rt/ports/ARMCMx/chcore.h"
  26              		.file 9 "ChibiOS_3.0.5/os/rt/ports/ARMCMx/chcore_v7m.h"
  27              		.file 10 "ChibiOS_3.0.5/os/rt/include/chtm.h"
  28              		.file 11 "ChibiOS_3.0.5/os/rt/include/chsem.h"
  29              		.file 12 "ChibiOS_3.0.5/os/rt/include/chmtx.h"
  30              		.file 13 "ChibiOS_3.0.5/os/rt/include/chregistry.h"
  31              		.file 14 "./datatypes.h"
  32              		.file 15 "./conf_general.h"
  33              		.section	.debug_info,"",%progbits
  34              	.Ldebug_info0:
  35 0000 D6080000 		.4byte	0x8d6
  36 0004 0400     		.2byte	0x4
  37 0006 00000000 		.4byte	.Ldebug_abbrev0
  38 000a 04       		.byte	0x4
  39 000b 01       		.uleb128 0x1
  40 000c 5B000000 		.4byte	.LASF139
  41 0010 0C       		.byte	0xc
  42 0011 87040000 		.4byte	.LASF140
  43 0015 AB050000 		.4byte	.LASF141
  44 0019 00000000 		.4byte	.Ldebug_line0
  45 001d 02       		.uleb128 0x2
  46 001e 01       		.byte	0x1
  47 001f 06       		.byte	0x6
  48 0020 09020000 		.4byte	.LASF0
  49 0024 03       		.uleb128 0x3
  50 0025 30000000 		.4byte	.LASF3
  51 0029 01       		.byte	0x1
  52 002a 2B       		.byte	0x2b
  53 002b 2F000000 		.4byte	0x2f
  54 002f 02       		.uleb128 0x2
  55 0030 01       		.byte	0x1
  56 0031 08       		.byte	0x8
  57 0032 F9040000 		.4byte	.LASF1
ARM GAS  /tmp/ccXmaMez.s 			page 2


  58 0036 02       		.uleb128 0x2
  59 0037 02       		.byte	0x2
  60 0038 05       		.byte	0x5
  61 0039 11050000 		.4byte	.LASF2
  62 003d 03       		.uleb128 0x3
  63 003e 10060000 		.4byte	.LASF4
  64 0042 01       		.byte	0x1
  65 0043 39       		.byte	0x39
  66 0044 48000000 		.4byte	0x48
  67 0048 02       		.uleb128 0x2
  68 0049 02       		.byte	0x2
  69 004a 07       		.byte	0x7
  70 004b 45030000 		.4byte	.LASF5
  71 004f 03       		.uleb128 0x3
  72 0050 BB030000 		.4byte	.LASF6
  73 0054 01       		.byte	0x1
  74 0055 4D       		.byte	0x4d
  75 0056 5A000000 		.4byte	0x5a
  76 005a 02       		.uleb128 0x2
  77 005b 04       		.byte	0x4
  78 005c 05       		.byte	0x5
  79 005d 5D020000 		.4byte	.LASF7
  80 0061 03       		.uleb128 0x3
  81 0062 49060000 		.4byte	.LASF8
  82 0066 01       		.byte	0x1
  83 0067 4F       		.byte	0x4f
  84 0068 6C000000 		.4byte	0x6c
  85 006c 02       		.uleb128 0x2
  86 006d 04       		.byte	0x4
  87 006e 07       		.byte	0x7
  88 006f F2050000 		.4byte	.LASF9
  89 0073 02       		.uleb128 0x2
  90 0074 08       		.byte	0x8
  91 0075 05       		.byte	0x5
  92 0076 FB010000 		.4byte	.LASF10
  93 007a 03       		.uleb128 0x3
  94 007b 76040000 		.4byte	.LASF11
  95 007f 01       		.byte	0x1
  96 0080 69       		.byte	0x69
  97 0081 85000000 		.4byte	0x85
  98 0085 02       		.uleb128 0x2
  99 0086 08       		.byte	0x8
 100 0087 07       		.byte	0x7
 101 0088 7F010000 		.4byte	.LASF12
 102 008c 04       		.uleb128 0x4
 103 008d 04       		.byte	0x4
 104 008e 05       		.byte	0x5
 105 008f 696E7400 		.ascii	"int\000"
 106 0093 02       		.uleb128 0x2
 107 0094 04       		.byte	0x4
 108 0095 07       		.byte	0x7
 109 0096 DC020000 		.4byte	.LASF13
 110 009a 03       		.uleb128 0x3
 111 009b B1060000 		.4byte	.LASF14
 112 009f 02       		.byte	0x2
 113 00a0 18       		.byte	0x18
 114 00a1 24000000 		.4byte	0x24
ARM GAS  /tmp/ccXmaMez.s 			page 3


 115 00a5 03       		.uleb128 0x3
 116 00a6 6F020000 		.4byte	.LASF15
 117 00aa 02       		.byte	0x2
 118 00ab 24       		.byte	0x24
 119 00ac 3D000000 		.4byte	0x3d
 120 00b0 03       		.uleb128 0x3
 121 00b1 F1040000 		.4byte	.LASF16
 122 00b5 02       		.byte	0x2
 123 00b6 2C       		.byte	0x2c
 124 00b7 4F000000 		.4byte	0x4f
 125 00bb 05       		.uleb128 0x5
 126 00bc B0000000 		.4byte	0xb0
 127 00c0 03       		.uleb128 0x3
 128 00c1 B1050000 		.4byte	.LASF17
 129 00c5 02       		.byte	0x2
 130 00c6 30       		.byte	0x30
 131 00c7 61000000 		.4byte	0x61
 132 00cb 03       		.uleb128 0x3
 133 00cc 27000000 		.4byte	.LASF18
 134 00d0 02       		.byte	0x2
 135 00d1 3C       		.byte	0x3c
 136 00d2 7A000000 		.4byte	0x7a
 137 00d6 03       		.uleb128 0x3
 138 00d7 EB030000 		.4byte	.LASF19
 139 00db 03       		.byte	0x3
 140 00dc 45       		.byte	0x45
 141 00dd C0000000 		.4byte	0xc0
 142 00e1 03       		.uleb128 0x3
 143 00e2 46050000 		.4byte	.LASF20
 144 00e6 03       		.byte	0x3
 145 00e7 48       		.byte	0x48
 146 00e8 9A000000 		.4byte	0x9a
 147 00ec 03       		.uleb128 0x3
 148 00ed 66020000 		.4byte	.LASF21
 149 00f1 03       		.byte	0x3
 150 00f2 49       		.byte	0x49
 151 00f3 9A000000 		.4byte	0x9a
 152 00f7 03       		.uleb128 0x3
 153 00f8 A9040000 		.4byte	.LASF22
 154 00fc 03       		.byte	0x3
 155 00fd 4A       		.byte	0x4a
 156 00fe 9A000000 		.4byte	0x9a
 157 0102 03       		.uleb128 0x3
 158 0103 49020000 		.4byte	.LASF23
 159 0107 03       		.byte	0x3
 160 0108 4B       		.byte	0x4b
 161 0109 9A000000 		.4byte	0x9a
 162 010d 03       		.uleb128 0x3
 163 010e D3040000 		.4byte	.LASF24
 164 0112 03       		.byte	0x3
 165 0113 4C       		.byte	0x4c
 166 0114 C0000000 		.4byte	0xc0
 167 0118 03       		.uleb128 0x3
 168 0119 83030000 		.4byte	.LASF25
 169 011d 03       		.byte	0x3
 170 011e 4D       		.byte	0x4d
 171 011f B0000000 		.4byte	0xb0
ARM GAS  /tmp/ccXmaMez.s 			page 4


 172 0123 03       		.uleb128 0x3
 173 0124 AF030000 		.4byte	.LASF26
 174 0128 03       		.byte	0x3
 175 0129 4F       		.byte	0x4f
 176 012a C0000000 		.4byte	0xc0
 177 012e 03       		.uleb128 0x3
 178 012f CB020000 		.4byte	.LASF27
 179 0133 03       		.byte	0x3
 180 0134 51       		.byte	0x51
 181 0135 B0000000 		.4byte	0xb0
 182 0139 03       		.uleb128 0x3
 183 013a 2B060000 		.4byte	.LASF28
 184 013e 04       		.byte	0x4
 185 013f 33       		.byte	0x33
 186 0140 C0000000 		.4byte	0xc0
 187 0144 05       		.uleb128 0x5
 188 0145 39010000 		.4byte	0x139
 189 0149 03       		.uleb128 0x3
 190 014a 1B060000 		.4byte	.LASF29
 191 014e 04       		.byte	0x4
 192 014f 3F       		.byte	0x3f
 193 0150 54010000 		.4byte	0x154
 194 0154 06       		.uleb128 0x6
 195 0155 79030000 		.4byte	.LASF53
 196 0159 50       		.byte	0x50
 197 015a 05       		.byte	0x5
 198 015b C2       		.byte	0xc2
 199 015c 72020000 		.4byte	0x272
 200 0160 07       		.uleb128 0x7
 201 0161 3F050000 		.4byte	.LASF30
 202 0165 05       		.byte	0x5
 203 0166 C3       		.byte	0xc3
 204 0167 7D020000 		.4byte	0x27d
 205 016b 00       		.byte	0
 206 016c 07       		.uleb128 0x7
 207 016d CC040000 		.4byte	.LASF31
 208 0171 05       		.byte	0x5
 209 0172 C5       		.byte	0xc5
 210 0173 7D020000 		.4byte	0x27d
 211 0177 04       		.byte	0x4
 212 0178 07       		.uleb128 0x7
 213 0179 D5010000 		.4byte	.LASF32
 214 017d 05       		.byte	0x5
 215 017e C7       		.byte	0xc7
 216 017f 0D010000 		.4byte	0x10d
 217 0183 08       		.byte	0x8
 218 0184 07       		.uleb128 0x7
 219 0185 11070000 		.4byte	.LASF33
 220 0189 05       		.byte	0x5
 221 018a C8       		.byte	0xc8
 222 018b BD040000 		.4byte	0x4bd
 223 018f 0C       		.byte	0xc
 224 0190 07       		.uleb128 0x7
 225 0191 82020000 		.4byte	.LASF34
 226 0195 05       		.byte	0x5
 227 0196 CA       		.byte	0xca
 228 0197 7D020000 		.4byte	0x27d
ARM GAS  /tmp/ccXmaMez.s 			page 5


 229 019b 10       		.byte	0x10
 230 019c 07       		.uleb128 0x7
 231 019d 4E040000 		.4byte	.LASF35
 232 01a1 05       		.byte	0x5
 233 01a2 CB       		.byte	0xcb
 234 01a3 7D020000 		.4byte	0x27d
 235 01a7 14       		.byte	0x14
 236 01a8 07       		.uleb128 0x7
 237 01a9 D5060000 		.4byte	.LASF36
 238 01ad 05       		.byte	0x5
 239 01ae D2       		.byte	0xd2
 240 01af 02070000 		.4byte	0x702
 241 01b3 18       		.byte	0x18
 242 01b4 07       		.uleb128 0x7
 243 01b5 D1020000 		.4byte	.LASF37
 244 01b9 05       		.byte	0x5
 245 01ba D8       		.byte	0xd8
 246 01bb 19070000 		.4byte	0x719
 247 01bf 1C       		.byte	0x1c
 248 01c0 07       		.uleb128 0x7
 249 01c1 1B050000 		.4byte	.LASF38
 250 01c5 05       		.byte	0x5
 251 01c6 DD       		.byte	0xdd
 252 01c7 EC000000 		.4byte	0xec
 253 01cb 20       		.byte	0x20
 254 01cc 07       		.uleb128 0x7
 255 01cd 5D050000 		.4byte	.LASF39
 256 01d1 05       		.byte	0x5
 257 01d2 E1       		.byte	0xe1
 258 01d3 E1000000 		.4byte	0xe1
 259 01d7 21       		.byte	0x21
 260 01d8 07       		.uleb128 0x7
 261 01d9 95060000 		.4byte	.LASF40
 262 01dd 05       		.byte	0x5
 263 01de E6       		.byte	0xe6
 264 01df F7000000 		.4byte	0xf7
 265 01e3 22       		.byte	0x22
 266 01e4 07       		.uleb128 0x7
 267 01e5 23050000 		.4byte	.LASF41
 268 01e9 05       		.byte	0x5
 269 01ea EC       		.byte	0xec
 270 01eb 02010000 		.4byte	0x102
 271 01ef 23       		.byte	0x23
 272 01f0 07       		.uleb128 0x7
 273 01f1 71060000 		.4byte	.LASF42
 274 01f5 05       		.byte	0x5
 275 01f6 F3       		.byte	0xf3
 276 01f7 44010000 		.4byte	0x144
 277 01fb 24       		.byte	0x24
 278 01fc 08       		.uleb128 0x8
 279 01fd 705F7500 		.ascii	"p_u\000"
 280 0201 05       		.byte	0x5
 281 0202 3101     		.2byte	0x131
 282 0204 3D060000 		.4byte	0x63d
 283 0208 28       		.byte	0x28
 284 0209 09       		.uleb128 0x9
 285 020a 17070000 		.4byte	.LASF43
ARM GAS  /tmp/ccXmaMez.s 			page 6


 286 020e 05       		.byte	0x5
 287 020f 3601     		.2byte	0x136
 288 0211 83020000 		.4byte	0x283
 289 0215 2C       		.byte	0x2c
 290 0216 09       		.uleb128 0x9
 291 0217 78060000 		.4byte	.LASF44
 292 021b 05       		.byte	0x5
 293 021c 3C01     		.2byte	0x13c
 294 021e A7020000 		.4byte	0x2a7
 295 0222 30       		.byte	0x30
 296 0223 09       		.uleb128 0x9
 297 0224 F4060000 		.4byte	.LASF45
 298 0228 05       		.byte	0x5
 299 0229 4001     		.2byte	0x140
 300 022b 18010000 		.4byte	0x118
 301 022f 38       		.byte	0x38
 302 0230 09       		.uleb128 0x9
 303 0231 A0050000 		.4byte	.LASF46
 304 0235 05       		.byte	0x5
 305 0236 4601     		.2byte	0x146
 306 0238 23010000 		.4byte	0x123
 307 023c 3C       		.byte	0x3c
 308 023d 09       		.uleb128 0x9
 309 023e 07050000 		.4byte	.LASF47
 310 0242 05       		.byte	0x5
 311 0243 4D01     		.2byte	0x14d
 312 0245 FC060000 		.4byte	0x6fc
 313 0249 40       		.byte	0x40
 314 024a 09       		.uleb128 0x9
 315 024b 35060000 		.4byte	.LASF48
 316 024f 05       		.byte	0x5
 317 0250 5101     		.2byte	0x151
 318 0252 0D010000 		.4byte	0x10d
 319 0256 44       		.byte	0x44
 320 0257 09       		.uleb128 0x9
 321 0258 32020000 		.4byte	.LASF49
 322 025c 05       		.byte	0x5
 323 025d 5801     		.2byte	0x158
 324 025f 5A030000 		.4byte	0x35a
 325 0263 48       		.byte	0x48
 326 0264 09       		.uleb128 0x9
 327 0265 9C060000 		.4byte	.LASF50
 328 0269 05       		.byte	0x5
 329 026a 6201     		.2byte	0x162
 330 026c 8C000000 		.4byte	0x8c
 331 0270 4C       		.byte	0x4c
 332 0271 00       		.byte	0
 333 0272 03       		.uleb128 0x3
 334 0273 F3030000 		.4byte	.LASF51
 335 0277 04       		.byte	0x4
 336 0278 44       		.byte	0x44
 337 0279 7D020000 		.4byte	0x27d
 338 027d 0A       		.uleb128 0xa
 339 027e 04       		.byte	0x4
 340 027f 49010000 		.4byte	0x149
 341 0283 03       		.uleb128 0x3
 342 0284 E5060000 		.4byte	.LASF52
ARM GAS  /tmp/ccXmaMez.s 			page 7


 343 0288 04       		.byte	0x4
 344 0289 49       		.byte	0x49
 345 028a 8E020000 		.4byte	0x28e
 346 028e 06       		.uleb128 0x6
 347 028f D9050000 		.4byte	.LASF54
 348 0293 04       		.byte	0x4
 349 0294 05       		.byte	0x5
 350 0295 B0       		.byte	0xb0
 351 0296 A7020000 		.4byte	0x2a7
 352 029a 07       		.uleb128 0x7
 353 029b 3F050000 		.4byte	.LASF30
 354 029f 05       		.byte	0x5
 355 02a0 B1       		.byte	0xb1
 356 02a1 7D020000 		.4byte	0x27d
 357 02a5 00       		.byte	0
 358 02a6 00       		.byte	0
 359 02a7 03       		.uleb128 0x3
 360 02a8 65050000 		.4byte	.LASF55
 361 02ac 04       		.byte	0x4
 362 02ad 50       		.byte	0x50
 363 02ae B2020000 		.4byte	0x2b2
 364 02b2 06       		.uleb128 0x6
 365 02b3 C4010000 		.4byte	.LASF56
 366 02b7 08       		.byte	0x8
 367 02b8 05       		.byte	0x5
 368 02b9 B7       		.byte	0xb7
 369 02ba D7020000 		.4byte	0x2d7
 370 02be 07       		.uleb128 0x7
 371 02bf 3F050000 		.4byte	.LASF30
 372 02c3 05       		.byte	0x5
 373 02c4 B8       		.byte	0xb8
 374 02c5 7D020000 		.4byte	0x27d
 375 02c9 00       		.byte	0
 376 02ca 07       		.uleb128 0x7
 377 02cb CC040000 		.4byte	.LASF31
 378 02cf 05       		.byte	0x5
 379 02d0 B9       		.byte	0xb9
 380 02d1 7D020000 		.4byte	0x27d
 381 02d5 04       		.byte	0x4
 382 02d6 00       		.byte	0
 383 02d7 03       		.uleb128 0x3
 384 02d8 0D000000 		.4byte	.LASF57
 385 02dc 04       		.byte	0x4
 386 02dd 57       		.byte	0x57
 387 02de E2020000 		.4byte	0x2e2
 388 02e2 0B       		.uleb128 0xb
 389 02e3 A1030000 		.4byte	.LASF58
 390 02e7 1C       		.byte	0x1c
 391 02e8 05       		.byte	0x5
 392 02e9 9001     		.2byte	0x190
 393 02eb 3E030000 		.4byte	0x33e
 394 02ef 09       		.uleb128 0x9
 395 02f0 C6050000 		.4byte	.LASF59
 396 02f4 05       		.byte	0x5
 397 02f5 9101     		.2byte	0x191
 398 02f7 A7020000 		.4byte	0x2a7
 399 02fb 00       		.byte	0
ARM GAS  /tmp/ccXmaMez.s 			page 8


 400 02fc 09       		.uleb128 0x9
 401 02fd E4030000 		.4byte	.LASF60
 402 0301 05       		.byte	0x5
 403 0302 9201     		.2byte	0x192
 404 0304 0D010000 		.4byte	0x10d
 405 0308 08       		.byte	0x8
 406 0309 09       		.uleb128 0x9
 407 030a 56040000 		.4byte	.LASF61
 408 030e 05       		.byte	0x5
 409 030f 9401     		.2byte	0x194
 410 0311 BD040000 		.4byte	0x4bd
 411 0315 0C       		.byte	0xc
 412 0316 09       		.uleb128 0x9
 413 0317 9B020000 		.4byte	.LASF62
 414 031b 05       		.byte	0x5
 415 031c 9701     		.2byte	0x197
 416 031e 7D020000 		.4byte	0x27d
 417 0322 10       		.byte	0x10
 418 0323 09       		.uleb128 0x9
 419 0324 6E040000 		.4byte	.LASF63
 420 0328 05       		.byte	0x5
 421 0329 9801     		.2byte	0x198
 422 032b 7D020000 		.4byte	0x27d
 423 032f 14       		.byte	0x14
 424 0330 09       		.uleb128 0x9
 425 0331 64040000 		.4byte	.LASF64
 426 0335 05       		.byte	0x5
 427 0336 9B01     		.2byte	0x19b
 428 0338 7D020000 		.4byte	0x27d
 429 033c 18       		.byte	0x18
 430 033d 00       		.byte	0
 431 033e 03       		.uleb128 0x3
 432 033f 40060000 		.4byte	.LASF65
 433 0343 04       		.byte	0x4
 434 0344 5C       		.byte	0x5c
 435 0345 49030000 		.4byte	0x349
 436 0349 0A       		.uleb128 0xa
 437 034a 04       		.byte	0x4
 438 034b 4F030000 		.4byte	0x34f
 439 034f 0C       		.uleb128 0xc
 440 0350 5A030000 		.4byte	0x35a
 441 0354 0D       		.uleb128 0xd
 442 0355 5A030000 		.4byte	0x35a
 443 0359 00       		.byte	0
 444 035a 0E       		.uleb128 0xe
 445 035b 04       		.byte	0x4
 446 035c 03       		.uleb128 0x3
 447 035d BC040000 		.4byte	.LASF66
 448 0361 04       		.byte	0x4
 449 0362 61       		.byte	0x61
 450 0363 67030000 		.4byte	0x367
 451 0367 0B       		.uleb128 0xb
 452 0368 75050000 		.4byte	.LASF67
 453 036c 14       		.byte	0x14
 454 036d 05       		.byte	0x5
 455 036e 6B01     		.2byte	0x16b
 456 0370 B6030000 		.4byte	0x3b6
ARM GAS  /tmp/ccXmaMez.s 			page 9


 457 0374 09       		.uleb128 0x9
 458 0375 E9020000 		.4byte	.LASF68
 459 0379 05       		.byte	0x5
 460 037a 6C01     		.2byte	0x16c
 461 037c 1F070000 		.4byte	0x71f
 462 0380 00       		.byte	0
 463 0381 09       		.uleb128 0x9
 464 0382 AC020000 		.4byte	.LASF69
 465 0386 05       		.byte	0x5
 466 0387 6D01     		.2byte	0x16d
 467 0389 1F070000 		.4byte	0x71f
 468 038d 04       		.byte	0x4
 469 038e 09       		.uleb128 0x9
 470 038f 08030000 		.4byte	.LASF70
 471 0393 05       		.byte	0x5
 472 0394 6E01     		.2byte	0x16e
 473 0396 39010000 		.4byte	0x139
 474 039a 08       		.byte	0x8
 475 039b 09       		.uleb128 0x9
 476 039c 1D040000 		.4byte	.LASF71
 477 03a0 05       		.byte	0x5
 478 03a1 6F01     		.2byte	0x16f
 479 03a3 3E030000 		.4byte	0x33e
 480 03a7 0C       		.byte	0xc
 481 03a8 09       		.uleb128 0x9
 482 03a9 83060000 		.4byte	.LASF72
 483 03ad 05       		.byte	0x5
 484 03ae 7101     		.2byte	0x171
 485 03b0 5A030000 		.4byte	0x35a
 486 03b4 10       		.byte	0x10
 487 03b5 00       		.byte	0
 488 03b6 03       		.uleb128 0x3
 489 03b7 A1010000 		.4byte	.LASF73
 490 03bb 04       		.byte	0x4
 491 03bc 66       		.byte	0x66
 492 03bd C1030000 		.4byte	0x3c1
 493 03c1 0B       		.uleb128 0xb
 494 03c2 06040000 		.4byte	.LASF74
 495 03c6 10       		.byte	0x10
 496 03c7 05       		.byte	0x5
 497 03c8 7B01     		.2byte	0x17b
 498 03ca 03040000 		.4byte	0x403
 499 03ce 09       		.uleb128 0x9
 500 03cf E9020000 		.4byte	.LASF68
 501 03d3 05       		.byte	0x5
 502 03d4 7C01     		.2byte	0x17c
 503 03d6 1F070000 		.4byte	0x71f
 504 03da 00       		.byte	0
 505 03db 09       		.uleb128 0x9
 506 03dc AC020000 		.4byte	.LASF69
 507 03e0 05       		.byte	0x5
 508 03e1 7E01     		.2byte	0x17e
 509 03e3 1F070000 		.4byte	0x71f
 510 03e7 04       		.byte	0x4
 511 03e8 09       		.uleb128 0x9
 512 03e9 08030000 		.4byte	.LASF70
 513 03ed 05       		.byte	0x5
ARM GAS  /tmp/ccXmaMez.s 			page 10


 514 03ee 8001     		.2byte	0x180
 515 03f0 39010000 		.4byte	0x139
 516 03f4 08       		.byte	0x8
 517 03f5 09       		.uleb128 0x9
 518 03f6 CE050000 		.4byte	.LASF75
 519 03fa 05       		.byte	0x5
 520 03fb 8201     		.2byte	0x182
 521 03fd 44010000 		.4byte	0x144
 522 0401 0C       		.byte	0xc
 523 0402 00       		.byte	0
 524 0403 03       		.uleb128 0x3
 525 0404 11030000 		.4byte	.LASF76
 526 0408 04       		.byte	0x4
 527 0409 6B       		.byte	0x6b
 528 040a 0E040000 		.4byte	0x40e
 529 040e 0B       		.uleb128 0xb
 530 040f DB040000 		.4byte	.LASF77
 531 0413 04       		.byte	0x4
 532 0414 05       		.byte	0x5
 533 0415 A201     		.2byte	0x1a2
 534 0417 29040000 		.4byte	0x429
 535 041b 09       		.uleb128 0x9
 536 041c 54060000 		.4byte	.LASF78
 537 0420 05       		.byte	0x5
 538 0421 AA01     		.2byte	0x1aa
 539 0423 08070000 		.4byte	0x708
 540 0427 00       		.byte	0
 541 0428 00       		.byte	0
 542 0429 03       		.uleb128 0x3
 543 042a 89030000 		.4byte	.LASF79
 544 042e 04       		.byte	0x4
 545 042f 70       		.byte	0x70
 546 0430 34040000 		.4byte	0x434
 547 0434 0F       		.uleb128 0xf
 548 0435 53020000 		.4byte	.LASF80
 549 0439 6802     		.2byte	0x268
 550 043b 05       		.byte	0x5
 551 043c C201     		.2byte	0x1c2
 552 043e 90040000 		.4byte	0x490
 553 0442 09       		.uleb128 0x9
 554 0443 AB060000 		.4byte	.LASF81
 555 0447 05       		.byte	0x5
 556 0448 C601     		.2byte	0x1c6
 557 044a D7020000 		.4byte	0x2d7
 558 044e 00       		.byte	0
 559 044f 09       		.uleb128 0x9
 560 0450 54000000 		.4byte	.LASF82
 561 0454 05       		.byte	0x5
 562 0455 CA01     		.2byte	0x1ca
 563 0457 B6030000 		.4byte	0x3b6
 564 045b 1C       		.byte	0x1c
 565 045c 08       		.uleb128 0x8
 566 045d 64626700 		.ascii	"dbg\000"
 567 0461 05       		.byte	0x5
 568 0462 CE01     		.2byte	0x1ce
 569 0464 03040000 		.4byte	0x403
 570 0468 2C       		.byte	0x2c
ARM GAS  /tmp/ccXmaMez.s 			page 11


 571 0469 09       		.uleb128 0x9
 572 046a 96010000 		.4byte	.LASF83
 573 046e 05       		.byte	0x5
 574 046f D201     		.2byte	0x1d2
 575 0471 49010000 		.4byte	0x149
 576 0475 30       		.byte	0x30
 577 0476 08       		.uleb128 0x8
 578 0477 746D00   		.ascii	"tm\000"
 579 047a 05       		.byte	0x5
 580 047b D701     		.2byte	0x1d7
 581 047d 32060000 		.4byte	0x632
 582 0481 80       		.byte	0x80
 583 0482 09       		.uleb128 0x9
 584 0483 BC020000 		.4byte	.LASF84
 585 0487 05       		.byte	0x5
 586 0488 E301     		.2byte	0x1e3
 587 048a 25070000 		.4byte	0x725
 588 048e 88       		.byte	0x88
 589 048f 00       		.byte	0
 590 0490 10       		.uleb128 0x10
 591 0491 B7010000 		.4byte	.LASF85
 592 0495 06       		.byte	0x6
 593 0496 A706     		.2byte	0x6a7
 594 0498 BB000000 		.4byte	0xbb
 595 049c 11       		.uleb128 0x11
 596 049d F1020000 		.4byte	.LASF86
 597 04a1 07       		.byte	0x7
 598 04a2 4C       		.byte	0x4c
 599 04a3 C0000000 		.4byte	0xc0
 600 04a7 03       		.uleb128 0x3
 601 04a8 A3020000 		.4byte	.LASF87
 602 04ac 08       		.byte	0x8
 603 04ad 65       		.byte	0x65
 604 04ae 5A030000 		.4byte	0x35a
 605 04b2 03       		.uleb128 0x3
 606 04b3 C5030000 		.4byte	.LASF88
 607 04b7 08       		.byte	0x8
 608 04b8 6D       		.byte	0x6d
 609 04b9 CB000000 		.4byte	0xcb
 610 04bd 06       		.uleb128 0x6
 611 04be 3D030000 		.4byte	.LASF89
 612 04c2 04       		.byte	0x4
 613 04c3 08       		.byte	0x8
 614 04c4 89       		.byte	0x89
 615 04c5 D6040000 		.4byte	0x4d6
 616 04c9 12       		.uleb128 0x12
 617 04ca 72313300 		.ascii	"r13\000"
 618 04ce 08       		.byte	0x8
 619 04cf 8A       		.byte	0x8a
 620 04d0 17060000 		.4byte	0x617
 621 04d4 00       		.byte	0
 622 04d5 00       		.byte	0
 623 04d6 06       		.uleb128 0x6
 624 04d7 48000000 		.4byte	.LASF90
 625 04db 64       		.byte	0x64
 626 04dc 09       		.byte	0x9
 627 04dd F4       		.byte	0xf4
ARM GAS  /tmp/ccXmaMez.s 			page 12


 628 04de 17060000 		.4byte	0x617
 629 04e2 12       		.uleb128 0x12
 630 04e3 73313600 		.ascii	"s16\000"
 631 04e7 09       		.byte	0x9
 632 04e8 F6       		.byte	0xf6
 633 04e9 A7040000 		.4byte	0x4a7
 634 04ed 00       		.byte	0
 635 04ee 12       		.uleb128 0x12
 636 04ef 73313700 		.ascii	"s17\000"
 637 04f3 09       		.byte	0x9
 638 04f4 F7       		.byte	0xf7
 639 04f5 A7040000 		.4byte	0x4a7
 640 04f9 04       		.byte	0x4
 641 04fa 12       		.uleb128 0x12
 642 04fb 73313800 		.ascii	"s18\000"
 643 04ff 09       		.byte	0x9
 644 0500 F8       		.byte	0xf8
 645 0501 A7040000 		.4byte	0x4a7
 646 0505 08       		.byte	0x8
 647 0506 12       		.uleb128 0x12
 648 0507 73313900 		.ascii	"s19\000"
 649 050b 09       		.byte	0x9
 650 050c F9       		.byte	0xf9
 651 050d A7040000 		.4byte	0x4a7
 652 0511 0C       		.byte	0xc
 653 0512 12       		.uleb128 0x12
 654 0513 73323000 		.ascii	"s20\000"
 655 0517 09       		.byte	0x9
 656 0518 FA       		.byte	0xfa
 657 0519 A7040000 		.4byte	0x4a7
 658 051d 10       		.byte	0x10
 659 051e 12       		.uleb128 0x12
 660 051f 73323100 		.ascii	"s21\000"
 661 0523 09       		.byte	0x9
 662 0524 FB       		.byte	0xfb
 663 0525 A7040000 		.4byte	0x4a7
 664 0529 14       		.byte	0x14
 665 052a 12       		.uleb128 0x12
 666 052b 73323200 		.ascii	"s22\000"
 667 052f 09       		.byte	0x9
 668 0530 FC       		.byte	0xfc
 669 0531 A7040000 		.4byte	0x4a7
 670 0535 18       		.byte	0x18
 671 0536 12       		.uleb128 0x12
 672 0537 73323300 		.ascii	"s23\000"
 673 053b 09       		.byte	0x9
 674 053c FD       		.byte	0xfd
 675 053d A7040000 		.4byte	0x4a7
 676 0541 1C       		.byte	0x1c
 677 0542 12       		.uleb128 0x12
 678 0543 73323400 		.ascii	"s24\000"
 679 0547 09       		.byte	0x9
 680 0548 FE       		.byte	0xfe
 681 0549 A7040000 		.4byte	0x4a7
 682 054d 20       		.byte	0x20
 683 054e 12       		.uleb128 0x12
 684 054f 73323500 		.ascii	"s25\000"
ARM GAS  /tmp/ccXmaMez.s 			page 13


 685 0553 09       		.byte	0x9
 686 0554 FF       		.byte	0xff
 687 0555 A7040000 		.4byte	0x4a7
 688 0559 24       		.byte	0x24
 689 055a 08       		.uleb128 0x8
 690 055b 73323600 		.ascii	"s26\000"
 691 055f 09       		.byte	0x9
 692 0560 0001     		.2byte	0x100
 693 0562 A7040000 		.4byte	0x4a7
 694 0566 28       		.byte	0x28
 695 0567 08       		.uleb128 0x8
 696 0568 73323700 		.ascii	"s27\000"
 697 056c 09       		.byte	0x9
 698 056d 0101     		.2byte	0x101
 699 056f A7040000 		.4byte	0x4a7
 700 0573 2C       		.byte	0x2c
 701 0574 08       		.uleb128 0x8
 702 0575 73323800 		.ascii	"s28\000"
 703 0579 09       		.byte	0x9
 704 057a 0201     		.2byte	0x102
 705 057c A7040000 		.4byte	0x4a7
 706 0580 30       		.byte	0x30
 707 0581 08       		.uleb128 0x8
 708 0582 73323900 		.ascii	"s29\000"
 709 0586 09       		.byte	0x9
 710 0587 0301     		.2byte	0x103
 711 0589 A7040000 		.4byte	0x4a7
 712 058d 34       		.byte	0x34
 713 058e 08       		.uleb128 0x8
 714 058f 73333000 		.ascii	"s30\000"
 715 0593 09       		.byte	0x9
 716 0594 0401     		.2byte	0x104
 717 0596 A7040000 		.4byte	0x4a7
 718 059a 38       		.byte	0x38
 719 059b 08       		.uleb128 0x8
 720 059c 73333100 		.ascii	"s31\000"
 721 05a0 09       		.byte	0x9
 722 05a1 0501     		.2byte	0x105
 723 05a3 A7040000 		.4byte	0x4a7
 724 05a7 3C       		.byte	0x3c
 725 05a8 08       		.uleb128 0x8
 726 05a9 723400   		.ascii	"r4\000"
 727 05ac 09       		.byte	0x9
 728 05ad 0701     		.2byte	0x107
 729 05af A7040000 		.4byte	0x4a7
 730 05b3 40       		.byte	0x40
 731 05b4 08       		.uleb128 0x8
 732 05b5 723500   		.ascii	"r5\000"
 733 05b8 09       		.byte	0x9
 734 05b9 0801     		.2byte	0x108
 735 05bb A7040000 		.4byte	0x4a7
 736 05bf 44       		.byte	0x44
 737 05c0 08       		.uleb128 0x8
 738 05c1 723600   		.ascii	"r6\000"
 739 05c4 09       		.byte	0x9
 740 05c5 0901     		.2byte	0x109
 741 05c7 A7040000 		.4byte	0x4a7
ARM GAS  /tmp/ccXmaMez.s 			page 14


 742 05cb 48       		.byte	0x48
 743 05cc 08       		.uleb128 0x8
 744 05cd 723700   		.ascii	"r7\000"
 745 05d0 09       		.byte	0x9
 746 05d1 0A01     		.2byte	0x10a
 747 05d3 A7040000 		.4byte	0x4a7
 748 05d7 4C       		.byte	0x4c
 749 05d8 08       		.uleb128 0x8
 750 05d9 723800   		.ascii	"r8\000"
 751 05dc 09       		.byte	0x9
 752 05dd 0B01     		.2byte	0x10b
 753 05df A7040000 		.4byte	0x4a7
 754 05e3 50       		.byte	0x50
 755 05e4 08       		.uleb128 0x8
 756 05e5 723900   		.ascii	"r9\000"
 757 05e8 09       		.byte	0x9
 758 05e9 0C01     		.2byte	0x10c
 759 05eb A7040000 		.4byte	0x4a7
 760 05ef 54       		.byte	0x54
 761 05f0 08       		.uleb128 0x8
 762 05f1 72313000 		.ascii	"r10\000"
 763 05f5 09       		.byte	0x9
 764 05f6 0D01     		.2byte	0x10d
 765 05f8 A7040000 		.4byte	0x4a7
 766 05fc 58       		.byte	0x58
 767 05fd 08       		.uleb128 0x8
 768 05fe 72313100 		.ascii	"r11\000"
 769 0602 09       		.byte	0x9
 770 0603 0E01     		.2byte	0x10e
 771 0605 A7040000 		.4byte	0x4a7
 772 0609 5C       		.byte	0x5c
 773 060a 08       		.uleb128 0x8
 774 060b 6C7200   		.ascii	"lr\000"
 775 060e 09       		.byte	0x9
 776 060f 0F01     		.2byte	0x10f
 777 0611 A7040000 		.4byte	0x4a7
 778 0615 60       		.byte	0x60
 779 0616 00       		.byte	0
 780 0617 0A       		.uleb128 0xa
 781 0618 04       		.byte	0x4
 782 0619 D6040000 		.4byte	0x4d6
 783 061d 13       		.uleb128 0x13
 784 061e 04       		.byte	0x4
 785 061f 0A       		.byte	0xa
 786 0620 38       		.byte	0x38
 787 0621 32060000 		.4byte	0x632
 788 0625 07       		.uleb128 0x7
 789 0626 6A060000 		.4byte	.LASF91
 790 062a 0A       		.byte	0xa
 791 062b 3C       		.byte	0x3c
 792 062c D6000000 		.4byte	0xd6
 793 0630 00       		.byte	0
 794 0631 00       		.byte	0
 795 0632 03       		.uleb128 0x3
 796 0633 31040000 		.4byte	.LASF92
 797 0637 0A       		.byte	0xa
 798 0638 3D       		.byte	0x3d
ARM GAS  /tmp/ccXmaMez.s 			page 15


 799 0639 1D060000 		.4byte	0x61d
 800 063d 14       		.uleb128 0x14
 801 063e 04       		.byte	0x4
 802 063f 05       		.byte	0x5
 803 0640 FA       		.byte	0xfa
 804 0641 9A060000 		.4byte	0x69a
 805 0645 15       		.uleb128 0x15
 806 0646 20000000 		.4byte	.LASF93
 807 064a 05       		.byte	0x5
 808 064b 0101     		.2byte	0x101
 809 064d 18010000 		.4byte	0x118
 810 0651 15       		.uleb128 0x15
 811 0652 92020000 		.4byte	.LASF94
 812 0656 05       		.byte	0x5
 813 0657 0801     		.2byte	0x108
 814 0659 18010000 		.4byte	0x118
 815 065d 15       		.uleb128 0x15
 816 065e 42020000 		.4byte	.LASF95
 817 0662 05       		.byte	0x5
 818 0663 0F01     		.2byte	0x10f
 819 0665 5A030000 		.4byte	0x35a
 820 0669 15       		.uleb128 0x15
 821 066a 1A000000 		.4byte	.LASF96
 822 066e 05       		.byte	0x5
 823 066f 1601     		.2byte	0x116
 824 0671 9A060000 		.4byte	0x69a
 825 0675 15       		.uleb128 0x15
 826 0676 01030000 		.4byte	.LASF97
 827 067a 05       		.byte	0x5
 828 067b 1E01     		.2byte	0x11e
 829 067d C5060000 		.4byte	0x6c5
 830 0681 15       		.uleb128 0x15
 831 0682 09060000 		.4byte	.LASF98
 832 0686 05       		.byte	0x5
 833 0687 2701     		.2byte	0x127
 834 0689 FC060000 		.4byte	0x6fc
 835 068d 15       		.uleb128 0x15
 836 068e 38050000 		.4byte	.LASF99
 837 0692 05       		.byte	0x5
 838 0693 2F01     		.2byte	0x12f
 839 0695 23010000 		.4byte	0x123
 840 0699 00       		.byte	0
 841 069a 0A       		.uleb128 0xa
 842 069b 04       		.byte	0x4
 843 069c 72020000 		.4byte	0x272
 844 06a0 06       		.uleb128 0x6
 845 06a1 93050000 		.4byte	.LASF100
 846 06a5 0C       		.byte	0xc
 847 06a6 0B       		.byte	0xb
 848 06a7 34       		.byte	0x34
 849 06a8 C5060000 		.4byte	0x6c5
 850 06ac 07       		.uleb128 0x7
 851 06ad 8A020000 		.4byte	.LASF101
 852 06b1 0B       		.byte	0xb
 853 06b2 35       		.byte	0x35
 854 06b3 A7020000 		.4byte	0x2a7
 855 06b7 00       		.byte	0
ARM GAS  /tmp/ccXmaMez.s 			page 16


 856 06b8 07       		.uleb128 0x7
 857 06b9 37030000 		.4byte	.LASF102
 858 06bd 0B       		.byte	0xb
 859 06be 37       		.byte	0x37
 860 06bf 2E010000 		.4byte	0x12e
 861 06c3 08       		.byte	0x8
 862 06c4 00       		.byte	0
 863 06c5 0A       		.uleb128 0xa
 864 06c6 04       		.byte	0x4
 865 06c7 A0060000 		.4byte	0x6a0
 866 06cb 06       		.uleb128 0x6
 867 06cc CC060000 		.4byte	.LASF103
 868 06d0 10       		.byte	0x10
 869 06d1 0C       		.byte	0xc
 870 06d2 39       		.byte	0x39
 871 06d3 FC060000 		.4byte	0x6fc
 872 06d7 07       		.uleb128 0x7
 873 06d8 3A020000 		.4byte	.LASF104
 874 06dc 0C       		.byte	0xc
 875 06dd 3A       		.byte	0x3a
 876 06de A7020000 		.4byte	0x2a7
 877 06e2 00       		.byte	0
 878 06e3 07       		.uleb128 0x7
 879 06e4 FA060000 		.4byte	.LASF105
 880 06e8 0C       		.byte	0xc
 881 06e9 3C       		.byte	0x3c
 882 06ea 7D020000 		.4byte	0x27d
 883 06ee 08       		.byte	0x8
 884 06ef 07       		.uleb128 0x7
 885 06f0 24060000 		.4byte	.LASF106
 886 06f4 0C       		.byte	0xc
 887 06f5 3E       		.byte	0x3e
 888 06f6 57080000 		.4byte	0x857
 889 06fa 0C       		.byte	0xc
 890 06fb 00       		.byte	0
 891 06fc 0A       		.uleb128 0xa
 892 06fd 04       		.byte	0x4
 893 06fe CB060000 		.4byte	0x6cb
 894 0702 0A       		.uleb128 0xa
 895 0703 04       		.byte	0x4
 896 0704 14070000 		.4byte	0x714
 897 0708 05       		.uleb128 0x5
 898 0709 02070000 		.4byte	0x702
 899 070d 02       		.uleb128 0x2
 900 070e 01       		.byte	0x1
 901 070f 08       		.byte	0x8
 902 0710 04060000 		.4byte	.LASF107
 903 0714 16       		.uleb128 0x16
 904 0715 0D070000 		.4byte	0x70d
 905 0719 0A       		.uleb128 0xa
 906 071a 04       		.byte	0x4
 907 071b B2040000 		.4byte	0x4b2
 908 071f 0A       		.uleb128 0xa
 909 0720 04       		.byte	0x4
 910 0721 5C030000 		.4byte	0x35c
 911 0725 17       		.uleb128 0x17
 912 0726 B2040000 		.4byte	0x4b2
ARM GAS  /tmp/ccXmaMez.s 			page 17


 913 072a 35070000 		.4byte	0x735
 914 072e 18       		.uleb128 0x18
 915 072f 93000000 		.4byte	0x93
 916 0733 3B       		.byte	0x3b
 917 0734 00       		.byte	0
 918 0735 19       		.uleb128 0x19
 919 0736 636800   		.ascii	"ch\000"
 920 0739 05       		.byte	0x5
 921 073a 0902     		.2byte	0x209
 922 073c 29040000 		.4byte	0x429
 923 0740 13       		.uleb128 0x13
 924 0741 16       		.byte	0x16
 925 0742 0D       		.byte	0xd
 926 0743 34       		.byte	0x34
 927 0744 21080000 		.4byte	0x821
 928 0748 07       		.uleb128 0x7
 929 0749 29030000 		.4byte	.LASF108
 930 074d 0D       		.byte	0xd
 931 074e 35       		.byte	0x35
 932 074f 21080000 		.4byte	0x821
 933 0753 00       		.byte	0
 934 0754 07       		.uleb128 0x7
 935 0755 D0030000 		.4byte	.LASF109
 936 0759 0D       		.byte	0xd
 937 075a 36       		.byte	0x36
 938 075b 9A000000 		.4byte	0x9a
 939 075f 04       		.byte	0x4
 940 0760 07       		.uleb128 0x7
 941 0761 5C040000 		.4byte	.LASF110
 942 0765 0D       		.byte	0xd
 943 0766 37       		.byte	0x37
 944 0767 9A000000 		.4byte	0x9a
 945 076b 05       		.byte	0x5
 946 076c 07       		.uleb128 0x7
 947 076d 2D050000 		.4byte	.LASF111
 948 0771 0D       		.byte	0xd
 949 0772 38       		.byte	0x38
 950 0773 A5000000 		.4byte	0xa5
 951 0777 06       		.byte	0x6
 952 0778 07       		.uleb128 0x7
 953 0779 B1040000 		.4byte	.LASF112
 954 077d 0D       		.byte	0xd
 955 077e 39       		.byte	0x39
 956 077f 9A000000 		.4byte	0x9a
 957 0783 08       		.byte	0x8
 958 0784 07       		.uleb128 0x7
 959 0785 25040000 		.4byte	.LASF113
 960 0789 0D       		.byte	0xd
 961 078a 3A       		.byte	0x3a
 962 078b 9A000000 		.4byte	0x9a
 963 078f 09       		.byte	0x9
 964 0790 07       		.uleb128 0x7
 965 0791 3A000000 		.4byte	.LASF114
 966 0795 0D       		.byte	0xd
 967 0796 3B       		.byte	0x3b
 968 0797 9A000000 		.4byte	0x9a
 969 079b 0A       		.byte	0xa
ARM GAS  /tmp/ccXmaMez.s 			page 18


 970 079c 07       		.uleb128 0x7
 971 079d 5E060000 		.4byte	.LASF115
 972 07a1 0D       		.byte	0xd
 973 07a2 3C       		.byte	0x3c
 974 07a3 9A000000 		.4byte	0x9a
 975 07a7 0B       		.byte	0xb
 976 07a8 07       		.uleb128 0x7
 977 07a9 8A060000 		.4byte	.LASF116
 978 07ad 0D       		.byte	0xd
 979 07ae 3D       		.byte	0x3d
 980 07af 9A000000 		.4byte	0x9a
 981 07b3 0C       		.byte	0xc
 982 07b4 07       		.uleb128 0x7
 983 07b5 86050000 		.4byte	.LASF117
 984 07b9 0D       		.byte	0xd
 985 07ba 3E       		.byte	0x3e
 986 07bb 9A000000 		.4byte	0x9a
 987 07bf 0D       		.byte	0xd
 988 07c0 07       		.uleb128 0x7
 989 07c1 00000000 		.4byte	.LASF118
 990 07c5 0D       		.byte	0xd
 991 07c6 3F       		.byte	0x3f
 992 07c7 9A000000 		.4byte	0x9a
 993 07cb 0E       		.byte	0xe
 994 07cc 07       		.uleb128 0x7
 995 07cd 42040000 		.4byte	.LASF119
 996 07d1 0D       		.byte	0xd
 997 07d2 40       		.byte	0x40
 998 07d3 9A000000 		.4byte	0x9a
 999 07d7 0F       		.byte	0xf
 1000 07d8 07       		.uleb128 0x7
 1001 07d9 15020000 		.4byte	.LASF120
 1002 07dd 0D       		.byte	0xd
 1003 07de 41       		.byte	0x41
 1004 07df 9A000000 		.4byte	0x9a
 1005 07e3 10       		.byte	0x10
 1006 07e4 07       		.uleb128 0x7
 1007 07e5 DC010000 		.4byte	.LASF121
 1008 07e9 0D       		.byte	0xd
 1009 07ea 43       		.byte	0x43
 1010 07eb 9A000000 		.4byte	0x9a
 1011 07ef 11       		.byte	0x11
 1012 07f0 07       		.uleb128 0x7
 1013 07f1 25020000 		.4byte	.LASF122
 1014 07f5 0D       		.byte	0xd
 1015 07f6 44       		.byte	0x44
 1016 07f7 9A000000 		.4byte	0x9a
 1017 07fb 12       		.byte	0x12
 1018 07fc 07       		.uleb128 0x7
 1019 07fd D8030000 		.4byte	.LASF123
 1020 0801 0D       		.byte	0xd
 1021 0802 45       		.byte	0x45
 1022 0803 9A000000 		.4byte	0x9a
 1023 0807 13       		.byte	0x13
 1024 0808 07       		.uleb128 0x7
 1025 0809 4E050000 		.4byte	.LASF124
 1026 080d 0D       		.byte	0xd
ARM GAS  /tmp/ccXmaMez.s 			page 19


 1027 080e 46       		.byte	0x46
 1028 080f 9A000000 		.4byte	0x9a
 1029 0813 14       		.byte	0x14
 1030 0814 07       		.uleb128 0x7
 1031 0815 95030000 		.4byte	.LASF125
 1032 0819 0D       		.byte	0xd
 1033 081a 48       		.byte	0x48
 1034 081b 9A000000 		.4byte	0x9a
 1035 081f 15       		.byte	0x15
 1036 0820 00       		.byte	0
 1037 0821 17       		.uleb128 0x17
 1038 0822 0D070000 		.4byte	0x70d
 1039 0826 31080000 		.4byte	0x831
 1040 082a 18       		.uleb128 0x18
 1041 082b 93000000 		.4byte	0x93
 1042 082f 03       		.byte	0x3
 1043 0830 00       		.byte	0
 1044 0831 03       		.uleb128 0x3
 1045 0832 78020000 		.4byte	.LASF126
 1046 0836 0D       		.byte	0xd
 1047 0837 49       		.byte	0x49
 1048 0838 40070000 		.4byte	0x740
 1049 083c 16       		.uleb128 0x16
 1050 083d 31080000 		.4byte	0x831
 1051 0841 11       		.uleb128 0x11
 1052 0842 20030000 		.4byte	.LASF127
 1053 0846 0D       		.byte	0xd
 1054 0847 6E       		.byte	0x6e
 1055 0848 3C080000 		.4byte	0x83c
 1056 084c 03       		.uleb128 0x3
 1057 084d B4020000 		.4byte	.LASF128
 1058 0851 0C       		.byte	0xc
 1059 0852 34       		.byte	0x34
 1060 0853 CB060000 		.4byte	0x6cb
 1061 0857 0A       		.uleb128 0xa
 1062 0858 04       		.byte	0x4
 1063 0859 4C080000 		.4byte	0x84c
 1064 085d 02       		.uleb128 0x2
 1065 085e 04       		.byte	0x4
 1066 085f 04       		.byte	0x4
 1067 0860 81040000 		.4byte	.LASF129
 1068 0864 02       		.uleb128 0x2
 1069 0865 01       		.byte	0x1
 1070 0866 02       		.byte	0x2
 1071 0867 EB040000 		.4byte	.LASF130
 1072 086b 02       		.uleb128 0x2
 1073 086c 08       		.byte	0x8
 1074 086d 04       		.byte	0x4
 1075 086e 02070000 		.4byte	.LASF131
 1076 0872 1A       		.uleb128 0x1a
 1077 0873 18       		.byte	0x18
 1078 0874 0E       		.byte	0xe
 1079 0875 3D05     		.2byte	0x53d
 1080 0877 B0080000 		.4byte	0x8b0
 1081 087b 09       		.uleb128 0x9
 1082 087c B9060000 		.4byte	.LASF132
 1083 0880 0E       		.byte	0xe
ARM GAS  /tmp/ccXmaMez.s 			page 20


 1084 0881 3E05     		.2byte	0x53e
 1085 0883 C0000000 		.4byte	0xc0
 1086 0887 00       		.byte	0
 1087 0888 09       		.uleb128 0x9
 1088 0889 E9050000 		.4byte	.LASF133
 1089 088d 0E       		.byte	0xe
 1090 088e 3F05     		.2byte	0x53f
 1091 0890 CB000000 		.4byte	0xcb
 1092 0894 04       		.byte	0x4
 1093 0895 09       		.uleb128 0x9
 1094 0896 E9010000 		.4byte	.LASF134
 1095 089a 0E       		.byte	0xe
 1096 089b 4105     		.2byte	0x541
 1097 089d C0000000 		.4byte	0xc0
 1098 08a1 0C       		.byte	0xc
 1099 08a2 09       		.uleb128 0x9
 1100 08a3 09070000 		.4byte	.LASF135
 1101 08a7 0E       		.byte	0xe
 1102 08a8 4205     		.2byte	0x542
 1103 08aa CB000000 		.4byte	0xcb
 1104 08ae 10       		.byte	0x10
 1105 08af 00       		.byte	0
 1106 08b0 1B       		.uleb128 0x1b
 1107 08b1 BA050000 		.4byte	.LASF136
 1108 08b5 0E       		.byte	0xe
 1109 08b6 4305     		.2byte	0x543
 1110 08b8 72080000 		.4byte	0x872
 1111 08bc 05       		.uleb128 0x5
 1112 08bd B0080000 		.4byte	0x8b0
 1113 08c1 10       		.uleb128 0x10
 1114 08c2 58030000 		.4byte	.LASF137
 1115 08c6 0F       		.byte	0xf
 1116 08c7 6201     		.2byte	0x162
 1117 08c9 64080000 		.4byte	0x864
 1118 08cd 10       		.uleb128 0x10
 1119 08ce DC060000 		.4byte	.LASF138
 1120 08d2 0F       		.byte	0xf
 1121 08d3 6301     		.2byte	0x163
 1122 08d5 BC080000 		.4byte	0x8bc
 1123 08d9 00       		.byte	0
 1124              		.section	.debug_abbrev,"",%progbits
 1125              	.Ldebug_abbrev0:
 1126 0000 01       		.uleb128 0x1
 1127 0001 11       		.uleb128 0x11
 1128 0002 01       		.byte	0x1
 1129 0003 25       		.uleb128 0x25
 1130 0004 0E       		.uleb128 0xe
 1131 0005 13       		.uleb128 0x13
 1132 0006 0B       		.uleb128 0xb
 1133 0007 03       		.uleb128 0x3
 1134 0008 0E       		.uleb128 0xe
 1135 0009 1B       		.uleb128 0x1b
 1136 000a 0E       		.uleb128 0xe
 1137 000b 10       		.uleb128 0x10
 1138 000c 17       		.uleb128 0x17
 1139 000d 00       		.byte	0
 1140 000e 00       		.byte	0
ARM GAS  /tmp/ccXmaMez.s 			page 21


 1141 000f 02       		.uleb128 0x2
 1142 0010 24       		.uleb128 0x24
 1143 0011 00       		.byte	0
 1144 0012 0B       		.uleb128 0xb
 1145 0013 0B       		.uleb128 0xb
 1146 0014 3E       		.uleb128 0x3e
 1147 0015 0B       		.uleb128 0xb
 1148 0016 03       		.uleb128 0x3
 1149 0017 0E       		.uleb128 0xe
 1150 0018 00       		.byte	0
 1151 0019 00       		.byte	0
 1152 001a 03       		.uleb128 0x3
 1153 001b 16       		.uleb128 0x16
 1154 001c 00       		.byte	0
 1155 001d 03       		.uleb128 0x3
 1156 001e 0E       		.uleb128 0xe
 1157 001f 3A       		.uleb128 0x3a
 1158 0020 0B       		.uleb128 0xb
 1159 0021 3B       		.uleb128 0x3b
 1160 0022 0B       		.uleb128 0xb
 1161 0023 49       		.uleb128 0x49
 1162 0024 13       		.uleb128 0x13
 1163 0025 00       		.byte	0
 1164 0026 00       		.byte	0
 1165 0027 04       		.uleb128 0x4
 1166 0028 24       		.uleb128 0x24
 1167 0029 00       		.byte	0
 1168 002a 0B       		.uleb128 0xb
 1169 002b 0B       		.uleb128 0xb
 1170 002c 3E       		.uleb128 0x3e
 1171 002d 0B       		.uleb128 0xb
 1172 002e 03       		.uleb128 0x3
 1173 002f 08       		.uleb128 0x8
 1174 0030 00       		.byte	0
 1175 0031 00       		.byte	0
 1176 0032 05       		.uleb128 0x5
 1177 0033 35       		.uleb128 0x35
 1178 0034 00       		.byte	0
 1179 0035 49       		.uleb128 0x49
 1180 0036 13       		.uleb128 0x13
 1181 0037 00       		.byte	0
 1182 0038 00       		.byte	0
 1183 0039 06       		.uleb128 0x6
 1184 003a 13       		.uleb128 0x13
 1185 003b 01       		.byte	0x1
 1186 003c 03       		.uleb128 0x3
 1187 003d 0E       		.uleb128 0xe
 1188 003e 0B       		.uleb128 0xb
 1189 003f 0B       		.uleb128 0xb
 1190 0040 3A       		.uleb128 0x3a
 1191 0041 0B       		.uleb128 0xb
 1192 0042 3B       		.uleb128 0x3b
 1193 0043 0B       		.uleb128 0xb
 1194 0044 01       		.uleb128 0x1
 1195 0045 13       		.uleb128 0x13
 1196 0046 00       		.byte	0
 1197 0047 00       		.byte	0
ARM GAS  /tmp/ccXmaMez.s 			page 22


 1198 0048 07       		.uleb128 0x7
 1199 0049 0D       		.uleb128 0xd
 1200 004a 00       		.byte	0
 1201 004b 03       		.uleb128 0x3
 1202 004c 0E       		.uleb128 0xe
 1203 004d 3A       		.uleb128 0x3a
 1204 004e 0B       		.uleb128 0xb
 1205 004f 3B       		.uleb128 0x3b
 1206 0050 0B       		.uleb128 0xb
 1207 0051 49       		.uleb128 0x49
 1208 0052 13       		.uleb128 0x13
 1209 0053 38       		.uleb128 0x38
 1210 0054 0B       		.uleb128 0xb
 1211 0055 00       		.byte	0
 1212 0056 00       		.byte	0
 1213 0057 08       		.uleb128 0x8
 1214 0058 0D       		.uleb128 0xd
 1215 0059 00       		.byte	0
 1216 005a 03       		.uleb128 0x3
 1217 005b 08       		.uleb128 0x8
 1218 005c 3A       		.uleb128 0x3a
 1219 005d 0B       		.uleb128 0xb
 1220 005e 3B       		.uleb128 0x3b
 1221 005f 05       		.uleb128 0x5
 1222 0060 49       		.uleb128 0x49
 1223 0061 13       		.uleb128 0x13
 1224 0062 38       		.uleb128 0x38
 1225 0063 0B       		.uleb128 0xb
 1226 0064 00       		.byte	0
 1227 0065 00       		.byte	0
 1228 0066 09       		.uleb128 0x9
 1229 0067 0D       		.uleb128 0xd
 1230 0068 00       		.byte	0
 1231 0069 03       		.uleb128 0x3
 1232 006a 0E       		.uleb128 0xe
 1233 006b 3A       		.uleb128 0x3a
 1234 006c 0B       		.uleb128 0xb
 1235 006d 3B       		.uleb128 0x3b
 1236 006e 05       		.uleb128 0x5
 1237 006f 49       		.uleb128 0x49
 1238 0070 13       		.uleb128 0x13
 1239 0071 38       		.uleb128 0x38
 1240 0072 0B       		.uleb128 0xb
 1241 0073 00       		.byte	0
 1242 0074 00       		.byte	0
 1243 0075 0A       		.uleb128 0xa
 1244 0076 0F       		.uleb128 0xf
 1245 0077 00       		.byte	0
 1246 0078 0B       		.uleb128 0xb
 1247 0079 0B       		.uleb128 0xb
 1248 007a 49       		.uleb128 0x49
 1249 007b 13       		.uleb128 0x13
 1250 007c 00       		.byte	0
 1251 007d 00       		.byte	0
 1252 007e 0B       		.uleb128 0xb
 1253 007f 13       		.uleb128 0x13
 1254 0080 01       		.byte	0x1
ARM GAS  /tmp/ccXmaMez.s 			page 23


 1255 0081 03       		.uleb128 0x3
 1256 0082 0E       		.uleb128 0xe
 1257 0083 0B       		.uleb128 0xb
 1258 0084 0B       		.uleb128 0xb
 1259 0085 3A       		.uleb128 0x3a
 1260 0086 0B       		.uleb128 0xb
 1261 0087 3B       		.uleb128 0x3b
 1262 0088 05       		.uleb128 0x5
 1263 0089 01       		.uleb128 0x1
 1264 008a 13       		.uleb128 0x13
 1265 008b 00       		.byte	0
 1266 008c 00       		.byte	0
 1267 008d 0C       		.uleb128 0xc
 1268 008e 15       		.uleb128 0x15
 1269 008f 01       		.byte	0x1
 1270 0090 27       		.uleb128 0x27
 1271 0091 19       		.uleb128 0x19
 1272 0092 01       		.uleb128 0x1
 1273 0093 13       		.uleb128 0x13
 1274 0094 00       		.byte	0
 1275 0095 00       		.byte	0
 1276 0096 0D       		.uleb128 0xd
 1277 0097 05       		.uleb128 0x5
 1278 0098 00       		.byte	0
 1279 0099 49       		.uleb128 0x49
 1280 009a 13       		.uleb128 0x13
 1281 009b 00       		.byte	0
 1282 009c 00       		.byte	0
 1283 009d 0E       		.uleb128 0xe
 1284 009e 0F       		.uleb128 0xf
 1285 009f 00       		.byte	0
 1286 00a0 0B       		.uleb128 0xb
 1287 00a1 0B       		.uleb128 0xb
 1288 00a2 00       		.byte	0
 1289 00a3 00       		.byte	0
 1290 00a4 0F       		.uleb128 0xf
 1291 00a5 13       		.uleb128 0x13
 1292 00a6 01       		.byte	0x1
 1293 00a7 03       		.uleb128 0x3
 1294 00a8 0E       		.uleb128 0xe
 1295 00a9 0B       		.uleb128 0xb
 1296 00aa 05       		.uleb128 0x5
 1297 00ab 3A       		.uleb128 0x3a
 1298 00ac 0B       		.uleb128 0xb
 1299 00ad 3B       		.uleb128 0x3b
 1300 00ae 05       		.uleb128 0x5
 1301 00af 01       		.uleb128 0x1
 1302 00b0 13       		.uleb128 0x13
 1303 00b1 00       		.byte	0
 1304 00b2 00       		.byte	0
 1305 00b3 10       		.uleb128 0x10
 1306 00b4 34       		.uleb128 0x34
 1307 00b5 00       		.byte	0
 1308 00b6 03       		.uleb128 0x3
 1309 00b7 0E       		.uleb128 0xe
 1310 00b8 3A       		.uleb128 0x3a
 1311 00b9 0B       		.uleb128 0xb
ARM GAS  /tmp/ccXmaMez.s 			page 24


 1312 00ba 3B       		.uleb128 0x3b
 1313 00bb 05       		.uleb128 0x5
 1314 00bc 49       		.uleb128 0x49
 1315 00bd 13       		.uleb128 0x13
 1316 00be 3F       		.uleb128 0x3f
 1317 00bf 19       		.uleb128 0x19
 1318 00c0 3C       		.uleb128 0x3c
 1319 00c1 19       		.uleb128 0x19
 1320 00c2 00       		.byte	0
 1321 00c3 00       		.byte	0
 1322 00c4 11       		.uleb128 0x11
 1323 00c5 34       		.uleb128 0x34
 1324 00c6 00       		.byte	0
 1325 00c7 03       		.uleb128 0x3
 1326 00c8 0E       		.uleb128 0xe
 1327 00c9 3A       		.uleb128 0x3a
 1328 00ca 0B       		.uleb128 0xb
 1329 00cb 3B       		.uleb128 0x3b
 1330 00cc 0B       		.uleb128 0xb
 1331 00cd 49       		.uleb128 0x49
 1332 00ce 13       		.uleb128 0x13
 1333 00cf 3F       		.uleb128 0x3f
 1334 00d0 19       		.uleb128 0x19
 1335 00d1 3C       		.uleb128 0x3c
 1336 00d2 19       		.uleb128 0x19
 1337 00d3 00       		.byte	0
 1338 00d4 00       		.byte	0
 1339 00d5 12       		.uleb128 0x12
 1340 00d6 0D       		.uleb128 0xd
 1341 00d7 00       		.byte	0
 1342 00d8 03       		.uleb128 0x3
 1343 00d9 08       		.uleb128 0x8
 1344 00da 3A       		.uleb128 0x3a
 1345 00db 0B       		.uleb128 0xb
 1346 00dc 3B       		.uleb128 0x3b
 1347 00dd 0B       		.uleb128 0xb
 1348 00de 49       		.uleb128 0x49
 1349 00df 13       		.uleb128 0x13
 1350 00e0 38       		.uleb128 0x38
 1351 00e1 0B       		.uleb128 0xb
 1352 00e2 00       		.byte	0
 1353 00e3 00       		.byte	0
 1354 00e4 13       		.uleb128 0x13
 1355 00e5 13       		.uleb128 0x13
 1356 00e6 01       		.byte	0x1
 1357 00e7 0B       		.uleb128 0xb
 1358 00e8 0B       		.uleb128 0xb
 1359 00e9 3A       		.uleb128 0x3a
 1360 00ea 0B       		.uleb128 0xb
 1361 00eb 3B       		.uleb128 0x3b
 1362 00ec 0B       		.uleb128 0xb
 1363 00ed 01       		.uleb128 0x1
 1364 00ee 13       		.uleb128 0x13
 1365 00ef 00       		.byte	0
 1366 00f0 00       		.byte	0
 1367 00f1 14       		.uleb128 0x14
 1368 00f2 17       		.uleb128 0x17
ARM GAS  /tmp/ccXmaMez.s 			page 25


 1369 00f3 01       		.byte	0x1
 1370 00f4 0B       		.uleb128 0xb
 1371 00f5 0B       		.uleb128 0xb
 1372 00f6 3A       		.uleb128 0x3a
 1373 00f7 0B       		.uleb128 0xb
 1374 00f8 3B       		.uleb128 0x3b
 1375 00f9 0B       		.uleb128 0xb
 1376 00fa 01       		.uleb128 0x1
 1377 00fb 13       		.uleb128 0x13
 1378 00fc 00       		.byte	0
 1379 00fd 00       		.byte	0
 1380 00fe 15       		.uleb128 0x15
 1381 00ff 0D       		.uleb128 0xd
 1382 0100 00       		.byte	0
 1383 0101 03       		.uleb128 0x3
 1384 0102 0E       		.uleb128 0xe
 1385 0103 3A       		.uleb128 0x3a
 1386 0104 0B       		.uleb128 0xb
 1387 0105 3B       		.uleb128 0x3b
 1388 0106 05       		.uleb128 0x5
 1389 0107 49       		.uleb128 0x49
 1390 0108 13       		.uleb128 0x13
 1391 0109 00       		.byte	0
 1392 010a 00       		.byte	0
 1393 010b 16       		.uleb128 0x16
 1394 010c 26       		.uleb128 0x26
 1395 010d 00       		.byte	0
 1396 010e 49       		.uleb128 0x49
 1397 010f 13       		.uleb128 0x13
 1398 0110 00       		.byte	0
 1399 0111 00       		.byte	0
 1400 0112 17       		.uleb128 0x17
 1401 0113 01       		.uleb128 0x1
 1402 0114 01       		.byte	0x1
 1403 0115 49       		.uleb128 0x49
 1404 0116 13       		.uleb128 0x13
 1405 0117 01       		.uleb128 0x1
 1406 0118 13       		.uleb128 0x13
 1407 0119 00       		.byte	0
 1408 011a 00       		.byte	0
 1409 011b 18       		.uleb128 0x18
 1410 011c 21       		.uleb128 0x21
 1411 011d 00       		.byte	0
 1412 011e 49       		.uleb128 0x49
 1413 011f 13       		.uleb128 0x13
 1414 0120 2F       		.uleb128 0x2f
 1415 0121 0B       		.uleb128 0xb
 1416 0122 00       		.byte	0
 1417 0123 00       		.byte	0
 1418 0124 19       		.uleb128 0x19
 1419 0125 34       		.uleb128 0x34
 1420 0126 00       		.byte	0
 1421 0127 03       		.uleb128 0x3
 1422 0128 08       		.uleb128 0x8
 1423 0129 3A       		.uleb128 0x3a
 1424 012a 0B       		.uleb128 0xb
 1425 012b 3B       		.uleb128 0x3b
ARM GAS  /tmp/ccXmaMez.s 			page 26


 1426 012c 05       		.uleb128 0x5
 1427 012d 49       		.uleb128 0x49
 1428 012e 13       		.uleb128 0x13
 1429 012f 3F       		.uleb128 0x3f
 1430 0130 19       		.uleb128 0x19
 1431 0131 3C       		.uleb128 0x3c
 1432 0132 19       		.uleb128 0x19
 1433 0133 00       		.byte	0
 1434 0134 00       		.byte	0
 1435 0135 1A       		.uleb128 0x1a
 1436 0136 13       		.uleb128 0x13
 1437 0137 01       		.byte	0x1
 1438 0138 0B       		.uleb128 0xb
 1439 0139 0B       		.uleb128 0xb
 1440 013a 3A       		.uleb128 0x3a
 1441 013b 0B       		.uleb128 0xb
 1442 013c 3B       		.uleb128 0x3b
 1443 013d 05       		.uleb128 0x5
 1444 013e 01       		.uleb128 0x1
 1445 013f 13       		.uleb128 0x13
 1446 0140 00       		.byte	0
 1447 0141 00       		.byte	0
 1448 0142 1B       		.uleb128 0x1b
 1449 0143 16       		.uleb128 0x16
 1450 0144 00       		.byte	0
 1451 0145 03       		.uleb128 0x3
 1452 0146 0E       		.uleb128 0xe
 1453 0147 3A       		.uleb128 0x3a
 1454 0148 0B       		.uleb128 0xb
 1455 0149 3B       		.uleb128 0x3b
 1456 014a 05       		.uleb128 0x5
 1457 014b 49       		.uleb128 0x49
 1458 014c 13       		.uleb128 0x13
 1459 014d 00       		.byte	0
 1460 014e 00       		.byte	0
 1461 014f 00       		.byte	0
 1462              		.section	.debug_aranges,"",%progbits
 1463 0000 14000000 		.4byte	0x14
 1464 0004 0200     		.2byte	0x2
 1465 0006 00000000 		.4byte	.Ldebug_info0
 1466 000a 04       		.byte	0x4
 1467 000b 00       		.byte	0
 1468 000c 0000     		.2byte	0
 1469 000e 0000     		.2byte	0
 1470 0010 00000000 		.4byte	0
 1471 0014 00000000 		.4byte	0
 1472              		.section	.debug_line,"",%progbits
 1473              	.Ldebug_line0:
 1474 0000 E5010000 		.section	.debug_str,"MS",%progbits,1
 1474      0200DF01 
 1474      00000201 
 1474      FB0E0D00 
 1474      01010101 
 1475              	.LASF118:
 1476 0000 63665F6F 		.ascii	"cf_off_older\000"
 1476      66665F6F 
 1476      6C646572 
ARM GAS  /tmp/ccXmaMez.s 			page 27


 1476      00
 1477              	.LASF57:
 1478 000d 72656164 		.ascii	"ready_list_t\000"
 1478      795F6C69 
 1478      73745F74 
 1478      00
 1479              	.LASF96:
 1480 001a 77747472 		.ascii	"wttrp\000"
 1480      7000
 1481              	.LASF93:
 1482 0020 7264796D 		.ascii	"rdymsg\000"
 1482      736700
 1483              	.LASF18:
 1484 0027 75696E74 		.ascii	"uint64_t\000"
 1484      36345F74 
 1484      00
 1485              	.LASF3:
 1486 0030 5F5F7569 		.ascii	"__uint8_t\000"
 1486      6E74385F 
 1486      7400
 1487              	.LASF114:
 1488 003a 63685F74 		.ascii	"ch_threadsize\000"
 1488      68726561 
 1488      6473697A 
 1488      6500
 1489              	.LASF90:
 1490 0048 706F7274 		.ascii	"port_intctx\000"
 1490      5F696E74 
 1490      63747800 
 1491              	.LASF82:
 1492 0054 76746C69 		.ascii	"vtlist\000"
 1492      737400
 1493              	.LASF139:
 1494 005b 474E5520 		.ascii	"GNU C99 7.3.1 20180622 (release) [ARM/embedded-7-br"
 1494      43393920 
 1494      372E332E 
 1494      31203230 
 1494      31383036 
 1495 008e 616E6368 		.ascii	"anch revision 261907] -mcpu=cortex-m4 -mfloat-abi=h"
 1495      20726576 
 1495      6973696F 
 1495      6E203236 
 1495      31393037 
 1496 00c1 61726420 		.ascii	"ard -mfpu=fpv4-sp-d16 -mno-thumb-interwork -mthumb "
 1496      2D6D6670 
 1496      753D6670 
 1496      76342D73 
 1496      702D6431 
 1497 00f4 2D676764 		.ascii	"-ggdb -O2 -std=gnu99 -fomit-frame-pointer -falign-f"
 1497      62202D4F 
 1497      32202D73 
 1497      74643D67 
 1497      6E753939 
 1498 0127 756E6374 		.ascii	"unctions=16 -ffunction-sections -fdata-sections -fn"
 1498      696F6E73 
 1498      3D313620 
 1498      2D666675 
ARM GAS  /tmp/ccXmaMez.s 			page 28


 1498      6E637469 
 1499 015a 6F2D636F 		.ascii	"o-common -fsingle-precision-constant\000"
 1499      6D6D6F6E 
 1499      202D6673 
 1499      696E676C 
 1499      652D7072 
 1500              	.LASF12:
 1501 017f 6C6F6E67 		.ascii	"long long unsigned int\000"
 1501      206C6F6E 
 1501      6720756E 
 1501      7369676E 
 1501      65642069 
 1502              	.LASF83:
 1503 0196 6D61696E 		.ascii	"mainthread\000"
 1503      74687265 
 1503      616400
 1504              	.LASF73:
 1505 01a1 76697274 		.ascii	"virtual_timers_list_t\000"
 1505      75616C5F 
 1505      74696D65 
 1505      72735F6C 
 1505      6973745F 
 1506              	.LASF85:
 1507 01b7 49544D5F 		.ascii	"ITM_RxBuffer\000"
 1507      52784275 
 1507      66666572 
 1507      00
 1508              	.LASF56:
 1509 01c4 63685F74 		.ascii	"ch_threads_queue\000"
 1509      68726561 
 1509      64735F71 
 1509      75657565 
 1509      00
 1510              	.LASF32:
 1511 01d5 705F7072 		.ascii	"p_prio\000"
 1511      696F00
 1512              	.LASF121:
 1513 01dc 63665F6F 		.ascii	"cf_off_state\000"
 1513      66665F73 
 1513      74617465 
 1513      00
 1514              	.LASF134:
 1515 01e9 72756E74 		.ascii	"runtime_init_flag\000"
 1515      696D655F 
 1515      696E6974 
 1515      5F666C61 
 1515      6700
 1516              	.LASF10:
 1517 01fb 6C6F6E67 		.ascii	"long long int\000"
 1517      206C6F6E 
 1517      6720696E 
 1517      7400
 1518              	.LASF0:
 1519 0209 7369676E 		.ascii	"signed char\000"
 1519      65642063 
 1519      68617200 
 1520              	.LASF120:
ARM GAS  /tmp/ccXmaMez.s 			page 29


 1521 0215 63665F6F 		.ascii	"cf_off_stklimit\000"
 1521      66665F73 
 1521      746B6C69 
 1521      6D697400 
 1522              	.LASF122:
 1523 0225 63665F6F 		.ascii	"cf_off_flags\000"
 1523      66665F66 
 1523      6C616773 
 1523      00
 1524              	.LASF49:
 1525 0232 705F6D70 		.ascii	"p_mpool\000"
 1525      6F6F6C00 
 1526              	.LASF104:
 1527 023a 6D5F7175 		.ascii	"m_queue\000"
 1527      65756500 
 1528              	.LASF95:
 1529 0242 77746F62 		.ascii	"wtobjp\000"
 1529      6A7000
 1530              	.LASF23:
 1531 0249 74736C69 		.ascii	"tslices_t\000"
 1531      6365735F 
 1531      7400
 1532              	.LASF80:
 1533 0253 63685F73 		.ascii	"ch_system\000"
 1533      79737465 
 1533      6D00
 1534              	.LASF7:
 1535 025d 6C6F6E67 		.ascii	"long int\000"
 1535      20696E74 
 1535      00
 1536              	.LASF21:
 1537 0266 74737461 		.ascii	"tstate_t\000"
 1537      74655F74 
 1537      00
 1538              	.LASF15:
 1539 026f 75696E74 		.ascii	"uint16_t\000"
 1539      31365F74 
 1539      00
 1540              	.LASF126:
 1541 0278 63686465 		.ascii	"chdebug_t\000"
 1541      6275675F 
 1541      7400
 1542              	.LASF34:
 1543 0282 705F6E65 		.ascii	"p_newer\000"
 1543      77657200 
 1544              	.LASF101:
 1545 028a 735F7175 		.ascii	"s_queue\000"
 1545      65756500 
 1546              	.LASF94:
 1547 0292 65786974 		.ascii	"exitcode\000"
 1547      636F6465 
 1547      00
 1548              	.LASF62:
 1549 029b 725F6E65 		.ascii	"r_newer\000"
 1549      77657200 
 1550              	.LASF87:
 1551 02a3 72656761 		.ascii	"regarm_t\000"
ARM GAS  /tmp/ccXmaMez.s 			page 30


 1551      726D5F74 
 1551      00
 1552              	.LASF69:
 1553 02ac 76745F70 		.ascii	"vt_prev\000"
 1553      72657600 
 1554              	.LASF128:
 1555 02b4 6D757465 		.ascii	"mutex_t\000"
 1555      785F7400 
 1556              	.LASF84:
 1557 02bc 69646C65 		.ascii	"idle_thread_wa\000"
 1557      5F746872 
 1557      6561645F 
 1557      776100
 1558              	.LASF27:
 1559 02cb 636E745F 		.ascii	"cnt_t\000"
 1559      7400
 1560              	.LASF37:
 1561 02d1 705F7374 		.ascii	"p_stklimit\000"
 1561      6B6C696D 
 1561      697400
 1562              	.LASF13:
 1563 02dc 756E7369 		.ascii	"unsigned int\000"
 1563      676E6564 
 1563      20696E74 
 1563      00
 1564              	.LASF68:
 1565 02e9 76745F6E 		.ascii	"vt_next\000"
 1565      65787400 
 1566              	.LASF86:
 1567 02f1 53797374 		.ascii	"SystemCoreClock\000"
 1567      656D436F 
 1567      7265436C 
 1567      6F636B00 
 1568              	.LASF97:
 1569 0301 77747365 		.ascii	"wtsemp\000"
 1569      6D7000
 1570              	.LASF70:
 1571 0308 76745F64 		.ascii	"vt_delta\000"
 1571      656C7461 
 1571      00
 1572              	.LASF76:
 1573 0311 73797374 		.ascii	"system_debug_t\000"
 1573      656D5F64 
 1573      65627567 
 1573      5F7400
 1574              	.LASF127:
 1575 0320 63685F64 		.ascii	"ch_debug\000"
 1575      65627567 
 1575      00
 1576              	.LASF108:
 1577 0329 63685F69 		.ascii	"ch_identifier\000"
 1577      64656E74 
 1577      69666965 
 1577      7200
 1578              	.LASF102:
 1579 0337 735F636E 		.ascii	"s_cnt\000"
 1579      7400
ARM GAS  /tmp/ccXmaMez.s 			page 31


 1580              	.LASF89:
 1581 033d 636F6E74 		.ascii	"context\000"
 1581      65787400 
 1582              	.LASF5:
 1583 0345 73686F72 		.ascii	"short unsigned int\000"
 1583      7420756E 
 1583      7369676E 
 1583      65642069 
 1583      6E7400
 1584              	.LASF137:
 1585 0358 636F6E66 		.ascii	"conf_general_permanent_nrf_found\000"
 1585      5F67656E 
 1585      6572616C 
 1585      5F706572 
 1585      6D616E65 
 1586              	.LASF53:
 1587 0379 63685F74 		.ascii	"ch_thread\000"
 1587      68726561 
 1587      6400
 1588              	.LASF25:
 1589 0383 6D73675F 		.ascii	"msg_t\000"
 1589      7400
 1590              	.LASF79:
 1591 0389 63685F73 		.ascii	"ch_system_t\000"
 1591      79737465 
 1591      6D5F7400 
 1592              	.LASF125:
 1593 0395 63665F6F 		.ascii	"cf_off_time\000"
 1593      66665F74 
 1593      696D6500 
 1594              	.LASF58:
 1595 03a1 63685F72 		.ascii	"ch_ready_list\000"
 1595      65616479 
 1595      5F6C6973 
 1595      7400
 1596              	.LASF26:
 1597 03af 6576656E 		.ascii	"eventmask_t\000"
 1597      746D6173 
 1597      6B5F7400 
 1598              	.LASF6:
 1599 03bb 5F5F696E 		.ascii	"__int32_t\000"
 1599      7433325F 
 1599      7400
 1600              	.LASF88:
 1601 03c5 73746B61 		.ascii	"stkalign_t\000"
 1601      6C69676E 
 1601      5F7400
 1602              	.LASF109:
 1603 03d0 63685F7A 		.ascii	"ch_zero\000"
 1603      65726F00 
 1604              	.LASF123:
 1605 03d8 63665F6F 		.ascii	"cf_off_refs\000"
 1605      66665F72 
 1605      65667300 
 1606              	.LASF60:
 1607 03e4 725F7072 		.ascii	"r_prio\000"
 1607      696F00
ARM GAS  /tmp/ccXmaMez.s 			page 32


 1608              	.LASF19:
 1609 03eb 7274636E 		.ascii	"rtcnt_t\000"
 1609      745F7400 
 1610              	.LASF51:
 1611 03f3 74687265 		.ascii	"thread_reference_t\000"
 1611      61645F72 
 1611      65666572 
 1611      656E6365 
 1611      5F7400
 1612              	.LASF74:
 1613 0406 63685F76 		.ascii	"ch_virtual_timers_list\000"
 1613      69727475 
 1613      616C5F74 
 1613      696D6572 
 1613      735F6C69 
 1614              	.LASF71:
 1615 041d 76745F66 		.ascii	"vt_func\000"
 1615      756E6300 
 1616              	.LASF113:
 1617 0425 63685F74 		.ascii	"ch_timesize\000"
 1617      696D6573 
 1617      697A6500 
 1618              	.LASF92:
 1619 0431 746D5F63 		.ascii	"tm_calibration_t\000"
 1619      616C6962 
 1619      72617469 
 1619      6F6E5F74 
 1619      00
 1620              	.LASF119:
 1621 0442 63665F6F 		.ascii	"cf_off_name\000"
 1621      66665F6E 
 1621      616D6500 
 1622              	.LASF35:
 1623 044e 705F6F6C 		.ascii	"p_older\000"
 1623      64657200 
 1624              	.LASF61:
 1625 0456 725F6374 		.ascii	"r_ctx\000"
 1625      7800
 1626              	.LASF110:
 1627 045c 63685F73 		.ascii	"ch_size\000"
 1627      697A6500 
 1628              	.LASF64:
 1629 0464 725F6375 		.ascii	"r_current\000"
 1629      7272656E 
 1629      7400
 1630              	.LASF63:
 1631 046e 725F6F6C 		.ascii	"r_older\000"
 1631      64657200 
 1632              	.LASF11:
 1633 0476 5F5F7569 		.ascii	"__uint64_t\000"
 1633      6E743634 
 1633      5F7400
 1634              	.LASF129:
 1635 0481 666C6F61 		.ascii	"float\000"
 1635      7400
 1636              	.LASF140:
 1637 0487 6877636F 		.ascii	"hwconf/luna/luna_display_serial.c\000"
ARM GAS  /tmp/ccXmaMez.s 			page 33


 1637      6E662F6C 
 1637      756E612F 
 1637      6C756E61 
 1637      5F646973 
 1638              	.LASF22:
 1639 04a9 74726566 		.ascii	"trefs_t\000"
 1639      735F7400 
 1640              	.LASF112:
 1641 04b1 63685F70 		.ascii	"ch_ptrsize\000"
 1641      74727369 
 1641      7A6500
 1642              	.LASF66:
 1643 04bc 76697274 		.ascii	"virtual_timer_t\000"
 1643      75616C5F 
 1643      74696D65 
 1643      725F7400 
 1644              	.LASF31:
 1645 04cc 705F7072 		.ascii	"p_prev\000"
 1645      657600
 1646              	.LASF24:
 1647 04d3 74707269 		.ascii	"tprio_t\000"
 1647      6F5F7400 
 1648              	.LASF77:
 1649 04db 63685F73 		.ascii	"ch_system_debug\000"
 1649      79737465 
 1649      6D5F6465 
 1649      62756700 
 1650              	.LASF130:
 1651 04eb 5F426F6F 		.ascii	"_Bool\000"
 1651      6C00
 1652              	.LASF16:
 1653 04f1 696E7433 		.ascii	"int32_t\000"
 1653      325F7400 
 1654              	.LASF1:
 1655 04f9 756E7369 		.ascii	"unsigned char\000"
 1655      676E6564 
 1655      20636861 
 1655      7200
 1656              	.LASF47:
 1657 0507 705F6D74 		.ascii	"p_mtxlist\000"
 1657      786C6973 
 1657      7400
 1658              	.LASF2:
 1659 0511 73686F72 		.ascii	"short int\000"
 1659      7420696E 
 1659      7400
 1660              	.LASF38:
 1661 051b 705F7374 		.ascii	"p_state\000"
 1661      61746500 
 1662              	.LASF41:
 1663 0523 705F7072 		.ascii	"p_preempt\000"
 1663      65656D70 
 1663      7400
 1664              	.LASF111:
 1665 052d 63685F76 		.ascii	"ch_version\000"
 1665      65727369 
 1665      6F6E00
ARM GAS  /tmp/ccXmaMez.s 			page 34


 1666              	.LASF99:
 1667 0538 65776D61 		.ascii	"ewmask\000"
 1667      736B00
 1668              	.LASF30:
 1669 053f 705F6E65 		.ascii	"p_next\000"
 1669      787400
 1670              	.LASF20:
 1671 0546 746D6F64 		.ascii	"tmode_t\000"
 1671      655F7400 
 1672              	.LASF124:
 1673 054e 63665F6F 		.ascii	"cf_off_preempt\000"
 1673      66665F70 
 1673      7265656D 
 1673      707400
 1674              	.LASF39:
 1675 055d 705F666C 		.ascii	"p_flags\000"
 1675      61677300 
 1676              	.LASF55:
 1677 0565 74687265 		.ascii	"threads_queue_t\000"
 1677      6164735F 
 1677      71756575 
 1677      655F7400 
 1678              	.LASF67:
 1679 0575 63685F76 		.ascii	"ch_virtual_timer\000"
 1679      69727475 
 1679      616C5F74 
 1679      696D6572 
 1679      00
 1680              	.LASF117:
 1681 0586 63665F6F 		.ascii	"cf_off_newer\000"
 1681      66665F6E 
 1681      65776572 
 1681      00
 1682              	.LASF100:
 1683 0593 63685F73 		.ascii	"ch_semaphore\000"
 1683      656D6170 
 1683      686F7265 
 1683      00
 1684              	.LASF46:
 1685 05a0 705F6570 		.ascii	"p_epending\000"
 1685      656E6469 
 1685      6E6700
 1686              	.LASF141:
 1687 05ab 2F626C64 		.ascii	"/bldc\000"
 1687      6300
 1688              	.LASF17:
 1689 05b1 75696E74 		.ascii	"uint32_t\000"
 1689      33325F74 
 1689      00
 1690              	.LASF136:
 1691 05ba 6261636B 		.ascii	"backup_data\000"
 1691      75705F64 
 1691      61746100 
 1692              	.LASF59:
 1693 05c6 725F7175 		.ascii	"r_queue\000"
 1693      65756500 
 1694              	.LASF75:
ARM GAS  /tmp/ccXmaMez.s 			page 35


 1695 05ce 76745F73 		.ascii	"vt_systime\000"
 1695      79737469 
 1695      6D6500
 1696              	.LASF54:
 1697 05d9 63685F74 		.ascii	"ch_threads_list\000"
 1697      68726561 
 1697      64735F6C 
 1697      69737400 
 1698              	.LASF133:
 1699 05e9 6F646F6D 		.ascii	"odometer\000"
 1699      65746572 
 1699      00
 1700              	.LASF9:
 1701 05f2 6C6F6E67 		.ascii	"long unsigned int\000"
 1701      20756E73 
 1701      69676E65 
 1701      6420696E 
 1701      7400
 1702              	.LASF107:
 1703 0604 63686172 		.ascii	"char\000"
 1703      00
 1704              	.LASF98:
 1705 0609 77746D74 		.ascii	"wtmtxp\000"
 1705      787000
 1706              	.LASF4:
 1707 0610 5F5F7569 		.ascii	"__uint16_t\000"
 1707      6E743136 
 1707      5F7400
 1708              	.LASF29:
 1709 061b 74687265 		.ascii	"thread_t\000"
 1709      61645F74 
 1709      00
 1710              	.LASF106:
 1711 0624 6D5F6E65 		.ascii	"m_next\000"
 1711      787400
 1712              	.LASF28:
 1713 062b 73797374 		.ascii	"systime_t\000"
 1713      696D655F 
 1713      7400
 1714              	.LASF48:
 1715 0635 705F7265 		.ascii	"p_realprio\000"
 1715      616C7072 
 1715      696F00
 1716              	.LASF65:
 1717 0640 76746675 		.ascii	"vtfunc_t\000"
 1717      6E635F74 
 1717      00
 1718              	.LASF8:
 1719 0649 5F5F7569 		.ascii	"__uint32_t\000"
 1719      6E743332 
 1719      5F7400
 1720              	.LASF78:
 1721 0654 70616E69 		.ascii	"panic_msg\000"
 1721      635F6D73 
 1721      6700
 1722              	.LASF115:
 1723 065e 63665F6F 		.ascii	"cf_off_prio\000"
ARM GAS  /tmp/ccXmaMez.s 			page 36


 1723      66665F70 
 1723      72696F00 
 1724              	.LASF91:
 1725 066a 6F666673 		.ascii	"offset\000"
 1725      657400
 1726              	.LASF42:
 1727 0671 705F7469 		.ascii	"p_time\000"
 1727      6D6500
 1728              	.LASF44:
 1729 0678 705F6D73 		.ascii	"p_msgqueue\000"
 1729      67717565 
 1729      756500
 1730              	.LASF72:
 1731 0683 76745F70 		.ascii	"vt_par\000"
 1731      617200
 1732              	.LASF116:
 1733 068a 63665F6F 		.ascii	"cf_off_ctx\000"
 1733      66665F63 
 1733      747800
 1734              	.LASF40:
 1735 0695 705F7265 		.ascii	"p_refs\000"
 1735      667300
 1736              	.LASF50:
 1737 069c 6D6F746F 		.ascii	"motor_selected\000"
 1737      725F7365 
 1737      6C656374 
 1737      656400
 1738              	.LASF81:
 1739 06ab 726C6973 		.ascii	"rlist\000"
 1739      7400
 1740              	.LASF14:
 1741 06b1 75696E74 		.ascii	"uint8_t\000"
 1741      385F7400 
 1742              	.LASF132:
 1743 06b9 6F646F6D 		.ascii	"odometer_init_flag\000"
 1743      65746572 
 1743      5F696E69 
 1743      745F666C 
 1743      616700
 1744              	.LASF103:
 1745 06cc 63685F6D 		.ascii	"ch_mutex\000"
 1745      75746578 
 1745      00
 1746              	.LASF36:
 1747 06d5 705F6E61 		.ascii	"p_name\000"
 1747      6D6500
 1748              	.LASF138:
 1749 06dc 675F6261 		.ascii	"g_backup\000"
 1749      636B7570 
 1749      00
 1750              	.LASF52:
 1751 06e5 74687265 		.ascii	"threads_list_t\000"
 1751      6164735F 
 1751      6C697374 
 1751      5F7400
 1752              	.LASF45:
 1753 06f4 705F6D73 		.ascii	"p_msg\000"
ARM GAS  /tmp/ccXmaMez.s 			page 37


 1753      6700
 1754              	.LASF105:
 1755 06fa 6D5F6F77 		.ascii	"m_owner\000"
 1755      6E657200 
 1756              	.LASF131:
 1757 0702 646F7562 		.ascii	"double\000"
 1757      6C6500
 1758              	.LASF135:
 1759 0709 72756E74 		.ascii	"runtime\000"
 1759      696D6500 
 1760              	.LASF33:
 1761 0711 705F6374 		.ascii	"p_ctx\000"
 1761      7800
 1762              	.LASF43:
 1763 0717 705F7761 		.ascii	"p_waiting\000"
 1763      6974696E 
 1763      6700
 1764              		.ident	"GCC: (GNU Tools for Arm Embedded Processors 7-2018-q3-update) 7.3.1 20180622 (release) [AR
ARM GAS  /tmp/ccXmaMez.s 			page 38


DEFINED SYMBOLS
                            *ABS*:0000000000000000 luna_display_serial.c

NO UNDEFINED SYMBOLS
