ARM GAS  /tmp/cc3SCJKx.s 			page 1


   1              		.cpu cortex-m4
   2              		.eabi_attribute 27, 1
   3              		.eabi_attribute 28, 1
   4              		.eabi_attribute 20, 1
   5              		.eabi_attribute 21, 1
   6              		.eabi_attribute 23, 3
   7              		.eabi_attribute 24, 1
   8              		.eabi_attribute 25, 1
   9              		.eabi_attribute 26, 1
  10              		.eabi_attribute 30, 2
  11              		.eabi_attribute 34, 1
  12              		.eabi_attribute 18, 4
  13              		.file	"osal.c"
  14              		.text
  15              	.Ltext0:
  16              		.cfi_sections	.debug_frame
  17              	.Letext0:
  18              		.file 1 "/usr/arm-none-eabi/include/machine/_default_types.h"
  19              		.file 2 "/usr/arm-none-eabi/include/sys/_stdint.h"
  20              		.file 3 "ChibiOS_3.0.5/os/rt/ports/ARMCMx/compilers/GCC/chtypes.h"
  21              		.file 4 "ChibiOS_3.0.5/os/rt/include/chsystypes.h"
  22              		.file 5 "ChibiOS_3.0.5/os/rt/include/chschd.h"
  23              		.file 6 "ChibiOS_3.0.5/os/ext/CMSIS/include/core_cm4.h"
  24              		.file 7 "ChibiOS_3.0.5/os/ext/CMSIS/ST/system_stm32f4xx.h"
  25              		.file 8 "ChibiOS_3.0.5/os/rt/ports/ARMCMx/chcore.h"
  26              		.file 9 "ChibiOS_3.0.5/os/rt/ports/ARMCMx/chcore_v7m.h"
  27              		.file 10 "ChibiOS_3.0.5/os/rt/include/chtm.h"
  28              		.file 11 "ChibiOS_3.0.5/os/rt/include/chsem.h"
  29              		.file 12 "ChibiOS_3.0.5/os/rt/include/chmtx.h"
  30              		.file 13 "ChibiOS_3.0.5/os/rt/include/chregistry.h"
  31              		.section	.debug_info,"",%progbits
  32              	.Ldebug_info0:
  33 0000 5A080000 		.4byte	0x85a
  34 0004 0400     		.2byte	0x4
  35 0006 00000000 		.4byte	.Ldebug_abbrev0
  36 000a 04       		.byte	0x4
  37 000b 01       		.uleb128 0x1
  38 000c 55000000 		.4byte	.LASF129
  39 0010 0C       		.byte	0xc
  40 0011 50030000 		.4byte	.LASF130
  41 0015 50050000 		.4byte	.LASF131
  42 0019 00000000 		.4byte	.Ldebug_line0
  43 001d 02       		.uleb128 0x2
  44 001e 04       		.byte	0x4
  45 001f 05       		.byte	0x5
  46 0020 696E7400 		.ascii	"int\000"
  47 0024 03       		.uleb128 0x3
  48 0025 04       		.byte	0x4
  49 0026 07       		.byte	0x7
  50 0027 D4020000 		.4byte	.LASF0
  51 002b 03       		.uleb128 0x3
  52 002c 01       		.byte	0x1
  53 002d 06       		.byte	0x6
  54 002e 13020000 		.4byte	.LASF1
  55 0032 04       		.uleb128 0x4
  56 0033 30000000 		.4byte	.LASF4
  57 0037 01       		.byte	0x1
ARM GAS  /tmp/cc3SCJKx.s 			page 2


  58 0038 2B       		.byte	0x2b
  59 0039 3D000000 		.4byte	0x3d
  60 003d 03       		.uleb128 0x3
  61 003e 01       		.byte	0x1
  62 003f 08       		.byte	0x8
  63 0040 A2040000 		.4byte	.LASF2
  64 0044 03       		.uleb128 0x3
  65 0045 02       		.byte	0x2
  66 0046 05       		.byte	0x5
  67 0047 BA040000 		.4byte	.LASF3
  68 004b 04       		.uleb128 0x4
  69 004c A9050000 		.4byte	.LASF5
  70 0050 01       		.byte	0x1
  71 0051 39       		.byte	0x39
  72 0052 56000000 		.4byte	0x56
  73 0056 03       		.uleb128 0x3
  74 0057 02       		.byte	0x2
  75 0058 07       		.byte	0x7
  76 0059 3D030000 		.4byte	.LASF6
  77 005d 04       		.uleb128 0x4
  78 005e AC030000 		.4byte	.LASF7
  79 0062 01       		.byte	0x1
  80 0063 4D       		.byte	0x4d
  81 0064 68000000 		.4byte	0x68
  82 0068 03       		.uleb128 0x3
  83 0069 04       		.byte	0x4
  84 006a 05       		.byte	0x5
  85 006b 67020000 		.4byte	.LASF8
  86 006f 04       		.uleb128 0x4
  87 0070 E2050000 		.4byte	.LASF9
  88 0074 01       		.byte	0x1
  89 0075 4F       		.byte	0x4f
  90 0076 7A000000 		.4byte	0x7a
  91 007a 03       		.uleb128 0x3
  92 007b 04       		.byte	0x4
  93 007c 07       		.byte	0x7
  94 007d 8B050000 		.4byte	.LASF10
  95 0081 03       		.uleb128 0x3
  96 0082 08       		.byte	0x8
  97 0083 05       		.byte	0x5
  98 0084 05020000 		.4byte	.LASF11
  99 0088 04       		.uleb128 0x4
 100 0089 4D040000 		.4byte	.LASF12
 101 008d 01       		.byte	0x1
 102 008e 69       		.byte	0x69
 103 008f 93000000 		.4byte	0x93
 104 0093 03       		.uleb128 0x3
 105 0094 08       		.byte	0x8
 106 0095 07       		.byte	0x7
 107 0096 79010000 		.4byte	.LASF13
 108 009a 04       		.uleb128 0x4
 109 009b 43060000 		.4byte	.LASF14
 110 009f 02       		.byte	0x2
 111 00a0 18       		.byte	0x18
 112 00a1 32000000 		.4byte	0x32
 113 00a5 04       		.uleb128 0x4
 114 00a6 E9020000 		.4byte	.LASF15
ARM GAS  /tmp/cc3SCJKx.s 			page 3


 115 00aa 02       		.byte	0x2
 116 00ab 24       		.byte	0x24
 117 00ac 4B000000 		.4byte	0x4b
 118 00b0 04       		.uleb128 0x4
 119 00b1 9A040000 		.4byte	.LASF16
 120 00b5 02       		.byte	0x2
 121 00b6 2C       		.byte	0x2c
 122 00b7 5D000000 		.4byte	0x5d
 123 00bb 05       		.uleb128 0x5
 124 00bc B0000000 		.4byte	0xb0
 125 00c0 04       		.uleb128 0x4
 126 00c1 56050000 		.4byte	.LASF17
 127 00c5 02       		.byte	0x2
 128 00c6 30       		.byte	0x30
 129 00c7 6F000000 		.4byte	0x6f
 130 00cb 04       		.uleb128 0x4
 131 00cc 27000000 		.4byte	.LASF18
 132 00d0 02       		.byte	0x2
 133 00d1 3C       		.byte	0x3c
 134 00d2 88000000 		.4byte	0x88
 135 00d6 04       		.uleb128 0x4
 136 00d7 DF030000 		.4byte	.LASF19
 137 00db 03       		.byte	0x3
 138 00dc 45       		.byte	0x45
 139 00dd C0000000 		.4byte	0xc0
 140 00e1 04       		.uleb128 0x4
 141 00e2 EB040000 		.4byte	.LASF20
 142 00e6 03       		.byte	0x3
 143 00e7 48       		.byte	0x48
 144 00e8 9A000000 		.4byte	0x9a
 145 00ec 04       		.uleb128 0x4
 146 00ed 70020000 		.4byte	.LASF21
 147 00f1 03       		.byte	0x3
 148 00f2 49       		.byte	0x49
 149 00f3 9A000000 		.4byte	0x9a
 150 00f7 04       		.uleb128 0x4
 151 00f8 58040000 		.4byte	.LASF22
 152 00fc 03       		.byte	0x3
 153 00fd 4A       		.byte	0x4a
 154 00fe 9A000000 		.4byte	0x9a
 155 0102 04       		.uleb128 0x4
 156 0103 53020000 		.4byte	.LASF23
 157 0107 03       		.byte	0x3
 158 0108 4B       		.byte	0x4b
 159 0109 9A000000 		.4byte	0x9a
 160 010d 04       		.uleb128 0x4
 161 010e 82040000 		.4byte	.LASF24
 162 0112 03       		.byte	0x3
 163 0113 4C       		.byte	0x4c
 164 0114 C0000000 		.4byte	0xc0
 165 0118 04       		.uleb128 0x4
 166 0119 74030000 		.4byte	.LASF25
 167 011d 03       		.byte	0x3
 168 011e 4D       		.byte	0x4d
 169 011f B0000000 		.4byte	0xb0
 170 0123 04       		.uleb128 0x4
 171 0124 A0030000 		.4byte	.LASF26
ARM GAS  /tmp/cc3SCJKx.s 			page 4


 172 0128 03       		.byte	0x3
 173 0129 4F       		.byte	0x4f
 174 012a C0000000 		.4byte	0xc0
 175 012e 04       		.uleb128 0x4
 176 012f C3020000 		.4byte	.LASF27
 177 0133 03       		.byte	0x3
 178 0134 51       		.byte	0x51
 179 0135 B0000000 		.4byte	0xb0
 180 0139 04       		.uleb128 0x4
 181 013a C4050000 		.4byte	.LASF28
 182 013e 04       		.byte	0x4
 183 013f 33       		.byte	0x33
 184 0140 C0000000 		.4byte	0xc0
 185 0144 05       		.uleb128 0x5
 186 0145 39010000 		.4byte	0x139
 187 0149 04       		.uleb128 0x4
 188 014a B4050000 		.4byte	.LASF29
 189 014e 04       		.byte	0x4
 190 014f 3F       		.byte	0x3f
 191 0150 54010000 		.4byte	0x154
 192 0154 06       		.uleb128 0x6
 193 0155 2D030000 		.4byte	.LASF53
 194 0159 50       		.byte	0x50
 195 015a 05       		.byte	0x5
 196 015b C2       		.byte	0xc2
 197 015c 72020000 		.4byte	0x272
 198 0160 07       		.uleb128 0x7
 199 0161 E4040000 		.4byte	.LASF30
 200 0165 05       		.byte	0x5
 201 0166 C3       		.byte	0xc3
 202 0167 7D020000 		.4byte	0x27d
 203 016b 00       		.byte	0
 204 016c 07       		.uleb128 0x7
 205 016d 7B040000 		.4byte	.LASF31
 206 0171 05       		.byte	0x5
 207 0172 C5       		.byte	0xc5
 208 0173 7D020000 		.4byte	0x27d
 209 0177 04       		.byte	0x4
 210 0178 07       		.uleb128 0x7
 211 0179 E6010000 		.4byte	.LASF32
 212 017d 05       		.byte	0x5
 213 017e C7       		.byte	0xc7
 214 017f 0D010000 		.4byte	0x10d
 215 0183 08       		.byte	0x8
 216 0184 07       		.uleb128 0x7
 217 0185 24040000 		.4byte	.LASF33
 218 0189 05       		.byte	0x5
 219 018a C8       		.byte	0xc8
 220 018b BD040000 		.4byte	0x4bd
 221 018f 0C       		.byte	0xc
 222 0190 07       		.uleb128 0x7
 223 0191 83020000 		.4byte	.LASF34
 224 0195 05       		.byte	0x5
 225 0196 CA       		.byte	0xca
 226 0197 7D020000 		.4byte	0x27d
 227 019b 10       		.byte	0x10
 228 019c 07       		.uleb128 0x7
ARM GAS  /tmp/cc3SCJKx.s 			page 5


 229 019d 16040000 		.4byte	.LASF35
 230 01a1 05       		.byte	0x5
 231 01a2 CB       		.byte	0xcb
 232 01a3 7D020000 		.4byte	0x27d
 233 01a7 14       		.byte	0x14
 234 01a8 07       		.uleb128 0x7
 235 01a9 65060000 		.4byte	.LASF36
 236 01ad 05       		.byte	0x5
 237 01ae D2       		.byte	0xd2
 238 01af 02070000 		.4byte	0x702
 239 01b3 18       		.byte	0x18
 240 01b4 07       		.uleb128 0x7
 241 01b5 C9020000 		.4byte	.LASF37
 242 01b9 05       		.byte	0x5
 243 01ba D8       		.byte	0xd8
 244 01bb 19070000 		.4byte	0x719
 245 01bf 1C       		.byte	0x1c
 246 01c0 07       		.uleb128 0x7
 247 01c1 C4040000 		.4byte	.LASF38
 248 01c5 05       		.byte	0x5
 249 01c6 DD       		.byte	0xdd
 250 01c7 EC000000 		.4byte	0xec
 251 01cb 20       		.byte	0x20
 252 01cc 07       		.uleb128 0x7
 253 01cd 02050000 		.4byte	.LASF39
 254 01d1 05       		.byte	0x5
 255 01d2 E1       		.byte	0xe1
 256 01d3 E1000000 		.4byte	0xe1
 257 01d7 21       		.byte	0x21
 258 01d8 07       		.uleb128 0x7
 259 01d9 27060000 		.4byte	.LASF40
 260 01dd 05       		.byte	0x5
 261 01de E6       		.byte	0xe6
 262 01df F7000000 		.4byte	0xf7
 263 01e3 22       		.byte	0x22
 264 01e4 07       		.uleb128 0x7
 265 01e5 CC040000 		.4byte	.LASF41
 266 01e9 05       		.byte	0x5
 267 01ea EC       		.byte	0xec
 268 01eb 02010000 		.4byte	0x102
 269 01ef 23       		.byte	0x23
 270 01f0 07       		.uleb128 0x7
 271 01f1 02030000 		.4byte	.LASF42
 272 01f5 05       		.byte	0x5
 273 01f6 F3       		.byte	0xf3
 274 01f7 44010000 		.4byte	0x144
 275 01fb 24       		.byte	0x24
 276 01fc 08       		.uleb128 0x8
 277 01fd 705F7500 		.ascii	"p_u\000"
 278 0201 05       		.byte	0x5
 279 0202 3101     		.2byte	0x131
 280 0204 3D060000 		.4byte	0x63d
 281 0208 28       		.byte	0x28
 282 0209 09       		.uleb128 0x9
 283 020a D5030000 		.4byte	.LASF43
 284 020e 05       		.byte	0x5
 285 020f 3601     		.2byte	0x136
ARM GAS  /tmp/cc3SCJKx.s 			page 6


 286 0211 83020000 		.4byte	0x283
 287 0215 2C       		.byte	0x2c
 288 0216 09       		.uleb128 0x9
 289 0217 19030000 		.4byte	.LASF44
 290 021b 05       		.byte	0x5
 291 021c 3C01     		.2byte	0x13c
 292 021e A7020000 		.4byte	0x2a7
 293 0222 30       		.byte	0x30
 294 0223 09       		.uleb128 0x9
 295 0224 06060000 		.4byte	.LASF45
 296 0228 05       		.byte	0x5
 297 0229 4001     		.2byte	0x140
 298 022b 18010000 		.4byte	0x118
 299 022f 38       		.byte	0x38
 300 0230 09       		.uleb128 0x9
 301 0231 45050000 		.4byte	.LASF46
 302 0235 05       		.byte	0x5
 303 0236 4601     		.2byte	0x146
 304 0238 23010000 		.4byte	0x123
 305 023c 3C       		.byte	0x3c
 306 023d 09       		.uleb128 0x9
 307 023e B0040000 		.4byte	.LASF47
 308 0242 05       		.byte	0x5
 309 0243 4D01     		.2byte	0x14d
 310 0245 FC060000 		.4byte	0x6fc
 311 0249 40       		.byte	0x40
 312 024a 09       		.uleb128 0x9
 313 024b CE050000 		.4byte	.LASF48
 314 024f 05       		.byte	0x5
 315 0250 5101     		.2byte	0x151
 316 0252 0D010000 		.4byte	0x10d
 317 0256 44       		.byte	0x44
 318 0257 09       		.uleb128 0x9
 319 0258 3C020000 		.4byte	.LASF49
 320 025c 05       		.byte	0x5
 321 025d 5801     		.2byte	0x158
 322 025f 5A030000 		.4byte	0x35a
 323 0263 48       		.byte	0x48
 324 0264 09       		.uleb128 0x9
 325 0265 2E060000 		.4byte	.LASF50
 326 0269 05       		.byte	0x5
 327 026a 6201     		.2byte	0x162
 328 026c 1D000000 		.4byte	0x1d
 329 0270 4C       		.byte	0x4c
 330 0271 00       		.byte	0
 331 0272 04       		.uleb128 0x4
 332 0273 4B060000 		.4byte	.LASF51
 333 0277 04       		.byte	0x4
 334 0278 44       		.byte	0x44
 335 0279 7D020000 		.4byte	0x27d
 336 027d 0A       		.uleb128 0xa
 337 027e 04       		.byte	0x4
 338 027f 49010000 		.4byte	0x149
 339 0283 04       		.uleb128 0x4
 340 0284 6C060000 		.4byte	.LASF52
 341 0288 04       		.byte	0x4
 342 0289 49       		.byte	0x49
ARM GAS  /tmp/cc3SCJKx.s 			page 7


 343 028a 8E020000 		.4byte	0x28e
 344 028e 06       		.uleb128 0x6
 345 028f 73050000 		.4byte	.LASF54
 346 0293 04       		.byte	0x4
 347 0294 05       		.byte	0x5
 348 0295 B0       		.byte	0xb0
 349 0296 A7020000 		.4byte	0x2a7
 350 029a 07       		.uleb128 0x7
 351 029b E4040000 		.4byte	.LASF30
 352 029f 05       		.byte	0x5
 353 02a0 B1       		.byte	0xb1
 354 02a1 7D020000 		.4byte	0x27d
 355 02a5 00       		.byte	0
 356 02a6 00       		.byte	0
 357 02a7 04       		.uleb128 0x4
 358 02a8 0A050000 		.4byte	.LASF55
 359 02ac 04       		.byte	0x4
 360 02ad 50       		.byte	0x50
 361 02ae B2020000 		.4byte	0x2b2
 362 02b2 06       		.uleb128 0x6
 363 02b3 D5010000 		.4byte	.LASF56
 364 02b7 08       		.byte	0x8
 365 02b8 05       		.byte	0x5
 366 02b9 B7       		.byte	0xb7
 367 02ba D7020000 		.4byte	0x2d7
 368 02be 07       		.uleb128 0x7
 369 02bf E4040000 		.4byte	.LASF30
 370 02c3 05       		.byte	0x5
 371 02c4 B8       		.byte	0xb8
 372 02c5 7D020000 		.4byte	0x27d
 373 02c9 00       		.byte	0
 374 02ca 07       		.uleb128 0x7
 375 02cb 7B040000 		.4byte	.LASF31
 376 02cf 05       		.byte	0x5
 377 02d0 B9       		.byte	0xb9
 378 02d1 7D020000 		.4byte	0x27d
 379 02d5 04       		.byte	0x4
 380 02d6 00       		.byte	0
 381 02d7 04       		.uleb128 0x4
 382 02d8 0D000000 		.4byte	.LASF57
 383 02dc 04       		.byte	0x4
 384 02dd 57       		.byte	0x57
 385 02de E2020000 		.4byte	0x2e2
 386 02e2 0B       		.uleb128 0xb
 387 02e3 92030000 		.4byte	.LASF58
 388 02e7 1C       		.byte	0x1c
 389 02e8 05       		.byte	0x5
 390 02e9 9001     		.2byte	0x190
 391 02eb 3E030000 		.4byte	0x33e
 392 02ef 09       		.uleb128 0x9
 393 02f0 6B050000 		.4byte	.LASF59
 394 02f4 05       		.byte	0x5
 395 02f5 9101     		.2byte	0x191
 396 02f7 A7020000 		.4byte	0x2a7
 397 02fb 00       		.byte	0
 398 02fc 09       		.uleb128 0x9
 399 02fd D6040000 		.4byte	.LASF60
ARM GAS  /tmp/cc3SCJKx.s 			page 8


 400 0301 05       		.byte	0x5
 401 0302 9201     		.2byte	0x192
 402 0304 0D010000 		.4byte	0x10d
 403 0308 08       		.byte	0x8
 404 0309 09       		.uleb128 0x9
 405 030a 1E040000 		.4byte	.LASF61
 406 030e 05       		.byte	0x5
 407 030f 9401     		.2byte	0x194
 408 0311 BD040000 		.4byte	0x4bd
 409 0315 0C       		.byte	0xc
 410 0316 09       		.uleb128 0x9
 411 0317 93020000 		.4byte	.LASF62
 412 031b 05       		.byte	0x5
 413 031c 9701     		.2byte	0x197
 414 031e 7D020000 		.4byte	0x27d
 415 0322 10       		.byte	0x10
 416 0323 09       		.uleb128 0x9
 417 0324 45040000 		.4byte	.LASF63
 418 0328 05       		.byte	0x5
 419 0329 9801     		.2byte	0x198
 420 032b 7D020000 		.4byte	0x27d
 421 032f 14       		.byte	0x14
 422 0330 09       		.uleb128 0x9
 423 0331 3B040000 		.4byte	.LASF64
 424 0335 05       		.byte	0x5
 425 0336 9B01     		.2byte	0x19b
 426 0338 7D020000 		.4byte	0x27d
 427 033c 18       		.byte	0x18
 428 033d 00       		.byte	0
 429 033e 04       		.uleb128 0x4
 430 033f D9050000 		.4byte	.LASF65
 431 0343 04       		.byte	0x4
 432 0344 5C       		.byte	0x5c
 433 0345 49030000 		.4byte	0x349
 434 0349 0A       		.uleb128 0xa
 435 034a 04       		.byte	0x4
 436 034b 4F030000 		.4byte	0x34f
 437 034f 0C       		.uleb128 0xc
 438 0350 5A030000 		.4byte	0x35a
 439 0354 0D       		.uleb128 0xd
 440 0355 5A030000 		.4byte	0x35a
 441 0359 00       		.byte	0
 442 035a 0E       		.uleb128 0xe
 443 035b 04       		.byte	0x4
 444 035c 04       		.uleb128 0x4
 445 035d 6B040000 		.4byte	.LASF66
 446 0361 04       		.byte	0x4
 447 0362 61       		.byte	0x61
 448 0363 67030000 		.4byte	0x367
 449 0367 0B       		.uleb128 0xb
 450 0368 1A050000 		.4byte	.LASF67
 451 036c 14       		.byte	0x14
 452 036d 05       		.byte	0x5
 453 036e 6B01     		.2byte	0x16b
 454 0370 B6030000 		.4byte	0x3b6
 455 0374 09       		.uleb128 0x9
 456 0375 E1020000 		.4byte	.LASF68
ARM GAS  /tmp/cc3SCJKx.s 			page 9


 457 0379 05       		.byte	0x5
 458 037a 6C01     		.2byte	0x16c
 459 037c 1F070000 		.4byte	0x71f
 460 0380 00       		.byte	0
 461 0381 09       		.uleb128 0x9
 462 0382 A4020000 		.4byte	.LASF69
 463 0386 05       		.byte	0x5
 464 0387 6D01     		.2byte	0x16d
 465 0389 1F070000 		.4byte	0x71f
 466 038d 04       		.byte	0x4
 467 038e 09       		.uleb128 0x9
 468 038f 10030000 		.4byte	.LASF70
 469 0393 05       		.byte	0x5
 470 0394 6E01     		.2byte	0x16e
 471 0396 39010000 		.4byte	0x139
 472 039a 08       		.byte	0x8
 473 039b 09       		.uleb128 0x9
 474 039c 9C060000 		.4byte	.LASF71
 475 03a0 05       		.byte	0x5
 476 03a1 6F01     		.2byte	0x16f
 477 03a3 3E030000 		.4byte	0x33e
 478 03a7 0C       		.byte	0xc
 479 03a8 09       		.uleb128 0x9
 480 03a9 0C060000 		.4byte	.LASF72
 481 03ad 05       		.byte	0x5
 482 03ae 7101     		.2byte	0x171
 483 03b0 5A030000 		.4byte	0x35a
 484 03b4 10       		.byte	0x10
 485 03b5 00       		.byte	0
 486 03b6 04       		.uleb128 0x4
 487 03b7 B2010000 		.4byte	.LASF73
 488 03bb 04       		.byte	0x4
 489 03bc 66       		.byte	0x66
 490 03bd C1030000 		.4byte	0x3c1
 491 03c1 0B       		.uleb128 0xb
 492 03c2 E7030000 		.4byte	.LASF74
 493 03c6 10       		.byte	0x10
 494 03c7 05       		.byte	0x5
 495 03c8 7B01     		.2byte	0x17b
 496 03ca 03040000 		.4byte	0x403
 497 03ce 09       		.uleb128 0x9
 498 03cf E1020000 		.4byte	.LASF68
 499 03d3 05       		.byte	0x5
 500 03d4 7C01     		.2byte	0x17c
 501 03d6 1F070000 		.4byte	0x71f
 502 03da 00       		.byte	0
 503 03db 09       		.uleb128 0x9
 504 03dc A4020000 		.4byte	.LASF69
 505 03e0 05       		.byte	0x5
 506 03e1 7E01     		.2byte	0x17e
 507 03e3 1F070000 		.4byte	0x71f
 508 03e7 04       		.byte	0x4
 509 03e8 09       		.uleb128 0x9
 510 03e9 10030000 		.4byte	.LASF70
 511 03ed 05       		.byte	0x5
 512 03ee 8001     		.2byte	0x180
 513 03f0 39010000 		.4byte	0x139
ARM GAS  /tmp/cc3SCJKx.s 			page 10


 514 03f4 08       		.byte	0x8
 515 03f5 09       		.uleb128 0x9
 516 03f6 FA010000 		.4byte	.LASF75
 517 03fa 05       		.byte	0x5
 518 03fb 8201     		.2byte	0x182
 519 03fd 44010000 		.4byte	0x144
 520 0401 0C       		.byte	0xc
 521 0402 00       		.byte	0
 522 0403 04       		.uleb128 0x4
 523 0404 46000000 		.4byte	.LASF76
 524 0408 04       		.byte	0x4
 525 0409 6B       		.byte	0x6b
 526 040a 0E040000 		.4byte	0x40e
 527 040e 0B       		.uleb128 0xb
 528 040f 8A040000 		.4byte	.LASF77
 529 0413 04       		.byte	0x4
 530 0414 05       		.byte	0x5
 531 0415 A201     		.2byte	0x1a2
 532 0417 29040000 		.4byte	0x429
 533 041b 09       		.uleb128 0x9
 534 041c ED050000 		.4byte	.LASF78
 535 0420 05       		.byte	0x5
 536 0421 AA01     		.2byte	0x1aa
 537 0423 08070000 		.4byte	0x708
 538 0427 00       		.byte	0
 539 0428 00       		.byte	0
 540 0429 04       		.uleb128 0x4
 541 042a 7A030000 		.4byte	.LASF79
 542 042e 04       		.byte	0x4
 543 042f 70       		.byte	0x70
 544 0430 34040000 		.4byte	0x434
 545 0434 0F       		.uleb128 0xf
 546 0435 5D020000 		.4byte	.LASF80
 547 0439 6802     		.2byte	0x268
 548 043b 05       		.byte	0x5
 549 043c C201     		.2byte	0x1c2
 550 043e 90040000 		.4byte	0x490
 551 0442 09       		.uleb128 0x9
 552 0443 3D060000 		.4byte	.LASF81
 553 0447 05       		.byte	0x5
 554 0448 C601     		.2byte	0x1c6
 555 044a D7020000 		.4byte	0x2d7
 556 044e 00       		.byte	0
 557 044f 09       		.uleb128 0x9
 558 0450 4C020000 		.4byte	.LASF82
 559 0454 05       		.byte	0x5
 560 0455 CA01     		.2byte	0x1ca
 561 0457 B6030000 		.4byte	0x3b6
 562 045b 1C       		.byte	0x1c
 563 045c 08       		.uleb128 0x8
 564 045d 64626700 		.ascii	"dbg\000"
 565 0461 05       		.byte	0x5
 566 0462 CE01     		.2byte	0x1ce
 567 0464 03040000 		.4byte	0x403
 568 0468 2C       		.byte	0x2c
 569 0469 09       		.uleb128 0x9
 570 046a A7010000 		.4byte	.LASF83
ARM GAS  /tmp/cc3SCJKx.s 			page 11


 571 046e 05       		.byte	0x5
 572 046f D201     		.2byte	0x1d2
 573 0471 49010000 		.4byte	0x149
 574 0475 30       		.byte	0x30
 575 0476 08       		.uleb128 0x8
 576 0477 746D00   		.ascii	"tm\000"
 577 047a 05       		.byte	0x5
 578 047b D701     		.2byte	0x1d7
 579 047d 32060000 		.4byte	0x632
 580 0481 80       		.byte	0x80
 581 0482 09       		.uleb128 0x9
 582 0483 B4020000 		.4byte	.LASF84
 583 0487 05       		.byte	0x5
 584 0488 E301     		.2byte	0x1e3
 585 048a 25070000 		.4byte	0x725
 586 048e 88       		.byte	0x88
 587 048f 00       		.byte	0
 588 0490 10       		.uleb128 0x10
 589 0491 C8010000 		.4byte	.LASF85
 590 0495 06       		.byte	0x6
 591 0496 A706     		.2byte	0x6a7
 592 0498 BB000000 		.4byte	0xbb
 593 049c 11       		.uleb128 0x11
 594 049d F2020000 		.4byte	.LASF86
 595 04a1 07       		.byte	0x7
 596 04a2 4C       		.byte	0x4c
 597 04a3 C0000000 		.4byte	0xc0
 598 04a7 04       		.uleb128 0x4
 599 04a8 9B020000 		.4byte	.LASF87
 600 04ac 08       		.byte	0x8
 601 04ad 65       		.byte	0x65
 602 04ae 5A030000 		.4byte	0x35a
 603 04b2 04       		.uleb128 0x4
 604 04b3 B6030000 		.4byte	.LASF88
 605 04b7 08       		.byte	0x8
 606 04b8 6D       		.byte	0x6d
 607 04b9 CB000000 		.4byte	0xcb
 608 04bd 06       		.uleb128 0x6
 609 04be FE050000 		.4byte	.LASF89
 610 04c2 04       		.byte	0x4
 611 04c3 08       		.byte	0x8
 612 04c4 89       		.byte	0x89
 613 04c5 D6040000 		.4byte	0x4d6
 614 04c9 12       		.uleb128 0x12
 615 04ca 72313300 		.ascii	"r13\000"
 616 04ce 08       		.byte	0x8
 617 04cf 8A       		.byte	0x8a
 618 04d0 17060000 		.4byte	0x617
 619 04d4 00       		.byte	0
 620 04d5 00       		.byte	0
 621 04d6 06       		.uleb128 0x6
 622 04d7 3A000000 		.4byte	.LASF90
 623 04db 64       		.byte	0x64
 624 04dc 09       		.byte	0x9
 625 04dd F4       		.byte	0xf4
 626 04de 17060000 		.4byte	0x617
 627 04e2 12       		.uleb128 0x12
ARM GAS  /tmp/cc3SCJKx.s 			page 12


 628 04e3 73313600 		.ascii	"s16\000"
 629 04e7 09       		.byte	0x9
 630 04e8 F6       		.byte	0xf6
 631 04e9 A7040000 		.4byte	0x4a7
 632 04ed 00       		.byte	0
 633 04ee 12       		.uleb128 0x12
 634 04ef 73313700 		.ascii	"s17\000"
 635 04f3 09       		.byte	0x9
 636 04f4 F7       		.byte	0xf7
 637 04f5 A7040000 		.4byte	0x4a7
 638 04f9 04       		.byte	0x4
 639 04fa 12       		.uleb128 0x12
 640 04fb 73313800 		.ascii	"s18\000"
 641 04ff 09       		.byte	0x9
 642 0500 F8       		.byte	0xf8
 643 0501 A7040000 		.4byte	0x4a7
 644 0505 08       		.byte	0x8
 645 0506 12       		.uleb128 0x12
 646 0507 73313900 		.ascii	"s19\000"
 647 050b 09       		.byte	0x9
 648 050c F9       		.byte	0xf9
 649 050d A7040000 		.4byte	0x4a7
 650 0511 0C       		.byte	0xc
 651 0512 12       		.uleb128 0x12
 652 0513 73323000 		.ascii	"s20\000"
 653 0517 09       		.byte	0x9
 654 0518 FA       		.byte	0xfa
 655 0519 A7040000 		.4byte	0x4a7
 656 051d 10       		.byte	0x10
 657 051e 12       		.uleb128 0x12
 658 051f 73323100 		.ascii	"s21\000"
 659 0523 09       		.byte	0x9
 660 0524 FB       		.byte	0xfb
 661 0525 A7040000 		.4byte	0x4a7
 662 0529 14       		.byte	0x14
 663 052a 12       		.uleb128 0x12
 664 052b 73323200 		.ascii	"s22\000"
 665 052f 09       		.byte	0x9
 666 0530 FC       		.byte	0xfc
 667 0531 A7040000 		.4byte	0x4a7
 668 0535 18       		.byte	0x18
 669 0536 12       		.uleb128 0x12
 670 0537 73323300 		.ascii	"s23\000"
 671 053b 09       		.byte	0x9
 672 053c FD       		.byte	0xfd
 673 053d A7040000 		.4byte	0x4a7
 674 0541 1C       		.byte	0x1c
 675 0542 12       		.uleb128 0x12
 676 0543 73323400 		.ascii	"s24\000"
 677 0547 09       		.byte	0x9
 678 0548 FE       		.byte	0xfe
 679 0549 A7040000 		.4byte	0x4a7
 680 054d 20       		.byte	0x20
 681 054e 12       		.uleb128 0x12
 682 054f 73323500 		.ascii	"s25\000"
 683 0553 09       		.byte	0x9
 684 0554 FF       		.byte	0xff
ARM GAS  /tmp/cc3SCJKx.s 			page 13


 685 0555 A7040000 		.4byte	0x4a7
 686 0559 24       		.byte	0x24
 687 055a 08       		.uleb128 0x8
 688 055b 73323600 		.ascii	"s26\000"
 689 055f 09       		.byte	0x9
 690 0560 0001     		.2byte	0x100
 691 0562 A7040000 		.4byte	0x4a7
 692 0566 28       		.byte	0x28
 693 0567 08       		.uleb128 0x8
 694 0568 73323700 		.ascii	"s27\000"
 695 056c 09       		.byte	0x9
 696 056d 0101     		.2byte	0x101
 697 056f A7040000 		.4byte	0x4a7
 698 0573 2C       		.byte	0x2c
 699 0574 08       		.uleb128 0x8
 700 0575 73323800 		.ascii	"s28\000"
 701 0579 09       		.byte	0x9
 702 057a 0201     		.2byte	0x102
 703 057c A7040000 		.4byte	0x4a7
 704 0580 30       		.byte	0x30
 705 0581 08       		.uleb128 0x8
 706 0582 73323900 		.ascii	"s29\000"
 707 0586 09       		.byte	0x9
 708 0587 0301     		.2byte	0x103
 709 0589 A7040000 		.4byte	0x4a7
 710 058d 34       		.byte	0x34
 711 058e 08       		.uleb128 0x8
 712 058f 73333000 		.ascii	"s30\000"
 713 0593 09       		.byte	0x9
 714 0594 0401     		.2byte	0x104
 715 0596 A7040000 		.4byte	0x4a7
 716 059a 38       		.byte	0x38
 717 059b 08       		.uleb128 0x8
 718 059c 73333100 		.ascii	"s31\000"
 719 05a0 09       		.byte	0x9
 720 05a1 0501     		.2byte	0x105
 721 05a3 A7040000 		.4byte	0x4a7
 722 05a7 3C       		.byte	0x3c
 723 05a8 08       		.uleb128 0x8
 724 05a9 723400   		.ascii	"r4\000"
 725 05ac 09       		.byte	0x9
 726 05ad 0701     		.2byte	0x107
 727 05af A7040000 		.4byte	0x4a7
 728 05b3 40       		.byte	0x40
 729 05b4 08       		.uleb128 0x8
 730 05b5 723500   		.ascii	"r5\000"
 731 05b8 09       		.byte	0x9
 732 05b9 0801     		.2byte	0x108
 733 05bb A7040000 		.4byte	0x4a7
 734 05bf 44       		.byte	0x44
 735 05c0 08       		.uleb128 0x8
 736 05c1 723600   		.ascii	"r6\000"
 737 05c4 09       		.byte	0x9
 738 05c5 0901     		.2byte	0x109
 739 05c7 A7040000 		.4byte	0x4a7
 740 05cb 48       		.byte	0x48
 741 05cc 08       		.uleb128 0x8
ARM GAS  /tmp/cc3SCJKx.s 			page 14


 742 05cd 723700   		.ascii	"r7\000"
 743 05d0 09       		.byte	0x9
 744 05d1 0A01     		.2byte	0x10a
 745 05d3 A7040000 		.4byte	0x4a7
 746 05d7 4C       		.byte	0x4c
 747 05d8 08       		.uleb128 0x8
 748 05d9 723800   		.ascii	"r8\000"
 749 05dc 09       		.byte	0x9
 750 05dd 0B01     		.2byte	0x10b
 751 05df A7040000 		.4byte	0x4a7
 752 05e3 50       		.byte	0x50
 753 05e4 08       		.uleb128 0x8
 754 05e5 723900   		.ascii	"r9\000"
 755 05e8 09       		.byte	0x9
 756 05e9 0C01     		.2byte	0x10c
 757 05eb A7040000 		.4byte	0x4a7
 758 05ef 54       		.byte	0x54
 759 05f0 08       		.uleb128 0x8
 760 05f1 72313000 		.ascii	"r10\000"
 761 05f5 09       		.byte	0x9
 762 05f6 0D01     		.2byte	0x10d
 763 05f8 A7040000 		.4byte	0x4a7
 764 05fc 58       		.byte	0x58
 765 05fd 08       		.uleb128 0x8
 766 05fe 72313100 		.ascii	"r11\000"
 767 0602 09       		.byte	0x9
 768 0603 0E01     		.2byte	0x10e
 769 0605 A7040000 		.4byte	0x4a7
 770 0609 5C       		.byte	0x5c
 771 060a 08       		.uleb128 0x8
 772 060b 6C7200   		.ascii	"lr\000"
 773 060e 09       		.byte	0x9
 774 060f 0F01     		.2byte	0x10f
 775 0611 A7040000 		.4byte	0x4a7
 776 0615 60       		.byte	0x60
 777 0616 00       		.byte	0
 778 0617 0A       		.uleb128 0xa
 779 0618 04       		.byte	0x4
 780 0619 D6040000 		.4byte	0x4d6
 781 061d 13       		.uleb128 0x13
 782 061e 04       		.byte	0x4
 783 061f 0A       		.byte	0xa
 784 0620 38       		.byte	0x38
 785 0621 32060000 		.4byte	0x632
 786 0625 07       		.uleb128 0x7
 787 0626 F7050000 		.4byte	.LASF91
 788 062a 0A       		.byte	0xa
 789 062b 3C       		.byte	0x3c
 790 062c D6000000 		.4byte	0xd6
 791 0630 00       		.byte	0
 792 0631 00       		.byte	0
 793 0632 04       		.uleb128 0x4
 794 0633 2A040000 		.4byte	.LASF92
 795 0637 0A       		.byte	0xa
 796 0638 3D       		.byte	0x3d
 797 0639 1D060000 		.4byte	0x61d
 798 063d 14       		.uleb128 0x14
ARM GAS  /tmp/cc3SCJKx.s 			page 15


 799 063e 04       		.byte	0x4
 800 063f 05       		.byte	0x5
 801 0640 FA       		.byte	0xfa
 802 0641 9A060000 		.4byte	0x69a
 803 0645 15       		.uleb128 0x15
 804 0646 20000000 		.4byte	.LASF93
 805 064a 05       		.byte	0x5
 806 064b 0101     		.2byte	0x101
 807 064d 18010000 		.4byte	0x118
 808 0651 15       		.uleb128 0x15
 809 0652 9E010000 		.4byte	.LASF94
 810 0656 05       		.byte	0x5
 811 0657 0801     		.2byte	0x108
 812 0659 18010000 		.4byte	0x118
 813 065d 15       		.uleb128 0x15
 814 065e 5E060000 		.4byte	.LASF95
 815 0662 05       		.byte	0x5
 816 0663 0F01     		.2byte	0x10f
 817 0665 5A030000 		.4byte	0x35a
 818 0669 15       		.uleb128 0x15
 819 066a 1A000000 		.4byte	.LASF96
 820 066e 05       		.byte	0x5
 821 066f 1601     		.2byte	0x116
 822 0671 9A060000 		.4byte	0x69a
 823 0675 15       		.uleb128 0x15
 824 0676 09030000 		.4byte	.LASF97
 825 067a 05       		.byte	0x5
 826 067b 1E01     		.2byte	0x11e
 827 067d C5060000 		.4byte	0x6c5
 828 0681 15       		.uleb128 0x15
 829 0682 A2050000 		.4byte	.LASF98
 830 0686 05       		.byte	0x5
 831 0687 2701     		.2byte	0x127
 832 0689 FC060000 		.4byte	0x6fc
 833 068d 15       		.uleb128 0x15
 834 068e DD040000 		.4byte	.LASF99
 835 0692 05       		.byte	0x5
 836 0693 2F01     		.2byte	0x12f
 837 0695 23010000 		.4byte	0x123
 838 0699 00       		.byte	0
 839 069a 0A       		.uleb128 0xa
 840 069b 04       		.byte	0x4
 841 069c 72020000 		.4byte	0x272
 842 06a0 06       		.uleb128 0x6
 843 06a1 38050000 		.4byte	.LASF100
 844 06a5 0C       		.byte	0xc
 845 06a6 0B       		.byte	0xb
 846 06a7 34       		.byte	0x34
 847 06a8 C5060000 		.4byte	0x6c5
 848 06ac 07       		.uleb128 0x7
 849 06ad 8B020000 		.4byte	.LASF101
 850 06b1 0B       		.byte	0xb
 851 06b2 35       		.byte	0x35
 852 06b3 A7020000 		.4byte	0x2a7
 853 06b7 00       		.byte	0
 854 06b8 07       		.uleb128 0x7
 855 06b9 37030000 		.4byte	.LASF102
ARM GAS  /tmp/cc3SCJKx.s 			page 16


 856 06bd 0B       		.byte	0xb
 857 06be 37       		.byte	0x37
 858 06bf 2E010000 		.4byte	0x12e
 859 06c3 08       		.byte	0x8
 860 06c4 00       		.byte	0
 861 06c5 0A       		.uleb128 0xa
 862 06c6 04       		.byte	0x4
 863 06c7 A0060000 		.4byte	0x6a0
 864 06cb 06       		.uleb128 0x6
 865 06cc 1E060000 		.4byte	.LASF103
 866 06d0 10       		.byte	0x10
 867 06d1 0C       		.byte	0xc
 868 06d2 39       		.byte	0x39
 869 06d3 FC060000 		.4byte	0x6fc
 870 06d7 07       		.uleb128 0x7
 871 06d8 44020000 		.4byte	.LASF104
 872 06dc 0C       		.byte	0xc
 873 06dd 3A       		.byte	0x3a
 874 06de A7020000 		.4byte	0x2a7
 875 06e2 00       		.byte	0
 876 06e3 07       		.uleb128 0x7
 877 06e4 86060000 		.4byte	.LASF105
 878 06e8 0C       		.byte	0xc
 879 06e9 3C       		.byte	0x3c
 880 06ea 7D020000 		.4byte	0x27d
 881 06ee 08       		.byte	0x8
 882 06ef 07       		.uleb128 0x7
 883 06f0 BD050000 		.4byte	.LASF106
 884 06f4 0C       		.byte	0xc
 885 06f5 3E       		.byte	0x3e
 886 06f6 57080000 		.4byte	0x857
 887 06fa 0C       		.byte	0xc
 888 06fb 00       		.byte	0
 889 06fc 0A       		.uleb128 0xa
 890 06fd 04       		.byte	0x4
 891 06fe CB060000 		.4byte	0x6cb
 892 0702 0A       		.uleb128 0xa
 893 0703 04       		.byte	0x4
 894 0704 14070000 		.4byte	0x714
 895 0708 05       		.uleb128 0x5
 896 0709 02070000 		.4byte	0x702
 897 070d 03       		.uleb128 0x3
 898 070e 01       		.byte	0x1
 899 070f 08       		.byte	0x8
 900 0710 9D050000 		.4byte	.LASF107
 901 0714 16       		.uleb128 0x16
 902 0715 0D070000 		.4byte	0x70d
 903 0719 0A       		.uleb128 0xa
 904 071a 04       		.byte	0x4
 905 071b B2040000 		.4byte	0x4b2
 906 071f 0A       		.uleb128 0xa
 907 0720 04       		.byte	0x4
 908 0721 5C030000 		.4byte	0x35c
 909 0725 17       		.uleb128 0x17
 910 0726 B2040000 		.4byte	0x4b2
 911 072a 35070000 		.4byte	0x735
 912 072e 18       		.uleb128 0x18
ARM GAS  /tmp/cc3SCJKx.s 			page 17


 913 072f 24000000 		.4byte	0x24
 914 0733 3B       		.byte	0x3b
 915 0734 00       		.byte	0
 916 0735 19       		.uleb128 0x19
 917 0736 636800   		.ascii	"ch\000"
 918 0739 05       		.byte	0x5
 919 073a 0902     		.2byte	0x209
 920 073c 29040000 		.4byte	0x429
 921 0740 13       		.uleb128 0x13
 922 0741 16       		.byte	0x16
 923 0742 0D       		.byte	0xd
 924 0743 34       		.byte	0x34
 925 0744 21080000 		.4byte	0x821
 926 0748 07       		.uleb128 0x7
 927 0749 8E060000 		.4byte	.LASF108
 928 074d 0D       		.byte	0xd
 929 074e 35       		.byte	0x35
 930 074f 21080000 		.4byte	0x821
 931 0753 00       		.byte	0
 932 0754 07       		.uleb128 0x7
 933 0755 C1030000 		.4byte	.LASF109
 934 0759 0D       		.byte	0xd
 935 075a 36       		.byte	0x36
 936 075b 9A000000 		.4byte	0x9a
 937 075f 04       		.byte	0x4
 938 0760 07       		.uleb128 0x7
 939 0761 83050000 		.4byte	.LASF110
 940 0765 0D       		.byte	0xd
 941 0766 37       		.byte	0x37
 942 0767 9A000000 		.4byte	0x9a
 943 076b 05       		.byte	0x5
 944 076c 07       		.uleb128 0x7
 945 076d 7B060000 		.4byte	.LASF111
 946 0771 0D       		.byte	0xd
 947 0772 38       		.byte	0x38
 948 0773 A5000000 		.4byte	0xa5
 949 0777 06       		.byte	0x6
 950 0778 07       		.uleb128 0x7
 951 0779 60040000 		.4byte	.LASF112
 952 077d 0D       		.byte	0xd
 953 077e 39       		.byte	0x39
 954 077f 9A000000 		.4byte	0x9a
 955 0783 08       		.byte	0x8
 956 0784 07       		.uleb128 0x7
 957 0785 FE030000 		.4byte	.LASF113
 958 0789 0D       		.byte	0xd
 959 078a 3A       		.byte	0x3a
 960 078b 9A000000 		.4byte	0x9a
 961 078f 09       		.byte	0x9
 962 0790 07       		.uleb128 0x7
 963 0791 90010000 		.4byte	.LASF114
 964 0795 0D       		.byte	0xd
 965 0796 3B       		.byte	0x3b
 966 0797 9A000000 		.4byte	0x9a
 967 079b 0A       		.byte	0xa
 968 079c 07       		.uleb128 0x7
 969 079d 5F050000 		.4byte	.LASF115
ARM GAS  /tmp/cc3SCJKx.s 			page 18


 970 07a1 0D       		.byte	0xd
 971 07a2 3C       		.byte	0x3c
 972 07a3 9A000000 		.4byte	0x9a
 973 07a7 0B       		.byte	0xb
 974 07a8 07       		.uleb128 0x7
 975 07a9 13060000 		.4byte	.LASF116
 976 07ad 0D       		.byte	0xd
 977 07ae 3D       		.byte	0x3d
 978 07af 9A000000 		.4byte	0x9a
 979 07b3 0C       		.byte	0xc
 980 07b4 07       		.uleb128 0x7
 981 07b5 2B050000 		.4byte	.LASF117
 982 07b9 0D       		.byte	0xd
 983 07ba 3E       		.byte	0x3e
 984 07bb 9A000000 		.4byte	0x9a
 985 07bf 0D       		.byte	0xd
 986 07c0 07       		.uleb128 0x7
 987 07c1 00000000 		.4byte	.LASF118
 988 07c5 0D       		.byte	0xd
 989 07c6 3F       		.byte	0x3f
 990 07c7 9A000000 		.4byte	0x9a
 991 07cb 0E       		.byte	0xe
 992 07cc 07       		.uleb128 0x7
 993 07cd 0A040000 		.4byte	.LASF119
 994 07d1 0D       		.byte	0xd
 995 07d2 40       		.byte	0x40
 996 07d3 9A000000 		.4byte	0x9a
 997 07d7 0F       		.byte	0xf
 998 07d8 07       		.uleb128 0x7
 999 07d9 1F020000 		.4byte	.LASF120
 1000 07dd 0D       		.byte	0xd
 1001 07de 41       		.byte	0x41
 1002 07df 9A000000 		.4byte	0x9a
 1003 07e3 10       		.byte	0x10
 1004 07e4 07       		.uleb128 0x7
 1005 07e5 ED010000 		.4byte	.LASF121
 1006 07e9 0D       		.byte	0xd
 1007 07ea 43       		.byte	0x43
 1008 07eb 9A000000 		.4byte	0x9a
 1009 07ef 11       		.byte	0x11
 1010 07f0 07       		.uleb128 0x7
 1011 07f1 2F020000 		.4byte	.LASF122
 1012 07f5 0D       		.byte	0xd
 1013 07f6 44       		.byte	0x44
 1014 07f7 9A000000 		.4byte	0x9a
 1015 07fb 12       		.byte	0x12
 1016 07fc 07       		.uleb128 0x7
 1017 07fd C9030000 		.4byte	.LASF123
 1018 0801 0D       		.byte	0xd
 1019 0802 45       		.byte	0x45
 1020 0803 9A000000 		.4byte	0x9a
 1021 0807 13       		.byte	0x13
 1022 0808 07       		.uleb128 0x7
 1023 0809 F3040000 		.4byte	.LASF124
 1024 080d 0D       		.byte	0xd
 1025 080e 46       		.byte	0x46
 1026 080f 9A000000 		.4byte	0x9a
ARM GAS  /tmp/cc3SCJKx.s 			page 19


 1027 0813 14       		.byte	0x14
 1028 0814 07       		.uleb128 0x7
 1029 0815 86030000 		.4byte	.LASF125
 1030 0819 0D       		.byte	0xd
 1031 081a 48       		.byte	0x48
 1032 081b 9A000000 		.4byte	0x9a
 1033 081f 15       		.byte	0x15
 1034 0820 00       		.byte	0
 1035 0821 17       		.uleb128 0x17
 1036 0822 0D070000 		.4byte	0x70d
 1037 0826 31080000 		.4byte	0x831
 1038 082a 18       		.uleb128 0x18
 1039 082b 24000000 		.4byte	0x24
 1040 082f 03       		.byte	0x3
 1041 0830 00       		.byte	0
 1042 0831 04       		.uleb128 0x4
 1043 0832 79020000 		.4byte	.LASF126
 1044 0836 0D       		.byte	0xd
 1045 0837 49       		.byte	0x49
 1046 0838 40070000 		.4byte	0x740
 1047 083c 16       		.uleb128 0x16
 1048 083d 31080000 		.4byte	0x831
 1049 0841 11       		.uleb128 0x11
 1050 0842 24030000 		.4byte	.LASF127
 1051 0846 0D       		.byte	0xd
 1052 0847 6E       		.byte	0x6e
 1053 0848 3C080000 		.4byte	0x83c
 1054 084c 04       		.uleb128 0x4
 1055 084d AC020000 		.4byte	.LASF128
 1056 0851 0C       		.byte	0xc
 1057 0852 34       		.byte	0x34
 1058 0853 CB060000 		.4byte	0x6cb
 1059 0857 0A       		.uleb128 0xa
 1060 0858 04       		.byte	0x4
 1061 0859 4C080000 		.4byte	0x84c
 1062 085d 00       		.byte	0
 1063              		.section	.debug_abbrev,"",%progbits
 1064              	.Ldebug_abbrev0:
 1065 0000 01       		.uleb128 0x1
 1066 0001 11       		.uleb128 0x11
 1067 0002 01       		.byte	0x1
 1068 0003 25       		.uleb128 0x25
 1069 0004 0E       		.uleb128 0xe
 1070 0005 13       		.uleb128 0x13
 1071 0006 0B       		.uleb128 0xb
 1072 0007 03       		.uleb128 0x3
 1073 0008 0E       		.uleb128 0xe
 1074 0009 1B       		.uleb128 0x1b
 1075 000a 0E       		.uleb128 0xe
 1076 000b 10       		.uleb128 0x10
 1077 000c 17       		.uleb128 0x17
 1078 000d 00       		.byte	0
 1079 000e 00       		.byte	0
 1080 000f 02       		.uleb128 0x2
 1081 0010 24       		.uleb128 0x24
 1082 0011 00       		.byte	0
 1083 0012 0B       		.uleb128 0xb
ARM GAS  /tmp/cc3SCJKx.s 			page 20


 1084 0013 0B       		.uleb128 0xb
 1085 0014 3E       		.uleb128 0x3e
 1086 0015 0B       		.uleb128 0xb
 1087 0016 03       		.uleb128 0x3
 1088 0017 08       		.uleb128 0x8
 1089 0018 00       		.byte	0
 1090 0019 00       		.byte	0
 1091 001a 03       		.uleb128 0x3
 1092 001b 24       		.uleb128 0x24
 1093 001c 00       		.byte	0
 1094 001d 0B       		.uleb128 0xb
 1095 001e 0B       		.uleb128 0xb
 1096 001f 3E       		.uleb128 0x3e
 1097 0020 0B       		.uleb128 0xb
 1098 0021 03       		.uleb128 0x3
 1099 0022 0E       		.uleb128 0xe
 1100 0023 00       		.byte	0
 1101 0024 00       		.byte	0
 1102 0025 04       		.uleb128 0x4
 1103 0026 16       		.uleb128 0x16
 1104 0027 00       		.byte	0
 1105 0028 03       		.uleb128 0x3
 1106 0029 0E       		.uleb128 0xe
 1107 002a 3A       		.uleb128 0x3a
 1108 002b 0B       		.uleb128 0xb
 1109 002c 3B       		.uleb128 0x3b
 1110 002d 0B       		.uleb128 0xb
 1111 002e 49       		.uleb128 0x49
 1112 002f 13       		.uleb128 0x13
 1113 0030 00       		.byte	0
 1114 0031 00       		.byte	0
 1115 0032 05       		.uleb128 0x5
 1116 0033 35       		.uleb128 0x35
 1117 0034 00       		.byte	0
 1118 0035 49       		.uleb128 0x49
 1119 0036 13       		.uleb128 0x13
 1120 0037 00       		.byte	0
 1121 0038 00       		.byte	0
 1122 0039 06       		.uleb128 0x6
 1123 003a 13       		.uleb128 0x13
 1124 003b 01       		.byte	0x1
 1125 003c 03       		.uleb128 0x3
 1126 003d 0E       		.uleb128 0xe
 1127 003e 0B       		.uleb128 0xb
 1128 003f 0B       		.uleb128 0xb
 1129 0040 3A       		.uleb128 0x3a
 1130 0041 0B       		.uleb128 0xb
 1131 0042 3B       		.uleb128 0x3b
 1132 0043 0B       		.uleb128 0xb
 1133 0044 01       		.uleb128 0x1
 1134 0045 13       		.uleb128 0x13
 1135 0046 00       		.byte	0
 1136 0047 00       		.byte	0
 1137 0048 07       		.uleb128 0x7
 1138 0049 0D       		.uleb128 0xd
 1139 004a 00       		.byte	0
 1140 004b 03       		.uleb128 0x3
ARM GAS  /tmp/cc3SCJKx.s 			page 21


 1141 004c 0E       		.uleb128 0xe
 1142 004d 3A       		.uleb128 0x3a
 1143 004e 0B       		.uleb128 0xb
 1144 004f 3B       		.uleb128 0x3b
 1145 0050 0B       		.uleb128 0xb
 1146 0051 49       		.uleb128 0x49
 1147 0052 13       		.uleb128 0x13
 1148 0053 38       		.uleb128 0x38
 1149 0054 0B       		.uleb128 0xb
 1150 0055 00       		.byte	0
 1151 0056 00       		.byte	0
 1152 0057 08       		.uleb128 0x8
 1153 0058 0D       		.uleb128 0xd
 1154 0059 00       		.byte	0
 1155 005a 03       		.uleb128 0x3
 1156 005b 08       		.uleb128 0x8
 1157 005c 3A       		.uleb128 0x3a
 1158 005d 0B       		.uleb128 0xb
 1159 005e 3B       		.uleb128 0x3b
 1160 005f 05       		.uleb128 0x5
 1161 0060 49       		.uleb128 0x49
 1162 0061 13       		.uleb128 0x13
 1163 0062 38       		.uleb128 0x38
 1164 0063 0B       		.uleb128 0xb
 1165 0064 00       		.byte	0
 1166 0065 00       		.byte	0
 1167 0066 09       		.uleb128 0x9
 1168 0067 0D       		.uleb128 0xd
 1169 0068 00       		.byte	0
 1170 0069 03       		.uleb128 0x3
 1171 006a 0E       		.uleb128 0xe
 1172 006b 3A       		.uleb128 0x3a
 1173 006c 0B       		.uleb128 0xb
 1174 006d 3B       		.uleb128 0x3b
 1175 006e 05       		.uleb128 0x5
 1176 006f 49       		.uleb128 0x49
 1177 0070 13       		.uleb128 0x13
 1178 0071 38       		.uleb128 0x38
 1179 0072 0B       		.uleb128 0xb
 1180 0073 00       		.byte	0
 1181 0074 00       		.byte	0
 1182 0075 0A       		.uleb128 0xa
 1183 0076 0F       		.uleb128 0xf
 1184 0077 00       		.byte	0
 1185 0078 0B       		.uleb128 0xb
 1186 0079 0B       		.uleb128 0xb
 1187 007a 49       		.uleb128 0x49
 1188 007b 13       		.uleb128 0x13
 1189 007c 00       		.byte	0
 1190 007d 00       		.byte	0
 1191 007e 0B       		.uleb128 0xb
 1192 007f 13       		.uleb128 0x13
 1193 0080 01       		.byte	0x1
 1194 0081 03       		.uleb128 0x3
 1195 0082 0E       		.uleb128 0xe
 1196 0083 0B       		.uleb128 0xb
 1197 0084 0B       		.uleb128 0xb
ARM GAS  /tmp/cc3SCJKx.s 			page 22


 1198 0085 3A       		.uleb128 0x3a
 1199 0086 0B       		.uleb128 0xb
 1200 0087 3B       		.uleb128 0x3b
 1201 0088 05       		.uleb128 0x5
 1202 0089 01       		.uleb128 0x1
 1203 008a 13       		.uleb128 0x13
 1204 008b 00       		.byte	0
 1205 008c 00       		.byte	0
 1206 008d 0C       		.uleb128 0xc
 1207 008e 15       		.uleb128 0x15
 1208 008f 01       		.byte	0x1
 1209 0090 27       		.uleb128 0x27
 1210 0091 19       		.uleb128 0x19
 1211 0092 01       		.uleb128 0x1
 1212 0093 13       		.uleb128 0x13
 1213 0094 00       		.byte	0
 1214 0095 00       		.byte	0
 1215 0096 0D       		.uleb128 0xd
 1216 0097 05       		.uleb128 0x5
 1217 0098 00       		.byte	0
 1218 0099 49       		.uleb128 0x49
 1219 009a 13       		.uleb128 0x13
 1220 009b 00       		.byte	0
 1221 009c 00       		.byte	0
 1222 009d 0E       		.uleb128 0xe
 1223 009e 0F       		.uleb128 0xf
 1224 009f 00       		.byte	0
 1225 00a0 0B       		.uleb128 0xb
 1226 00a1 0B       		.uleb128 0xb
 1227 00a2 00       		.byte	0
 1228 00a3 00       		.byte	0
 1229 00a4 0F       		.uleb128 0xf
 1230 00a5 13       		.uleb128 0x13
 1231 00a6 01       		.byte	0x1
 1232 00a7 03       		.uleb128 0x3
 1233 00a8 0E       		.uleb128 0xe
 1234 00a9 0B       		.uleb128 0xb
 1235 00aa 05       		.uleb128 0x5
 1236 00ab 3A       		.uleb128 0x3a
 1237 00ac 0B       		.uleb128 0xb
 1238 00ad 3B       		.uleb128 0x3b
 1239 00ae 05       		.uleb128 0x5
 1240 00af 01       		.uleb128 0x1
 1241 00b0 13       		.uleb128 0x13
 1242 00b1 00       		.byte	0
 1243 00b2 00       		.byte	0
 1244 00b3 10       		.uleb128 0x10
 1245 00b4 34       		.uleb128 0x34
 1246 00b5 00       		.byte	0
 1247 00b6 03       		.uleb128 0x3
 1248 00b7 0E       		.uleb128 0xe
 1249 00b8 3A       		.uleb128 0x3a
 1250 00b9 0B       		.uleb128 0xb
 1251 00ba 3B       		.uleb128 0x3b
 1252 00bb 05       		.uleb128 0x5
 1253 00bc 49       		.uleb128 0x49
 1254 00bd 13       		.uleb128 0x13
ARM GAS  /tmp/cc3SCJKx.s 			page 23


 1255 00be 3F       		.uleb128 0x3f
 1256 00bf 19       		.uleb128 0x19
 1257 00c0 3C       		.uleb128 0x3c
 1258 00c1 19       		.uleb128 0x19
 1259 00c2 00       		.byte	0
 1260 00c3 00       		.byte	0
 1261 00c4 11       		.uleb128 0x11
 1262 00c5 34       		.uleb128 0x34
 1263 00c6 00       		.byte	0
 1264 00c7 03       		.uleb128 0x3
 1265 00c8 0E       		.uleb128 0xe
 1266 00c9 3A       		.uleb128 0x3a
 1267 00ca 0B       		.uleb128 0xb
 1268 00cb 3B       		.uleb128 0x3b
 1269 00cc 0B       		.uleb128 0xb
 1270 00cd 49       		.uleb128 0x49
 1271 00ce 13       		.uleb128 0x13
 1272 00cf 3F       		.uleb128 0x3f
 1273 00d0 19       		.uleb128 0x19
 1274 00d1 3C       		.uleb128 0x3c
 1275 00d2 19       		.uleb128 0x19
 1276 00d3 00       		.byte	0
 1277 00d4 00       		.byte	0
 1278 00d5 12       		.uleb128 0x12
 1279 00d6 0D       		.uleb128 0xd
 1280 00d7 00       		.byte	0
 1281 00d8 03       		.uleb128 0x3
 1282 00d9 08       		.uleb128 0x8
 1283 00da 3A       		.uleb128 0x3a
 1284 00db 0B       		.uleb128 0xb
 1285 00dc 3B       		.uleb128 0x3b
 1286 00dd 0B       		.uleb128 0xb
 1287 00de 49       		.uleb128 0x49
 1288 00df 13       		.uleb128 0x13
 1289 00e0 38       		.uleb128 0x38
 1290 00e1 0B       		.uleb128 0xb
 1291 00e2 00       		.byte	0
 1292 00e3 00       		.byte	0
 1293 00e4 13       		.uleb128 0x13
 1294 00e5 13       		.uleb128 0x13
 1295 00e6 01       		.byte	0x1
 1296 00e7 0B       		.uleb128 0xb
 1297 00e8 0B       		.uleb128 0xb
 1298 00e9 3A       		.uleb128 0x3a
 1299 00ea 0B       		.uleb128 0xb
 1300 00eb 3B       		.uleb128 0x3b
 1301 00ec 0B       		.uleb128 0xb
 1302 00ed 01       		.uleb128 0x1
 1303 00ee 13       		.uleb128 0x13
 1304 00ef 00       		.byte	0
 1305 00f0 00       		.byte	0
 1306 00f1 14       		.uleb128 0x14
 1307 00f2 17       		.uleb128 0x17
 1308 00f3 01       		.byte	0x1
 1309 00f4 0B       		.uleb128 0xb
 1310 00f5 0B       		.uleb128 0xb
 1311 00f6 3A       		.uleb128 0x3a
ARM GAS  /tmp/cc3SCJKx.s 			page 24


 1312 00f7 0B       		.uleb128 0xb
 1313 00f8 3B       		.uleb128 0x3b
 1314 00f9 0B       		.uleb128 0xb
 1315 00fa 01       		.uleb128 0x1
 1316 00fb 13       		.uleb128 0x13
 1317 00fc 00       		.byte	0
 1318 00fd 00       		.byte	0
 1319 00fe 15       		.uleb128 0x15
 1320 00ff 0D       		.uleb128 0xd
 1321 0100 00       		.byte	0
 1322 0101 03       		.uleb128 0x3
 1323 0102 0E       		.uleb128 0xe
 1324 0103 3A       		.uleb128 0x3a
 1325 0104 0B       		.uleb128 0xb
 1326 0105 3B       		.uleb128 0x3b
 1327 0106 05       		.uleb128 0x5
 1328 0107 49       		.uleb128 0x49
 1329 0108 13       		.uleb128 0x13
 1330 0109 00       		.byte	0
 1331 010a 00       		.byte	0
 1332 010b 16       		.uleb128 0x16
 1333 010c 26       		.uleb128 0x26
 1334 010d 00       		.byte	0
 1335 010e 49       		.uleb128 0x49
 1336 010f 13       		.uleb128 0x13
 1337 0110 00       		.byte	0
 1338 0111 00       		.byte	0
 1339 0112 17       		.uleb128 0x17
 1340 0113 01       		.uleb128 0x1
 1341 0114 01       		.byte	0x1
 1342 0115 49       		.uleb128 0x49
 1343 0116 13       		.uleb128 0x13
 1344 0117 01       		.uleb128 0x1
 1345 0118 13       		.uleb128 0x13
 1346 0119 00       		.byte	0
 1347 011a 00       		.byte	0
 1348 011b 18       		.uleb128 0x18
 1349 011c 21       		.uleb128 0x21
 1350 011d 00       		.byte	0
 1351 011e 49       		.uleb128 0x49
 1352 011f 13       		.uleb128 0x13
 1353 0120 2F       		.uleb128 0x2f
 1354 0121 0B       		.uleb128 0xb
 1355 0122 00       		.byte	0
 1356 0123 00       		.byte	0
 1357 0124 19       		.uleb128 0x19
 1358 0125 34       		.uleb128 0x34
 1359 0126 00       		.byte	0
 1360 0127 03       		.uleb128 0x3
 1361 0128 08       		.uleb128 0x8
 1362 0129 3A       		.uleb128 0x3a
 1363 012a 0B       		.uleb128 0xb
 1364 012b 3B       		.uleb128 0x3b
 1365 012c 05       		.uleb128 0x5
 1366 012d 49       		.uleb128 0x49
 1367 012e 13       		.uleb128 0x13
 1368 012f 3F       		.uleb128 0x3f
ARM GAS  /tmp/cc3SCJKx.s 			page 25


 1369 0130 19       		.uleb128 0x19
 1370 0131 3C       		.uleb128 0x3c
 1371 0132 19       		.uleb128 0x19
 1372 0133 00       		.byte	0
 1373 0134 00       		.byte	0
 1374 0135 00       		.byte	0
 1375              		.section	.debug_aranges,"",%progbits
 1376 0000 14000000 		.4byte	0x14
 1377 0004 0200     		.2byte	0x2
 1378 0006 00000000 		.4byte	.Ldebug_info0
 1379 000a 04       		.byte	0x4
 1380 000b 00       		.byte	0
 1381 000c 0000     		.2byte	0
 1382 000e 0000     		.2byte	0
 1383 0010 00000000 		.4byte	0
 1384 0014 00000000 		.4byte	0
 1385              		.section	.debug_line,"",%progbits
 1386              	.Ldebug_line0:
 1387 0000 C2010000 		.section	.debug_str,"MS",%progbits,1
 1387      0200BC01 
 1387      00000201 
 1387      FB0E0D00 
 1387      01010101 
 1388              	.LASF118:
 1389 0000 63665F6F 		.ascii	"cf_off_older\000"
 1389      66665F6F 
 1389      6C646572 
 1389      00
 1390              	.LASF57:
 1391 000d 72656164 		.ascii	"ready_list_t\000"
 1391      795F6C69 
 1391      73745F74 
 1391      00
 1392              	.LASF96:
 1393 001a 77747472 		.ascii	"wttrp\000"
 1393      7000
 1394              	.LASF93:
 1395 0020 7264796D 		.ascii	"rdymsg\000"
 1395      736700
 1396              	.LASF18:
 1397 0027 75696E74 		.ascii	"uint64_t\000"
 1397      36345F74 
 1397      00
 1398              	.LASF4:
 1399 0030 5F5F7569 		.ascii	"__uint8_t\000"
 1399      6E74385F 
 1399      7400
 1400              	.LASF90:
 1401 003a 706F7274 		.ascii	"port_intctx\000"
 1401      5F696E74 
 1401      63747800 
 1402              	.LASF76:
 1403 0046 73797374 		.ascii	"system_debug_t\000"
 1403      656D5F64 
 1403      65627567 
 1403      5F7400
 1404              	.LASF129:
ARM GAS  /tmp/cc3SCJKx.s 			page 26


 1405 0055 474E5520 		.ascii	"GNU C99 7.3.1 20180622 (release) [ARM/embedded-7-br"
 1405      43393920 
 1405      372E332E 
 1405      31203230 
 1405      31383036 
 1406 0088 616E6368 		.ascii	"anch revision 261907] -mcpu=cortex-m4 -mfloat-abi=h"
 1406      20726576 
 1406      6973696F 
 1406      6E203236 
 1406      31393037 
 1407 00bb 61726420 		.ascii	"ard -mfpu=fpv4-sp-d16 -mno-thumb-interwork -mthumb "
 1407      2D6D6670 
 1407      753D6670 
 1407      76342D73 
 1407      702D6431 
 1408 00ee 2D676764 		.ascii	"-ggdb -O2 -std=gnu99 -fomit-frame-pointer -falign-f"
 1408      62202D4F 
 1408      32202D73 
 1408      74643D67 
 1408      6E753939 
 1409 0121 756E6374 		.ascii	"unctions=16 -ffunction-sections -fdata-sections -fn"
 1409      696F6E73 
 1409      3D313620 
 1409      2D666675 
 1409      6E637469 
 1410 0154 6F2D636F 		.ascii	"o-common -fsingle-precision-constant\000"
 1410      6D6D6F6E 
 1410      202D6673 
 1410      696E676C 
 1410      652D7072 
 1411              	.LASF13:
 1412 0179 6C6F6E67 		.ascii	"long long unsigned int\000"
 1412      206C6F6E 
 1412      6720756E 
 1412      7369676E 
 1412      65642069 
 1413              	.LASF114:
 1414 0190 63685F74 		.ascii	"ch_threadsize\000"
 1414      68726561 
 1414      6473697A 
 1414      6500
 1415              	.LASF94:
 1416 019e 65786974 		.ascii	"exitcode\000"
 1416      636F6465 
 1416      00
 1417              	.LASF83:
 1418 01a7 6D61696E 		.ascii	"mainthread\000"
 1418      74687265 
 1418      616400
 1419              	.LASF73:
 1420 01b2 76697274 		.ascii	"virtual_timers_list_t\000"
 1420      75616C5F 
 1420      74696D65 
 1420      72735F6C 
 1420      6973745F 
 1421              	.LASF85:
 1422 01c8 49544D5F 		.ascii	"ITM_RxBuffer\000"
ARM GAS  /tmp/cc3SCJKx.s 			page 27


 1422      52784275 
 1422      66666572 
 1422      00
 1423              	.LASF56:
 1424 01d5 63685F74 		.ascii	"ch_threads_queue\000"
 1424      68726561 
 1424      64735F71 
 1424      75657565 
 1424      00
 1425              	.LASF32:
 1426 01e6 705F7072 		.ascii	"p_prio\000"
 1426      696F00
 1427              	.LASF121:
 1428 01ed 63665F6F 		.ascii	"cf_off_state\000"
 1428      66665F73 
 1428      74617465 
 1428      00
 1429              	.LASF75:
 1430 01fa 76745F73 		.ascii	"vt_systime\000"
 1430      79737469 
 1430      6D6500
 1431              	.LASF11:
 1432 0205 6C6F6E67 		.ascii	"long long int\000"
 1432      206C6F6E 
 1432      6720696E 
 1432      7400
 1433              	.LASF1:
 1434 0213 7369676E 		.ascii	"signed char\000"
 1434      65642063 
 1434      68617200 
 1435              	.LASF120:
 1436 021f 63665F6F 		.ascii	"cf_off_stklimit\000"
 1436      66665F73 
 1436      746B6C69 
 1436      6D697400 
 1437              	.LASF122:
 1438 022f 63665F6F 		.ascii	"cf_off_flags\000"
 1438      66665F66 
 1438      6C616773 
 1438      00
 1439              	.LASF49:
 1440 023c 705F6D70 		.ascii	"p_mpool\000"
 1440      6F6F6C00 
 1441              	.LASF104:
 1442 0244 6D5F7175 		.ascii	"m_queue\000"
 1442      65756500 
 1443              	.LASF82:
 1444 024c 76746C69 		.ascii	"vtlist\000"
 1444      737400
 1445              	.LASF23:
 1446 0253 74736C69 		.ascii	"tslices_t\000"
 1446      6365735F 
 1446      7400
 1447              	.LASF80:
 1448 025d 63685F73 		.ascii	"ch_system\000"
 1448      79737465 
 1448      6D00
ARM GAS  /tmp/cc3SCJKx.s 			page 28


 1449              	.LASF8:
 1450 0267 6C6F6E67 		.ascii	"long int\000"
 1450      20696E74 
 1450      00
 1451              	.LASF21:
 1452 0270 74737461 		.ascii	"tstate_t\000"
 1452      74655F74 
 1452      00
 1453              	.LASF126:
 1454 0279 63686465 		.ascii	"chdebug_t\000"
 1454      6275675F 
 1454      7400
 1455              	.LASF34:
 1456 0283 705F6E65 		.ascii	"p_newer\000"
 1456      77657200 
 1457              	.LASF101:
 1458 028b 735F7175 		.ascii	"s_queue\000"
 1458      65756500 
 1459              	.LASF62:
 1460 0293 725F6E65 		.ascii	"r_newer\000"
 1460      77657200 
 1461              	.LASF87:
 1462 029b 72656761 		.ascii	"regarm_t\000"
 1462      726D5F74 
 1462      00
 1463              	.LASF69:
 1464 02a4 76745F70 		.ascii	"vt_prev\000"
 1464      72657600 
 1465              	.LASF128:
 1466 02ac 6D757465 		.ascii	"mutex_t\000"
 1466      785F7400 
 1467              	.LASF84:
 1468 02b4 69646C65 		.ascii	"idle_thread_wa\000"
 1468      5F746872 
 1468      6561645F 
 1468      776100
 1469              	.LASF27:
 1470 02c3 636E745F 		.ascii	"cnt_t\000"
 1470      7400
 1471              	.LASF37:
 1472 02c9 705F7374 		.ascii	"p_stklimit\000"
 1472      6B6C696D 
 1472      697400
 1473              	.LASF0:
 1474 02d4 756E7369 		.ascii	"unsigned int\000"
 1474      676E6564 
 1474      20696E74 
 1474      00
 1475              	.LASF68:
 1476 02e1 76745F6E 		.ascii	"vt_next\000"
 1476      65787400 
 1477              	.LASF15:
 1478 02e9 75696E74 		.ascii	"uint16_t\000"
 1478      31365F74 
 1478      00
 1479              	.LASF86:
 1480 02f2 53797374 		.ascii	"SystemCoreClock\000"
ARM GAS  /tmp/cc3SCJKx.s 			page 29


 1480      656D436F 
 1480      7265436C 
 1480      6F636B00 
 1481              	.LASF42:
 1482 0302 705F7469 		.ascii	"p_time\000"
 1482      6D6500
 1483              	.LASF97:
 1484 0309 77747365 		.ascii	"wtsemp\000"
 1484      6D7000
 1485              	.LASF70:
 1486 0310 76745F64 		.ascii	"vt_delta\000"
 1486      656C7461 
 1486      00
 1487              	.LASF44:
 1488 0319 705F6D73 		.ascii	"p_msgqueue\000"
 1488      67717565 
 1488      756500
 1489              	.LASF127:
 1490 0324 63685F64 		.ascii	"ch_debug\000"
 1490      65627567 
 1490      00
 1491              	.LASF53:
 1492 032d 63685F74 		.ascii	"ch_thread\000"
 1492      68726561 
 1492      6400
 1493              	.LASF102:
 1494 0337 735F636E 		.ascii	"s_cnt\000"
 1494      7400
 1495              	.LASF6:
 1496 033d 73686F72 		.ascii	"short unsigned int\000"
 1496      7420756E 
 1496      7369676E 
 1496      65642069 
 1496      6E7400
 1497              	.LASF130:
 1498 0350 43686962 		.ascii	"ChibiOS_3.0.5/os/hal/osal/rt/osal.c\000"
 1498      694F535F 
 1498      332E302E 
 1498      352F6F73 
 1498      2F68616C 
 1499              	.LASF25:
 1500 0374 6D73675F 		.ascii	"msg_t\000"
 1500      7400
 1501              	.LASF79:
 1502 037a 63685F73 		.ascii	"ch_system_t\000"
 1502      79737465 
 1502      6D5F7400 
 1503              	.LASF125:
 1504 0386 63665F6F 		.ascii	"cf_off_time\000"
 1504      66665F74 
 1504      696D6500 
 1505              	.LASF58:
 1506 0392 63685F72 		.ascii	"ch_ready_list\000"
 1506      65616479 
 1506      5F6C6973 
 1506      7400
 1507              	.LASF26:
ARM GAS  /tmp/cc3SCJKx.s 			page 30


 1508 03a0 6576656E 		.ascii	"eventmask_t\000"
 1508      746D6173 
 1508      6B5F7400 
 1509              	.LASF7:
 1510 03ac 5F5F696E 		.ascii	"__int32_t\000"
 1510      7433325F 
 1510      7400
 1511              	.LASF88:
 1512 03b6 73746B61 		.ascii	"stkalign_t\000"
 1512      6C69676E 
 1512      5F7400
 1513              	.LASF109:
 1514 03c1 63685F7A 		.ascii	"ch_zero\000"
 1514      65726F00 
 1515              	.LASF123:
 1516 03c9 63665F6F 		.ascii	"cf_off_refs\000"
 1516      66665F72 
 1516      65667300 
 1517              	.LASF43:
 1518 03d5 705F7761 		.ascii	"p_waiting\000"
 1518      6974696E 
 1518      6700
 1519              	.LASF19:
 1520 03df 7274636E 		.ascii	"rtcnt_t\000"
 1520      745F7400 
 1521              	.LASF74:
 1522 03e7 63685F76 		.ascii	"ch_virtual_timers_list\000"
 1522      69727475 
 1522      616C5F74 
 1522      696D6572 
 1522      735F6C69 
 1523              	.LASF113:
 1524 03fe 63685F74 		.ascii	"ch_timesize\000"
 1524      696D6573 
 1524      697A6500 
 1525              	.LASF119:
 1526 040a 63665F6F 		.ascii	"cf_off_name\000"
 1526      66665F6E 
 1526      616D6500 
 1527              	.LASF35:
 1528 0416 705F6F6C 		.ascii	"p_older\000"
 1528      64657200 
 1529              	.LASF61:
 1530 041e 725F6374 		.ascii	"r_ctx\000"
 1530      7800
 1531              	.LASF33:
 1532 0424 705F6374 		.ascii	"p_ctx\000"
 1532      7800
 1533              	.LASF92:
 1534 042a 746D5F63 		.ascii	"tm_calibration_t\000"
 1534      616C6962 
 1534      72617469 
 1534      6F6E5F74 
 1534      00
 1535              	.LASF64:
 1536 043b 725F6375 		.ascii	"r_current\000"
 1536      7272656E 
ARM GAS  /tmp/cc3SCJKx.s 			page 31


 1536      7400
 1537              	.LASF63:
 1538 0445 725F6F6C 		.ascii	"r_older\000"
 1538      64657200 
 1539              	.LASF12:
 1540 044d 5F5F7569 		.ascii	"__uint64_t\000"
 1540      6E743634 
 1540      5F7400
 1541              	.LASF22:
 1542 0458 74726566 		.ascii	"trefs_t\000"
 1542      735F7400 
 1543              	.LASF112:
 1544 0460 63685F70 		.ascii	"ch_ptrsize\000"
 1544      74727369 
 1544      7A6500
 1545              	.LASF66:
 1546 046b 76697274 		.ascii	"virtual_timer_t\000"
 1546      75616C5F 
 1546      74696D65 
 1546      725F7400 
 1547              	.LASF31:
 1548 047b 705F7072 		.ascii	"p_prev\000"
 1548      657600
 1549              	.LASF24:
 1550 0482 74707269 		.ascii	"tprio_t\000"
 1550      6F5F7400 
 1551              	.LASF77:
 1552 048a 63685F73 		.ascii	"ch_system_debug\000"
 1552      79737465 
 1552      6D5F6465 
 1552      62756700 
 1553              	.LASF16:
 1554 049a 696E7433 		.ascii	"int32_t\000"
 1554      325F7400 
 1555              	.LASF2:
 1556 04a2 756E7369 		.ascii	"unsigned char\000"
 1556      676E6564 
 1556      20636861 
 1556      7200
 1557              	.LASF47:
 1558 04b0 705F6D74 		.ascii	"p_mtxlist\000"
 1558      786C6973 
 1558      7400
 1559              	.LASF3:
 1560 04ba 73686F72 		.ascii	"short int\000"
 1560      7420696E 
 1560      7400
 1561              	.LASF38:
 1562 04c4 705F7374 		.ascii	"p_state\000"
 1562      61746500 
 1563              	.LASF41:
 1564 04cc 705F7072 		.ascii	"p_preempt\000"
 1564      65656D70 
 1564      7400
 1565              	.LASF60:
 1566 04d6 725F7072 		.ascii	"r_prio\000"
 1566      696F00
ARM GAS  /tmp/cc3SCJKx.s 			page 32


 1567              	.LASF99:
 1568 04dd 65776D61 		.ascii	"ewmask\000"
 1568      736B00
 1569              	.LASF30:
 1570 04e4 705F6E65 		.ascii	"p_next\000"
 1570      787400
 1571              	.LASF20:
 1572 04eb 746D6F64 		.ascii	"tmode_t\000"
 1572      655F7400 
 1573              	.LASF124:
 1574 04f3 63665F6F 		.ascii	"cf_off_preempt\000"
 1574      66665F70 
 1574      7265656D 
 1574      707400
 1575              	.LASF39:
 1576 0502 705F666C 		.ascii	"p_flags\000"
 1576      61677300 
 1577              	.LASF55:
 1578 050a 74687265 		.ascii	"threads_queue_t\000"
 1578      6164735F 
 1578      71756575 
 1578      655F7400 
 1579              	.LASF67:
 1580 051a 63685F76 		.ascii	"ch_virtual_timer\000"
 1580      69727475 
 1580      616C5F74 
 1580      696D6572 
 1580      00
 1581              	.LASF117:
 1582 052b 63665F6F 		.ascii	"cf_off_newer\000"
 1582      66665F6E 
 1582      65776572 
 1582      00
 1583              	.LASF100:
 1584 0538 63685F73 		.ascii	"ch_semaphore\000"
 1584      656D6170 
 1584      686F7265 
 1584      00
 1585              	.LASF46:
 1586 0545 705F6570 		.ascii	"p_epending\000"
 1586      656E6469 
 1586      6E6700
 1587              	.LASF131:
 1588 0550 2F626C64 		.ascii	"/bldc\000"
 1588      6300
 1589              	.LASF17:
 1590 0556 75696E74 		.ascii	"uint32_t\000"
 1590      33325F74 
 1590      00
 1591              	.LASF115:
 1592 055f 63665F6F 		.ascii	"cf_off_prio\000"
 1592      66665F70 
 1592      72696F00 
 1593              	.LASF59:
 1594 056b 725F7175 		.ascii	"r_queue\000"
 1594      65756500 
 1595              	.LASF54:
ARM GAS  /tmp/cc3SCJKx.s 			page 33


 1596 0573 63685F74 		.ascii	"ch_threads_list\000"
 1596      68726561 
 1596      64735F6C 
 1596      69737400 
 1597              	.LASF110:
 1598 0583 63685F73 		.ascii	"ch_size\000"
 1598      697A6500 
 1599              	.LASF10:
 1600 058b 6C6F6E67 		.ascii	"long unsigned int\000"
 1600      20756E73 
 1600      69676E65 
 1600      6420696E 
 1600      7400
 1601              	.LASF107:
 1602 059d 63686172 		.ascii	"char\000"
 1602      00
 1603              	.LASF98:
 1604 05a2 77746D74 		.ascii	"wtmtxp\000"
 1604      787000
 1605              	.LASF5:
 1606 05a9 5F5F7569 		.ascii	"__uint16_t\000"
 1606      6E743136 
 1606      5F7400
 1607              	.LASF29:
 1608 05b4 74687265 		.ascii	"thread_t\000"
 1608      61645F74 
 1608      00
 1609              	.LASF106:
 1610 05bd 6D5F6E65 		.ascii	"m_next\000"
 1610      787400
 1611              	.LASF28:
 1612 05c4 73797374 		.ascii	"systime_t\000"
 1612      696D655F 
 1612      7400
 1613              	.LASF48:
 1614 05ce 705F7265 		.ascii	"p_realprio\000"
 1614      616C7072 
 1614      696F00
 1615              	.LASF65:
 1616 05d9 76746675 		.ascii	"vtfunc_t\000"
 1616      6E635F74 
 1616      00
 1617              	.LASF9:
 1618 05e2 5F5F7569 		.ascii	"__uint32_t\000"
 1618      6E743332 
 1618      5F7400
 1619              	.LASF78:
 1620 05ed 70616E69 		.ascii	"panic_msg\000"
 1620      635F6D73 
 1620      6700
 1621              	.LASF91:
 1622 05f7 6F666673 		.ascii	"offset\000"
 1622      657400
 1623              	.LASF89:
 1624 05fe 636F6E74 		.ascii	"context\000"
 1624      65787400 
 1625              	.LASF45:
ARM GAS  /tmp/cc3SCJKx.s 			page 34


 1626 0606 705F6D73 		.ascii	"p_msg\000"
 1626      6700
 1627              	.LASF72:
 1628 060c 76745F70 		.ascii	"vt_par\000"
 1628      617200
 1629              	.LASF116:
 1630 0613 63665F6F 		.ascii	"cf_off_ctx\000"
 1630      66665F63 
 1630      747800
 1631              	.LASF103:
 1632 061e 63685F6D 		.ascii	"ch_mutex\000"
 1632      75746578 
 1632      00
 1633              	.LASF40:
 1634 0627 705F7265 		.ascii	"p_refs\000"
 1634      667300
 1635              	.LASF50:
 1636 062e 6D6F746F 		.ascii	"motor_selected\000"
 1636      725F7365 
 1636      6C656374 
 1636      656400
 1637              	.LASF81:
 1638 063d 726C6973 		.ascii	"rlist\000"
 1638      7400
 1639              	.LASF14:
 1640 0643 75696E74 		.ascii	"uint8_t\000"
 1640      385F7400 
 1641              	.LASF51:
 1642 064b 74687265 		.ascii	"thread_reference_t\000"
 1642      61645F72 
 1642      65666572 
 1642      656E6365 
 1642      5F7400
 1643              	.LASF95:
 1644 065e 77746F62 		.ascii	"wtobjp\000"
 1644      6A7000
 1645              	.LASF36:
 1646 0665 705F6E61 		.ascii	"p_name\000"
 1646      6D6500
 1647              	.LASF52:
 1648 066c 74687265 		.ascii	"threads_list_t\000"
 1648      6164735F 
 1648      6C697374 
 1648      5F7400
 1649              	.LASF111:
 1650 067b 63685F76 		.ascii	"ch_version\000"
 1650      65727369 
 1650      6F6E00
 1651              	.LASF105:
 1652 0686 6D5F6F77 		.ascii	"m_owner\000"
 1652      6E657200 
 1653              	.LASF108:
 1654 068e 63685F69 		.ascii	"ch_identifier\000"
 1654      64656E74 
 1654      69666965 
 1654      7200
 1655              	.LASF71:
ARM GAS  /tmp/cc3SCJKx.s 			page 35


 1656 069c 76745F66 		.ascii	"vt_func\000"
 1656      756E6300 
 1657              		.ident	"GCC: (GNU Tools for Arm Embedded Processors 7-2018-q3-update) 7.3.1 20180622 (release) [AR
ARM GAS  /tmp/cc3SCJKx.s 			page 36


DEFINED SYMBOLS
                            *ABS*:0000000000000000 osal.c

NO UNDEFINED SYMBOLS
