ARM GAS  /tmp/ccHEGvz9.s 			page 1


   1              		.cpu cortex-m4
   2              		.eabi_attribute 27, 1
   3              		.eabi_attribute 28, 1
   4              		.eabi_attribute 20, 1
   5              		.eabi_attribute 21, 1
   6              		.eabi_attribute 23, 3
   7              		.eabi_attribute 24, 1
   8              		.eabi_attribute 25, 1
   9              		.eabi_attribute 26, 1
  10              		.eabi_attribute 30, 2
  11              		.eabi_attribute 34, 1
  12              		.eabi_attribute 18, 4
  13              		.file	"platform_mutex.c"
  14              		.text
  15              	.Ltext0:
  16              		.cfi_sections	.debug_frame
  17              		.section	.text.mutex_init,"ax",%progbits
  18              		.align	1
  19              		.p2align 4,,15
  20              		.global	mutex_init
  21              		.syntax unified
  22              		.thumb
  23              		.thumb_func
  24              		.fpu fpv4-sp-d16
  25              		.type	mutex_init, %function
  26              	mutex_init:
  27              	.LFB219:
  28              		.file 1 "lispBM/lispBM/platform/chibios/src/platform_mutex.c"
  29              		.loc 1 20 0
  30              		.cfi_startproc
  31              		@ args = 0, pretend = 0, frame = 0
  32              		@ frame_needed = 0, uses_anonymous_args = 0
  33              	.LVL0:
  34 0000 08B5     		push	{r3, lr}
  35              		.cfi_def_cfa_offset 8
  36              		.cfi_offset 3, -8
  37              		.cfi_offset 14, -4
  38              		.loc 1 21 0
  39 0002 FFF7FEFF 		bl	chMtxObjectInit
  40              	.LVL1:
  41              		.loc 1 23 0
  42 0006 0120     		movs	r0, #1
  43 0008 08BD     		pop	{r3, pc}
  44              		.cfi_endproc
  45              	.LFE219:
  46              		.size	mutex_init, .-mutex_init
  47 000a 00BF     		.section	.text.mutex_lock,"ax",%progbits
  48              		.align	1
  49              		.p2align 4,,15
  50              		.global	mutex_lock
  51              		.syntax unified
  52              		.thumb
  53              		.thumb_func
  54              		.fpu fpv4-sp-d16
  55              		.type	mutex_lock, %function
  56              	mutex_lock:
  57              	.LFB220:
ARM GAS  /tmp/ccHEGvz9.s 			page 2


  58              		.loc 1 25 0
  59              		.cfi_startproc
  60              		@ args = 0, pretend = 0, frame = 0
  61              		@ frame_needed = 0, uses_anonymous_args = 0
  62              		@ link register save eliminated.
  63              	.LVL2:
  64              		.loc 1 26 0
  65 0000 FFF7FEBF 		b	chMtxLock
  66              	.LVL3:
  67              		.cfi_endproc
  68              	.LFE220:
  69              		.size	mutex_lock, .-mutex_lock
  70              		.section	.text.mutex_unlock,"ax",%progbits
  71              		.align	1
  72              		.p2align 4,,15
  73              		.global	mutex_unlock
  74              		.syntax unified
  75              		.thumb
  76              		.thumb_func
  77              		.fpu fpv4-sp-d16
  78              		.type	mutex_unlock, %function
  79              	mutex_unlock:
  80              	.LFB221:
  81              		.loc 1 29 0
  82              		.cfi_startproc
  83              		@ args = 0, pretend = 0, frame = 0
  84              		@ frame_needed = 0, uses_anonymous_args = 0
  85              		@ link register save eliminated.
  86              	.LVL4:
  87              		.loc 1 30 0
  88 0000 FFF7FEBF 		b	chMtxUnlock
  89              	.LVL5:
  90              		.cfi_endproc
  91              	.LFE221:
  92              		.size	mutex_unlock, .-mutex_unlock
  93              		.text
  94              	.Letext0:
  95              		.file 2 "/usr/arm-none-eabi/include/machine/_default_types.h"
  96              		.file 3 "/usr/arm-none-eabi/include/sys/_stdint.h"
  97              		.file 4 "ChibiOS_3.0.5/os/rt/ports/ARMCMx/compilers/GCC/chtypes.h"
  98              		.file 5 "ChibiOS_3.0.5/os/rt/include/chsystypes.h"
  99              		.file 6 "ChibiOS_3.0.5/os/rt/include/chschd.h"
 100              		.file 7 "ChibiOS_3.0.5/os/ext/CMSIS/include/core_cm4.h"
 101              		.file 8 "ChibiOS_3.0.5/os/ext/CMSIS/ST/system_stm32f4xx.h"
 102              		.file 9 "ChibiOS_3.0.5/os/rt/ports/ARMCMx/chcore.h"
 103              		.file 10 "ChibiOS_3.0.5/os/rt/ports/ARMCMx/chcore_v7m.h"
 104              		.file 11 "ChibiOS_3.0.5/os/rt/include/chtm.h"
 105              		.file 12 "ChibiOS_3.0.5/os/rt/include/chsem.h"
 106              		.file 13 "ChibiOS_3.0.5/os/rt/include/chmtx.h"
 107              		.file 14 "ChibiOS_3.0.5/os/rt/include/chregistry.h"
 108              		.section	.debug_info,"",%progbits
 109              	.Ldebug_info0:
 110 0000 2A090000 		.4byte	0x92a
 111 0004 0400     		.2byte	0x4
 112 0006 00000000 		.4byte	.Ldebug_abbrev0
 113 000a 04       		.byte	0x4
 114 000b 01       		.uleb128 0x1
ARM GAS  /tmp/ccHEGvz9.s 			page 3


 115 000c 55000000 		.4byte	.LASF135
 116 0010 0C       		.byte	0xc
 117 0011 66060000 		.4byte	.LASF136
 118 0015 6F050000 		.4byte	.LASF137
 119 0019 00000000 		.4byte	.Ldebug_ranges0+0
 120 001d 00000000 		.4byte	0
 121 0021 00000000 		.4byte	.Ldebug_line0
 122 0025 02       		.uleb128 0x2
 123 0026 04       		.byte	0x4
 124 0027 05       		.byte	0x5
 125 0028 696E7400 		.ascii	"int\000"
 126 002c 03       		.uleb128 0x3
 127 002d 04       		.byte	0x4
 128 002e 07       		.byte	0x7
 129 002f E9020000 		.4byte	.LASF0
 130 0033 03       		.uleb128 0x3
 131 0034 01       		.byte	0x1
 132 0035 06       		.byte	0x6
 133 0036 11020000 		.4byte	.LASF1
 134 003a 04       		.uleb128 0x4
 135 003b 30000000 		.4byte	.LASF4
 136 003f 02       		.byte	0x2
 137 0040 2B       		.byte	0x2b
 138 0041 45000000 		.4byte	0x45
 139 0045 03       		.uleb128 0x3
 140 0046 01       		.byte	0x1
 141 0047 08       		.byte	0x8
 142 0048 B6040000 		.4byte	.LASF2
 143 004c 03       		.uleb128 0x3
 144 004d 02       		.byte	0x2
 145 004e 05       		.byte	0x5
 146 004f CE040000 		.4byte	.LASF3
 147 0053 04       		.uleb128 0x4
 148 0054 D2050000 		.4byte	.LASF5
 149 0058 02       		.byte	0x2
 150 0059 39       		.byte	0x39
 151 005a 5E000000 		.4byte	0x5e
 152 005e 03       		.uleb128 0x3
 153 005f 02       		.byte	0x2
 154 0060 07       		.byte	0x7
 155 0061 48030000 		.4byte	.LASF6
 156 0065 04       		.uleb128 0x4
 157 0066 AA030000 		.4byte	.LASF7
 158 006a 02       		.byte	0x2
 159 006b 4D       		.byte	0x4d
 160 006c 70000000 		.4byte	0x70
 161 0070 03       		.uleb128 0x3
 162 0071 04       		.byte	0x4
 163 0072 05       		.byte	0x5
 164 0073 65020000 		.4byte	.LASF8
 165 0077 04       		.uleb128 0x4
 166 0078 0B060000 		.4byte	.LASF9
 167 007c 02       		.byte	0x2
 168 007d 4F       		.byte	0x4f
 169 007e 82000000 		.4byte	0x82
 170 0082 03       		.uleb128 0x3
 171 0083 04       		.byte	0x4
ARM GAS  /tmp/ccHEGvz9.s 			page 4


 172 0084 07       		.byte	0x7
 173 0085 AA050000 		.4byte	.LASF10
 174 0089 03       		.uleb128 0x3
 175 008a 08       		.byte	0x8
 176 008b 05       		.byte	0x5
 177 008c BB020000 		.4byte	.LASF11
 178 0090 04       		.uleb128 0x4
 179 0091 4B040000 		.4byte	.LASF12
 180 0095 02       		.byte	0x2
 181 0096 69       		.byte	0x69
 182 0097 9B000000 		.4byte	0x9b
 183 009b 03       		.uleb128 0x3
 184 009c 08       		.byte	0x8
 185 009d 07       		.byte	0x7
 186 009e 79010000 		.4byte	.LASF13
 187 00a2 04       		.uleb128 0x4
 188 00a3 9A060000 		.4byte	.LASF14
 189 00a7 03       		.byte	0x3
 190 00a8 18       		.byte	0x18
 191 00a9 3A000000 		.4byte	0x3a
 192 00ad 04       		.uleb128 0x4
 193 00ae FE020000 		.4byte	.LASF15
 194 00b2 03       		.byte	0x3
 195 00b3 24       		.byte	0x24
 196 00b4 53000000 		.4byte	0x53
 197 00b8 04       		.uleb128 0x4
 198 00b9 AE040000 		.4byte	.LASF16
 199 00bd 03       		.byte	0x3
 200 00be 2C       		.byte	0x2c
 201 00bf 65000000 		.4byte	0x65
 202 00c3 05       		.uleb128 0x5
 203 00c4 B8000000 		.4byte	0xb8
 204 00c8 04       		.uleb128 0x4
 205 00c9 75050000 		.4byte	.LASF17
 206 00cd 03       		.byte	0x3
 207 00ce 30       		.byte	0x30
 208 00cf 77000000 		.4byte	0x77
 209 00d3 04       		.uleb128 0x4
 210 00d4 27000000 		.4byte	.LASF18
 211 00d8 03       		.byte	0x3
 212 00d9 3C       		.byte	0x3c
 213 00da 90000000 		.4byte	0x90
 214 00de 04       		.uleb128 0x4
 215 00df DD030000 		.4byte	.LASF19
 216 00e3 04       		.byte	0x4
 217 00e4 45       		.byte	0x45
 218 00e5 C8000000 		.4byte	0xc8
 219 00e9 04       		.uleb128 0x4
 220 00ea FF040000 		.4byte	.LASF20
 221 00ee 04       		.byte	0x4
 222 00ef 48       		.byte	0x48
 223 00f0 A2000000 		.4byte	0xa2
 224 00f4 04       		.uleb128 0x4
 225 00f5 6E020000 		.4byte	.LASF21
 226 00f9 04       		.byte	0x4
 227 00fa 49       		.byte	0x49
 228 00fb A2000000 		.4byte	0xa2
ARM GAS  /tmp/ccHEGvz9.s 			page 5


 229 00ff 04       		.uleb128 0x4
 230 0100 56040000 		.4byte	.LASF22
 231 0104 04       		.byte	0x4
 232 0105 4A       		.byte	0x4a
 233 0106 A2000000 		.4byte	0xa2
 234 010a 04       		.uleb128 0x4
 235 010b 51020000 		.4byte	.LASF23
 236 010f 04       		.byte	0x4
 237 0110 4B       		.byte	0x4b
 238 0111 A2000000 		.4byte	0xa2
 239 0115 04       		.uleb128 0x4
 240 0116 80040000 		.4byte	.LASF24
 241 011a 04       		.byte	0x4
 242 011b 4C       		.byte	0x4c
 243 011c C8000000 		.4byte	0xc8
 244 0120 04       		.uleb128 0x4
 245 0121 65030000 		.4byte	.LASF25
 246 0125 04       		.byte	0x4
 247 0126 4D       		.byte	0x4d
 248 0127 B8000000 		.4byte	0xb8
 249 012b 04       		.uleb128 0x4
 250 012c 9E030000 		.4byte	.LASF26
 251 0130 04       		.byte	0x4
 252 0131 4F       		.byte	0x4f
 253 0132 C8000000 		.4byte	0xc8
 254 0136 04       		.uleb128 0x4
 255 0137 D8020000 		.4byte	.LASF27
 256 013b 04       		.byte	0x4
 257 013c 51       		.byte	0x51
 258 013d B8000000 		.4byte	0xb8
 259 0141 04       		.uleb128 0x4
 260 0142 ED050000 		.4byte	.LASF28
 261 0146 05       		.byte	0x5
 262 0147 33       		.byte	0x33
 263 0148 C8000000 		.4byte	0xc8
 264 014c 05       		.uleb128 0x5
 265 014d 41010000 		.4byte	0x141
 266 0151 04       		.uleb128 0x4
 267 0152 DD050000 		.4byte	.LASF29
 268 0156 05       		.byte	0x5
 269 0157 3F       		.byte	0x3f
 270 0158 5C010000 		.4byte	0x15c
 271 015c 06       		.uleb128 0x6
 272 015d 5B030000 		.4byte	.LASF53
 273 0161 50       		.byte	0x50
 274 0162 06       		.byte	0x6
 275 0163 C2       		.byte	0xc2
 276 0164 7A020000 		.4byte	0x27a
 277 0168 07       		.uleb128 0x7
 278 0169 F8040000 		.4byte	.LASF30
 279 016d 06       		.byte	0x6
 280 016e C3       		.byte	0xc3
 281 016f 85020000 		.4byte	0x285
 282 0173 00       		.byte	0
 283 0174 07       		.uleb128 0x7
 284 0175 79040000 		.4byte	.LASF31
 285 0179 06       		.byte	0x6
ARM GAS  /tmp/ccHEGvz9.s 			page 6


 286 017a C5       		.byte	0xc5
 287 017b 85020000 		.4byte	0x285
 288 017f 04       		.byte	0x4
 289 0180 07       		.uleb128 0x7
 290 0181 E6010000 		.4byte	.LASF32
 291 0185 06       		.byte	0x6
 292 0186 C7       		.byte	0xc7
 293 0187 15010000 		.4byte	0x115
 294 018b 08       		.byte	0x8
 295 018c 07       		.uleb128 0x7
 296 018d 2C040000 		.4byte	.LASF33
 297 0191 06       		.byte	0x6
 298 0192 C8       		.byte	0xc8
 299 0193 C5040000 		.4byte	0x4c5
 300 0197 0C       		.byte	0xc
 301 0198 07       		.uleb128 0x7
 302 0199 81020000 		.4byte	.LASF34
 303 019d 06       		.byte	0x6
 304 019e CA       		.byte	0xca
 305 019f 85020000 		.4byte	0x285
 306 01a3 10       		.byte	0x10
 307 01a4 07       		.uleb128 0x7
 308 01a5 1E040000 		.4byte	.LASF35
 309 01a9 06       		.byte	0x6
 310 01aa CB       		.byte	0xcb
 311 01ab 85020000 		.4byte	0x285
 312 01af 14       		.byte	0x14
 313 01b0 07       		.uleb128 0x7
 314 01b1 BC060000 		.4byte	.LASF36
 315 01b5 06       		.byte	0x6
 316 01b6 D2       		.byte	0xd2
 317 01b7 0A070000 		.4byte	0x70a
 318 01bb 18       		.byte	0x18
 319 01bc 07       		.uleb128 0x7
 320 01bd DE020000 		.4byte	.LASF37
 321 01c1 06       		.byte	0x6
 322 01c2 D8       		.byte	0xd8
 323 01c3 21070000 		.4byte	0x721
 324 01c7 1C       		.byte	0x1c
 325 01c8 07       		.uleb128 0x7
 326 01c9 D8040000 		.4byte	.LASF38
 327 01cd 06       		.byte	0x6
 328 01ce DD       		.byte	0xdd
 329 01cf F4000000 		.4byte	0xf4
 330 01d3 20       		.byte	0x20
 331 01d4 07       		.uleb128 0x7
 332 01d5 16050000 		.4byte	.LASF39
 333 01d9 06       		.byte	0x6
 334 01da E1       		.byte	0xe1
 335 01db E9000000 		.4byte	0xe9
 336 01df 21       		.byte	0x21
 337 01e0 07       		.uleb128 0x7
 338 01e1 50060000 		.4byte	.LASF40
 339 01e5 06       		.byte	0x6
 340 01e6 E6       		.byte	0xe6
 341 01e7 FF000000 		.4byte	0xff
 342 01eb 22       		.byte	0x22
ARM GAS  /tmp/ccHEGvz9.s 			page 7


 343 01ec 07       		.uleb128 0x7
 344 01ed E0040000 		.4byte	.LASF41
 345 01f1 06       		.byte	0x6
 346 01f2 EC       		.byte	0xec
 347 01f3 0A010000 		.4byte	0x10a
 348 01f7 23       		.byte	0x23
 349 01f8 07       		.uleb128 0x7
 350 01f9 17030000 		.4byte	.LASF42
 351 01fd 06       		.byte	0x6
 352 01fe F3       		.byte	0xf3
 353 01ff 4C010000 		.4byte	0x14c
 354 0203 24       		.byte	0x24
 355 0204 08       		.uleb128 0x8
 356 0205 705F7500 		.ascii	"p_u\000"
 357 0209 06       		.byte	0x6
 358 020a 3101     		.2byte	0x131
 359 020c 45060000 		.4byte	0x645
 360 0210 28       		.byte	0x28
 361 0211 09       		.uleb128 0x9
 362 0212 D3030000 		.4byte	.LASF43
 363 0216 06       		.byte	0x6
 364 0217 3601     		.2byte	0x136
 365 0219 8B020000 		.4byte	0x28b
 366 021d 2C       		.byte	0x2c
 367 021e 09       		.uleb128 0x9
 368 021f 2E030000 		.4byte	.LASF44
 369 0223 06       		.byte	0x6
 370 0224 3C01     		.2byte	0x13c
 371 0226 AF020000 		.4byte	0x2af
 372 022a 30       		.byte	0x30
 373 022b 09       		.uleb128 0x9
 374 022c 2F060000 		.4byte	.LASF45
 375 0230 06       		.byte	0x6
 376 0231 4001     		.2byte	0x140
 377 0233 20010000 		.4byte	0x120
 378 0237 38       		.byte	0x38
 379 0238 09       		.uleb128 0x9
 380 0239 64050000 		.4byte	.LASF46
 381 023d 06       		.byte	0x6
 382 023e 4601     		.2byte	0x146
 383 0240 2B010000 		.4byte	0x12b
 384 0244 3C       		.byte	0x3c
 385 0245 09       		.uleb128 0x9
 386 0246 C4040000 		.4byte	.LASF47
 387 024a 06       		.byte	0x6
 388 024b 4D01     		.2byte	0x14d
 389 024d 04070000 		.4byte	0x704
 390 0251 40       		.byte	0x40
 391 0252 09       		.uleb128 0x9
 392 0253 F7050000 		.4byte	.LASF48
 393 0257 06       		.byte	0x6
 394 0258 5101     		.2byte	0x151
 395 025a 15010000 		.4byte	0x115
 396 025e 44       		.byte	0x44
 397 025f 09       		.uleb128 0x9
 398 0260 3A020000 		.4byte	.LASF49
 399 0264 06       		.byte	0x6
ARM GAS  /tmp/ccHEGvz9.s 			page 8


 400 0265 5801     		.2byte	0x158
 401 0267 62030000 		.4byte	0x362
 402 026b 48       		.byte	0x48
 403 026c 09       		.uleb128 0x9
 404 026d 57060000 		.4byte	.LASF50
 405 0271 06       		.byte	0x6
 406 0272 6201     		.2byte	0x162
 407 0274 25000000 		.4byte	0x25
 408 0278 4C       		.byte	0x4c
 409 0279 00       		.byte	0
 410 027a 04       		.uleb128 0x4
 411 027b A2060000 		.4byte	.LASF51
 412 027f 05       		.byte	0x5
 413 0280 44       		.byte	0x44
 414 0281 85020000 		.4byte	0x285
 415 0285 0A       		.uleb128 0xa
 416 0286 04       		.byte	0x4
 417 0287 51010000 		.4byte	0x151
 418 028b 04       		.uleb128 0x4
 419 028c C3060000 		.4byte	.LASF52
 420 0290 05       		.byte	0x5
 421 0291 49       		.byte	0x49
 422 0292 96020000 		.4byte	0x296
 423 0296 06       		.uleb128 0x6
 424 0297 92050000 		.4byte	.LASF54
 425 029b 04       		.byte	0x4
 426 029c 06       		.byte	0x6
 427 029d B0       		.byte	0xb0
 428 029e AF020000 		.4byte	0x2af
 429 02a2 07       		.uleb128 0x7
 430 02a3 F8040000 		.4byte	.LASF30
 431 02a7 06       		.byte	0x6
 432 02a8 B1       		.byte	0xb1
 433 02a9 85020000 		.4byte	0x285
 434 02ad 00       		.byte	0
 435 02ae 00       		.byte	0
 436 02af 04       		.uleb128 0x4
 437 02b0 29050000 		.4byte	.LASF55
 438 02b4 05       		.byte	0x5
 439 02b5 50       		.byte	0x50
 440 02b6 BA020000 		.4byte	0x2ba
 441 02ba 06       		.uleb128 0x6
 442 02bb D5010000 		.4byte	.LASF56
 443 02bf 08       		.byte	0x8
 444 02c0 06       		.byte	0x6
 445 02c1 B7       		.byte	0xb7
 446 02c2 DF020000 		.4byte	0x2df
 447 02c6 07       		.uleb128 0x7
 448 02c7 F8040000 		.4byte	.LASF30
 449 02cb 06       		.byte	0x6
 450 02cc B8       		.byte	0xb8
 451 02cd 85020000 		.4byte	0x285
 452 02d1 00       		.byte	0
 453 02d2 07       		.uleb128 0x7
 454 02d3 79040000 		.4byte	.LASF31
 455 02d7 06       		.byte	0x6
 456 02d8 B9       		.byte	0xb9
ARM GAS  /tmp/ccHEGvz9.s 			page 9


 457 02d9 85020000 		.4byte	0x285
 458 02dd 04       		.byte	0x4
 459 02de 00       		.byte	0
 460 02df 04       		.uleb128 0x4
 461 02e0 0D000000 		.4byte	.LASF57
 462 02e4 05       		.byte	0x5
 463 02e5 57       		.byte	0x57
 464 02e6 EA020000 		.4byte	0x2ea
 465 02ea 0B       		.uleb128 0xb
 466 02eb 90030000 		.4byte	.LASF58
 467 02ef 1C       		.byte	0x1c
 468 02f0 06       		.byte	0x6
 469 02f1 9001     		.2byte	0x190
 470 02f3 46030000 		.4byte	0x346
 471 02f7 09       		.uleb128 0x9
 472 02f8 8A050000 		.4byte	.LASF59
 473 02fc 06       		.byte	0x6
 474 02fd 9101     		.2byte	0x191
 475 02ff AF020000 		.4byte	0x2af
 476 0303 00       		.byte	0
 477 0304 09       		.uleb128 0x9
 478 0305 EA040000 		.4byte	.LASF60
 479 0309 06       		.byte	0x6
 480 030a 9201     		.2byte	0x192
 481 030c 15010000 		.4byte	0x115
 482 0310 08       		.byte	0x8
 483 0311 09       		.uleb128 0x9
 484 0312 26040000 		.4byte	.LASF61
 485 0316 06       		.byte	0x6
 486 0317 9401     		.2byte	0x194
 487 0319 C5040000 		.4byte	0x4c5
 488 031d 0C       		.byte	0xc
 489 031e 09       		.uleb128 0x9
 490 031f 91020000 		.4byte	.LASF62
 491 0323 06       		.byte	0x6
 492 0324 9701     		.2byte	0x197
 493 0326 85020000 		.4byte	0x285
 494 032a 10       		.byte	0x10
 495 032b 09       		.uleb128 0x9
 496 032c 43040000 		.4byte	.LASF63
 497 0330 06       		.byte	0x6
 498 0331 9801     		.2byte	0x198
 499 0333 85020000 		.4byte	0x285
 500 0337 14       		.byte	0x14
 501 0338 09       		.uleb128 0x9
 502 0339 BC050000 		.4byte	.LASF64
 503 033d 06       		.byte	0x6
 504 033e 9B01     		.2byte	0x19b
 505 0340 85020000 		.4byte	0x285
 506 0344 18       		.byte	0x18
 507 0345 00       		.byte	0
 508 0346 04       		.uleb128 0x4
 509 0347 02060000 		.4byte	.LASF65
 510 034b 05       		.byte	0x5
 511 034c 5C       		.byte	0x5c
 512 034d 51030000 		.4byte	0x351
 513 0351 0A       		.uleb128 0xa
ARM GAS  /tmp/ccHEGvz9.s 			page 10


 514 0352 04       		.byte	0x4
 515 0353 57030000 		.4byte	0x357
 516 0357 0C       		.uleb128 0xc
 517 0358 62030000 		.4byte	0x362
 518 035c 0D       		.uleb128 0xd
 519 035d 62030000 		.4byte	0x362
 520 0361 00       		.byte	0
 521 0362 0E       		.uleb128 0xe
 522 0363 04       		.byte	0x4
 523 0364 04       		.uleb128 0x4
 524 0365 69040000 		.4byte	.LASF66
 525 0369 05       		.byte	0x5
 526 036a 61       		.byte	0x61
 527 036b 6F030000 		.4byte	0x36f
 528 036f 0B       		.uleb128 0xb
 529 0370 39050000 		.4byte	.LASF67
 530 0374 14       		.byte	0x14
 531 0375 06       		.byte	0x6
 532 0376 6B01     		.2byte	0x16b
 533 0378 BE030000 		.4byte	0x3be
 534 037c 09       		.uleb128 0x9
 535 037d F6020000 		.4byte	.LASF68
 536 0381 06       		.byte	0x6
 537 0382 6C01     		.2byte	0x16c
 538 0384 27070000 		.4byte	0x727
 539 0388 00       		.byte	0
 540 0389 09       		.uleb128 0x9
 541 038a A2020000 		.4byte	.LASF69
 542 038e 06       		.byte	0x6
 543 038f 6D01     		.2byte	0x16d
 544 0391 27070000 		.4byte	0x727
 545 0395 04       		.byte	0x4
 546 0396 09       		.uleb128 0x9
 547 0397 25030000 		.4byte	.LASF70
 548 039b 06       		.byte	0x6
 549 039c 6E01     		.2byte	0x16e
 550 039e 41010000 		.4byte	0x141
 551 03a2 08       		.byte	0x8
 552 03a3 09       		.uleb128 0x9
 553 03a4 FB060000 		.4byte	.LASF71
 554 03a8 06       		.byte	0x6
 555 03a9 6F01     		.2byte	0x16f
 556 03ab 46030000 		.4byte	0x346
 557 03af 0C       		.byte	0xc
 558 03b0 09       		.uleb128 0x9
 559 03b1 35060000 		.4byte	.LASF72
 560 03b5 06       		.byte	0x6
 561 03b6 7101     		.2byte	0x171
 562 03b8 62030000 		.4byte	0x362
 563 03bc 10       		.byte	0x10
 564 03bd 00       		.byte	0
 565 03be 04       		.uleb128 0x4
 566 03bf B2010000 		.4byte	.LASF73
 567 03c3 05       		.byte	0x5
 568 03c4 66       		.byte	0x66
 569 03c5 C9030000 		.4byte	0x3c9
 570 03c9 0B       		.uleb128 0xb
ARM GAS  /tmp/ccHEGvz9.s 			page 11


 571 03ca E5030000 		.4byte	.LASF74
 572 03ce 10       		.byte	0x10
 573 03cf 06       		.byte	0x6
 574 03d0 7B01     		.2byte	0x17b
 575 03d2 0B040000 		.4byte	0x40b
 576 03d6 09       		.uleb128 0x9
 577 03d7 F6020000 		.4byte	.LASF68
 578 03db 06       		.byte	0x6
 579 03dc 7C01     		.2byte	0x17c
 580 03de 27070000 		.4byte	0x727
 581 03e2 00       		.byte	0
 582 03e3 09       		.uleb128 0x9
 583 03e4 A2020000 		.4byte	.LASF69
 584 03e8 06       		.byte	0x6
 585 03e9 7E01     		.2byte	0x17e
 586 03eb 27070000 		.4byte	0x727
 587 03ef 04       		.byte	0x4
 588 03f0 09       		.uleb128 0x9
 589 03f1 25030000 		.4byte	.LASF70
 590 03f5 06       		.byte	0x6
 591 03f6 8001     		.2byte	0x180
 592 03f8 41010000 		.4byte	0x141
 593 03fc 08       		.byte	0x8
 594 03fd 09       		.uleb128 0x9
 595 03fe FA010000 		.4byte	.LASF75
 596 0402 06       		.byte	0x6
 597 0403 8201     		.2byte	0x182
 598 0405 4C010000 		.4byte	0x14c
 599 0409 0C       		.byte	0xc
 600 040a 00       		.byte	0
 601 040b 04       		.uleb128 0x4
 602 040c 46000000 		.4byte	.LASF76
 603 0410 05       		.byte	0x5
 604 0411 6B       		.byte	0x6b
 605 0412 16040000 		.4byte	0x416
 606 0416 0B       		.uleb128 0xb
 607 0417 98040000 		.4byte	.LASF77
 608 041b 04       		.byte	0x4
 609 041c 06       		.byte	0x6
 610 041d A201     		.2byte	0x1a2
 611 041f 31040000 		.4byte	0x431
 612 0423 09       		.uleb128 0x9
 613 0424 16060000 		.4byte	.LASF78
 614 0428 06       		.byte	0x6
 615 0429 AA01     		.2byte	0x1aa
 616 042b 10070000 		.4byte	0x710
 617 042f 00       		.byte	0
 618 0430 00       		.byte	0
 619 0431 04       		.uleb128 0x4
 620 0432 6B030000 		.4byte	.LASF79
 621 0436 05       		.byte	0x5
 622 0437 70       		.byte	0x70
 623 0438 3C040000 		.4byte	0x43c
 624 043c 0F       		.uleb128 0xf
 625 043d 5B020000 		.4byte	.LASF80
 626 0441 6802     		.2byte	0x268
 627 0443 06       		.byte	0x6
ARM GAS  /tmp/ccHEGvz9.s 			page 12


 628 0444 C201     		.2byte	0x1c2
 629 0446 98040000 		.4byte	0x498
 630 044a 09       		.uleb128 0x9
 631 044b AA020000 		.4byte	.LASF81
 632 044f 06       		.byte	0x6
 633 0450 C601     		.2byte	0x1c6
 634 0452 DF020000 		.4byte	0x2df
 635 0456 00       		.byte	0
 636 0457 09       		.uleb128 0x9
 637 0458 4A020000 		.4byte	.LASF82
 638 045c 06       		.byte	0x6
 639 045d CA01     		.2byte	0x1ca
 640 045f BE030000 		.4byte	0x3be
 641 0463 1C       		.byte	0x1c
 642 0464 08       		.uleb128 0x8
 643 0465 64626700 		.ascii	"dbg\000"
 644 0469 06       		.byte	0x6
 645 046a CE01     		.2byte	0x1ce
 646 046c 0B040000 		.4byte	0x40b
 647 0470 2C       		.byte	0x2c
 648 0471 09       		.uleb128 0x9
 649 0472 A7010000 		.4byte	.LASF83
 650 0476 06       		.byte	0x6
 651 0477 D201     		.2byte	0x1d2
 652 0479 51010000 		.4byte	0x151
 653 047d 30       		.byte	0x30
 654 047e 08       		.uleb128 0x8
 655 047f 746D00   		.ascii	"tm\000"
 656 0482 06       		.byte	0x6
 657 0483 D701     		.2byte	0x1d7
 658 0485 3A060000 		.4byte	0x63a
 659 0489 80       		.byte	0x80
 660 048a 09       		.uleb128 0x9
 661 048b C9020000 		.4byte	.LASF84
 662 048f 06       		.byte	0x6
 663 0490 E301     		.2byte	0x1e3
 664 0492 2D070000 		.4byte	0x72d
 665 0496 88       		.byte	0x88
 666 0497 00       		.byte	0
 667 0498 10       		.uleb128 0x10
 668 0499 C8010000 		.4byte	.LASF85
 669 049d 07       		.byte	0x7
 670 049e A706     		.2byte	0x6a7
 671 04a0 C3000000 		.4byte	0xc3
 672 04a4 11       		.uleb128 0x11
 673 04a5 07030000 		.4byte	.LASF86
 674 04a9 08       		.byte	0x8
 675 04aa 4C       		.byte	0x4c
 676 04ab C8000000 		.4byte	0xc8
 677 04af 04       		.uleb128 0x4
 678 04b0 99020000 		.4byte	.LASF87
 679 04b4 09       		.byte	0x9
 680 04b5 65       		.byte	0x65
 681 04b6 62030000 		.4byte	0x362
 682 04ba 04       		.uleb128 0x4
 683 04bb B4030000 		.4byte	.LASF88
 684 04bf 09       		.byte	0x9
ARM GAS  /tmp/ccHEGvz9.s 			page 13


 685 04c0 6D       		.byte	0x6d
 686 04c1 D3000000 		.4byte	0xd3
 687 04c5 06       		.uleb128 0x6
 688 04c6 27060000 		.4byte	.LASF89
 689 04ca 04       		.byte	0x4
 690 04cb 09       		.byte	0x9
 691 04cc 89       		.byte	0x89
 692 04cd DE040000 		.4byte	0x4de
 693 04d1 12       		.uleb128 0x12
 694 04d2 72313300 		.ascii	"r13\000"
 695 04d6 09       		.byte	0x9
 696 04d7 8A       		.byte	0x8a
 697 04d8 1F060000 		.4byte	0x61f
 698 04dc 00       		.byte	0
 699 04dd 00       		.byte	0
 700 04de 06       		.uleb128 0x6
 701 04df 3A000000 		.4byte	.LASF90
 702 04e3 64       		.byte	0x64
 703 04e4 0A       		.byte	0xa
 704 04e5 F4       		.byte	0xf4
 705 04e6 1F060000 		.4byte	0x61f
 706 04ea 12       		.uleb128 0x12
 707 04eb 73313600 		.ascii	"s16\000"
 708 04ef 0A       		.byte	0xa
 709 04f0 F6       		.byte	0xf6
 710 04f1 AF040000 		.4byte	0x4af
 711 04f5 00       		.byte	0
 712 04f6 12       		.uleb128 0x12
 713 04f7 73313700 		.ascii	"s17\000"
 714 04fb 0A       		.byte	0xa
 715 04fc F7       		.byte	0xf7
 716 04fd AF040000 		.4byte	0x4af
 717 0501 04       		.byte	0x4
 718 0502 12       		.uleb128 0x12
 719 0503 73313800 		.ascii	"s18\000"
 720 0507 0A       		.byte	0xa
 721 0508 F8       		.byte	0xf8
 722 0509 AF040000 		.4byte	0x4af
 723 050d 08       		.byte	0x8
 724 050e 12       		.uleb128 0x12
 725 050f 73313900 		.ascii	"s19\000"
 726 0513 0A       		.byte	0xa
 727 0514 F9       		.byte	0xf9
 728 0515 AF040000 		.4byte	0x4af
 729 0519 0C       		.byte	0xc
 730 051a 12       		.uleb128 0x12
 731 051b 73323000 		.ascii	"s20\000"
 732 051f 0A       		.byte	0xa
 733 0520 FA       		.byte	0xfa
 734 0521 AF040000 		.4byte	0x4af
 735 0525 10       		.byte	0x10
 736 0526 12       		.uleb128 0x12
 737 0527 73323100 		.ascii	"s21\000"
 738 052b 0A       		.byte	0xa
 739 052c FB       		.byte	0xfb
 740 052d AF040000 		.4byte	0x4af
 741 0531 14       		.byte	0x14
ARM GAS  /tmp/ccHEGvz9.s 			page 14


 742 0532 12       		.uleb128 0x12
 743 0533 73323200 		.ascii	"s22\000"
 744 0537 0A       		.byte	0xa
 745 0538 FC       		.byte	0xfc
 746 0539 AF040000 		.4byte	0x4af
 747 053d 18       		.byte	0x18
 748 053e 12       		.uleb128 0x12
 749 053f 73323300 		.ascii	"s23\000"
 750 0543 0A       		.byte	0xa
 751 0544 FD       		.byte	0xfd
 752 0545 AF040000 		.4byte	0x4af
 753 0549 1C       		.byte	0x1c
 754 054a 12       		.uleb128 0x12
 755 054b 73323400 		.ascii	"s24\000"
 756 054f 0A       		.byte	0xa
 757 0550 FE       		.byte	0xfe
 758 0551 AF040000 		.4byte	0x4af
 759 0555 20       		.byte	0x20
 760 0556 12       		.uleb128 0x12
 761 0557 73323500 		.ascii	"s25\000"
 762 055b 0A       		.byte	0xa
 763 055c FF       		.byte	0xff
 764 055d AF040000 		.4byte	0x4af
 765 0561 24       		.byte	0x24
 766 0562 08       		.uleb128 0x8
 767 0563 73323600 		.ascii	"s26\000"
 768 0567 0A       		.byte	0xa
 769 0568 0001     		.2byte	0x100
 770 056a AF040000 		.4byte	0x4af
 771 056e 28       		.byte	0x28
 772 056f 08       		.uleb128 0x8
 773 0570 73323700 		.ascii	"s27\000"
 774 0574 0A       		.byte	0xa
 775 0575 0101     		.2byte	0x101
 776 0577 AF040000 		.4byte	0x4af
 777 057b 2C       		.byte	0x2c
 778 057c 08       		.uleb128 0x8
 779 057d 73323800 		.ascii	"s28\000"
 780 0581 0A       		.byte	0xa
 781 0582 0201     		.2byte	0x102
 782 0584 AF040000 		.4byte	0x4af
 783 0588 30       		.byte	0x30
 784 0589 08       		.uleb128 0x8
 785 058a 73323900 		.ascii	"s29\000"
 786 058e 0A       		.byte	0xa
 787 058f 0301     		.2byte	0x103
 788 0591 AF040000 		.4byte	0x4af
 789 0595 34       		.byte	0x34
 790 0596 08       		.uleb128 0x8
 791 0597 73333000 		.ascii	"s30\000"
 792 059b 0A       		.byte	0xa
 793 059c 0401     		.2byte	0x104
 794 059e AF040000 		.4byte	0x4af
 795 05a2 38       		.byte	0x38
 796 05a3 08       		.uleb128 0x8
 797 05a4 73333100 		.ascii	"s31\000"
 798 05a8 0A       		.byte	0xa
ARM GAS  /tmp/ccHEGvz9.s 			page 15


 799 05a9 0501     		.2byte	0x105
 800 05ab AF040000 		.4byte	0x4af
 801 05af 3C       		.byte	0x3c
 802 05b0 08       		.uleb128 0x8
 803 05b1 723400   		.ascii	"r4\000"
 804 05b4 0A       		.byte	0xa
 805 05b5 0701     		.2byte	0x107
 806 05b7 AF040000 		.4byte	0x4af
 807 05bb 40       		.byte	0x40
 808 05bc 08       		.uleb128 0x8
 809 05bd 723500   		.ascii	"r5\000"
 810 05c0 0A       		.byte	0xa
 811 05c1 0801     		.2byte	0x108
 812 05c3 AF040000 		.4byte	0x4af
 813 05c7 44       		.byte	0x44
 814 05c8 08       		.uleb128 0x8
 815 05c9 723600   		.ascii	"r6\000"
 816 05cc 0A       		.byte	0xa
 817 05cd 0901     		.2byte	0x109
 818 05cf AF040000 		.4byte	0x4af
 819 05d3 48       		.byte	0x48
 820 05d4 08       		.uleb128 0x8
 821 05d5 723700   		.ascii	"r7\000"
 822 05d8 0A       		.byte	0xa
 823 05d9 0A01     		.2byte	0x10a
 824 05db AF040000 		.4byte	0x4af
 825 05df 4C       		.byte	0x4c
 826 05e0 08       		.uleb128 0x8
 827 05e1 723800   		.ascii	"r8\000"
 828 05e4 0A       		.byte	0xa
 829 05e5 0B01     		.2byte	0x10b
 830 05e7 AF040000 		.4byte	0x4af
 831 05eb 50       		.byte	0x50
 832 05ec 08       		.uleb128 0x8
 833 05ed 723900   		.ascii	"r9\000"
 834 05f0 0A       		.byte	0xa
 835 05f1 0C01     		.2byte	0x10c
 836 05f3 AF040000 		.4byte	0x4af
 837 05f7 54       		.byte	0x54
 838 05f8 08       		.uleb128 0x8
 839 05f9 72313000 		.ascii	"r10\000"
 840 05fd 0A       		.byte	0xa
 841 05fe 0D01     		.2byte	0x10d
 842 0600 AF040000 		.4byte	0x4af
 843 0604 58       		.byte	0x58
 844 0605 08       		.uleb128 0x8
 845 0606 72313100 		.ascii	"r11\000"
 846 060a 0A       		.byte	0xa
 847 060b 0E01     		.2byte	0x10e
 848 060d AF040000 		.4byte	0x4af
 849 0611 5C       		.byte	0x5c
 850 0612 08       		.uleb128 0x8
 851 0613 6C7200   		.ascii	"lr\000"
 852 0616 0A       		.byte	0xa
 853 0617 0F01     		.2byte	0x10f
 854 0619 AF040000 		.4byte	0x4af
 855 061d 60       		.byte	0x60
ARM GAS  /tmp/ccHEGvz9.s 			page 16


 856 061e 00       		.byte	0
 857 061f 0A       		.uleb128 0xa
 858 0620 04       		.byte	0x4
 859 0621 DE040000 		.4byte	0x4de
 860 0625 13       		.uleb128 0x13
 861 0626 04       		.byte	0x4
 862 0627 0B       		.byte	0xb
 863 0628 38       		.byte	0x38
 864 0629 3A060000 		.4byte	0x63a
 865 062d 07       		.uleb128 0x7
 866 062e 20060000 		.4byte	.LASF91
 867 0632 0B       		.byte	0xb
 868 0633 3C       		.byte	0x3c
 869 0634 DE000000 		.4byte	0xde
 870 0638 00       		.byte	0
 871 0639 00       		.byte	0
 872 063a 04       		.uleb128 0x4
 873 063b 32040000 		.4byte	.LASF92
 874 063f 0B       		.byte	0xb
 875 0640 3D       		.byte	0x3d
 876 0641 25060000 		.4byte	0x625
 877 0645 14       		.uleb128 0x14
 878 0646 04       		.byte	0x4
 879 0647 06       		.byte	0x6
 880 0648 FA       		.byte	0xfa
 881 0649 A2060000 		.4byte	0x6a2
 882 064d 15       		.uleb128 0x15
 883 064e 20000000 		.4byte	.LASF93
 884 0652 06       		.byte	0x6
 885 0653 0101     		.2byte	0x101
 886 0655 20010000 		.4byte	0x120
 887 0659 15       		.uleb128 0x15
 888 065a 9E010000 		.4byte	.LASF94
 889 065e 06       		.byte	0x6
 890 065f 0801     		.2byte	0x108
 891 0661 20010000 		.4byte	0x120
 892 0665 15       		.uleb128 0x15
 893 0666 B5060000 		.4byte	.LASF95
 894 066a 06       		.byte	0x6
 895 066b 0F01     		.2byte	0x10f
 896 066d 62030000 		.4byte	0x362
 897 0671 15       		.uleb128 0x15
 898 0672 1A000000 		.4byte	.LASF96
 899 0676 06       		.byte	0x6
 900 0677 1601     		.2byte	0x116
 901 0679 A2060000 		.4byte	0x6a2
 902 067d 15       		.uleb128 0x15
 903 067e 1E030000 		.4byte	.LASF97
 904 0682 06       		.byte	0x6
 905 0683 1E01     		.2byte	0x11e
 906 0685 CD060000 		.4byte	0x6cd
 907 0689 15       		.uleb128 0x15
 908 068a CB050000 		.4byte	.LASF98
 909 068e 06       		.byte	0x6
 910 068f 2701     		.2byte	0x127
 911 0691 04070000 		.4byte	0x704
 912 0695 15       		.uleb128 0x15
ARM GAS  /tmp/ccHEGvz9.s 			page 17


 913 0696 F1040000 		.4byte	.LASF99
 914 069a 06       		.byte	0x6
 915 069b 2F01     		.2byte	0x12f
 916 069d 2B010000 		.4byte	0x12b
 917 06a1 00       		.byte	0
 918 06a2 0A       		.uleb128 0xa
 919 06a3 04       		.byte	0x4
 920 06a4 7A020000 		.4byte	0x27a
 921 06a8 06       		.uleb128 0x6
 922 06a9 57050000 		.4byte	.LASF100
 923 06ad 0C       		.byte	0xc
 924 06ae 0C       		.byte	0xc
 925 06af 34       		.byte	0x34
 926 06b0 CD060000 		.4byte	0x6cd
 927 06b4 07       		.uleb128 0x7
 928 06b5 89020000 		.4byte	.LASF101
 929 06b9 0C       		.byte	0xc
 930 06ba 35       		.byte	0x35
 931 06bb AF020000 		.4byte	0x2af
 932 06bf 00       		.byte	0
 933 06c0 07       		.uleb128 0x7
 934 06c1 42030000 		.4byte	.LASF102
 935 06c5 0C       		.byte	0xc
 936 06c6 37       		.byte	0x37
 937 06c7 36010000 		.4byte	0x136
 938 06cb 08       		.byte	0x8
 939 06cc 00       		.byte	0
 940 06cd 0A       		.uleb128 0xa
 941 06ce 04       		.byte	0x4
 942 06cf A8060000 		.4byte	0x6a8
 943 06d3 06       		.uleb128 0x6
 944 06d4 47060000 		.4byte	.LASF103
 945 06d8 10       		.byte	0x10
 946 06d9 0D       		.byte	0xd
 947 06da 39       		.byte	0x39
 948 06db 04070000 		.4byte	0x704
 949 06df 07       		.uleb128 0x7
 950 06e0 42020000 		.4byte	.LASF104
 951 06e4 0D       		.byte	0xd
 952 06e5 3A       		.byte	0x3a
 953 06e6 AF020000 		.4byte	0x2af
 954 06ea 00       		.byte	0
 955 06eb 07       		.uleb128 0x7
 956 06ec E5060000 		.4byte	.LASF105
 957 06f0 0D       		.byte	0xd
 958 06f1 3C       		.byte	0x3c
 959 06f2 85020000 		.4byte	0x285
 960 06f6 08       		.byte	0x8
 961 06f7 07       		.uleb128 0x7
 962 06f8 E6050000 		.4byte	.LASF106
 963 06fc 0D       		.byte	0xd
 964 06fd 3E       		.byte	0x3e
 965 06fe 5F080000 		.4byte	0x85f
 966 0702 0C       		.byte	0xc
 967 0703 00       		.byte	0
 968 0704 0A       		.uleb128 0xa
 969 0705 04       		.byte	0x4
ARM GAS  /tmp/ccHEGvz9.s 			page 18


 970 0706 D3060000 		.4byte	0x6d3
 971 070a 0A       		.uleb128 0xa
 972 070b 04       		.byte	0x4
 973 070c 1C070000 		.4byte	0x71c
 974 0710 05       		.uleb128 0x5
 975 0711 0A070000 		.4byte	0x70a
 976 0715 03       		.uleb128 0x3
 977 0716 01       		.byte	0x1
 978 0717 08       		.byte	0x8
 979 0718 C6050000 		.4byte	.LASF107
 980 071c 16       		.uleb128 0x16
 981 071d 15070000 		.4byte	0x715
 982 0721 0A       		.uleb128 0xa
 983 0722 04       		.byte	0x4
 984 0723 BA040000 		.4byte	0x4ba
 985 0727 0A       		.uleb128 0xa
 986 0728 04       		.byte	0x4
 987 0729 64030000 		.4byte	0x364
 988 072d 17       		.uleb128 0x17
 989 072e BA040000 		.4byte	0x4ba
 990 0732 3D070000 		.4byte	0x73d
 991 0736 18       		.uleb128 0x18
 992 0737 2C000000 		.4byte	0x2c
 993 073b 3B       		.byte	0x3b
 994 073c 00       		.byte	0
 995 073d 19       		.uleb128 0x19
 996 073e 636800   		.ascii	"ch\000"
 997 0741 06       		.byte	0x6
 998 0742 0902     		.2byte	0x209
 999 0744 31040000 		.4byte	0x431
 1000 0748 13       		.uleb128 0x13
 1001 0749 16       		.byte	0x16
 1002 074a 0E       		.byte	0xe
 1003 074b 34       		.byte	0x34
 1004 074c 29080000 		.4byte	0x829
 1005 0750 07       		.uleb128 0x7
 1006 0751 ED060000 		.4byte	.LASF108
 1007 0755 0E       		.byte	0xe
 1008 0756 35       		.byte	0x35
 1009 0757 29080000 		.4byte	0x829
 1010 075b 00       		.byte	0
 1011 075c 07       		.uleb128 0x7
 1012 075d BF030000 		.4byte	.LASF109
 1013 0761 0E       		.byte	0xe
 1014 0762 36       		.byte	0x36
 1015 0763 A2000000 		.4byte	0xa2
 1016 0767 04       		.byte	0x4
 1017 0768 07       		.uleb128 0x7
 1018 0769 A2050000 		.4byte	.LASF110
 1019 076d 0E       		.byte	0xe
 1020 076e 37       		.byte	0x37
 1021 076f A2000000 		.4byte	0xa2
 1022 0773 05       		.byte	0x5
 1023 0774 07       		.uleb128 0x7
 1024 0775 D2060000 		.4byte	.LASF111
 1025 0779 0E       		.byte	0xe
 1026 077a 38       		.byte	0x38
ARM GAS  /tmp/ccHEGvz9.s 			page 19


 1027 077b AD000000 		.4byte	0xad
 1028 077f 06       		.byte	0x6
 1029 0780 07       		.uleb128 0x7
 1030 0781 5E040000 		.4byte	.LASF112
 1031 0785 0E       		.byte	0xe
 1032 0786 39       		.byte	0x39
 1033 0787 A2000000 		.4byte	0xa2
 1034 078b 08       		.byte	0x8
 1035 078c 07       		.uleb128 0x7
 1036 078d FC030000 		.4byte	.LASF113
 1037 0791 0E       		.byte	0xe
 1038 0792 3A       		.byte	0x3a
 1039 0793 A2000000 		.4byte	0xa2
 1040 0797 09       		.byte	0x9
 1041 0798 07       		.uleb128 0x7
 1042 0799 90010000 		.4byte	.LASF114
 1043 079d 0E       		.byte	0xe
 1044 079e 3B       		.byte	0x3b
 1045 079f A2000000 		.4byte	0xa2
 1046 07a3 0A       		.byte	0xa
 1047 07a4 07       		.uleb128 0x7
 1048 07a5 7E050000 		.4byte	.LASF115
 1049 07a9 0E       		.byte	0xe
 1050 07aa 3C       		.byte	0x3c
 1051 07ab A2000000 		.4byte	0xa2
 1052 07af 0B       		.byte	0xb
 1053 07b0 07       		.uleb128 0x7
 1054 07b1 3C060000 		.4byte	.LASF116
 1055 07b5 0E       		.byte	0xe
 1056 07b6 3D       		.byte	0x3d
 1057 07b7 A2000000 		.4byte	0xa2
 1058 07bb 0C       		.byte	0xc
 1059 07bc 07       		.uleb128 0x7
 1060 07bd 4A050000 		.4byte	.LASF117
 1061 07c1 0E       		.byte	0xe
 1062 07c2 3E       		.byte	0x3e
 1063 07c3 A2000000 		.4byte	0xa2
 1064 07c7 0D       		.byte	0xd
 1065 07c8 07       		.uleb128 0x7
 1066 07c9 00000000 		.4byte	.LASF118
 1067 07cd 0E       		.byte	0xe
 1068 07ce 3F       		.byte	0x3f
 1069 07cf A2000000 		.4byte	0xa2
 1070 07d3 0E       		.byte	0xe
 1071 07d4 07       		.uleb128 0x7
 1072 07d5 08040000 		.4byte	.LASF119
 1073 07d9 0E       		.byte	0xe
 1074 07da 40       		.byte	0x40
 1075 07db A2000000 		.4byte	0xa2
 1076 07df 0F       		.byte	0xf
 1077 07e0 07       		.uleb128 0x7
 1078 07e1 1D020000 		.4byte	.LASF120
 1079 07e5 0E       		.byte	0xe
 1080 07e6 41       		.byte	0x41
 1081 07e7 A2000000 		.4byte	0xa2
 1082 07eb 10       		.byte	0x10
 1083 07ec 07       		.uleb128 0x7
ARM GAS  /tmp/ccHEGvz9.s 			page 20


 1084 07ed ED010000 		.4byte	.LASF121
 1085 07f1 0E       		.byte	0xe
 1086 07f2 43       		.byte	0x43
 1087 07f3 A2000000 		.4byte	0xa2
 1088 07f7 11       		.byte	0x11
 1089 07f8 07       		.uleb128 0x7
 1090 07f9 2D020000 		.4byte	.LASF122
 1091 07fd 0E       		.byte	0xe
 1092 07fe 44       		.byte	0x44
 1093 07ff A2000000 		.4byte	0xa2
 1094 0803 12       		.byte	0x12
 1095 0804 07       		.uleb128 0x7
 1096 0805 C7030000 		.4byte	.LASF123
 1097 0809 0E       		.byte	0xe
 1098 080a 45       		.byte	0x45
 1099 080b A2000000 		.4byte	0xa2
 1100 080f 13       		.byte	0x13
 1101 0810 07       		.uleb128 0x7
 1102 0811 07050000 		.4byte	.LASF124
 1103 0815 0E       		.byte	0xe
 1104 0816 46       		.byte	0x46
 1105 0817 A2000000 		.4byte	0xa2
 1106 081b 14       		.byte	0x14
 1107 081c 07       		.uleb128 0x7
 1108 081d 84030000 		.4byte	.LASF125
 1109 0821 0E       		.byte	0xe
 1110 0822 48       		.byte	0x48
 1111 0823 A2000000 		.4byte	0xa2
 1112 0827 15       		.byte	0x15
 1113 0828 00       		.byte	0
 1114 0829 17       		.uleb128 0x17
 1115 082a 15070000 		.4byte	0x715
 1116 082e 39080000 		.4byte	0x839
 1117 0832 18       		.uleb128 0x18
 1118 0833 2C000000 		.4byte	0x2c
 1119 0837 03       		.byte	0x3
 1120 0838 00       		.byte	0
 1121 0839 04       		.uleb128 0x4
 1122 083a 77020000 		.4byte	.LASF126
 1123 083e 0E       		.byte	0xe
 1124 083f 49       		.byte	0x49
 1125 0840 48070000 		.4byte	0x748
 1126 0844 16       		.uleb128 0x16
 1127 0845 39080000 		.4byte	0x839
 1128 0849 11       		.uleb128 0x11
 1129 084a 39030000 		.4byte	.LASF127
 1130 084e 0E       		.byte	0xe
 1131 084f 6E       		.byte	0x6e
 1132 0850 44080000 		.4byte	0x844
 1133 0854 04       		.uleb128 0x4
 1134 0855 DD060000 		.4byte	.LASF128
 1135 0859 0D       		.byte	0xd
 1136 085a 34       		.byte	0x34
 1137 085b D3060000 		.4byte	0x6d3
 1138 085f 0A       		.uleb128 0xa
 1139 0860 04       		.byte	0x4
 1140 0861 54080000 		.4byte	0x854
ARM GAS  /tmp/ccHEGvz9.s 			page 21


 1141 0865 1A       		.uleb128 0x1a
 1142 0866 77030000 		.4byte	.LASF129
 1143 086a 01       		.byte	0x1
 1144 086b 1D       		.byte	0x1d
 1145 086c 00000000 		.4byte	.LFB221
 1146 0870 04000000 		.4byte	.LFE221-.LFB221
 1147 0874 01       		.uleb128 0x1
 1148 0875 9C       		.byte	0x9c
 1149 0876 99080000 		.4byte	0x899
 1150 087a 1B       		.uleb128 0x1b
 1151 087b 6D00     		.ascii	"m\000"
 1152 087d 01       		.byte	0x1
 1153 087e 1D       		.byte	0x1d
 1154 087f 5F080000 		.4byte	0x85f
 1155 0883 00000000 		.4byte	.LLST2
 1156 0887 1C       		.uleb128 0x1c
 1157 0888 04000000 		.4byte	.LVL5
 1158 088c 0C090000 		.4byte	0x90c
 1159 0890 1D       		.uleb128 0x1d
 1160 0891 01       		.uleb128 0x1
 1161 0892 50       		.byte	0x50
 1162 0893 03       		.uleb128 0x3
 1163 0894 F3       		.byte	0xf3
 1164 0895 01       		.uleb128 0x1
 1165 0896 50       		.byte	0x50
 1166 0897 00       		.byte	0
 1167 0898 00       		.byte	0
 1168 0899 1A       		.uleb128 0x1a
 1169 089a 1E050000 		.4byte	.LASF130
 1170 089e 01       		.byte	0x1
 1171 089f 19       		.byte	0x19
 1172 08a0 00000000 		.4byte	.LFB220
 1173 08a4 04000000 		.4byte	.LFE220-.LFB220
 1174 08a8 01       		.uleb128 0x1
 1175 08a9 9C       		.byte	0x9c
 1176 08aa CD080000 		.4byte	0x8cd
 1177 08ae 1B       		.uleb128 0x1b
 1178 08af 6D00     		.ascii	"m\000"
 1179 08b1 01       		.byte	0x1
 1180 08b2 19       		.byte	0x19
 1181 08b3 5F080000 		.4byte	0x85f
 1182 08b7 21000000 		.4byte	.LLST1
 1183 08bb 1C       		.uleb128 0x1c
 1184 08bc 04000000 		.4byte	.LVL3
 1185 08c0 17090000 		.4byte	0x917
 1186 08c4 1D       		.uleb128 0x1d
 1187 08c5 01       		.uleb128 0x1
 1188 08c6 50       		.byte	0x50
 1189 08c7 03       		.uleb128 0x3
 1190 08c8 F3       		.byte	0xf3
 1191 08c9 01       		.uleb128 0x1
 1192 08ca 50       		.byte	0x50
 1193 08cb 00       		.byte	0
 1194 08cc 00       		.byte	0
 1195 08cd 1E       		.uleb128 0x1e
 1196 08ce B0020000 		.4byte	.LASF138
 1197 08d2 01       		.byte	0x1
ARM GAS  /tmp/ccHEGvz9.s 			page 22


 1198 08d3 14       		.byte	0x14
 1199 08d4 05090000 		.4byte	0x905
 1200 08d8 00000000 		.4byte	.LFB219
 1201 08dc 0A000000 		.4byte	.LFE219-.LFB219
 1202 08e0 01       		.uleb128 0x1
 1203 08e1 9C       		.byte	0x9c
 1204 08e2 05090000 		.4byte	0x905
 1205 08e6 1B       		.uleb128 0x1b
 1206 08e7 6D00     		.ascii	"m\000"
 1207 08e9 01       		.byte	0x1
 1208 08ea 14       		.byte	0x14
 1209 08eb 5F080000 		.4byte	0x85f
 1210 08ef 42000000 		.4byte	.LLST0
 1211 08f3 1F       		.uleb128 0x1f
 1212 08f4 06000000 		.4byte	.LVL1
 1213 08f8 22090000 		.4byte	0x922
 1214 08fc 1D       		.uleb128 0x1d
 1215 08fd 01       		.uleb128 0x1
 1216 08fe 50       		.byte	0x50
 1217 08ff 03       		.uleb128 0x3
 1218 0900 F3       		.byte	0xf3
 1219 0901 01       		.uleb128 0x1
 1220 0902 50       		.byte	0x50
 1221 0903 00       		.byte	0
 1222 0904 00       		.byte	0
 1223 0905 03       		.uleb128 0x3
 1224 0906 01       		.byte	0x1
 1225 0907 02       		.byte	0x2
 1226 0908 A8040000 		.4byte	.LASF131
 1227 090c 20       		.uleb128 0x20
 1228 090d 05020000 		.4byte	.LASF132
 1229 0911 05020000 		.4byte	.LASF132
 1230 0915 0D       		.byte	0xd
 1231 0916 6C       		.byte	0x6c
 1232 0917 20       		.uleb128 0x20
 1233 0918 14040000 		.4byte	.LASF133
 1234 091c 14040000 		.4byte	.LASF133
 1235 0920 0D       		.byte	0xd
 1236 0921 68       		.byte	0x68
 1237 0922 20       		.uleb128 0x20
 1238 0923 88040000 		.4byte	.LASF134
 1239 0927 88040000 		.4byte	.LASF134
 1240 092b 0D       		.byte	0xd
 1241 092c 67       		.byte	0x67
 1242 092d 00       		.byte	0
 1243              		.section	.debug_abbrev,"",%progbits
 1244              	.Ldebug_abbrev0:
 1245 0000 01       		.uleb128 0x1
 1246 0001 11       		.uleb128 0x11
 1247 0002 01       		.byte	0x1
 1248 0003 25       		.uleb128 0x25
 1249 0004 0E       		.uleb128 0xe
 1250 0005 13       		.uleb128 0x13
 1251 0006 0B       		.uleb128 0xb
 1252 0007 03       		.uleb128 0x3
 1253 0008 0E       		.uleb128 0xe
 1254 0009 1B       		.uleb128 0x1b
ARM GAS  /tmp/ccHEGvz9.s 			page 23


 1255 000a 0E       		.uleb128 0xe
 1256 000b 55       		.uleb128 0x55
 1257 000c 17       		.uleb128 0x17
 1258 000d 11       		.uleb128 0x11
 1259 000e 01       		.uleb128 0x1
 1260 000f 10       		.uleb128 0x10
 1261 0010 17       		.uleb128 0x17
 1262 0011 00       		.byte	0
 1263 0012 00       		.byte	0
 1264 0013 02       		.uleb128 0x2
 1265 0014 24       		.uleb128 0x24
 1266 0015 00       		.byte	0
 1267 0016 0B       		.uleb128 0xb
 1268 0017 0B       		.uleb128 0xb
 1269 0018 3E       		.uleb128 0x3e
 1270 0019 0B       		.uleb128 0xb
 1271 001a 03       		.uleb128 0x3
 1272 001b 08       		.uleb128 0x8
 1273 001c 00       		.byte	0
 1274 001d 00       		.byte	0
 1275 001e 03       		.uleb128 0x3
 1276 001f 24       		.uleb128 0x24
 1277 0020 00       		.byte	0
 1278 0021 0B       		.uleb128 0xb
 1279 0022 0B       		.uleb128 0xb
 1280 0023 3E       		.uleb128 0x3e
 1281 0024 0B       		.uleb128 0xb
 1282 0025 03       		.uleb128 0x3
 1283 0026 0E       		.uleb128 0xe
 1284 0027 00       		.byte	0
 1285 0028 00       		.byte	0
 1286 0029 04       		.uleb128 0x4
 1287 002a 16       		.uleb128 0x16
 1288 002b 00       		.byte	0
 1289 002c 03       		.uleb128 0x3
 1290 002d 0E       		.uleb128 0xe
 1291 002e 3A       		.uleb128 0x3a
 1292 002f 0B       		.uleb128 0xb
 1293 0030 3B       		.uleb128 0x3b
 1294 0031 0B       		.uleb128 0xb
 1295 0032 49       		.uleb128 0x49
 1296 0033 13       		.uleb128 0x13
 1297 0034 00       		.byte	0
 1298 0035 00       		.byte	0
 1299 0036 05       		.uleb128 0x5
 1300 0037 35       		.uleb128 0x35
 1301 0038 00       		.byte	0
 1302 0039 49       		.uleb128 0x49
 1303 003a 13       		.uleb128 0x13
 1304 003b 00       		.byte	0
 1305 003c 00       		.byte	0
 1306 003d 06       		.uleb128 0x6
 1307 003e 13       		.uleb128 0x13
 1308 003f 01       		.byte	0x1
 1309 0040 03       		.uleb128 0x3
 1310 0041 0E       		.uleb128 0xe
 1311 0042 0B       		.uleb128 0xb
ARM GAS  /tmp/ccHEGvz9.s 			page 24


 1312 0043 0B       		.uleb128 0xb
 1313 0044 3A       		.uleb128 0x3a
 1314 0045 0B       		.uleb128 0xb
 1315 0046 3B       		.uleb128 0x3b
 1316 0047 0B       		.uleb128 0xb
 1317 0048 01       		.uleb128 0x1
 1318 0049 13       		.uleb128 0x13
 1319 004a 00       		.byte	0
 1320 004b 00       		.byte	0
 1321 004c 07       		.uleb128 0x7
 1322 004d 0D       		.uleb128 0xd
 1323 004e 00       		.byte	0
 1324 004f 03       		.uleb128 0x3
 1325 0050 0E       		.uleb128 0xe
 1326 0051 3A       		.uleb128 0x3a
 1327 0052 0B       		.uleb128 0xb
 1328 0053 3B       		.uleb128 0x3b
 1329 0054 0B       		.uleb128 0xb
 1330 0055 49       		.uleb128 0x49
 1331 0056 13       		.uleb128 0x13
 1332 0057 38       		.uleb128 0x38
 1333 0058 0B       		.uleb128 0xb
 1334 0059 00       		.byte	0
 1335 005a 00       		.byte	0
 1336 005b 08       		.uleb128 0x8
 1337 005c 0D       		.uleb128 0xd
 1338 005d 00       		.byte	0
 1339 005e 03       		.uleb128 0x3
 1340 005f 08       		.uleb128 0x8
 1341 0060 3A       		.uleb128 0x3a
 1342 0061 0B       		.uleb128 0xb
 1343 0062 3B       		.uleb128 0x3b
 1344 0063 05       		.uleb128 0x5
 1345 0064 49       		.uleb128 0x49
 1346 0065 13       		.uleb128 0x13
 1347 0066 38       		.uleb128 0x38
 1348 0067 0B       		.uleb128 0xb
 1349 0068 00       		.byte	0
 1350 0069 00       		.byte	0
 1351 006a 09       		.uleb128 0x9
 1352 006b 0D       		.uleb128 0xd
 1353 006c 00       		.byte	0
 1354 006d 03       		.uleb128 0x3
 1355 006e 0E       		.uleb128 0xe
 1356 006f 3A       		.uleb128 0x3a
 1357 0070 0B       		.uleb128 0xb
 1358 0071 3B       		.uleb128 0x3b
 1359 0072 05       		.uleb128 0x5
 1360 0073 49       		.uleb128 0x49
 1361 0074 13       		.uleb128 0x13
 1362 0075 38       		.uleb128 0x38
 1363 0076 0B       		.uleb128 0xb
 1364 0077 00       		.byte	0
 1365 0078 00       		.byte	0
 1366 0079 0A       		.uleb128 0xa
 1367 007a 0F       		.uleb128 0xf
 1368 007b 00       		.byte	0
ARM GAS  /tmp/ccHEGvz9.s 			page 25


 1369 007c 0B       		.uleb128 0xb
 1370 007d 0B       		.uleb128 0xb
 1371 007e 49       		.uleb128 0x49
 1372 007f 13       		.uleb128 0x13
 1373 0080 00       		.byte	0
 1374 0081 00       		.byte	0
 1375 0082 0B       		.uleb128 0xb
 1376 0083 13       		.uleb128 0x13
 1377 0084 01       		.byte	0x1
 1378 0085 03       		.uleb128 0x3
 1379 0086 0E       		.uleb128 0xe
 1380 0087 0B       		.uleb128 0xb
 1381 0088 0B       		.uleb128 0xb
 1382 0089 3A       		.uleb128 0x3a
 1383 008a 0B       		.uleb128 0xb
 1384 008b 3B       		.uleb128 0x3b
 1385 008c 05       		.uleb128 0x5
 1386 008d 01       		.uleb128 0x1
 1387 008e 13       		.uleb128 0x13
 1388 008f 00       		.byte	0
 1389 0090 00       		.byte	0
 1390 0091 0C       		.uleb128 0xc
 1391 0092 15       		.uleb128 0x15
 1392 0093 01       		.byte	0x1
 1393 0094 27       		.uleb128 0x27
 1394 0095 19       		.uleb128 0x19
 1395 0096 01       		.uleb128 0x1
 1396 0097 13       		.uleb128 0x13
 1397 0098 00       		.byte	0
 1398 0099 00       		.byte	0
 1399 009a 0D       		.uleb128 0xd
 1400 009b 05       		.uleb128 0x5
 1401 009c 00       		.byte	0
 1402 009d 49       		.uleb128 0x49
 1403 009e 13       		.uleb128 0x13
 1404 009f 00       		.byte	0
 1405 00a0 00       		.byte	0
 1406 00a1 0E       		.uleb128 0xe
 1407 00a2 0F       		.uleb128 0xf
 1408 00a3 00       		.byte	0
 1409 00a4 0B       		.uleb128 0xb
 1410 00a5 0B       		.uleb128 0xb
 1411 00a6 00       		.byte	0
 1412 00a7 00       		.byte	0
 1413 00a8 0F       		.uleb128 0xf
 1414 00a9 13       		.uleb128 0x13
 1415 00aa 01       		.byte	0x1
 1416 00ab 03       		.uleb128 0x3
 1417 00ac 0E       		.uleb128 0xe
 1418 00ad 0B       		.uleb128 0xb
 1419 00ae 05       		.uleb128 0x5
 1420 00af 3A       		.uleb128 0x3a
 1421 00b0 0B       		.uleb128 0xb
 1422 00b1 3B       		.uleb128 0x3b
 1423 00b2 05       		.uleb128 0x5
 1424 00b3 01       		.uleb128 0x1
 1425 00b4 13       		.uleb128 0x13
ARM GAS  /tmp/ccHEGvz9.s 			page 26


 1426 00b5 00       		.byte	0
 1427 00b6 00       		.byte	0
 1428 00b7 10       		.uleb128 0x10
 1429 00b8 34       		.uleb128 0x34
 1430 00b9 00       		.byte	0
 1431 00ba 03       		.uleb128 0x3
 1432 00bb 0E       		.uleb128 0xe
 1433 00bc 3A       		.uleb128 0x3a
 1434 00bd 0B       		.uleb128 0xb
 1435 00be 3B       		.uleb128 0x3b
 1436 00bf 05       		.uleb128 0x5
 1437 00c0 49       		.uleb128 0x49
 1438 00c1 13       		.uleb128 0x13
 1439 00c2 3F       		.uleb128 0x3f
 1440 00c3 19       		.uleb128 0x19
 1441 00c4 3C       		.uleb128 0x3c
 1442 00c5 19       		.uleb128 0x19
 1443 00c6 00       		.byte	0
 1444 00c7 00       		.byte	0
 1445 00c8 11       		.uleb128 0x11
 1446 00c9 34       		.uleb128 0x34
 1447 00ca 00       		.byte	0
 1448 00cb 03       		.uleb128 0x3
 1449 00cc 0E       		.uleb128 0xe
 1450 00cd 3A       		.uleb128 0x3a
 1451 00ce 0B       		.uleb128 0xb
 1452 00cf 3B       		.uleb128 0x3b
 1453 00d0 0B       		.uleb128 0xb
 1454 00d1 49       		.uleb128 0x49
 1455 00d2 13       		.uleb128 0x13
 1456 00d3 3F       		.uleb128 0x3f
 1457 00d4 19       		.uleb128 0x19
 1458 00d5 3C       		.uleb128 0x3c
 1459 00d6 19       		.uleb128 0x19
 1460 00d7 00       		.byte	0
 1461 00d8 00       		.byte	0
 1462 00d9 12       		.uleb128 0x12
 1463 00da 0D       		.uleb128 0xd
 1464 00db 00       		.byte	0
 1465 00dc 03       		.uleb128 0x3
 1466 00dd 08       		.uleb128 0x8
 1467 00de 3A       		.uleb128 0x3a
 1468 00df 0B       		.uleb128 0xb
 1469 00e0 3B       		.uleb128 0x3b
 1470 00e1 0B       		.uleb128 0xb
 1471 00e2 49       		.uleb128 0x49
 1472 00e3 13       		.uleb128 0x13
 1473 00e4 38       		.uleb128 0x38
 1474 00e5 0B       		.uleb128 0xb
 1475 00e6 00       		.byte	0
 1476 00e7 00       		.byte	0
 1477 00e8 13       		.uleb128 0x13
 1478 00e9 13       		.uleb128 0x13
 1479 00ea 01       		.byte	0x1
 1480 00eb 0B       		.uleb128 0xb
 1481 00ec 0B       		.uleb128 0xb
 1482 00ed 3A       		.uleb128 0x3a
ARM GAS  /tmp/ccHEGvz9.s 			page 27


 1483 00ee 0B       		.uleb128 0xb
 1484 00ef 3B       		.uleb128 0x3b
 1485 00f0 0B       		.uleb128 0xb
 1486 00f1 01       		.uleb128 0x1
 1487 00f2 13       		.uleb128 0x13
 1488 00f3 00       		.byte	0
 1489 00f4 00       		.byte	0
 1490 00f5 14       		.uleb128 0x14
 1491 00f6 17       		.uleb128 0x17
 1492 00f7 01       		.byte	0x1
 1493 00f8 0B       		.uleb128 0xb
 1494 00f9 0B       		.uleb128 0xb
 1495 00fa 3A       		.uleb128 0x3a
 1496 00fb 0B       		.uleb128 0xb
 1497 00fc 3B       		.uleb128 0x3b
 1498 00fd 0B       		.uleb128 0xb
 1499 00fe 01       		.uleb128 0x1
 1500 00ff 13       		.uleb128 0x13
 1501 0100 00       		.byte	0
 1502 0101 00       		.byte	0
 1503 0102 15       		.uleb128 0x15
 1504 0103 0D       		.uleb128 0xd
 1505 0104 00       		.byte	0
 1506 0105 03       		.uleb128 0x3
 1507 0106 0E       		.uleb128 0xe
 1508 0107 3A       		.uleb128 0x3a
 1509 0108 0B       		.uleb128 0xb
 1510 0109 3B       		.uleb128 0x3b
 1511 010a 05       		.uleb128 0x5
 1512 010b 49       		.uleb128 0x49
 1513 010c 13       		.uleb128 0x13
 1514 010d 00       		.byte	0
 1515 010e 00       		.byte	0
 1516 010f 16       		.uleb128 0x16
 1517 0110 26       		.uleb128 0x26
 1518 0111 00       		.byte	0
 1519 0112 49       		.uleb128 0x49
 1520 0113 13       		.uleb128 0x13
 1521 0114 00       		.byte	0
 1522 0115 00       		.byte	0
 1523 0116 17       		.uleb128 0x17
 1524 0117 01       		.uleb128 0x1
 1525 0118 01       		.byte	0x1
 1526 0119 49       		.uleb128 0x49
 1527 011a 13       		.uleb128 0x13
 1528 011b 01       		.uleb128 0x1
 1529 011c 13       		.uleb128 0x13
 1530 011d 00       		.byte	0
 1531 011e 00       		.byte	0
 1532 011f 18       		.uleb128 0x18
 1533 0120 21       		.uleb128 0x21
 1534 0121 00       		.byte	0
 1535 0122 49       		.uleb128 0x49
 1536 0123 13       		.uleb128 0x13
 1537 0124 2F       		.uleb128 0x2f
 1538 0125 0B       		.uleb128 0xb
 1539 0126 00       		.byte	0
ARM GAS  /tmp/ccHEGvz9.s 			page 28


 1540 0127 00       		.byte	0
 1541 0128 19       		.uleb128 0x19
 1542 0129 34       		.uleb128 0x34
 1543 012a 00       		.byte	0
 1544 012b 03       		.uleb128 0x3
 1545 012c 08       		.uleb128 0x8
 1546 012d 3A       		.uleb128 0x3a
 1547 012e 0B       		.uleb128 0xb
 1548 012f 3B       		.uleb128 0x3b
 1549 0130 05       		.uleb128 0x5
 1550 0131 49       		.uleb128 0x49
 1551 0132 13       		.uleb128 0x13
 1552 0133 3F       		.uleb128 0x3f
 1553 0134 19       		.uleb128 0x19
 1554 0135 3C       		.uleb128 0x3c
 1555 0136 19       		.uleb128 0x19
 1556 0137 00       		.byte	0
 1557 0138 00       		.byte	0
 1558 0139 1A       		.uleb128 0x1a
 1559 013a 2E       		.uleb128 0x2e
 1560 013b 01       		.byte	0x1
 1561 013c 3F       		.uleb128 0x3f
 1562 013d 19       		.uleb128 0x19
 1563 013e 03       		.uleb128 0x3
 1564 013f 0E       		.uleb128 0xe
 1565 0140 3A       		.uleb128 0x3a
 1566 0141 0B       		.uleb128 0xb
 1567 0142 3B       		.uleb128 0x3b
 1568 0143 0B       		.uleb128 0xb
 1569 0144 27       		.uleb128 0x27
 1570 0145 19       		.uleb128 0x19
 1571 0146 11       		.uleb128 0x11
 1572 0147 01       		.uleb128 0x1
 1573 0148 12       		.uleb128 0x12
 1574 0149 06       		.uleb128 0x6
 1575 014a 40       		.uleb128 0x40
 1576 014b 18       		.uleb128 0x18
 1577 014c 9742     		.uleb128 0x2117
 1578 014e 19       		.uleb128 0x19
 1579 014f 01       		.uleb128 0x1
 1580 0150 13       		.uleb128 0x13
 1581 0151 00       		.byte	0
 1582 0152 00       		.byte	0
 1583 0153 1B       		.uleb128 0x1b
 1584 0154 05       		.uleb128 0x5
 1585 0155 00       		.byte	0
 1586 0156 03       		.uleb128 0x3
 1587 0157 08       		.uleb128 0x8
 1588 0158 3A       		.uleb128 0x3a
 1589 0159 0B       		.uleb128 0xb
 1590 015a 3B       		.uleb128 0x3b
 1591 015b 0B       		.uleb128 0xb
 1592 015c 49       		.uleb128 0x49
 1593 015d 13       		.uleb128 0x13
 1594 015e 02       		.uleb128 0x2
 1595 015f 17       		.uleb128 0x17
 1596 0160 00       		.byte	0
ARM GAS  /tmp/ccHEGvz9.s 			page 29


 1597 0161 00       		.byte	0
 1598 0162 1C       		.uleb128 0x1c
 1599 0163 898201   		.uleb128 0x4109
 1600 0166 01       		.byte	0x1
 1601 0167 11       		.uleb128 0x11
 1602 0168 01       		.uleb128 0x1
 1603 0169 9542     		.uleb128 0x2115
 1604 016b 19       		.uleb128 0x19
 1605 016c 31       		.uleb128 0x31
 1606 016d 13       		.uleb128 0x13
 1607 016e 00       		.byte	0
 1608 016f 00       		.byte	0
 1609 0170 1D       		.uleb128 0x1d
 1610 0171 8A8201   		.uleb128 0x410a
 1611 0174 00       		.byte	0
 1612 0175 02       		.uleb128 0x2
 1613 0176 18       		.uleb128 0x18
 1614 0177 9142     		.uleb128 0x2111
 1615 0179 18       		.uleb128 0x18
 1616 017a 00       		.byte	0
 1617 017b 00       		.byte	0
 1618 017c 1E       		.uleb128 0x1e
 1619 017d 2E       		.uleb128 0x2e
 1620 017e 01       		.byte	0x1
 1621 017f 3F       		.uleb128 0x3f
 1622 0180 19       		.uleb128 0x19
 1623 0181 03       		.uleb128 0x3
 1624 0182 0E       		.uleb128 0xe
 1625 0183 3A       		.uleb128 0x3a
 1626 0184 0B       		.uleb128 0xb
 1627 0185 3B       		.uleb128 0x3b
 1628 0186 0B       		.uleb128 0xb
 1629 0187 27       		.uleb128 0x27
 1630 0188 19       		.uleb128 0x19
 1631 0189 49       		.uleb128 0x49
 1632 018a 13       		.uleb128 0x13
 1633 018b 11       		.uleb128 0x11
 1634 018c 01       		.uleb128 0x1
 1635 018d 12       		.uleb128 0x12
 1636 018e 06       		.uleb128 0x6
 1637 018f 40       		.uleb128 0x40
 1638 0190 18       		.uleb128 0x18
 1639 0191 9742     		.uleb128 0x2117
 1640 0193 19       		.uleb128 0x19
 1641 0194 01       		.uleb128 0x1
 1642 0195 13       		.uleb128 0x13
 1643 0196 00       		.byte	0
 1644 0197 00       		.byte	0
 1645 0198 1F       		.uleb128 0x1f
 1646 0199 898201   		.uleb128 0x4109
 1647 019c 01       		.byte	0x1
 1648 019d 11       		.uleb128 0x11
 1649 019e 01       		.uleb128 0x1
 1650 019f 31       		.uleb128 0x31
 1651 01a0 13       		.uleb128 0x13
 1652 01a1 00       		.byte	0
 1653 01a2 00       		.byte	0
ARM GAS  /tmp/ccHEGvz9.s 			page 30


 1654 01a3 20       		.uleb128 0x20
 1655 01a4 2E       		.uleb128 0x2e
 1656 01a5 00       		.byte	0
 1657 01a6 3F       		.uleb128 0x3f
 1658 01a7 19       		.uleb128 0x19
 1659 01a8 3C       		.uleb128 0x3c
 1660 01a9 19       		.uleb128 0x19
 1661 01aa 6E       		.uleb128 0x6e
 1662 01ab 0E       		.uleb128 0xe
 1663 01ac 03       		.uleb128 0x3
 1664 01ad 0E       		.uleb128 0xe
 1665 01ae 3A       		.uleb128 0x3a
 1666 01af 0B       		.uleb128 0xb
 1667 01b0 3B       		.uleb128 0x3b
 1668 01b1 0B       		.uleb128 0xb
 1669 01b2 00       		.byte	0
 1670 01b3 00       		.byte	0
 1671 01b4 00       		.byte	0
 1672              		.section	.debug_loc,"",%progbits
 1673              	.Ldebug_loc0:
 1674              	.LLST2:
 1675 0000 00000000 		.4byte	.LVL4
 1676 0004 03000000 		.4byte	.LVL5-1
 1677 0008 0100     		.2byte	0x1
 1678 000a 50       		.byte	0x50
 1679 000b 03000000 		.4byte	.LVL5-1
 1680 000f 04000000 		.4byte	.LFE221
 1681 0013 0400     		.2byte	0x4
 1682 0015 F3       		.byte	0xf3
 1683 0016 01       		.uleb128 0x1
 1684 0017 50       		.byte	0x50
 1685 0018 9F       		.byte	0x9f
 1686 0019 00000000 		.4byte	0
 1687 001d 00000000 		.4byte	0
 1688              	.LLST1:
 1689 0021 00000000 		.4byte	.LVL2
 1690 0025 03000000 		.4byte	.LVL3-1
 1691 0029 0100     		.2byte	0x1
 1692 002b 50       		.byte	0x50
 1693 002c 03000000 		.4byte	.LVL3-1
 1694 0030 04000000 		.4byte	.LFE220
 1695 0034 0400     		.2byte	0x4
 1696 0036 F3       		.byte	0xf3
 1697 0037 01       		.uleb128 0x1
 1698 0038 50       		.byte	0x50
 1699 0039 9F       		.byte	0x9f
 1700 003a 00000000 		.4byte	0
 1701 003e 00000000 		.4byte	0
 1702              	.LLST0:
 1703 0042 00000000 		.4byte	.LVL0
 1704 0046 05000000 		.4byte	.LVL1-1
 1705 004a 0100     		.2byte	0x1
 1706 004c 50       		.byte	0x50
 1707 004d 05000000 		.4byte	.LVL1-1
 1708 0051 0A000000 		.4byte	.LFE219
 1709 0055 0400     		.2byte	0x4
 1710 0057 F3       		.byte	0xf3
ARM GAS  /tmp/ccHEGvz9.s 			page 31


 1711 0058 01       		.uleb128 0x1
 1712 0059 50       		.byte	0x50
 1713 005a 9F       		.byte	0x9f
 1714 005b 00000000 		.4byte	0
 1715 005f 00000000 		.4byte	0
 1716              		.section	.debug_aranges,"",%progbits
 1717 0000 2C000000 		.4byte	0x2c
 1718 0004 0200     		.2byte	0x2
 1719 0006 00000000 		.4byte	.Ldebug_info0
 1720 000a 04       		.byte	0x4
 1721 000b 00       		.byte	0
 1722 000c 0000     		.2byte	0
 1723 000e 0000     		.2byte	0
 1724 0010 00000000 		.4byte	.LFB219
 1725 0014 0A000000 		.4byte	.LFE219-.LFB219
 1726 0018 00000000 		.4byte	.LFB220
 1727 001c 04000000 		.4byte	.LFE220-.LFB220
 1728 0020 00000000 		.4byte	.LFB221
 1729 0024 04000000 		.4byte	.LFE221-.LFB221
 1730 0028 00000000 		.4byte	0
 1731 002c 00000000 		.4byte	0
 1732              		.section	.debug_ranges,"",%progbits
 1733              	.Ldebug_ranges0:
 1734 0000 00000000 		.4byte	.LFB219
 1735 0004 0A000000 		.4byte	.LFE219
 1736 0008 00000000 		.4byte	.LFB220
 1737 000c 04000000 		.4byte	.LFE220
 1738 0010 00000000 		.4byte	.LFB221
 1739 0014 04000000 		.4byte	.LFE221
 1740 0018 00000000 		.4byte	0
 1741 001c 00000000 		.4byte	0
 1742              		.section	.debug_line,"",%progbits
 1743              	.Ldebug_line0:
 1744 0000 2A020000 		.section	.debug_str,"MS",%progbits,1
 1744      0200F301 
 1744      00000201 
 1744      FB0E0D00 
 1744      01010101 
 1745              	.LASF118:
 1746 0000 63665F6F 		.ascii	"cf_off_older\000"
 1746      66665F6F 
 1746      6C646572 
 1746      00
 1747              	.LASF57:
 1748 000d 72656164 		.ascii	"ready_list_t\000"
 1748      795F6C69 
 1748      73745F74 
 1748      00
 1749              	.LASF96:
 1750 001a 77747472 		.ascii	"wttrp\000"
 1750      7000
 1751              	.LASF93:
 1752 0020 7264796D 		.ascii	"rdymsg\000"
 1752      736700
 1753              	.LASF18:
 1754 0027 75696E74 		.ascii	"uint64_t\000"
 1754      36345F74 
ARM GAS  /tmp/ccHEGvz9.s 			page 32


 1754      00
 1755              	.LASF4:
 1756 0030 5F5F7569 		.ascii	"__uint8_t\000"
 1756      6E74385F 
 1756      7400
 1757              	.LASF90:
 1758 003a 706F7274 		.ascii	"port_intctx\000"
 1758      5F696E74 
 1758      63747800 
 1759              	.LASF76:
 1760 0046 73797374 		.ascii	"system_debug_t\000"
 1760      656D5F64 
 1760      65627567 
 1760      5F7400
 1761              	.LASF135:
 1762 0055 474E5520 		.ascii	"GNU C99 7.3.1 20180622 (release) [ARM/embedded-7-br"
 1762      43393920 
 1762      372E332E 
 1762      31203230 
 1762      31383036 
 1763 0088 616E6368 		.ascii	"anch revision 261907] -mcpu=cortex-m4 -mfloat-abi=h"
 1763      20726576 
 1763      6973696F 
 1763      6E203236 
 1763      31393037 
 1764 00bb 61726420 		.ascii	"ard -mfpu=fpv4-sp-d16 -mno-thumb-interwork -mthumb "
 1764      2D6D6670 
 1764      753D6670 
 1764      76342D73 
 1764      702D6431 
 1765 00ee 2D676764 		.ascii	"-ggdb -O2 -std=gnu99 -fomit-frame-pointer -falign-f"
 1765      62202D4F 
 1765      32202D73 
 1765      74643D67 
 1765      6E753939 
 1766 0121 756E6374 		.ascii	"unctions=16 -ffunction-sections -fdata-sections -fn"
 1766      696F6E73 
 1766      3D313620 
 1766      2D666675 
 1766      6E637469 
 1767 0154 6F2D636F 		.ascii	"o-common -fsingle-precision-constant\000"
 1767      6D6D6F6E 
 1767      202D6673 
 1767      696E676C 
 1767      652D7072 
 1768              	.LASF13:
 1769 0179 6C6F6E67 		.ascii	"long long unsigned int\000"
 1769      206C6F6E 
 1769      6720756E 
 1769      7369676E 
 1769      65642069 
 1770              	.LASF114:
 1771 0190 63685F74 		.ascii	"ch_threadsize\000"
 1771      68726561 
 1771      6473697A 
 1771      6500
 1772              	.LASF94:
ARM GAS  /tmp/ccHEGvz9.s 			page 33


 1773 019e 65786974 		.ascii	"exitcode\000"
 1773      636F6465 
 1773      00
 1774              	.LASF83:
 1775 01a7 6D61696E 		.ascii	"mainthread\000"
 1775      74687265 
 1775      616400
 1776              	.LASF73:
 1777 01b2 76697274 		.ascii	"virtual_timers_list_t\000"
 1777      75616C5F 
 1777      74696D65 
 1777      72735F6C 
 1777      6973745F 
 1778              	.LASF85:
 1779 01c8 49544D5F 		.ascii	"ITM_RxBuffer\000"
 1779      52784275 
 1779      66666572 
 1779      00
 1780              	.LASF56:
 1781 01d5 63685F74 		.ascii	"ch_threads_queue\000"
 1781      68726561 
 1781      64735F71 
 1781      75657565 
 1781      00
 1782              	.LASF32:
 1783 01e6 705F7072 		.ascii	"p_prio\000"
 1783      696F00
 1784              	.LASF121:
 1785 01ed 63665F6F 		.ascii	"cf_off_state\000"
 1785      66665F73 
 1785      74617465 
 1785      00
 1786              	.LASF75:
 1787 01fa 76745F73 		.ascii	"vt_systime\000"
 1787      79737469 
 1787      6D6500
 1788              	.LASF132:
 1789 0205 63684D74 		.ascii	"chMtxUnlock\000"
 1789      78556E6C 
 1789      6F636B00 
 1790              	.LASF1:
 1791 0211 7369676E 		.ascii	"signed char\000"
 1791      65642063 
 1791      68617200 
 1792              	.LASF120:
 1793 021d 63665F6F 		.ascii	"cf_off_stklimit\000"
 1793      66665F73 
 1793      746B6C69 
 1793      6D697400 
 1794              	.LASF122:
 1795 022d 63665F6F 		.ascii	"cf_off_flags\000"
 1795      66665F66 
 1795      6C616773 
 1795      00
 1796              	.LASF49:
 1797 023a 705F6D70 		.ascii	"p_mpool\000"
 1797      6F6F6C00 
ARM GAS  /tmp/ccHEGvz9.s 			page 34


 1798              	.LASF104:
 1799 0242 6D5F7175 		.ascii	"m_queue\000"
 1799      65756500 
 1800              	.LASF82:
 1801 024a 76746C69 		.ascii	"vtlist\000"
 1801      737400
 1802              	.LASF23:
 1803 0251 74736C69 		.ascii	"tslices_t\000"
 1803      6365735F 
 1803      7400
 1804              	.LASF80:
 1805 025b 63685F73 		.ascii	"ch_system\000"
 1805      79737465 
 1805      6D00
 1806              	.LASF8:
 1807 0265 6C6F6E67 		.ascii	"long int\000"
 1807      20696E74 
 1807      00
 1808              	.LASF21:
 1809 026e 74737461 		.ascii	"tstate_t\000"
 1809      74655F74 
 1809      00
 1810              	.LASF126:
 1811 0277 63686465 		.ascii	"chdebug_t\000"
 1811      6275675F 
 1811      7400
 1812              	.LASF34:
 1813 0281 705F6E65 		.ascii	"p_newer\000"
 1813      77657200 
 1814              	.LASF101:
 1815 0289 735F7175 		.ascii	"s_queue\000"
 1815      65756500 
 1816              	.LASF62:
 1817 0291 725F6E65 		.ascii	"r_newer\000"
 1817      77657200 
 1818              	.LASF87:
 1819 0299 72656761 		.ascii	"regarm_t\000"
 1819      726D5F74 
 1819      00
 1820              	.LASF69:
 1821 02a2 76745F70 		.ascii	"vt_prev\000"
 1821      72657600 
 1822              	.LASF81:
 1823 02aa 726C6973 		.ascii	"rlist\000"
 1823      7400
 1824              	.LASF138:
 1825 02b0 6D757465 		.ascii	"mutex_init\000"
 1825      785F696E 
 1825      697400
 1826              	.LASF11:
 1827 02bb 6C6F6E67 		.ascii	"long long int\000"
 1827      206C6F6E 
 1827      6720696E 
 1827      7400
 1828              	.LASF84:
 1829 02c9 69646C65 		.ascii	"idle_thread_wa\000"
 1829      5F746872 
ARM GAS  /tmp/ccHEGvz9.s 			page 35


 1829      6561645F 
 1829      776100
 1830              	.LASF27:
 1831 02d8 636E745F 		.ascii	"cnt_t\000"
 1831      7400
 1832              	.LASF37:
 1833 02de 705F7374 		.ascii	"p_stklimit\000"
 1833      6B6C696D 
 1833      697400
 1834              	.LASF0:
 1835 02e9 756E7369 		.ascii	"unsigned int\000"
 1835      676E6564 
 1835      20696E74 
 1835      00
 1836              	.LASF68:
 1837 02f6 76745F6E 		.ascii	"vt_next\000"
 1837      65787400 
 1838              	.LASF15:
 1839 02fe 75696E74 		.ascii	"uint16_t\000"
 1839      31365F74 
 1839      00
 1840              	.LASF86:
 1841 0307 53797374 		.ascii	"SystemCoreClock\000"
 1841      656D436F 
 1841      7265436C 
 1841      6F636B00 
 1842              	.LASF42:
 1843 0317 705F7469 		.ascii	"p_time\000"
 1843      6D6500
 1844              	.LASF97:
 1845 031e 77747365 		.ascii	"wtsemp\000"
 1845      6D7000
 1846              	.LASF70:
 1847 0325 76745F64 		.ascii	"vt_delta\000"
 1847      656C7461 
 1847      00
 1848              	.LASF44:
 1849 032e 705F6D73 		.ascii	"p_msgqueue\000"
 1849      67717565 
 1849      756500
 1850              	.LASF127:
 1851 0339 63685F64 		.ascii	"ch_debug\000"
 1851      65627567 
 1851      00
 1852              	.LASF102:
 1853 0342 735F636E 		.ascii	"s_cnt\000"
 1853      7400
 1854              	.LASF6:
 1855 0348 73686F72 		.ascii	"short unsigned int\000"
 1855      7420756E 
 1855      7369676E 
 1855      65642069 
 1855      6E7400
 1856              	.LASF53:
 1857 035b 63685F74 		.ascii	"ch_thread\000"
 1857      68726561 
 1857      6400
ARM GAS  /tmp/ccHEGvz9.s 			page 36


 1858              	.LASF25:
 1859 0365 6D73675F 		.ascii	"msg_t\000"
 1859      7400
 1860              	.LASF79:
 1861 036b 63685F73 		.ascii	"ch_system_t\000"
 1861      79737465 
 1861      6D5F7400 
 1862              	.LASF129:
 1863 0377 6D757465 		.ascii	"mutex_unlock\000"
 1863      785F756E 
 1863      6C6F636B 
 1863      00
 1864              	.LASF125:
 1865 0384 63665F6F 		.ascii	"cf_off_time\000"
 1865      66665F74 
 1865      696D6500 
 1866              	.LASF58:
 1867 0390 63685F72 		.ascii	"ch_ready_list\000"
 1867      65616479 
 1867      5F6C6973 
 1867      7400
 1868              	.LASF26:
 1869 039e 6576656E 		.ascii	"eventmask_t\000"
 1869      746D6173 
 1869      6B5F7400 
 1870              	.LASF7:
 1871 03aa 5F5F696E 		.ascii	"__int32_t\000"
 1871      7433325F 
 1871      7400
 1872              	.LASF88:
 1873 03b4 73746B61 		.ascii	"stkalign_t\000"
 1873      6C69676E 
 1873      5F7400
 1874              	.LASF109:
 1875 03bf 63685F7A 		.ascii	"ch_zero\000"
 1875      65726F00 
 1876              	.LASF123:
 1877 03c7 63665F6F 		.ascii	"cf_off_refs\000"
 1877      66665F72 
 1877      65667300 
 1878              	.LASF43:
 1879 03d3 705F7761 		.ascii	"p_waiting\000"
 1879      6974696E 
 1879      6700
 1880              	.LASF19:
 1881 03dd 7274636E 		.ascii	"rtcnt_t\000"
 1881      745F7400 
 1882              	.LASF74:
 1883 03e5 63685F76 		.ascii	"ch_virtual_timers_list\000"
 1883      69727475 
 1883      616C5F74 
 1883      696D6572 
 1883      735F6C69 
 1884              	.LASF113:
 1885 03fc 63685F74 		.ascii	"ch_timesize\000"
 1885      696D6573 
 1885      697A6500 
ARM GAS  /tmp/ccHEGvz9.s 			page 37


 1886              	.LASF119:
 1887 0408 63665F6F 		.ascii	"cf_off_name\000"
 1887      66665F6E 
 1887      616D6500 
 1888              	.LASF133:
 1889 0414 63684D74 		.ascii	"chMtxLock\000"
 1889      784C6F63 
 1889      6B00
 1890              	.LASF35:
 1891 041e 705F6F6C 		.ascii	"p_older\000"
 1891      64657200 
 1892              	.LASF61:
 1893 0426 725F6374 		.ascii	"r_ctx\000"
 1893      7800
 1894              	.LASF33:
 1895 042c 705F6374 		.ascii	"p_ctx\000"
 1895      7800
 1896              	.LASF92:
 1897 0432 746D5F63 		.ascii	"tm_calibration_t\000"
 1897      616C6962 
 1897      72617469 
 1897      6F6E5F74 
 1897      00
 1898              	.LASF63:
 1899 0443 725F6F6C 		.ascii	"r_older\000"
 1899      64657200 
 1900              	.LASF12:
 1901 044b 5F5F7569 		.ascii	"__uint64_t\000"
 1901      6E743634 
 1901      5F7400
 1902              	.LASF22:
 1903 0456 74726566 		.ascii	"trefs_t\000"
 1903      735F7400 
 1904              	.LASF112:
 1905 045e 63685F70 		.ascii	"ch_ptrsize\000"
 1905      74727369 
 1905      7A6500
 1906              	.LASF66:
 1907 0469 76697274 		.ascii	"virtual_timer_t\000"
 1907      75616C5F 
 1907      74696D65 
 1907      725F7400 
 1908              	.LASF31:
 1909 0479 705F7072 		.ascii	"p_prev\000"
 1909      657600
 1910              	.LASF24:
 1911 0480 74707269 		.ascii	"tprio_t\000"
 1911      6F5F7400 
 1912              	.LASF134:
 1913 0488 63684D74 		.ascii	"chMtxObjectInit\000"
 1913      784F626A 
 1913      65637449 
 1913      6E697400 
 1914              	.LASF77:
 1915 0498 63685F73 		.ascii	"ch_system_debug\000"
 1915      79737465 
 1915      6D5F6465 
ARM GAS  /tmp/ccHEGvz9.s 			page 38


 1915      62756700 
 1916              	.LASF131:
 1917 04a8 5F426F6F 		.ascii	"_Bool\000"
 1917      6C00
 1918              	.LASF16:
 1919 04ae 696E7433 		.ascii	"int32_t\000"
 1919      325F7400 
 1920              	.LASF2:
 1921 04b6 756E7369 		.ascii	"unsigned char\000"
 1921      676E6564 
 1921      20636861 
 1921      7200
 1922              	.LASF47:
 1923 04c4 705F6D74 		.ascii	"p_mtxlist\000"
 1923      786C6973 
 1923      7400
 1924              	.LASF3:
 1925 04ce 73686F72 		.ascii	"short int\000"
 1925      7420696E 
 1925      7400
 1926              	.LASF38:
 1927 04d8 705F7374 		.ascii	"p_state\000"
 1927      61746500 
 1928              	.LASF41:
 1929 04e0 705F7072 		.ascii	"p_preempt\000"
 1929      65656D70 
 1929      7400
 1930              	.LASF60:
 1931 04ea 725F7072 		.ascii	"r_prio\000"
 1931      696F00
 1932              	.LASF99:
 1933 04f1 65776D61 		.ascii	"ewmask\000"
 1933      736B00
 1934              	.LASF30:
 1935 04f8 705F6E65 		.ascii	"p_next\000"
 1935      787400
 1936              	.LASF20:
 1937 04ff 746D6F64 		.ascii	"tmode_t\000"
 1937      655F7400 
 1938              	.LASF124:
 1939 0507 63665F6F 		.ascii	"cf_off_preempt\000"
 1939      66665F70 
 1939      7265656D 
 1939      707400
 1940              	.LASF39:
 1941 0516 705F666C 		.ascii	"p_flags\000"
 1941      61677300 
 1942              	.LASF130:
 1943 051e 6D757465 		.ascii	"mutex_lock\000"
 1943      785F6C6F 
 1943      636B00
 1944              	.LASF55:
 1945 0529 74687265 		.ascii	"threads_queue_t\000"
 1945      6164735F 
 1945      71756575 
 1945      655F7400 
 1946              	.LASF67:
ARM GAS  /tmp/ccHEGvz9.s 			page 39


 1947 0539 63685F76 		.ascii	"ch_virtual_timer\000"
 1947      69727475 
 1947      616C5F74 
 1947      696D6572 
 1947      00
 1948              	.LASF117:
 1949 054a 63665F6F 		.ascii	"cf_off_newer\000"
 1949      66665F6E 
 1949      65776572 
 1949      00
 1950              	.LASF100:
 1951 0557 63685F73 		.ascii	"ch_semaphore\000"
 1951      656D6170 
 1951      686F7265 
 1951      00
 1952              	.LASF46:
 1953 0564 705F6570 		.ascii	"p_epending\000"
 1953      656E6469 
 1953      6E6700
 1954              	.LASF137:
 1955 056f 2F626C64 		.ascii	"/bldc\000"
 1955      6300
 1956              	.LASF17:
 1957 0575 75696E74 		.ascii	"uint32_t\000"
 1957      33325F74 
 1957      00
 1958              	.LASF115:
 1959 057e 63665F6F 		.ascii	"cf_off_prio\000"
 1959      66665F70 
 1959      72696F00 
 1960              	.LASF59:
 1961 058a 725F7175 		.ascii	"r_queue\000"
 1961      65756500 
 1962              	.LASF54:
 1963 0592 63685F74 		.ascii	"ch_threads_list\000"
 1963      68726561 
 1963      64735F6C 
 1963      69737400 
 1964              	.LASF110:
 1965 05a2 63685F73 		.ascii	"ch_size\000"
 1965      697A6500 
 1966              	.LASF10:
 1967 05aa 6C6F6E67 		.ascii	"long unsigned int\000"
 1967      20756E73 
 1967      69676E65 
 1967      6420696E 
 1967      7400
 1968              	.LASF64:
 1969 05bc 725F6375 		.ascii	"r_current\000"
 1969      7272656E 
 1969      7400
 1970              	.LASF107:
 1971 05c6 63686172 		.ascii	"char\000"
 1971      00
 1972              	.LASF98:
 1973 05cb 77746D74 		.ascii	"wtmtxp\000"
 1973      787000
ARM GAS  /tmp/ccHEGvz9.s 			page 40


 1974              	.LASF5:
 1975 05d2 5F5F7569 		.ascii	"__uint16_t\000"
 1975      6E743136 
 1975      5F7400
 1976              	.LASF29:
 1977 05dd 74687265 		.ascii	"thread_t\000"
 1977      61645F74 
 1977      00
 1978              	.LASF106:
 1979 05e6 6D5F6E65 		.ascii	"m_next\000"
 1979      787400
 1980              	.LASF28:
 1981 05ed 73797374 		.ascii	"systime_t\000"
 1981      696D655F 
 1981      7400
 1982              	.LASF48:
 1983 05f7 705F7265 		.ascii	"p_realprio\000"
 1983      616C7072 
 1983      696F00
 1984              	.LASF65:
 1985 0602 76746675 		.ascii	"vtfunc_t\000"
 1985      6E635F74 
 1985      00
 1986              	.LASF9:
 1987 060b 5F5F7569 		.ascii	"__uint32_t\000"
 1987      6E743332 
 1987      5F7400
 1988              	.LASF78:
 1989 0616 70616E69 		.ascii	"panic_msg\000"
 1989      635F6D73 
 1989      6700
 1990              	.LASF91:
 1991 0620 6F666673 		.ascii	"offset\000"
 1991      657400
 1992              	.LASF89:
 1993 0627 636F6E74 		.ascii	"context\000"
 1993      65787400 
 1994              	.LASF45:
 1995 062f 705F6D73 		.ascii	"p_msg\000"
 1995      6700
 1996              	.LASF72:
 1997 0635 76745F70 		.ascii	"vt_par\000"
 1997      617200
 1998              	.LASF116:
 1999 063c 63665F6F 		.ascii	"cf_off_ctx\000"
 1999      66665F63 
 1999      747800
 2000              	.LASF103:
 2001 0647 63685F6D 		.ascii	"ch_mutex\000"
 2001      75746578 
 2001      00
 2002              	.LASF40:
 2003 0650 705F7265 		.ascii	"p_refs\000"
 2003      667300
 2004              	.LASF50:
 2005 0657 6D6F746F 		.ascii	"motor_selected\000"
 2005      725F7365 
ARM GAS  /tmp/ccHEGvz9.s 			page 41


 2005      6C656374 
 2005      656400
 2006              	.LASF136:
 2007 0666 6C697370 		.ascii	"lispBM/lispBM/platform/chibios/src/platform_mutex.c"
 2007      424D2F6C 
 2007      69737042 
 2007      4D2F706C 
 2007      6174666F 
 2008 0699 00       		.ascii	"\000"
 2009              	.LASF14:
 2010 069a 75696E74 		.ascii	"uint8_t\000"
 2010      385F7400 
 2011              	.LASF51:
 2012 06a2 74687265 		.ascii	"thread_reference_t\000"
 2012      61645F72 
 2012      65666572 
 2012      656E6365 
 2012      5F7400
 2013              	.LASF95:
 2014 06b5 77746F62 		.ascii	"wtobjp\000"
 2014      6A7000
 2015              	.LASF36:
 2016 06bc 705F6E61 		.ascii	"p_name\000"
 2016      6D6500
 2017              	.LASF52:
 2018 06c3 74687265 		.ascii	"threads_list_t\000"
 2018      6164735F 
 2018      6C697374 
 2018      5F7400
 2019              	.LASF111:
 2020 06d2 63685F76 		.ascii	"ch_version\000"
 2020      65727369 
 2020      6F6E00
 2021              	.LASF128:
 2022 06dd 6D757465 		.ascii	"mutex_t\000"
 2022      785F7400 
 2023              	.LASF105:
 2024 06e5 6D5F6F77 		.ascii	"m_owner\000"
 2024      6E657200 
 2025              	.LASF108:
 2026 06ed 63685F69 		.ascii	"ch_identifier\000"
 2026      64656E74 
 2026      69666965 
 2026      7200
 2027              	.LASF71:
 2028 06fb 76745F66 		.ascii	"vt_func\000"
 2028      756E6300 
 2029              		.ident	"GCC: (GNU Tools for Arm Embedded Processors 7-2018-q3-update) 7.3.1 20180622 (release) [AR
ARM GAS  /tmp/ccHEGvz9.s 			page 42


DEFINED SYMBOLS
                            *ABS*:0000000000000000 platform_mutex.c
     /tmp/ccHEGvz9.s:18     .text.mutex_init:0000000000000000 $t
     /tmp/ccHEGvz9.s:26     .text.mutex_init:0000000000000000 mutex_init
     /tmp/ccHEGvz9.s:48     .text.mutex_lock:0000000000000000 $t
     /tmp/ccHEGvz9.s:56     .text.mutex_lock:0000000000000000 mutex_lock
     /tmp/ccHEGvz9.s:71     .text.mutex_unlock:0000000000000000 $t
     /tmp/ccHEGvz9.s:79     .text.mutex_unlock:0000000000000000 mutex_unlock

UNDEFINED SYMBOLS
chMtxObjectInit
chMtxLock
chMtxUnlock
