ARM GAS  /tmp/cclYhXuA.s 			page 1


   1              		.cpu cortex-m4
   2              		.eabi_attribute 27, 1
   3              		.eabi_attribute 28, 1
   4              		.eabi_attribute 20, 1
   5              		.eabi_attribute 21, 1
   6              		.eabi_attribute 23, 3
   7              		.eabi_attribute 24, 1
   8              		.eabi_attribute 25, 1
   9              		.eabi_attribute 26, 1
  10              		.eabi_attribute 30, 2
  11              		.eabi_attribute 34, 1
  12              		.eabi_attribute 18, 4
  13              		.file	"protocol_NodeStatus.c"
  14              		.text
  15              	.Ltext0:
  16              		.cfi_sections	.debug_frame
  17              		.section	.text.uavcan_protocol_NodeStatus_encode_internal,"ax",%progbits
  18              		.align	1
  19              		.p2align 4,,15
  20              		.global	uavcan_protocol_NodeStatus_encode_internal
  21              		.syntax unified
  22              		.thumb
  23              		.thumb_func
  24              		.fpu fpv4-sp-d16
  25              		.type	uavcan_protocol_NodeStatus_encode_internal, %function
  26              	uavcan_protocol_NodeStatus_encode_internal:
  27              	.LFB0:
  28              		.file 1 "libcanard/dsdl/uavcan/protocol/protocol_NodeStatus.c"
  29              		.loc 1 37 0
  30              		.cfi_startproc
  31              		@ args = 0, pretend = 0, frame = 0
  32              		@ frame_needed = 0, uses_anonymous_args = 0
  33              	.LVL0:
  34 0000 70B5     		push	{r4, r5, r6, lr}
  35              		.cfi_def_cfa_offset 16
  36              		.cfi_offset 4, -16
  37              		.cfi_offset 5, -12
  38              		.cfi_offset 6, -8
  39              		.cfi_offset 14, -4
  40              		.loc 1 37 0
  41 0002 0446     		mov	r4, r0
  42 0004 0E46     		mov	r6, r1
  43 0006 1546     		mov	r5, r2
  44              		.loc 1 38 0
  45 0008 0346     		mov	r3, r0
  46              	.LVL1:
  47 000a 1146     		mov	r1, r2
  48              	.LVL2:
  49 000c 3046     		mov	r0, r6
  50              	.LVL3:
  51 000e 2022     		movs	r2, #32
  52              	.LVL4:
  53 0010 FFF7FEFF 		bl	canardEncodeScalar
  54              	.LVL5:
  55              		.loc 1 41 0
  56 0014 2279     		ldrb	r2, [r4, #4]	@ zero_extendqisi2
  57 0016 2346     		mov	r3, r4
ARM GAS  /tmp/cclYhXuA.s 			page 2


  58 0018 032A     		cmp	r2, #3
  59 001a 28BF     		it	cs
  60 001c 0322     		movcs	r2, #3
  61 001e 03F8042F 		strb	r2, [r3, #4]!
  62              		.loc 1 42 0
  63 0022 05F12001 		add	r1, r5, #32
  64              	.LVL6:
  65 0026 3046     		mov	r0, r6
  66 0028 0222     		movs	r2, #2
  67 002a FFF7FEFF 		bl	canardEncodeScalar
  68              	.LVL7:
  69              		.loc 1 45 0
  70 002e 6279     		ldrb	r2, [r4, #5]	@ zero_extendqisi2
  71 0030 2346     		mov	r3, r4
  72 0032 072A     		cmp	r2, #7
  73 0034 28BF     		it	cs
  74 0036 0722     		movcs	r2, #7
  75 0038 03F8052F 		strb	r2, [r3, #5]!
  76              		.loc 1 46 0
  77 003c 05F12201 		add	r1, r5, #34
  78              	.LVL8:
  79 0040 3046     		mov	r0, r6
  80 0042 0322     		movs	r2, #3
  81 0044 FFF7FEFF 		bl	canardEncodeScalar
  82              	.LVL9:
  83              		.loc 1 49 0
  84 0048 A279     		ldrb	r2, [r4, #6]	@ zero_extendqisi2
  85 004a 2346     		mov	r3, r4
  86 004c 072A     		cmp	r2, #7
  87 004e 28BF     		it	cs
  88 0050 0722     		movcs	r2, #7
  89 0052 03F8062F 		strb	r2, [r3, #6]!
  90              		.loc 1 50 0
  91 0056 05F12501 		add	r1, r5, #37
  92              	.LVL10:
  93 005a 3046     		mov	r0, r6
  94 005c 0322     		movs	r2, #3
  95 005e FFF7FEFF 		bl	canardEncodeScalar
  96              	.LVL11:
  97              		.loc 1 53 0
  98 0062 3046     		mov	r0, r6
  99 0064 04F10803 		add	r3, r4, #8
 100 0068 05F12801 		add	r1, r5, #40
 101              	.LVL12:
 102 006c 1022     		movs	r2, #16
 103 006e FFF7FEFF 		bl	canardEncodeScalar
 104              	.LVL13:
 105              		.loc 1 57 0
 106 0072 05F13800 		add	r0, r5, #56
 107              	.LVL14:
 108 0076 70BD     		pop	{r4, r5, r6, pc}
 109              		.cfi_endproc
 110              	.LFE0:
 111              		.size	uavcan_protocol_NodeStatus_encode_internal, .-uavcan_protocol_NodeStatus_encode_internal
 112              		.section	.text.uavcan_protocol_NodeStatus_encode,"ax",%progbits
 113              		.align	1
 114              		.p2align 4,,15
ARM GAS  /tmp/cclYhXuA.s 			page 3


 115              		.global	uavcan_protocol_NodeStatus_encode
 116              		.syntax unified
 117              		.thumb
 118              		.thumb_func
 119              		.fpu fpv4-sp-d16
 120              		.type	uavcan_protocol_NodeStatus_encode, %function
 121              	uavcan_protocol_NodeStatus_encode:
 122              	.LFB1:
 123              		.loc 1 66 0
 124              		.cfi_startproc
 125              		@ args = 0, pretend = 0, frame = 0
 126              		@ frame_needed = 0, uses_anonymous_args = 0
 127              	.LVL15:
 128 0000 08B5     		push	{r3, lr}
 129              		.cfi_def_cfa_offset 8
 130              		.cfi_offset 3, -8
 131              		.cfi_offset 14, -4
 132              		.loc 1 69 0
 133 0002 0022     		movs	r2, #0
 134 0004 0123     		movs	r3, #1
 135 0006 FFF7FEFF 		bl	uavcan_protocol_NodeStatus_encode_internal
 136              	.LVL16:
 137              		.loc 1 71 0
 138 000a 0730     		adds	r0, r0, #7
 139              	.LVL17:
 140              		.loc 1 72 0
 141 000c C008     		lsrs	r0, r0, #3
 142              	.LVL18:
 143 000e 08BD     		pop	{r3, pc}
 144              		.cfi_endproc
 145              	.LFE1:
 146              		.size	uavcan_protocol_NodeStatus_encode, .-uavcan_protocol_NodeStatus_encode
 147              		.section	.text.uavcan_protocol_NodeStatus_decode_internal,"ax",%progbits
 148              		.align	1
 149              		.p2align 4,,15
 150              		.global	uavcan_protocol_NodeStatus_decode_internal
 151              		.syntax unified
 152              		.thumb
 153              		.thumb_func
 154              		.fpu fpv4-sp-d16
 155              		.type	uavcan_protocol_NodeStatus_decode_internal, %function
 156              	uavcan_protocol_NodeStatus_decode_internal:
 157              	.LFB2:
 158              		.loc 1 91 0
 159              		.cfi_startproc
 160              		@ args = 4, pretend = 0, frame = 0
 161              		@ frame_needed = 0, uses_anonymous_args = 0
 162              	.LVL19:
 163 0000 30B5     		push	{r4, r5, lr}
 164              		.cfi_def_cfa_offset 12
 165              		.cfi_offset 4, -12
 166              		.cfi_offset 5, -8
 167              		.cfi_offset 14, -4
 168 0002 83B0     		sub	sp, sp, #12
 169              		.cfi_def_cfa_offset 24
 170              		.loc 1 91 0
 171 0004 1446     		mov	r4, r2
ARM GAS  /tmp/cclYhXuA.s 			page 4


 172              		.loc 1 94 0
 173 0006 0092     		str	r2, [sp]
 174 0008 0699     		ldr	r1, [sp, #24]
 175              	.LVL20:
 176 000a 0023     		movs	r3, #0
 177              	.LVL21:
 178 000c 2022     		movs	r2, #32
 179              	.LVL22:
 180              		.loc 1 91 0
 181 000e 0546     		mov	r5, r0
 182              		.loc 1 94 0
 183 0010 FFF7FEFF 		bl	canardDecodeScalar
 184              	.LVL23:
 185              		.loc 1 95 0
 186 0014 2028     		cmp	r0, #32
 187 0016 05D0     		beq	.L10
 188              	.LVL24:
 189              	.L7:
 190              		.loc 1 131 0
 191 0018 0028     		cmp	r0, #0
 192              		.loc 1 137 0
 193 001a A8BF     		it	ge
 194 001c 6FF00800 		mvnge	r0, #8
 195              	.LVL25:
 196              	.L6:
 197              		.loc 1 139 0
 198 0020 03B0     		add	sp, sp, #12
 199              		.cfi_remember_state
 200              		.cfi_def_cfa_offset 12
 201              		@ sp needed
 202 0022 30BD     		pop	{r4, r5, pc}
 203              	.LVL26:
 204              	.L10:
 205              		.cfi_restore_state
 206              		.loc 1 101 0
 207 0024 0699     		ldr	r1, [sp, #24]
 208 0026 231D     		adds	r3, r4, #4
 209 0028 0093     		str	r3, [sp]
 210 002a 0222     		movs	r2, #2
 211 002c 0023     		movs	r3, #0
 212 002e 2031     		adds	r1, r1, #32
 213              	.LVL27:
 214 0030 2846     		mov	r0, r5
 215              	.LVL28:
 216 0032 FFF7FEFF 		bl	canardDecodeScalar
 217              	.LVL29:
 218              		.loc 1 102 0
 219 0036 0228     		cmp	r0, #2
 220 0038 EED1     		bne	.L7
 221              	.LVL30:
 222              		.loc 1 108 0
 223 003a 0699     		ldr	r1, [sp, #24]
 224 003c 631D     		adds	r3, r4, #5
 225 003e 0093     		str	r3, [sp]
 226 0040 0322     		movs	r2, #3
 227 0042 0023     		movs	r3, #0
 228 0044 2231     		adds	r1, r1, #34
ARM GAS  /tmp/cclYhXuA.s 			page 5


 229              	.LVL31:
 230 0046 2846     		mov	r0, r5
 231              	.LVL32:
 232 0048 FFF7FEFF 		bl	canardDecodeScalar
 233              	.LVL33:
 234              		.loc 1 109 0
 235 004c 0328     		cmp	r0, #3
 236 004e E3D1     		bne	.L7
 237              	.LVL34:
 238              		.loc 1 115 0
 239 0050 0699     		ldr	r1, [sp, #24]
 240 0052 A31D     		adds	r3, r4, #6
 241 0054 0246     		mov	r2, r0
 242 0056 0093     		str	r3, [sp]
 243 0058 2531     		adds	r1, r1, #37
 244              	.LVL35:
 245 005a 0023     		movs	r3, #0
 246 005c 2846     		mov	r0, r5
 247              	.LVL36:
 248 005e FFF7FEFF 		bl	canardDecodeScalar
 249              	.LVL37:
 250              		.loc 1 116 0
 251 0062 0328     		cmp	r0, #3
 252 0064 D8D1     		bne	.L7
 253              	.LVL38:
 254              		.loc 1 122 0
 255 0066 0699     		ldr	r1, [sp, #24]
 256 0068 0834     		adds	r4, r4, #8
 257              	.LVL39:
 258 006a 0094     		str	r4, [sp]
 259 006c 2846     		mov	r0, r5
 260              	.LVL40:
 261 006e 0023     		movs	r3, #0
 262 0070 1022     		movs	r2, #16
 263 0072 2831     		adds	r1, r1, #40
 264              	.LVL41:
 265 0074 FFF7FEFF 		bl	canardDecodeScalar
 266              	.LVL42:
 267              		.loc 1 123 0
 268 0078 1028     		cmp	r0, #16
 269 007a CDD1     		bne	.L7
 270              		.loc 1 127 0
 271 007c 069B     		ldr	r3, [sp, #24]
 272 007e 03F13800 		add	r0, r3, #56
 273              	.LVL43:
 274              		.loc 1 128 0
 275 0082 CDE7     		b	.L6
 276              		.cfi_endproc
 277              	.LFE2:
 278              		.size	uavcan_protocol_NodeStatus_decode_internal, .-uavcan_protocol_NodeStatus_decode_internal
 279              		.section	.text.uavcan_protocol_NodeStatus_decode,"ax",%progbits
 280              		.align	1
 281              		.p2align 4,,15
 282              		.global	uavcan_protocol_NodeStatus_decode
 283              		.syntax unified
 284              		.thumb
 285              		.thumb_func
ARM GAS  /tmp/cclYhXuA.s 			page 6


 286              		.fpu fpv4-sp-d16
 287              		.type	uavcan_protocol_NodeStatus_decode, %function
 288              	uavcan_protocol_NodeStatus_decode:
 289              	.LFB3:
 290              		.loc 1 155 0
 291              		.cfi_startproc
 292              		@ args = 0, pretend = 0, frame = 0
 293              		@ frame_needed = 0, uses_anonymous_args = 0
 294              	.LVL44:
 295 0000 70B5     		push	{r4, r5, r6, lr}
 296              		.cfi_def_cfa_offset 16
 297              		.cfi_offset 4, -16
 298              		.cfi_offset 5, -12
 299              		.cfi_offset 6, -8
 300              		.cfi_offset 14, -4
 301 0002 541E     		subs	r4, r2, #1
 302 0004 82B0     		sub	sp, sp, #8
 303              		.cfi_def_cfa_offset 24
 304 0006 02F10B06 		add	r6, r2, #11
 305              	.LBB2:
 306              		.loc 1 162 0
 307 000a 0025     		movs	r5, #0
 308              	.LVL45:
 309              	.L12:
 310              		.loc 1 162 0 is_stmt 0 discriminator 3
 311 000c 04F8015F 		strb	r5, [r4, #1]!
 312              		.loc 1 160 0 is_stmt 1 discriminator 3
 313 0010 B442     		cmp	r4, r6
 314 0012 FBD1     		bne	.L12
 315              	.LBE2:
 316              		.loc 1 165 0
 317 0014 0095     		str	r5, [sp]
 318 0016 FFF7FEFF 		bl	uavcan_protocol_NodeStatus_decode_internal
 319              	.LVL46:
 320              		.loc 1 168 0
 321 001a 02B0     		add	sp, sp, #8
 322              		.cfi_def_cfa_offset 16
 323              		@ sp needed
 324 001c 70BD     		pop	{r4, r5, r6, pc}
 325              		.cfi_endproc
 326              	.LFE3:
 327              		.size	uavcan_protocol_NodeStatus_decode, .-uavcan_protocol_NodeStatus_decode
 328 001e 00BF     		.text
 329              	.Letext0:
 330              		.file 2 "/usr/arm-none-eabi/include/machine/_default_types.h"
 331              		.file 3 "/usr/arm-none-eabi/include/sys/_stdint.h"
 332              		.file 4 "libcanard/canard.h"
 333              		.file 5 "libcanard/dsdl/uavcan/protocol/NodeStatus.h"
 334              		.section	.debug_info,"",%progbits
 335              	.Ldebug_info0:
 336 0000 CE050000 		.4byte	0x5ce
 337 0004 0400     		.2byte	0x4
 338 0006 00000000 		.4byte	.Ldebug_abbrev0
 339 000a 04       		.byte	0x4
 340 000b 01       		.uleb128 0x1
 341 000c 51030000 		.4byte	.LASF54
 342 0010 0C       		.byte	0xc
ARM GAS  /tmp/cclYhXuA.s 			page 7


 343 0011 57000000 		.4byte	.LASF55
 344 0015 A4010000 		.4byte	.LASF56
 345 0019 00000000 		.4byte	.Ldebug_ranges0+0
 346 001d 00000000 		.4byte	0
 347 0021 00000000 		.4byte	.Ldebug_line0
 348 0025 02       		.uleb128 0x2
 349 0026 01       		.byte	0x1
 350 0027 06       		.byte	0x6
 351 0028 AA010000 		.4byte	.LASF0
 352 002c 03       		.uleb128 0x3
 353 002d 5A010000 		.4byte	.LASF3
 354 0031 02       		.byte	0x2
 355 0032 2B       		.byte	0x2b
 356 0033 37000000 		.4byte	0x37
 357 0037 02       		.uleb128 0x2
 358 0038 01       		.byte	0x1
 359 0039 08       		.byte	0x8
 360 003a 87010000 		.4byte	.LASF1
 361 003e 02       		.uleb128 0x2
 362 003f 02       		.byte	0x2
 363 0040 05       		.byte	0x5
 364 0041 2B000000 		.4byte	.LASF2
 365 0045 03       		.uleb128 0x3
 366 0046 9C000000 		.4byte	.LASF4
 367 004a 02       		.byte	0x2
 368 004b 39       		.byte	0x39
 369 004c 50000000 		.4byte	0x50
 370 0050 02       		.uleb128 0x2
 371 0051 02       		.byte	0x2
 372 0052 07       		.byte	0x7
 373 0053 0D020000 		.4byte	.LASF5
 374 0057 03       		.uleb128 0x3
 375 0058 E9020000 		.4byte	.LASF6
 376 005c 02       		.byte	0x2
 377 005d 4D       		.byte	0x4d
 378 005e 62000000 		.4byte	0x62
 379 0062 02       		.uleb128 0x2
 380 0063 04       		.byte	0x4
 381 0064 05       		.byte	0x5
 382 0065 4A010000 		.4byte	.LASF7
 383 0069 03       		.uleb128 0x3
 384 006a 8C000000 		.4byte	.LASF8
 385 006e 02       		.byte	0x2
 386 006f 4F       		.byte	0x4f
 387 0070 74000000 		.4byte	0x74
 388 0074 02       		.uleb128 0x2
 389 0075 04       		.byte	0x4
 390 0076 07       		.byte	0x7
 391 0077 A7020000 		.4byte	.LASF9
 392 007b 02       		.uleb128 0x2
 393 007c 08       		.byte	0x8
 394 007d 05       		.byte	0x5
 395 007e 05010000 		.4byte	.LASF10
 396 0082 03       		.uleb128 0x3
 397 0083 7D020000 		.4byte	.LASF11
 398 0087 02       		.byte	0x2
 399 0088 69       		.byte	0x69
ARM GAS  /tmp/cclYhXuA.s 			page 8


 400 0089 8D000000 		.4byte	0x8d
 401 008d 02       		.uleb128 0x2
 402 008e 08       		.byte	0x8
 403 008f 07       		.byte	0x7
 404 0090 B6010000 		.4byte	.LASF12
 405 0094 04       		.uleb128 0x4
 406 0095 04       		.byte	0x4
 407 0096 05       		.byte	0x5
 408 0097 696E7400 		.ascii	"int\000"
 409 009b 02       		.uleb128 0x2
 410 009c 04       		.byte	0x4
 411 009d 07       		.byte	0x7
 412 009e D6010000 		.4byte	.LASF13
 413 00a2 03       		.uleb128 0x3
 414 00a3 A7000000 		.4byte	.LASF14
 415 00a7 03       		.byte	0x3
 416 00a8 18       		.byte	0x18
 417 00a9 2C000000 		.4byte	0x2c
 418 00ad 05       		.uleb128 0x5
 419 00ae A2000000 		.4byte	0xa2
 420 00b2 03       		.uleb128 0x3
 421 00b3 E3010000 		.4byte	.LASF15
 422 00b7 03       		.byte	0x3
 423 00b8 24       		.byte	0x24
 424 00b9 45000000 		.4byte	0x45
 425 00bd 03       		.uleb128 0x3
 426 00be 5A020000 		.4byte	.LASF16
 427 00c2 03       		.byte	0x3
 428 00c3 2C       		.byte	0x2c
 429 00c4 57000000 		.4byte	0x57
 430 00c8 05       		.uleb128 0x5
 431 00c9 BD000000 		.4byte	0xbd
 432 00cd 03       		.uleb128 0x3
 433 00ce CD010000 		.4byte	.LASF17
 434 00d2 03       		.byte	0x3
 435 00d3 30       		.byte	0x30
 436 00d4 69000000 		.4byte	0x69
 437 00d8 03       		.uleb128 0x3
 438 00d9 22000000 		.4byte	.LASF18
 439 00dd 03       		.byte	0x3
 440 00de 3C       		.byte	0x3c
 441 00df 82000000 		.4byte	0x82
 442 00e3 03       		.uleb128 0x3
 443 00e4 96020000 		.4byte	.LASF19
 444 00e8 04       		.byte	0x4
 445 00e9 99       		.byte	0x99
 446 00ea F3000000 		.4byte	0xf3
 447 00ee 05       		.uleb128 0x5
 448 00ef E3000000 		.4byte	0xe3
 449 00f3 06       		.uleb128 0x6
 450 00f4 96020000 		.4byte	.LASF19
 451 00f8 20       		.byte	0x20
 452 00f9 04       		.byte	0x4
 453 00fa 0F01     		.2byte	0x10f
 454 00fc 83010000 		.4byte	0x183
 455 0100 07       		.uleb128 0x7
 456 0101 78010000 		.4byte	.LASF20
ARM GAS  /tmp/cclYhXuA.s 			page 9


 457 0105 04       		.byte	0x4
 458 0106 1401     		.2byte	0x114
 459 0108 D8000000 		.4byte	0xd8
 460 010c 00       		.byte	0
 461 010d 07       		.uleb128 0x7
 462 010e 70020000 		.4byte	.LASF21
 463 0112 04       		.byte	0x4
 464 0113 2801     		.2byte	0x128
 465 0115 DE010000 		.4byte	0x1de
 466 0119 08       		.byte	0x8
 467 011a 07       		.uleb128 0x7
 468 011b 95010000 		.4byte	.LASF22
 469 011f 04       		.byte	0x4
 470 0120 2D01     		.2byte	0x12d
 471 0122 D6010000 		.4byte	0x1d6
 472 0126 0C       		.byte	0xc
 473 0127 07       		.uleb128 0x7
 474 0128 6B010000 		.4byte	.LASF23
 475 012c 04       		.byte	0x4
 476 012d 2F01     		.2byte	0x12f
 477 012f DE010000 		.4byte	0x1de
 478 0133 10       		.byte	0x10
 479 0134 07       		.uleb128 0x7
 480 0135 0E030000 		.4byte	.LASF24
 481 0139 04       		.byte	0x4
 482 013a 3101     		.2byte	0x131
 483 013c B2000000 		.4byte	0xb2
 484 0140 14       		.byte	0x14
 485 0141 07       		.uleb128 0x7
 486 0142 00000000 		.4byte	.LASF25
 487 0146 04       		.byte	0x4
 488 0147 3601     		.2byte	0x136
 489 0149 B2000000 		.4byte	0xb2
 490 014d 16       		.byte	0x16
 491 014e 07       		.uleb128 0x7
 492 014f 62020000 		.4byte	.LASF26
 493 0153 04       		.byte	0x4
 494 0154 3701     		.2byte	0x137
 495 0156 A2000000 		.4byte	0xa2
 496 015a 18       		.byte	0x18
 497 015b 07       		.uleb128 0x7
 498 015c 1A030000 		.4byte	.LASF27
 499 0160 04       		.byte	0x4
 500 0161 3801     		.2byte	0x138
 501 0163 A2000000 		.4byte	0xa2
 502 0167 19       		.byte	0x19
 503 0168 07       		.uleb128 0x7
 504 0169 19000000 		.4byte	.LASF28
 505 016d 04       		.byte	0x4
 506 016e 3901     		.2byte	0x139
 507 0170 A2000000 		.4byte	0xa2
 508 0174 1A       		.byte	0x1a
 509 0175 07       		.uleb128 0x7
 510 0176 FE010000 		.4byte	.LASF29
 511 017a 04       		.byte	0x4
 512 017b 3A01     		.2byte	0x13a
 513 017d A2000000 		.4byte	0xa2
ARM GAS  /tmp/cclYhXuA.s 			page 10


 514 0181 1B       		.byte	0x1b
 515 0182 00       		.byte	0
 516 0183 02       		.uleb128 0x2
 517 0184 01       		.byte	0x1
 518 0185 02       		.byte	0x2
 519 0186 54020000 		.4byte	.LASF30
 520 018a 02       		.uleb128 0x2
 521 018b 01       		.byte	0x1
 522 018c 08       		.byte	0x8
 523 018d 4F020000 		.4byte	.LASF31
 524 0191 08       		.uleb128 0x8
 525 0192 EC010000 		.4byte	.LASF32
 526 0196 04       		.byte	0x4
 527 0197 04       		.byte	0x4
 528 0198 D7       		.byte	0xd7
 529 0199 B6010000 		.4byte	0x1b6
 530 019d 09       		.uleb128 0x9
 531 019e 4C030000 		.4byte	.LASF33
 532 01a2 04       		.byte	0x4
 533 01a3 D9       		.byte	0xd9
 534 01a4 B6010000 		.4byte	0x1b6
 535 01a8 00       		.byte	0
 536 01a9 09       		.uleb128 0x9
 537 01aa 88020000 		.4byte	.LASF34
 538 01ae 04       		.byte	0x4
 539 01af DA       		.byte	0xda
 540 01b0 BC010000 		.4byte	0x1bc
 541 01b4 04       		.byte	0x4
 542 01b5 00       		.byte	0
 543 01b6 0A       		.uleb128 0xa
 544 01b7 04       		.byte	0x4
 545 01b8 91010000 		.4byte	0x191
 546 01bc 0B       		.uleb128 0xb
 547 01bd A2000000 		.4byte	0xa2
 548 01c1 CB010000 		.4byte	0x1cb
 549 01c5 0C       		.uleb128 0xc
 550 01c6 9B000000 		.4byte	0x9b
 551 01ca 00       		.byte	0
 552 01cb 03       		.uleb128 0x3
 553 01cc EC010000 		.4byte	.LASF32
 554 01d0 04       		.byte	0x4
 555 01d1 DB       		.byte	0xdb
 556 01d2 91010000 		.4byte	0x191
 557 01d6 0A       		.uleb128 0xa
 558 01d7 04       		.byte	0x4
 559 01d8 CB010000 		.4byte	0x1cb
 560 01dc 0D       		.uleb128 0xd
 561 01dd 04       		.byte	0x4
 562 01de 0A       		.uleb128 0xa
 563 01df 04       		.byte	0x4
 564 01e0 AD000000 		.4byte	0xad
 565 01e4 0E       		.uleb128 0xe
 566 01e5 0C       		.byte	0xc
 567 01e6 05       		.byte	0x5
 568 01e7 6E       		.byte	0x6e
 569 01e8 29020000 		.4byte	0x229
 570 01ec 09       		.uleb128 0x9
ARM GAS  /tmp/cclYhXuA.s 			page 11


 571 01ed 26030000 		.4byte	.LASF35
 572 01f1 05       		.byte	0x5
 573 01f2 71       		.byte	0x71
 574 01f3 CD000000 		.4byte	0xcd
 575 01f7 00       		.byte	0
 576 01f8 09       		.uleb128 0x9
 577 01f9 0D000000 		.4byte	.LASF36
 578 01fd 05       		.byte	0x5
 579 01fe 72       		.byte	0x72
 580 01ff A2000000 		.4byte	0xa2
 581 0203 04       		.byte	0x4
 582 0204 09       		.uleb128 0x9
 583 0205 97000000 		.4byte	.LASF37
 584 0209 05       		.byte	0x5
 585 020a 73       		.byte	0x73
 586 020b A2000000 		.4byte	0xa2
 587 020f 05       		.byte	0x5
 588 0210 09       		.uleb128 0x9
 589 0211 FC000000 		.4byte	.LASF38
 590 0215 05       		.byte	0x5
 591 0216 74       		.byte	0x74
 592 0217 A2000000 		.4byte	0xa2
 593 021b 06       		.byte	0x6
 594 021c 09       		.uleb128 0x9
 595 021d 33020000 		.4byte	.LASF39
 596 0221 05       		.byte	0x5
 597 0222 75       		.byte	0x75
 598 0223 B2000000 		.4byte	0xb2
 599 0227 08       		.byte	0x8
 600 0228 00       		.byte	0
 601 0229 03       		.uleb128 0x3
 602 022a F3020000 		.4byte	.LASF40
 603 022e 05       		.byte	0x5
 604 022f 77       		.byte	0x77
 605 0230 E4010000 		.4byte	0x1e4
 606 0234 0F       		.uleb128 0xf
 607 0235 35000000 		.4byte	.LASF45
 608 0239 01       		.byte	0x1
 609 023a 97       		.byte	0x97
 610 023b BD000000 		.4byte	0xbd
 611 023f 00000000 		.4byte	.LFB3
 612 0243 1E000000 		.4byte	.LFE3-.LFB3
 613 0247 01       		.uleb128 0x1
 614 0248 9C       		.byte	0x9c
 615 0249 D1020000 		.4byte	0x2d1
 616 024d 10       		.uleb128 0x10
 617 024e 8D020000 		.4byte	.LASF41
 618 0252 01       		.byte	0x1
 619 0253 97       		.byte	0x97
 620 0254 D1020000 		.4byte	0x2d1
 621 0258 00000000 		.4byte	.LLST13
 622 025c 10       		.uleb128 0x10
 623 025d 0E030000 		.4byte	.LASF24
 624 0261 01       		.byte	0x1
 625 0262 98       		.byte	0x98
 626 0263 B2000000 		.4byte	0xb2
 627 0267 21000000 		.4byte	.LLST14
ARM GAS  /tmp/cclYhXuA.s 			page 12


 628 026b 10       		.uleb128 0x10
 629 026c 14000000 		.4byte	.LASF42
 630 0270 01       		.byte	0x1
 631 0271 99       		.byte	0x99
 632 0272 D7020000 		.4byte	0x2d7
 633 0276 42000000 		.4byte	.LLST15
 634 027a 10       		.uleb128 0x10
 635 027b 13010000 		.4byte	.LASF43
 636 027f 01       		.byte	0x1
 637 0280 9A       		.byte	0x9a
 638 0281 DD020000 		.4byte	0x2dd
 639 0285 62000000 		.4byte	.LLST16
 640 0289 11       		.uleb128 0x11
 641 028a 53010000 		.4byte	.LASF44
 642 028e 01       		.byte	0x1
 643 028f 9C       		.byte	0x9c
 644 0290 C8000000 		.4byte	0xc8
 645 0294 00       		.byte	0
 646 0295 12       		.uleb128 0x12
 647 0296 72657400 		.ascii	"ret\000"
 648 029a 01       		.byte	0x1
 649 029b 9D       		.byte	0x9d
 650 029c BD000000 		.4byte	0xbd
 651 02a0 83000000 		.4byte	.LLST17
 652 02a4 13       		.uleb128 0x13
 653 02a5 0A000000 		.4byte	.LBB2
 654 02a9 0A000000 		.4byte	.LBE2-.LBB2
 655 02ad BF020000 		.4byte	0x2bf
 656 02b1 12       		.uleb128 0x12
 657 02b2 6300     		.ascii	"c\000"
 658 02b4 01       		.byte	0x1
 659 02b5 A0       		.byte	0xa0
 660 02b6 CD000000 		.4byte	0xcd
 661 02ba A2000000 		.4byte	.LLST18
 662 02be 00       		.byte	0
 663 02bf 14       		.uleb128 0x14
 664 02c0 1A000000 		.4byte	.LVL46
 665 02c4 E9020000 		.4byte	0x2e9
 666 02c8 15       		.uleb128 0x15
 667 02c9 02       		.uleb128 0x2
 668 02ca 7D       		.byte	0x7d
 669 02cb 00       		.sleb128 0
 670 02cc 02       		.uleb128 0x2
 671 02cd 75       		.byte	0x75
 672 02ce 00       		.sleb128 0
 673 02cf 00       		.byte	0
 674 02d0 00       		.byte	0
 675 02d1 0A       		.uleb128 0xa
 676 02d2 04       		.byte	0x4
 677 02d3 EE000000 		.4byte	0xee
 678 02d7 0A       		.uleb128 0xa
 679 02d8 04       		.byte	0x4
 680 02d9 29020000 		.4byte	0x229
 681 02dd 0A       		.uleb128 0xa
 682 02de 04       		.byte	0x4
 683 02df E3020000 		.4byte	0x2e3
 684 02e3 0A       		.uleb128 0xa
ARM GAS  /tmp/cclYhXuA.s 			page 13


 685 02e4 04       		.byte	0x4
 686 02e5 A2000000 		.4byte	0xa2
 687 02e9 0F       		.uleb128 0xf
 688 02ea 1F010000 		.4byte	.LASF46
 689 02ee 01       		.byte	0x1
 690 02ef 55       		.byte	0x55
 691 02f0 BD000000 		.4byte	0xbd
 692 02f4 00000000 		.4byte	.LFB2
 693 02f8 84000000 		.4byte	.LFE2-.LFB2
 694 02fc 01       		.uleb128 0x1
 695 02fd 9C       		.byte	0x9c
 696 02fe 44040000 		.4byte	0x444
 697 0302 10       		.uleb128 0x10
 698 0303 8D020000 		.4byte	.LASF41
 699 0307 01       		.byte	0x1
 700 0308 56       		.byte	0x56
 701 0309 D1020000 		.4byte	0x2d1
 702 030d B6000000 		.4byte	.LLST7
 703 0311 10       		.uleb128 0x10
 704 0312 0E030000 		.4byte	.LASF24
 705 0316 01       		.byte	0x1
 706 0317 57       		.byte	0x57
 707 0318 B2000000 		.4byte	0xb2
 708 031c D4000000 		.4byte	.LLST8
 709 0320 10       		.uleb128 0x10
 710 0321 14000000 		.4byte	.LASF42
 711 0325 01       		.byte	0x1
 712 0326 58       		.byte	0x58
 713 0327 D7020000 		.4byte	0x2d7
 714 032b F5000000 		.4byte	.LLST9
 715 032f 10       		.uleb128 0x10
 716 0330 13010000 		.4byte	.LASF43
 717 0334 01       		.byte	0x1
 718 0335 59       		.byte	0x59
 719 0336 DD020000 		.4byte	0x2dd
 720 033a 39010000 		.4byte	.LLST10
 721 033e 10       		.uleb128 0x10
 722 033f 53010000 		.4byte	.LASF44
 723 0343 01       		.byte	0x1
 724 0344 5A       		.byte	0x5a
 725 0345 BD000000 		.4byte	0xbd
 726 0349 5A010000 		.4byte	.LLST11
 727 034d 12       		.uleb128 0x12
 728 034e 72657400 		.ascii	"ret\000"
 729 0352 01       		.byte	0x1
 730 0353 5C       		.byte	0x5c
 731 0354 BD000000 		.4byte	0xbd
 732 0358 25020000 		.4byte	.LLST12
 733 035c 16       		.uleb128 0x16
 734 035d B9020000 		.4byte	.LASF57
 735 0361 01       		.byte	0x1
 736 0362 82       		.byte	0x82
 737 0363 18000000 		.4byte	.L7
 738 0367 17       		.uleb128 0x17
 739 0368 14000000 		.4byte	.LVL23
 740 036c B9050000 		.4byte	0x5b9
 741 0370 94030000 		.4byte	0x394
ARM GAS  /tmp/cclYhXuA.s 			page 14


 742 0374 15       		.uleb128 0x15
 743 0375 01       		.uleb128 0x1
 744 0376 50       		.byte	0x50
 745 0377 02       		.uleb128 0x2
 746 0378 75       		.byte	0x75
 747 0379 00       		.sleb128 0
 748 037a 15       		.uleb128 0x15
 749 037b 01       		.uleb128 0x1
 750 037c 51       		.byte	0x51
 751 037d 03       		.uleb128 0x3
 752 037e 91       		.byte	0x91
 753 037f 00       		.sleb128 0
 754 0380 06       		.byte	0x6
 755 0381 15       		.uleb128 0x15
 756 0382 01       		.uleb128 0x1
 757 0383 52       		.byte	0x52
 758 0384 02       		.uleb128 0x2
 759 0385 08       		.byte	0x8
 760 0386 20       		.byte	0x20
 761 0387 15       		.uleb128 0x15
 762 0388 01       		.uleb128 0x1
 763 0389 53       		.byte	0x53
 764 038a 01       		.uleb128 0x1
 765 038b 30       		.byte	0x30
 766 038c 15       		.uleb128 0x15
 767 038d 02       		.uleb128 0x2
 768 038e 7D       		.byte	0x7d
 769 038f 00       		.sleb128 0
 770 0390 02       		.uleb128 0x2
 771 0391 74       		.byte	0x74
 772 0392 00       		.sleb128 0
 773 0393 00       		.byte	0
 774 0394 17       		.uleb128 0x17
 775 0395 36000000 		.4byte	.LVL29
 776 0399 B9050000 		.4byte	0x5b9
 777 039d C2030000 		.4byte	0x3c2
 778 03a1 15       		.uleb128 0x15
 779 03a2 01       		.uleb128 0x1
 780 03a3 50       		.byte	0x50
 781 03a4 02       		.uleb128 0x2
 782 03a5 75       		.byte	0x75
 783 03a6 00       		.sleb128 0
 784 03a7 15       		.uleb128 0x15
 785 03a8 01       		.uleb128 0x1
 786 03a9 51       		.byte	0x51
 787 03aa 05       		.uleb128 0x5
 788 03ab 91       		.byte	0x91
 789 03ac 00       		.sleb128 0
 790 03ad 06       		.byte	0x6
 791 03ae 23       		.byte	0x23
 792 03af 20       		.uleb128 0x20
 793 03b0 15       		.uleb128 0x15
 794 03b1 01       		.uleb128 0x1
 795 03b2 52       		.byte	0x52
 796 03b3 01       		.uleb128 0x1
 797 03b4 32       		.byte	0x32
 798 03b5 15       		.uleb128 0x15
ARM GAS  /tmp/cclYhXuA.s 			page 15


 799 03b6 01       		.uleb128 0x1
 800 03b7 53       		.byte	0x53
 801 03b8 01       		.uleb128 0x1
 802 03b9 30       		.byte	0x30
 803 03ba 15       		.uleb128 0x15
 804 03bb 02       		.uleb128 0x2
 805 03bc 7D       		.byte	0x7d
 806 03bd 00       		.sleb128 0
 807 03be 02       		.uleb128 0x2
 808 03bf 74       		.byte	0x74
 809 03c0 04       		.sleb128 4
 810 03c1 00       		.byte	0
 811 03c2 17       		.uleb128 0x17
 812 03c3 4C000000 		.4byte	.LVL33
 813 03c7 B9050000 		.4byte	0x5b9
 814 03cb F0030000 		.4byte	0x3f0
 815 03cf 15       		.uleb128 0x15
 816 03d0 01       		.uleb128 0x1
 817 03d1 50       		.byte	0x50
 818 03d2 02       		.uleb128 0x2
 819 03d3 75       		.byte	0x75
 820 03d4 00       		.sleb128 0
 821 03d5 15       		.uleb128 0x15
 822 03d6 01       		.uleb128 0x1
 823 03d7 51       		.byte	0x51
 824 03d8 05       		.uleb128 0x5
 825 03d9 91       		.byte	0x91
 826 03da 00       		.sleb128 0
 827 03db 06       		.byte	0x6
 828 03dc 23       		.byte	0x23
 829 03dd 22       		.uleb128 0x22
 830 03de 15       		.uleb128 0x15
 831 03df 01       		.uleb128 0x1
 832 03e0 52       		.byte	0x52
 833 03e1 01       		.uleb128 0x1
 834 03e2 33       		.byte	0x33
 835 03e3 15       		.uleb128 0x15
 836 03e4 01       		.uleb128 0x1
 837 03e5 53       		.byte	0x53
 838 03e6 01       		.uleb128 0x1
 839 03e7 30       		.byte	0x30
 840 03e8 15       		.uleb128 0x15
 841 03e9 02       		.uleb128 0x2
 842 03ea 7D       		.byte	0x7d
 843 03eb 00       		.sleb128 0
 844 03ec 02       		.uleb128 0x2
 845 03ed 74       		.byte	0x74
 846 03ee 05       		.sleb128 5
 847 03ef 00       		.byte	0
 848 03f0 17       		.uleb128 0x17
 849 03f1 62000000 		.4byte	.LVL37
 850 03f5 B9050000 		.4byte	0x5b9
 851 03f9 19040000 		.4byte	0x419
 852 03fd 15       		.uleb128 0x15
 853 03fe 01       		.uleb128 0x1
 854 03ff 50       		.byte	0x50
 855 0400 02       		.uleb128 0x2
ARM GAS  /tmp/cclYhXuA.s 			page 16


 856 0401 75       		.byte	0x75
 857 0402 00       		.sleb128 0
 858 0403 15       		.uleb128 0x15
 859 0404 01       		.uleb128 0x1
 860 0405 51       		.byte	0x51
 861 0406 05       		.uleb128 0x5
 862 0407 91       		.byte	0x91
 863 0408 00       		.sleb128 0
 864 0409 06       		.byte	0x6
 865 040a 23       		.byte	0x23
 866 040b 25       		.uleb128 0x25
 867 040c 15       		.uleb128 0x15
 868 040d 01       		.uleb128 0x1
 869 040e 53       		.byte	0x53
 870 040f 01       		.uleb128 0x1
 871 0410 30       		.byte	0x30
 872 0411 15       		.uleb128 0x15
 873 0412 02       		.uleb128 0x2
 874 0413 7D       		.byte	0x7d
 875 0414 00       		.sleb128 0
 876 0415 02       		.uleb128 0x2
 877 0416 74       		.byte	0x74
 878 0417 06       		.sleb128 6
 879 0418 00       		.byte	0
 880 0419 14       		.uleb128 0x14
 881 041a 78000000 		.4byte	.LVL42
 882 041e B9050000 		.4byte	0x5b9
 883 0422 15       		.uleb128 0x15
 884 0423 01       		.uleb128 0x1
 885 0424 50       		.byte	0x50
 886 0425 02       		.uleb128 0x2
 887 0426 75       		.byte	0x75
 888 0427 00       		.sleb128 0
 889 0428 15       		.uleb128 0x15
 890 0429 01       		.uleb128 0x1
 891 042a 51       		.byte	0x51
 892 042b 05       		.uleb128 0x5
 893 042c 91       		.byte	0x91
 894 042d 00       		.sleb128 0
 895 042e 06       		.byte	0x6
 896 042f 23       		.byte	0x23
 897 0430 28       		.uleb128 0x28
 898 0431 15       		.uleb128 0x15
 899 0432 01       		.uleb128 0x1
 900 0433 52       		.byte	0x52
 901 0434 01       		.uleb128 0x1
 902 0435 40       		.byte	0x40
 903 0436 15       		.uleb128 0x15
 904 0437 01       		.uleb128 0x1
 905 0438 53       		.byte	0x53
 906 0439 01       		.uleb128 0x1
 907 043a 30       		.byte	0x30
 908 043b 15       		.uleb128 0x15
 909 043c 02       		.uleb128 0x2
 910 043d 7D       		.byte	0x7d
 911 043e 00       		.sleb128 0
 912 043f 02       		.uleb128 0x2
ARM GAS  /tmp/cclYhXuA.s 			page 17


 913 0440 74       		.byte	0x74
 914 0441 00       		.sleb128 0
 915 0442 00       		.byte	0
 916 0443 00       		.byte	0
 917 0444 0F       		.uleb128 0xf
 918 0445 AF000000 		.4byte	.LASF47
 919 0449 01       		.byte	0x1
 920 044a 41       		.byte	0x41
 921 044b CD000000 		.4byte	0xcd
 922 044f 00000000 		.4byte	.LFB1
 923 0453 10000000 		.4byte	.LFE1-.LFB1
 924 0457 01       		.uleb128 0x1
 925 0458 9C       		.byte	0x9c
 926 0459 AD040000 		.4byte	0x4ad
 927 045d 10       		.uleb128 0x10
 928 045e 64010000 		.4byte	.LASF48
 929 0462 01       		.byte	0x1
 930 0463 41       		.byte	0x41
 931 0464 D7020000 		.4byte	0x2d7
 932 0468 86020000 		.4byte	.LLST4
 933 046c 10       		.uleb128 0x10
 934 046d 44030000 		.4byte	.LASF49
 935 0471 01       		.byte	0x1
 936 0472 41       		.byte	0x41
 937 0473 DC010000 		.4byte	0x1dc
 938 0477 A7020000 		.4byte	.LLST5
 939 047b 18       		.uleb128 0x18
 940 047c 53010000 		.4byte	.LASF44
 941 0480 01       		.byte	0x1
 942 0481 43       		.byte	0x43
 943 0482 CD000000 		.4byte	0xcd
 944 0486 C8020000 		.4byte	.LLST6
 945 048a 14       		.uleb128 0x14
 946 048b 0A000000 		.4byte	.LVL16
 947 048f AD040000 		.4byte	0x4ad
 948 0493 15       		.uleb128 0x15
 949 0494 01       		.uleb128 0x1
 950 0495 50       		.byte	0x50
 951 0496 03       		.uleb128 0x3
 952 0497 F3       		.byte	0xf3
 953 0498 01       		.uleb128 0x1
 954 0499 50       		.byte	0x50
 955 049a 15       		.uleb128 0x15
 956 049b 01       		.uleb128 0x1
 957 049c 51       		.byte	0x51
 958 049d 03       		.uleb128 0x3
 959 049e F3       		.byte	0xf3
 960 049f 01       		.uleb128 0x1
 961 04a0 51       		.byte	0x51
 962 04a1 15       		.uleb128 0x15
 963 04a2 01       		.uleb128 0x1
 964 04a3 52       		.byte	0x52
 965 04a4 01       		.uleb128 0x1
 966 04a5 30       		.byte	0x30
 967 04a6 15       		.uleb128 0x15
 968 04a7 01       		.uleb128 0x1
 969 04a8 53       		.byte	0x53
ARM GAS  /tmp/cclYhXuA.s 			page 18


 970 04a9 01       		.uleb128 0x1
 971 04aa 31       		.byte	0x31
 972 04ab 00       		.byte	0
 973 04ac 00       		.byte	0
 974 04ad 0F       		.uleb128 0xf
 975 04ae D1000000 		.4byte	.LASF50
 976 04b2 01       		.byte	0x1
 977 04b3 21       		.byte	0x21
 978 04b4 CD000000 		.4byte	0xcd
 979 04b8 00000000 		.4byte	.LFB0
 980 04bc 78000000 		.4byte	.LFE0-.LFB0
 981 04c0 01       		.uleb128 0x1
 982 04c1 9C       		.byte	0x9c
 983 04c2 B9050000 		.4byte	0x5b9
 984 04c6 10       		.uleb128 0x10
 985 04c7 64010000 		.4byte	.LASF48
 986 04cb 01       		.byte	0x1
 987 04cc 21       		.byte	0x21
 988 04cd D7020000 		.4byte	0x2d7
 989 04d1 F4020000 		.4byte	.LLST0
 990 04d5 10       		.uleb128 0x10
 991 04d6 44030000 		.4byte	.LASF49
 992 04da 01       		.byte	0x1
 993 04db 22       		.byte	0x22
 994 04dc DC010000 		.4byte	0x1dc
 995 04e0 1D030000 		.4byte	.LLST1
 996 04e4 10       		.uleb128 0x10
 997 04e5 53010000 		.4byte	.LASF44
 998 04e9 01       		.byte	0x1
 999 04ea 23       		.byte	0x23
 1000 04eb CD000000 		.4byte	0xcd
 1001 04ef 3B030000 		.4byte	.LLST2
 1002 04f3 10       		.uleb128 0x10
 1003 04f4 DF020000 		.4byte	.LASF51
 1004 04f8 01       		.byte	0x1
 1005 04f9 24       		.byte	0x24
 1006 04fa A2000000 		.4byte	0xa2
 1007 04fe 10040000 		.4byte	.LLST3
 1008 0502 17       		.uleb128 0x17
 1009 0503 14000000 		.4byte	.LVL5
 1010 0507 C5050000 		.4byte	0x5c5
 1011 050b 28050000 		.4byte	0x528
 1012 050f 15       		.uleb128 0x15
 1013 0510 01       		.uleb128 0x1
 1014 0511 50       		.byte	0x50
 1015 0512 02       		.uleb128 0x2
 1016 0513 76       		.byte	0x76
 1017 0514 00       		.sleb128 0
 1018 0515 15       		.uleb128 0x15
 1019 0516 01       		.uleb128 0x1
 1020 0517 51       		.byte	0x51
 1021 0518 02       		.uleb128 0x2
 1022 0519 75       		.byte	0x75
 1023 051a 00       		.sleb128 0
 1024 051b 15       		.uleb128 0x15
 1025 051c 01       		.uleb128 0x1
 1026 051d 52       		.byte	0x52
ARM GAS  /tmp/cclYhXuA.s 			page 19


 1027 051e 02       		.uleb128 0x2
 1028 051f 08       		.byte	0x8
 1029 0520 20       		.byte	0x20
 1030 0521 15       		.uleb128 0x15
 1031 0522 01       		.uleb128 0x1
 1032 0523 53       		.byte	0x53
 1033 0524 02       		.uleb128 0x2
 1034 0525 74       		.byte	0x74
 1035 0526 00       		.sleb128 0
 1036 0527 00       		.byte	0
 1037 0528 17       		.uleb128 0x17
 1038 0529 2E000000 		.4byte	.LVL7
 1039 052d C5050000 		.4byte	0x5c5
 1040 0531 4D050000 		.4byte	0x54d
 1041 0535 15       		.uleb128 0x15
 1042 0536 01       		.uleb128 0x1
 1043 0537 50       		.byte	0x50
 1044 0538 02       		.uleb128 0x2
 1045 0539 76       		.byte	0x76
 1046 053a 00       		.sleb128 0
 1047 053b 15       		.uleb128 0x15
 1048 053c 01       		.uleb128 0x1
 1049 053d 51       		.byte	0x51
 1050 053e 02       		.uleb128 0x2
 1051 053f 75       		.byte	0x75
 1052 0540 20       		.sleb128 32
 1053 0541 15       		.uleb128 0x15
 1054 0542 01       		.uleb128 0x1
 1055 0543 52       		.byte	0x52
 1056 0544 01       		.uleb128 0x1
 1057 0545 32       		.byte	0x32
 1058 0546 15       		.uleb128 0x15
 1059 0547 01       		.uleb128 0x1
 1060 0548 53       		.byte	0x53
 1061 0549 02       		.uleb128 0x2
 1062 054a 74       		.byte	0x74
 1063 054b 04       		.sleb128 4
 1064 054c 00       		.byte	0
 1065 054d 17       		.uleb128 0x17
 1066 054e 48000000 		.4byte	.LVL9
 1067 0552 C5050000 		.4byte	0x5c5
 1068 0556 72050000 		.4byte	0x572
 1069 055a 15       		.uleb128 0x15
 1070 055b 01       		.uleb128 0x1
 1071 055c 50       		.byte	0x50
 1072 055d 02       		.uleb128 0x2
 1073 055e 76       		.byte	0x76
 1074 055f 00       		.sleb128 0
 1075 0560 15       		.uleb128 0x15
 1076 0561 01       		.uleb128 0x1
 1077 0562 51       		.byte	0x51
 1078 0563 02       		.uleb128 0x2
 1079 0564 75       		.byte	0x75
 1080 0565 22       		.sleb128 34
 1081 0566 15       		.uleb128 0x15
 1082 0567 01       		.uleb128 0x1
 1083 0568 52       		.byte	0x52
ARM GAS  /tmp/cclYhXuA.s 			page 20


 1084 0569 01       		.uleb128 0x1
 1085 056a 33       		.byte	0x33
 1086 056b 15       		.uleb128 0x15
 1087 056c 01       		.uleb128 0x1
 1088 056d 53       		.byte	0x53
 1089 056e 02       		.uleb128 0x2
 1090 056f 74       		.byte	0x74
 1091 0570 05       		.sleb128 5
 1092 0571 00       		.byte	0
 1093 0572 17       		.uleb128 0x17
 1094 0573 62000000 		.4byte	.LVL11
 1095 0577 C5050000 		.4byte	0x5c5
 1096 057b 97050000 		.4byte	0x597
 1097 057f 15       		.uleb128 0x15
 1098 0580 01       		.uleb128 0x1
 1099 0581 50       		.byte	0x50
 1100 0582 02       		.uleb128 0x2
 1101 0583 76       		.byte	0x76
 1102 0584 00       		.sleb128 0
 1103 0585 15       		.uleb128 0x15
 1104 0586 01       		.uleb128 0x1
 1105 0587 51       		.byte	0x51
 1106 0588 02       		.uleb128 0x2
 1107 0589 75       		.byte	0x75
 1108 058a 25       		.sleb128 37
 1109 058b 15       		.uleb128 0x15
 1110 058c 01       		.uleb128 0x1
 1111 058d 52       		.byte	0x52
 1112 058e 01       		.uleb128 0x1
 1113 058f 33       		.byte	0x33
 1114 0590 15       		.uleb128 0x15
 1115 0591 01       		.uleb128 0x1
 1116 0592 53       		.byte	0x53
 1117 0593 02       		.uleb128 0x2
 1118 0594 74       		.byte	0x74
 1119 0595 06       		.sleb128 6
 1120 0596 00       		.byte	0
 1121 0597 14       		.uleb128 0x14
 1122 0598 72000000 		.4byte	.LVL13
 1123 059c C5050000 		.4byte	0x5c5
 1124 05a0 15       		.uleb128 0x15
 1125 05a1 01       		.uleb128 0x1
 1126 05a2 50       		.byte	0x50
 1127 05a3 02       		.uleb128 0x2
 1128 05a4 76       		.byte	0x76
 1129 05a5 00       		.sleb128 0
 1130 05a6 15       		.uleb128 0x15
 1131 05a7 01       		.uleb128 0x1
 1132 05a8 51       		.byte	0x51
 1133 05a9 02       		.uleb128 0x2
 1134 05aa 75       		.byte	0x75
 1135 05ab 28       		.sleb128 40
 1136 05ac 15       		.uleb128 0x15
 1137 05ad 01       		.uleb128 0x1
 1138 05ae 52       		.byte	0x52
 1139 05af 01       		.uleb128 0x1
 1140 05b0 40       		.byte	0x40
ARM GAS  /tmp/cclYhXuA.s 			page 21


 1141 05b1 15       		.uleb128 0x15
 1142 05b2 01       		.uleb128 0x1
 1143 05b3 53       		.byte	0x53
 1144 05b4 02       		.uleb128 0x2
 1145 05b5 74       		.byte	0x74
 1146 05b6 08       		.sleb128 8
 1147 05b7 00       		.byte	0
 1148 05b8 00       		.byte	0
 1149 05b9 19       		.uleb128 0x19
 1150 05ba 31030000 		.4byte	.LASF52
 1151 05be 31030000 		.4byte	.LASF52
 1152 05c2 04       		.byte	0x4
 1153 05c3 CD01     		.2byte	0x1cd
 1154 05c5 19       		.uleb128 0x19
 1155 05c6 20020000 		.4byte	.LASF53
 1156 05ca 20020000 		.4byte	.LASF53
 1157 05ce 04       		.byte	0x4
 1158 05cf E701     		.2byte	0x1e7
 1159 05d1 00       		.byte	0
 1160              		.section	.debug_abbrev,"",%progbits
 1161              	.Ldebug_abbrev0:
 1162 0000 01       		.uleb128 0x1
 1163 0001 11       		.uleb128 0x11
 1164 0002 01       		.byte	0x1
 1165 0003 25       		.uleb128 0x25
 1166 0004 0E       		.uleb128 0xe
 1167 0005 13       		.uleb128 0x13
 1168 0006 0B       		.uleb128 0xb
 1169 0007 03       		.uleb128 0x3
 1170 0008 0E       		.uleb128 0xe
 1171 0009 1B       		.uleb128 0x1b
 1172 000a 0E       		.uleb128 0xe
 1173 000b 55       		.uleb128 0x55
 1174 000c 17       		.uleb128 0x17
 1175 000d 11       		.uleb128 0x11
 1176 000e 01       		.uleb128 0x1
 1177 000f 10       		.uleb128 0x10
 1178 0010 17       		.uleb128 0x17
 1179 0011 00       		.byte	0
 1180 0012 00       		.byte	0
 1181 0013 02       		.uleb128 0x2
 1182 0014 24       		.uleb128 0x24
 1183 0015 00       		.byte	0
 1184 0016 0B       		.uleb128 0xb
 1185 0017 0B       		.uleb128 0xb
 1186 0018 3E       		.uleb128 0x3e
 1187 0019 0B       		.uleb128 0xb
 1188 001a 03       		.uleb128 0x3
 1189 001b 0E       		.uleb128 0xe
 1190 001c 00       		.byte	0
 1191 001d 00       		.byte	0
 1192 001e 03       		.uleb128 0x3
 1193 001f 16       		.uleb128 0x16
 1194 0020 00       		.byte	0
 1195 0021 03       		.uleb128 0x3
 1196 0022 0E       		.uleb128 0xe
 1197 0023 3A       		.uleb128 0x3a
ARM GAS  /tmp/cclYhXuA.s 			page 22


 1198 0024 0B       		.uleb128 0xb
 1199 0025 3B       		.uleb128 0x3b
 1200 0026 0B       		.uleb128 0xb
 1201 0027 49       		.uleb128 0x49
 1202 0028 13       		.uleb128 0x13
 1203 0029 00       		.byte	0
 1204 002a 00       		.byte	0
 1205 002b 04       		.uleb128 0x4
 1206 002c 24       		.uleb128 0x24
 1207 002d 00       		.byte	0
 1208 002e 0B       		.uleb128 0xb
 1209 002f 0B       		.uleb128 0xb
 1210 0030 3E       		.uleb128 0x3e
 1211 0031 0B       		.uleb128 0xb
 1212 0032 03       		.uleb128 0x3
 1213 0033 08       		.uleb128 0x8
 1214 0034 00       		.byte	0
 1215 0035 00       		.byte	0
 1216 0036 05       		.uleb128 0x5
 1217 0037 26       		.uleb128 0x26
 1218 0038 00       		.byte	0
 1219 0039 49       		.uleb128 0x49
 1220 003a 13       		.uleb128 0x13
 1221 003b 00       		.byte	0
 1222 003c 00       		.byte	0
 1223 003d 06       		.uleb128 0x6
 1224 003e 13       		.uleb128 0x13
 1225 003f 01       		.byte	0x1
 1226 0040 03       		.uleb128 0x3
 1227 0041 0E       		.uleb128 0xe
 1228 0042 0B       		.uleb128 0xb
 1229 0043 0B       		.uleb128 0xb
 1230 0044 3A       		.uleb128 0x3a
 1231 0045 0B       		.uleb128 0xb
 1232 0046 3B       		.uleb128 0x3b
 1233 0047 05       		.uleb128 0x5
 1234 0048 01       		.uleb128 0x1
 1235 0049 13       		.uleb128 0x13
 1236 004a 00       		.byte	0
 1237 004b 00       		.byte	0
 1238 004c 07       		.uleb128 0x7
 1239 004d 0D       		.uleb128 0xd
 1240 004e 00       		.byte	0
 1241 004f 03       		.uleb128 0x3
 1242 0050 0E       		.uleb128 0xe
 1243 0051 3A       		.uleb128 0x3a
 1244 0052 0B       		.uleb128 0xb
 1245 0053 3B       		.uleb128 0x3b
 1246 0054 05       		.uleb128 0x5
 1247 0055 49       		.uleb128 0x49
 1248 0056 13       		.uleb128 0x13
 1249 0057 38       		.uleb128 0x38
 1250 0058 0B       		.uleb128 0xb
 1251 0059 00       		.byte	0
 1252 005a 00       		.byte	0
 1253 005b 08       		.uleb128 0x8
 1254 005c 13       		.uleb128 0x13
ARM GAS  /tmp/cclYhXuA.s 			page 23


 1255 005d 01       		.byte	0x1
 1256 005e 03       		.uleb128 0x3
 1257 005f 0E       		.uleb128 0xe
 1258 0060 0B       		.uleb128 0xb
 1259 0061 0B       		.uleb128 0xb
 1260 0062 3A       		.uleb128 0x3a
 1261 0063 0B       		.uleb128 0xb
 1262 0064 3B       		.uleb128 0x3b
 1263 0065 0B       		.uleb128 0xb
 1264 0066 01       		.uleb128 0x1
 1265 0067 13       		.uleb128 0x13
 1266 0068 00       		.byte	0
 1267 0069 00       		.byte	0
 1268 006a 09       		.uleb128 0x9
 1269 006b 0D       		.uleb128 0xd
 1270 006c 00       		.byte	0
 1271 006d 03       		.uleb128 0x3
 1272 006e 0E       		.uleb128 0xe
 1273 006f 3A       		.uleb128 0x3a
 1274 0070 0B       		.uleb128 0xb
 1275 0071 3B       		.uleb128 0x3b
 1276 0072 0B       		.uleb128 0xb
 1277 0073 49       		.uleb128 0x49
 1278 0074 13       		.uleb128 0x13
 1279 0075 38       		.uleb128 0x38
 1280 0076 0B       		.uleb128 0xb
 1281 0077 00       		.byte	0
 1282 0078 00       		.byte	0
 1283 0079 0A       		.uleb128 0xa
 1284 007a 0F       		.uleb128 0xf
 1285 007b 00       		.byte	0
 1286 007c 0B       		.uleb128 0xb
 1287 007d 0B       		.uleb128 0xb
 1288 007e 49       		.uleb128 0x49
 1289 007f 13       		.uleb128 0x13
 1290 0080 00       		.byte	0
 1291 0081 00       		.byte	0
 1292 0082 0B       		.uleb128 0xb
 1293 0083 01       		.uleb128 0x1
 1294 0084 01       		.byte	0x1
 1295 0085 49       		.uleb128 0x49
 1296 0086 13       		.uleb128 0x13
 1297 0087 01       		.uleb128 0x1
 1298 0088 13       		.uleb128 0x13
 1299 0089 00       		.byte	0
 1300 008a 00       		.byte	0
 1301 008b 0C       		.uleb128 0xc
 1302 008c 21       		.uleb128 0x21
 1303 008d 00       		.byte	0
 1304 008e 49       		.uleb128 0x49
 1305 008f 13       		.uleb128 0x13
 1306 0090 00       		.byte	0
 1307 0091 00       		.byte	0
 1308 0092 0D       		.uleb128 0xd
 1309 0093 0F       		.uleb128 0xf
 1310 0094 00       		.byte	0
 1311 0095 0B       		.uleb128 0xb
ARM GAS  /tmp/cclYhXuA.s 			page 24


 1312 0096 0B       		.uleb128 0xb
 1313 0097 00       		.byte	0
 1314 0098 00       		.byte	0
 1315 0099 0E       		.uleb128 0xe
 1316 009a 13       		.uleb128 0x13
 1317 009b 01       		.byte	0x1
 1318 009c 0B       		.uleb128 0xb
 1319 009d 0B       		.uleb128 0xb
 1320 009e 3A       		.uleb128 0x3a
 1321 009f 0B       		.uleb128 0xb
 1322 00a0 3B       		.uleb128 0x3b
 1323 00a1 0B       		.uleb128 0xb
 1324 00a2 01       		.uleb128 0x1
 1325 00a3 13       		.uleb128 0x13
 1326 00a4 00       		.byte	0
 1327 00a5 00       		.byte	0
 1328 00a6 0F       		.uleb128 0xf
 1329 00a7 2E       		.uleb128 0x2e
 1330 00a8 01       		.byte	0x1
 1331 00a9 3F       		.uleb128 0x3f
 1332 00aa 19       		.uleb128 0x19
 1333 00ab 03       		.uleb128 0x3
 1334 00ac 0E       		.uleb128 0xe
 1335 00ad 3A       		.uleb128 0x3a
 1336 00ae 0B       		.uleb128 0xb
 1337 00af 3B       		.uleb128 0x3b
 1338 00b0 0B       		.uleb128 0xb
 1339 00b1 27       		.uleb128 0x27
 1340 00b2 19       		.uleb128 0x19
 1341 00b3 49       		.uleb128 0x49
 1342 00b4 13       		.uleb128 0x13
 1343 00b5 11       		.uleb128 0x11
 1344 00b6 01       		.uleb128 0x1
 1345 00b7 12       		.uleb128 0x12
 1346 00b8 06       		.uleb128 0x6
 1347 00b9 40       		.uleb128 0x40
 1348 00ba 18       		.uleb128 0x18
 1349 00bb 9742     		.uleb128 0x2117
 1350 00bd 19       		.uleb128 0x19
 1351 00be 01       		.uleb128 0x1
 1352 00bf 13       		.uleb128 0x13
 1353 00c0 00       		.byte	0
 1354 00c1 00       		.byte	0
 1355 00c2 10       		.uleb128 0x10
 1356 00c3 05       		.uleb128 0x5
 1357 00c4 00       		.byte	0
 1358 00c5 03       		.uleb128 0x3
 1359 00c6 0E       		.uleb128 0xe
 1360 00c7 3A       		.uleb128 0x3a
 1361 00c8 0B       		.uleb128 0xb
 1362 00c9 3B       		.uleb128 0x3b
 1363 00ca 0B       		.uleb128 0xb
 1364 00cb 49       		.uleb128 0x49
 1365 00cc 13       		.uleb128 0x13
 1366 00cd 02       		.uleb128 0x2
 1367 00ce 17       		.uleb128 0x17
 1368 00cf 00       		.byte	0
ARM GAS  /tmp/cclYhXuA.s 			page 25


 1369 00d0 00       		.byte	0
 1370 00d1 11       		.uleb128 0x11
 1371 00d2 34       		.uleb128 0x34
 1372 00d3 00       		.byte	0
 1373 00d4 03       		.uleb128 0x3
 1374 00d5 0E       		.uleb128 0xe
 1375 00d6 3A       		.uleb128 0x3a
 1376 00d7 0B       		.uleb128 0xb
 1377 00d8 3B       		.uleb128 0x3b
 1378 00d9 0B       		.uleb128 0xb
 1379 00da 49       		.uleb128 0x49
 1380 00db 13       		.uleb128 0x13
 1381 00dc 1C       		.uleb128 0x1c
 1382 00dd 0B       		.uleb128 0xb
 1383 00de 00       		.byte	0
 1384 00df 00       		.byte	0
 1385 00e0 12       		.uleb128 0x12
 1386 00e1 34       		.uleb128 0x34
 1387 00e2 00       		.byte	0
 1388 00e3 03       		.uleb128 0x3
 1389 00e4 08       		.uleb128 0x8
 1390 00e5 3A       		.uleb128 0x3a
 1391 00e6 0B       		.uleb128 0xb
 1392 00e7 3B       		.uleb128 0x3b
 1393 00e8 0B       		.uleb128 0xb
 1394 00e9 49       		.uleb128 0x49
 1395 00ea 13       		.uleb128 0x13
 1396 00eb 02       		.uleb128 0x2
 1397 00ec 17       		.uleb128 0x17
 1398 00ed 00       		.byte	0
 1399 00ee 00       		.byte	0
 1400 00ef 13       		.uleb128 0x13
 1401 00f0 0B       		.uleb128 0xb
 1402 00f1 01       		.byte	0x1
 1403 00f2 11       		.uleb128 0x11
 1404 00f3 01       		.uleb128 0x1
 1405 00f4 12       		.uleb128 0x12
 1406 00f5 06       		.uleb128 0x6
 1407 00f6 01       		.uleb128 0x1
 1408 00f7 13       		.uleb128 0x13
 1409 00f8 00       		.byte	0
 1410 00f9 00       		.byte	0
 1411 00fa 14       		.uleb128 0x14
 1412 00fb 898201   		.uleb128 0x4109
 1413 00fe 01       		.byte	0x1
 1414 00ff 11       		.uleb128 0x11
 1415 0100 01       		.uleb128 0x1
 1416 0101 31       		.uleb128 0x31
 1417 0102 13       		.uleb128 0x13
 1418 0103 00       		.byte	0
 1419 0104 00       		.byte	0
 1420 0105 15       		.uleb128 0x15
 1421 0106 8A8201   		.uleb128 0x410a
 1422 0109 00       		.byte	0
 1423 010a 02       		.uleb128 0x2
 1424 010b 18       		.uleb128 0x18
 1425 010c 9142     		.uleb128 0x2111
ARM GAS  /tmp/cclYhXuA.s 			page 26


 1426 010e 18       		.uleb128 0x18
 1427 010f 00       		.byte	0
 1428 0110 00       		.byte	0
 1429 0111 16       		.uleb128 0x16
 1430 0112 0A       		.uleb128 0xa
 1431 0113 00       		.byte	0
 1432 0114 03       		.uleb128 0x3
 1433 0115 0E       		.uleb128 0xe
 1434 0116 3A       		.uleb128 0x3a
 1435 0117 0B       		.uleb128 0xb
 1436 0118 3B       		.uleb128 0x3b
 1437 0119 0B       		.uleb128 0xb
 1438 011a 11       		.uleb128 0x11
 1439 011b 01       		.uleb128 0x1
 1440 011c 00       		.byte	0
 1441 011d 00       		.byte	0
 1442 011e 17       		.uleb128 0x17
 1443 011f 898201   		.uleb128 0x4109
 1444 0122 01       		.byte	0x1
 1445 0123 11       		.uleb128 0x11
 1446 0124 01       		.uleb128 0x1
 1447 0125 31       		.uleb128 0x31
 1448 0126 13       		.uleb128 0x13
 1449 0127 01       		.uleb128 0x1
 1450 0128 13       		.uleb128 0x13
 1451 0129 00       		.byte	0
 1452 012a 00       		.byte	0
 1453 012b 18       		.uleb128 0x18
 1454 012c 34       		.uleb128 0x34
 1455 012d 00       		.byte	0
 1456 012e 03       		.uleb128 0x3
 1457 012f 0E       		.uleb128 0xe
 1458 0130 3A       		.uleb128 0x3a
 1459 0131 0B       		.uleb128 0xb
 1460 0132 3B       		.uleb128 0x3b
 1461 0133 0B       		.uleb128 0xb
 1462 0134 49       		.uleb128 0x49
 1463 0135 13       		.uleb128 0x13
 1464 0136 02       		.uleb128 0x2
 1465 0137 17       		.uleb128 0x17
 1466 0138 00       		.byte	0
 1467 0139 00       		.byte	0
 1468 013a 19       		.uleb128 0x19
 1469 013b 2E       		.uleb128 0x2e
 1470 013c 00       		.byte	0
 1471 013d 3F       		.uleb128 0x3f
 1472 013e 19       		.uleb128 0x19
 1473 013f 3C       		.uleb128 0x3c
 1474 0140 19       		.uleb128 0x19
 1475 0141 6E       		.uleb128 0x6e
 1476 0142 0E       		.uleb128 0xe
 1477 0143 03       		.uleb128 0x3
 1478 0144 0E       		.uleb128 0xe
 1479 0145 3A       		.uleb128 0x3a
 1480 0146 0B       		.uleb128 0xb
 1481 0147 3B       		.uleb128 0x3b
 1482 0148 05       		.uleb128 0x5
ARM GAS  /tmp/cclYhXuA.s 			page 27


 1483 0149 00       		.byte	0
 1484 014a 00       		.byte	0
 1485 014b 00       		.byte	0
 1486              		.section	.debug_loc,"",%progbits
 1487              	.Ldebug_loc0:
 1488              	.LLST13:
 1489 0000 00000000 		.4byte	.LVL44
 1490 0004 19000000 		.4byte	.LVL46-1
 1491 0008 0100     		.2byte	0x1
 1492 000a 50       		.byte	0x50
 1493 000b 19000000 		.4byte	.LVL46-1
 1494 000f 1E000000 		.4byte	.LFE3
 1495 0013 0400     		.2byte	0x4
 1496 0015 F3       		.byte	0xf3
 1497 0016 01       		.uleb128 0x1
 1498 0017 50       		.byte	0x50
 1499 0018 9F       		.byte	0x9f
 1500 0019 00000000 		.4byte	0
 1501 001d 00000000 		.4byte	0
 1502              	.LLST14:
 1503 0021 00000000 		.4byte	.LVL44
 1504 0025 19000000 		.4byte	.LVL46-1
 1505 0029 0100     		.2byte	0x1
 1506 002b 51       		.byte	0x51
 1507 002c 19000000 		.4byte	.LVL46-1
 1508 0030 1E000000 		.4byte	.LFE3
 1509 0034 0400     		.2byte	0x4
 1510 0036 F3       		.byte	0xf3
 1511 0037 01       		.uleb128 0x1
 1512 0038 51       		.byte	0x51
 1513 0039 9F       		.byte	0x9f
 1514 003a 00000000 		.4byte	0
 1515 003e 00000000 		.4byte	0
 1516              	.LLST15:
 1517 0042 00000000 		.4byte	.LVL44
 1518 0046 19000000 		.4byte	.LVL46-1
 1519 004a 0100     		.2byte	0x1
 1520 004c 52       		.byte	0x52
 1521 004d 19000000 		.4byte	.LVL46-1
 1522 0051 1E000000 		.4byte	.LFE3
 1523 0055 0300     		.2byte	0x3
 1524 0057 76       		.byte	0x76
 1525 0058 75       		.sleb128 -11
 1526 0059 9F       		.byte	0x9f
 1527 005a 00000000 		.4byte	0
 1528 005e 00000000 		.4byte	0
 1529              	.LLST16:
 1530 0062 00000000 		.4byte	.LVL44
 1531 0066 19000000 		.4byte	.LVL46-1
 1532 006a 0100     		.2byte	0x1
 1533 006c 53       		.byte	0x53
 1534 006d 19000000 		.4byte	.LVL46-1
 1535 0071 1E000000 		.4byte	.LFE3
 1536 0075 0400     		.2byte	0x4
 1537 0077 F3       		.byte	0xf3
 1538 0078 01       		.uleb128 0x1
 1539 0079 53       		.byte	0x53
ARM GAS  /tmp/cclYhXuA.s 			page 28


 1540 007a 9F       		.byte	0x9f
 1541 007b 00000000 		.4byte	0
 1542 007f 00000000 		.4byte	0
 1543              	.LLST17:
 1544 0083 00000000 		.4byte	.LVL44
 1545 0087 1A000000 		.4byte	.LVL46
 1546 008b 0200     		.2byte	0x2
 1547 008d 30       		.byte	0x30
 1548 008e 9F       		.byte	0x9f
 1549 008f 1A000000 		.4byte	.LVL46
 1550 0093 1E000000 		.4byte	.LFE3
 1551 0097 0100     		.2byte	0x1
 1552 0099 50       		.byte	0x50
 1553 009a 00000000 		.4byte	0
 1554 009e 00000000 		.4byte	0
 1555              	.LLST18:
 1556 00a2 00000000 		.4byte	.LVL44
 1557 00a6 0C000000 		.4byte	.LVL45
 1558 00aa 0200     		.2byte	0x2
 1559 00ac 30       		.byte	0x30
 1560 00ad 9F       		.byte	0x9f
 1561 00ae 00000000 		.4byte	0
 1562 00b2 00000000 		.4byte	0
 1563              	.LLST7:
 1564 00b6 00000000 		.4byte	.LVL19
 1565 00ba 13000000 		.4byte	.LVL23-1
 1566 00be 0100     		.2byte	0x1
 1567 00c0 50       		.byte	0x50
 1568 00c1 13000000 		.4byte	.LVL23-1
 1569 00c5 84000000 		.4byte	.LFE2
 1570 00c9 0100     		.2byte	0x1
 1571 00cb 55       		.byte	0x55
 1572 00cc 00000000 		.4byte	0
 1573 00d0 00000000 		.4byte	0
 1574              	.LLST8:
 1575 00d4 00000000 		.4byte	.LVL19
 1576 00d8 0A000000 		.4byte	.LVL20
 1577 00dc 0100     		.2byte	0x1
 1578 00de 51       		.byte	0x51
 1579 00df 0A000000 		.4byte	.LVL20
 1580 00e3 84000000 		.4byte	.LFE2
 1581 00e7 0400     		.2byte	0x4
 1582 00e9 F3       		.byte	0xf3
 1583 00ea 01       		.uleb128 0x1
 1584 00eb 51       		.byte	0x51
 1585 00ec 9F       		.byte	0x9f
 1586 00ed 00000000 		.4byte	0
 1587 00f1 00000000 		.4byte	0
 1588              	.LLST9:
 1589 00f5 00000000 		.4byte	.LVL19
 1590 00f9 0E000000 		.4byte	.LVL22
 1591 00fd 0100     		.2byte	0x1
 1592 00ff 52       		.byte	0x52
 1593 0100 0E000000 		.4byte	.LVL22
 1594 0104 18000000 		.4byte	.LVL24
 1595 0108 0100     		.2byte	0x1
 1596 010a 54       		.byte	0x54
ARM GAS  /tmp/cclYhXuA.s 			page 29


 1597 010b 18000000 		.4byte	.LVL24
 1598 010f 24000000 		.4byte	.LVL26
 1599 0113 0400     		.2byte	0x4
 1600 0115 F3       		.byte	0xf3
 1601 0116 01       		.uleb128 0x1
 1602 0117 52       		.byte	0x52
 1603 0118 9F       		.byte	0x9f
 1604 0119 24000000 		.4byte	.LVL26
 1605 011d 6A000000 		.4byte	.LVL39
 1606 0121 0100     		.2byte	0x1
 1607 0123 54       		.byte	0x54
 1608 0124 6A000000 		.4byte	.LVL39
 1609 0128 84000000 		.4byte	.LFE2
 1610 012c 0300     		.2byte	0x3
 1611 012e 74       		.byte	0x74
 1612 012f 78       		.sleb128 -8
 1613 0130 9F       		.byte	0x9f
 1614 0131 00000000 		.4byte	0
 1615 0135 00000000 		.4byte	0
 1616              	.LLST10:
 1617 0139 00000000 		.4byte	.LVL19
 1618 013d 0C000000 		.4byte	.LVL21
 1619 0141 0100     		.2byte	0x1
 1620 0143 53       		.byte	0x53
 1621 0144 0C000000 		.4byte	.LVL21
 1622 0148 84000000 		.4byte	.LFE2
 1623 014c 0400     		.2byte	0x4
 1624 014e F3       		.byte	0xf3
 1625 014f 01       		.uleb128 0x1
 1626 0150 53       		.byte	0x53
 1627 0151 9F       		.byte	0x9f
 1628 0152 00000000 		.4byte	0
 1629 0156 00000000 		.4byte	0
 1630              	.LLST11:
 1631 015a 00000000 		.4byte	.LVL19
 1632 015e 18000000 		.4byte	.LVL24
 1633 0162 0200     		.2byte	0x2
 1634 0164 91       		.byte	0x91
 1635 0165 00       		.sleb128 0
 1636 0166 24000000 		.4byte	.LVL26
 1637 016a 30000000 		.4byte	.LVL27
 1638 016e 0600     		.2byte	0x6
 1639 0170 91       		.byte	0x91
 1640 0171 00       		.sleb128 0
 1641 0172 06       		.byte	0x6
 1642 0173 23       		.byte	0x23
 1643 0174 20       		.uleb128 0x20
 1644 0175 9F       		.byte	0x9f
 1645 0176 30000000 		.4byte	.LVL27
 1646 017a 35000000 		.4byte	.LVL29-1
 1647 017e 0100     		.2byte	0x1
 1648 0180 51       		.byte	0x51
 1649 0181 35000000 		.4byte	.LVL29-1
 1650 0185 3A000000 		.4byte	.LVL30
 1651 0189 0600     		.2byte	0x6
 1652 018b 91       		.byte	0x91
 1653 018c 00       		.sleb128 0
ARM GAS  /tmp/cclYhXuA.s 			page 30


 1654 018d 06       		.byte	0x6
 1655 018e 23       		.byte	0x23
 1656 018f 20       		.uleb128 0x20
 1657 0190 9F       		.byte	0x9f
 1658 0191 3A000000 		.4byte	.LVL30
 1659 0195 46000000 		.4byte	.LVL31
 1660 0199 0600     		.2byte	0x6
 1661 019b 91       		.byte	0x91
 1662 019c 00       		.sleb128 0
 1663 019d 06       		.byte	0x6
 1664 019e 23       		.byte	0x23
 1665 019f 22       		.uleb128 0x22
 1666 01a0 9F       		.byte	0x9f
 1667 01a1 46000000 		.4byte	.LVL31
 1668 01a5 4B000000 		.4byte	.LVL33-1
 1669 01a9 0100     		.2byte	0x1
 1670 01ab 51       		.byte	0x51
 1671 01ac 4B000000 		.4byte	.LVL33-1
 1672 01b0 50000000 		.4byte	.LVL34
 1673 01b4 0600     		.2byte	0x6
 1674 01b6 91       		.byte	0x91
 1675 01b7 00       		.sleb128 0
 1676 01b8 06       		.byte	0x6
 1677 01b9 23       		.byte	0x23
 1678 01ba 22       		.uleb128 0x22
 1679 01bb 9F       		.byte	0x9f
 1680 01bc 50000000 		.4byte	.LVL34
 1681 01c0 5A000000 		.4byte	.LVL35
 1682 01c4 0600     		.2byte	0x6
 1683 01c6 91       		.byte	0x91
 1684 01c7 00       		.sleb128 0
 1685 01c8 06       		.byte	0x6
 1686 01c9 23       		.byte	0x23
 1687 01ca 25       		.uleb128 0x25
 1688 01cb 9F       		.byte	0x9f
 1689 01cc 5A000000 		.4byte	.LVL35
 1690 01d0 61000000 		.4byte	.LVL37-1
 1691 01d4 0100     		.2byte	0x1
 1692 01d6 51       		.byte	0x51
 1693 01d7 61000000 		.4byte	.LVL37-1
 1694 01db 66000000 		.4byte	.LVL38
 1695 01df 0600     		.2byte	0x6
 1696 01e1 91       		.byte	0x91
 1697 01e2 00       		.sleb128 0
 1698 01e3 06       		.byte	0x6
 1699 01e4 23       		.byte	0x23
 1700 01e5 25       		.uleb128 0x25
 1701 01e6 9F       		.byte	0x9f
 1702 01e7 66000000 		.4byte	.LVL38
 1703 01eb 74000000 		.4byte	.LVL41
 1704 01ef 0600     		.2byte	0x6
 1705 01f1 91       		.byte	0x91
 1706 01f2 00       		.sleb128 0
 1707 01f3 06       		.byte	0x6
 1708 01f4 23       		.byte	0x23
 1709 01f5 28       		.uleb128 0x28
 1710 01f6 9F       		.byte	0x9f
ARM GAS  /tmp/cclYhXuA.s 			page 31


 1711 01f7 74000000 		.4byte	.LVL41
 1712 01fb 77000000 		.4byte	.LVL42-1
 1713 01ff 0100     		.2byte	0x1
 1714 0201 51       		.byte	0x51
 1715 0202 77000000 		.4byte	.LVL42-1
 1716 0206 82000000 		.4byte	.LVL43
 1717 020a 0600     		.2byte	0x6
 1718 020c 91       		.byte	0x91
 1719 020d 00       		.sleb128 0
 1720 020e 06       		.byte	0x6
 1721 020f 23       		.byte	0x23
 1722 0210 28       		.uleb128 0x28
 1723 0211 9F       		.byte	0x9f
 1724 0212 82000000 		.4byte	.LVL43
 1725 0216 84000000 		.4byte	.LFE2
 1726 021a 0100     		.2byte	0x1
 1727 021c 50       		.byte	0x50
 1728 021d 00000000 		.4byte	0
 1729 0221 00000000 		.4byte	0
 1730              	.LLST12:
 1731 0225 00000000 		.4byte	.LVL19
 1732 0229 14000000 		.4byte	.LVL23
 1733 022d 0200     		.2byte	0x2
 1734 022f 30       		.byte	0x30
 1735 0230 9F       		.byte	0x9f
 1736 0231 14000000 		.4byte	.LVL23
 1737 0235 20000000 		.4byte	.LVL25
 1738 0239 0100     		.2byte	0x1
 1739 023b 50       		.byte	0x50
 1740 023c 24000000 		.4byte	.LVL26
 1741 0240 32000000 		.4byte	.LVL28
 1742 0244 0100     		.2byte	0x1
 1743 0246 50       		.byte	0x50
 1744 0247 36000000 		.4byte	.LVL29
 1745 024b 48000000 		.4byte	.LVL32
 1746 024f 0100     		.2byte	0x1
 1747 0251 50       		.byte	0x50
 1748 0252 4C000000 		.4byte	.LVL33
 1749 0256 5E000000 		.4byte	.LVL36
 1750 025a 0100     		.2byte	0x1
 1751 025c 50       		.byte	0x50
 1752 025d 5E000000 		.4byte	.LVL36
 1753 0261 61000000 		.4byte	.LVL37-1
 1754 0265 0100     		.2byte	0x1
 1755 0267 52       		.byte	0x52
 1756 0268 62000000 		.4byte	.LVL37
 1757 026c 6E000000 		.4byte	.LVL40
 1758 0270 0100     		.2byte	0x1
 1759 0272 50       		.byte	0x50
 1760 0273 78000000 		.4byte	.LVL42
 1761 0277 82000000 		.4byte	.LVL43
 1762 027b 0100     		.2byte	0x1
 1763 027d 50       		.byte	0x50
 1764 027e 00000000 		.4byte	0
 1765 0282 00000000 		.4byte	0
 1766              	.LLST4:
 1767 0286 00000000 		.4byte	.LVL15
ARM GAS  /tmp/cclYhXuA.s 			page 32


 1768 028a 09000000 		.4byte	.LVL16-1
 1769 028e 0100     		.2byte	0x1
 1770 0290 50       		.byte	0x50
 1771 0291 09000000 		.4byte	.LVL16-1
 1772 0295 10000000 		.4byte	.LFE1
 1773 0299 0400     		.2byte	0x4
 1774 029b F3       		.byte	0xf3
 1775 029c 01       		.uleb128 0x1
 1776 029d 50       		.byte	0x50
 1777 029e 9F       		.byte	0x9f
 1778 029f 00000000 		.4byte	0
 1779 02a3 00000000 		.4byte	0
 1780              	.LLST5:
 1781 02a7 00000000 		.4byte	.LVL15
 1782 02ab 09000000 		.4byte	.LVL16-1
 1783 02af 0100     		.2byte	0x1
 1784 02b1 51       		.byte	0x51
 1785 02b2 09000000 		.4byte	.LVL16-1
 1786 02b6 10000000 		.4byte	.LFE1
 1787 02ba 0400     		.2byte	0x4
 1788 02bc F3       		.byte	0xf3
 1789 02bd 01       		.uleb128 0x1
 1790 02be 51       		.byte	0x51
 1791 02bf 9F       		.byte	0x9f
 1792 02c0 00000000 		.4byte	0
 1793 02c4 00000000 		.4byte	0
 1794              	.LLST6:
 1795 02c8 00000000 		.4byte	.LVL15
 1796 02cc 0A000000 		.4byte	.LVL16
 1797 02d0 0200     		.2byte	0x2
 1798 02d2 30       		.byte	0x30
 1799 02d3 9F       		.byte	0x9f
 1800 02d4 0A000000 		.4byte	.LVL16
 1801 02d8 0C000000 		.4byte	.LVL17
 1802 02dc 0100     		.2byte	0x1
 1803 02de 50       		.byte	0x50
 1804 02df 0C000000 		.4byte	.LVL17
 1805 02e3 0E000000 		.4byte	.LVL18
 1806 02e7 0300     		.2byte	0x3
 1807 02e9 70       		.byte	0x70
 1808 02ea 79       		.sleb128 -7
 1809 02eb 9F       		.byte	0x9f
 1810 02ec 00000000 		.4byte	0
 1811 02f0 00000000 		.4byte	0
 1812              	.LLST0:
 1813 02f4 00000000 		.4byte	.LVL0
 1814 02f8 0E000000 		.4byte	.LVL3
 1815 02fc 0100     		.2byte	0x1
 1816 02fe 50       		.byte	0x50
 1817 02ff 0E000000 		.4byte	.LVL3
 1818 0303 13000000 		.4byte	.LVL5-1
 1819 0307 0100     		.2byte	0x1
 1820 0309 53       		.byte	0x53
 1821 030a 13000000 		.4byte	.LVL5-1
 1822 030e 78000000 		.4byte	.LFE0
 1823 0312 0100     		.2byte	0x1
 1824 0314 54       		.byte	0x54
ARM GAS  /tmp/cclYhXuA.s 			page 33


 1825 0315 00000000 		.4byte	0
 1826 0319 00000000 		.4byte	0
 1827              	.LLST1:
 1828 031d 00000000 		.4byte	.LVL0
 1829 0321 0C000000 		.4byte	.LVL2
 1830 0325 0100     		.2byte	0x1
 1831 0327 51       		.byte	0x51
 1832 0328 0C000000 		.4byte	.LVL2
 1833 032c 78000000 		.4byte	.LFE0
 1834 0330 0100     		.2byte	0x1
 1835 0332 56       		.byte	0x56
 1836 0333 00000000 		.4byte	0
 1837 0337 00000000 		.4byte	0
 1838              	.LLST2:
 1839 033b 00000000 		.4byte	.LVL0
 1840 033f 10000000 		.4byte	.LVL4
 1841 0343 0100     		.2byte	0x1
 1842 0345 52       		.byte	0x52
 1843 0346 10000000 		.4byte	.LVL4
 1844 034a 13000000 		.4byte	.LVL5-1
 1845 034e 0100     		.2byte	0x1
 1846 0350 51       		.byte	0x51
 1847 0351 13000000 		.4byte	.LVL5-1
 1848 0355 14000000 		.4byte	.LVL5
 1849 0359 0100     		.2byte	0x1
 1850 035b 55       		.byte	0x55
 1851 035c 14000000 		.4byte	.LVL5
 1852 0360 26000000 		.4byte	.LVL6
 1853 0364 0300     		.2byte	0x3
 1854 0366 75       		.byte	0x75
 1855 0367 20       		.sleb128 32
 1856 0368 9F       		.byte	0x9f
 1857 0369 26000000 		.4byte	.LVL6
 1858 036d 2D000000 		.4byte	.LVL7-1
 1859 0371 0100     		.2byte	0x1
 1860 0373 51       		.byte	0x51
 1861 0374 2D000000 		.4byte	.LVL7-1
 1862 0378 2E000000 		.4byte	.LVL7
 1863 037c 0300     		.2byte	0x3
 1864 037e 75       		.byte	0x75
 1865 037f 20       		.sleb128 32
 1866 0380 9F       		.byte	0x9f
 1867 0381 2E000000 		.4byte	.LVL7
 1868 0385 40000000 		.4byte	.LVL8
 1869 0389 0300     		.2byte	0x3
 1870 038b 75       		.byte	0x75
 1871 038c 22       		.sleb128 34
 1872 038d 9F       		.byte	0x9f
 1873 038e 40000000 		.4byte	.LVL8
 1874 0392 47000000 		.4byte	.LVL9-1
 1875 0396 0100     		.2byte	0x1
 1876 0398 51       		.byte	0x51
 1877 0399 47000000 		.4byte	.LVL9-1
 1878 039d 48000000 		.4byte	.LVL9
 1879 03a1 0300     		.2byte	0x3
 1880 03a3 75       		.byte	0x75
 1881 03a4 22       		.sleb128 34
ARM GAS  /tmp/cclYhXuA.s 			page 34


 1882 03a5 9F       		.byte	0x9f
 1883 03a6 48000000 		.4byte	.LVL9
 1884 03aa 5A000000 		.4byte	.LVL10
 1885 03ae 0300     		.2byte	0x3
 1886 03b0 75       		.byte	0x75
 1887 03b1 25       		.sleb128 37
 1888 03b2 9F       		.byte	0x9f
 1889 03b3 5A000000 		.4byte	.LVL10
 1890 03b7 61000000 		.4byte	.LVL11-1
 1891 03bb 0100     		.2byte	0x1
 1892 03bd 51       		.byte	0x51
 1893 03be 61000000 		.4byte	.LVL11-1
 1894 03c2 62000000 		.4byte	.LVL11
 1895 03c6 0300     		.2byte	0x3
 1896 03c8 75       		.byte	0x75
 1897 03c9 25       		.sleb128 37
 1898 03ca 9F       		.byte	0x9f
 1899 03cb 62000000 		.4byte	.LVL11
 1900 03cf 6C000000 		.4byte	.LVL12
 1901 03d3 0300     		.2byte	0x3
 1902 03d5 75       		.byte	0x75
 1903 03d6 28       		.sleb128 40
 1904 03d7 9F       		.byte	0x9f
 1905 03d8 6C000000 		.4byte	.LVL12
 1906 03dc 71000000 		.4byte	.LVL13-1
 1907 03e0 0100     		.2byte	0x1
 1908 03e2 51       		.byte	0x51
 1909 03e3 71000000 		.4byte	.LVL13-1
 1910 03e7 72000000 		.4byte	.LVL13
 1911 03eb 0300     		.2byte	0x3
 1912 03ed 75       		.byte	0x75
 1913 03ee 28       		.sleb128 40
 1914 03ef 9F       		.byte	0x9f
 1915 03f0 72000000 		.4byte	.LVL13
 1916 03f4 76000000 		.4byte	.LVL14
 1917 03f8 0300     		.2byte	0x3
 1918 03fa 75       		.byte	0x75
 1919 03fb 38       		.sleb128 56
 1920 03fc 9F       		.byte	0x9f
 1921 03fd 76000000 		.4byte	.LVL14
 1922 0401 78000000 		.4byte	.LFE0
 1923 0405 0100     		.2byte	0x1
 1924 0407 50       		.byte	0x50
 1925 0408 00000000 		.4byte	0
 1926 040c 00000000 		.4byte	0
 1927              	.LLST3:
 1928 0410 00000000 		.4byte	.LVL0
 1929 0414 0A000000 		.4byte	.LVL1
 1930 0418 0100     		.2byte	0x1
 1931 041a 53       		.byte	0x53
 1932 041b 0A000000 		.4byte	.LVL1
 1933 041f 78000000 		.4byte	.LFE0
 1934 0423 0400     		.2byte	0x4
 1935 0425 F3       		.byte	0xf3
 1936 0426 01       		.uleb128 0x1
 1937 0427 53       		.byte	0x53
 1938 0428 9F       		.byte	0x9f
ARM GAS  /tmp/cclYhXuA.s 			page 35


 1939 0429 00000000 		.4byte	0
 1940 042d 00000000 		.4byte	0
 1941              		.section	.debug_aranges,"",%progbits
 1942 0000 34000000 		.4byte	0x34
 1943 0004 0200     		.2byte	0x2
 1944 0006 00000000 		.4byte	.Ldebug_info0
 1945 000a 04       		.byte	0x4
 1946 000b 00       		.byte	0
 1947 000c 0000     		.2byte	0
 1948 000e 0000     		.2byte	0
 1949 0010 00000000 		.4byte	.LFB0
 1950 0014 78000000 		.4byte	.LFE0-.LFB0
 1951 0018 00000000 		.4byte	.LFB1
 1952 001c 10000000 		.4byte	.LFE1-.LFB1
 1953 0020 00000000 		.4byte	.LFB2
 1954 0024 84000000 		.4byte	.LFE2-.LFB2
 1955 0028 00000000 		.4byte	.LFB3
 1956 002c 1E000000 		.4byte	.LFE3-.LFB3
 1957 0030 00000000 		.4byte	0
 1958 0034 00000000 		.4byte	0
 1959              		.section	.debug_ranges,"",%progbits
 1960              	.Ldebug_ranges0:
 1961 0000 00000000 		.4byte	.LFB0
 1962 0004 78000000 		.4byte	.LFE0
 1963 0008 00000000 		.4byte	.LFB1
 1964 000c 10000000 		.4byte	.LFE1
 1965 0010 00000000 		.4byte	.LFB2
 1966 0014 84000000 		.4byte	.LFE2
 1967 0018 00000000 		.4byte	.LFB3
 1968 001c 1E000000 		.4byte	.LFE3
 1969 0020 00000000 		.4byte	0
 1970 0024 00000000 		.4byte	0
 1971              		.section	.debug_line,"",%progbits
 1972              	.Ldebug_line0:
 1973 0000 4B010000 		.section	.debug_str,"MS",%progbits,1
 1973      0200D400 
 1973      00000201 
 1973      FB0E0D00 
 1973      01010101 
 1974              	.LASF25:
 1975 0000 64617461 		.ascii	"data_type_id\000"
 1975      5F747970 
 1975      655F6964 
 1975      00
 1976              	.LASF36:
 1977 000d 6865616C 		.ascii	"health\000"
 1977      746800
 1978              	.LASF42:
 1979 0014 64657374 		.ascii	"dest\000"
 1979      00
 1980              	.LASF28:
 1981 0019 7072696F 		.ascii	"priority\000"
 1981      72697479 
 1981      00
 1982              	.LASF18:
 1983 0022 75696E74 		.ascii	"uint64_t\000"
 1983      36345F74 
ARM GAS  /tmp/cclYhXuA.s 			page 36


 1983      00
 1984              	.LASF2:
 1985 002b 73686F72 		.ascii	"short int\000"
 1985      7420696E 
 1985      7400
 1986              	.LASF45:
 1987 0035 75617663 		.ascii	"uavcan_protocol_NodeStatus_decode\000"
 1987      616E5F70 
 1987      726F746F 
 1987      636F6C5F 
 1987      4E6F6465 
 1988              	.LASF55:
 1989 0057 6C696263 		.ascii	"libcanard/dsdl/uavcan/protocol/protocol_NodeStatus."
 1989      616E6172 
 1989      642F6473 
 1989      646C2F75 
 1989      61766361 
 1990 008a 6300     		.ascii	"c\000"
 1991              	.LASF8:
 1992 008c 5F5F7569 		.ascii	"__uint32_t\000"
 1992      6E743332 
 1992      5F7400
 1993              	.LASF37:
 1994 0097 6D6F6465 		.ascii	"mode\000"
 1994      00
 1995              	.LASF4:
 1996 009c 5F5F7569 		.ascii	"__uint16_t\000"
 1996      6E743136 
 1996      5F7400
 1997              	.LASF14:
 1998 00a7 75696E74 		.ascii	"uint8_t\000"
 1998      385F7400 
 1999              	.LASF47:
 2000 00af 75617663 		.ascii	"uavcan_protocol_NodeStatus_encode\000"
 2000      616E5F70 
 2000      726F746F 
 2000      636F6C5F 
 2000      4E6F6465 
 2001              	.LASF50:
 2002 00d1 75617663 		.ascii	"uavcan_protocol_NodeStatus_encode_internal\000"
 2002      616E5F70 
 2002      726F746F 
 2002      636F6C5F 
 2002      4E6F6465 
 2003              	.LASF38:
 2004 00fc 7375625F 		.ascii	"sub_mode\000"
 2004      6D6F6465 
 2004      00
 2005              	.LASF10:
 2006 0105 6C6F6E67 		.ascii	"long long int\000"
 2006      206C6F6E 
 2006      6720696E 
 2006      7400
 2007              	.LASF43:
 2008 0113 64796E5F 		.ascii	"dyn_arr_buf\000"
 2008      6172725F 
 2008      62756600 
ARM GAS  /tmp/cclYhXuA.s 			page 37


 2009              	.LASF46:
 2010 011f 75617663 		.ascii	"uavcan_protocol_NodeStatus_decode_internal\000"
 2010      616E5F70 
 2010      726F746F 
 2010      636F6C5F 
 2010      4E6F6465 
 2011              	.LASF7:
 2012 014a 6C6F6E67 		.ascii	"long int\000"
 2012      20696E74 
 2012      00
 2013              	.LASF44:
 2014 0153 6F666673 		.ascii	"offset\000"
 2014      657400
 2015              	.LASF3:
 2016 015a 5F5F7569 		.ascii	"__uint8_t\000"
 2016      6E74385F 
 2016      7400
 2017              	.LASF48:
 2018 0164 736F7572 		.ascii	"source\000"
 2018      636500
 2019              	.LASF23:
 2020 016b 7061796C 		.ascii	"payload_tail\000"
 2020      6F61645F 
 2020      7461696C 
 2020      00
 2021              	.LASF20:
 2022 0178 74696D65 		.ascii	"timestamp_usec\000"
 2022      7374616D 
 2022      705F7573 
 2022      656300
 2023              	.LASF1:
 2024 0187 756E7369 		.ascii	"unsigned char\000"
 2024      676E6564 
 2024      20636861 
 2024      7200
 2025              	.LASF22:
 2026 0195 7061796C 		.ascii	"payload_middle\000"
 2026      6F61645F 
 2026      6D696464 
 2026      6C6500
 2027              	.LASF56:
 2028 01a4 2F626C64 		.ascii	"/bldc\000"
 2028      6300
 2029              	.LASF0:
 2030 01aa 7369676E 		.ascii	"signed char\000"
 2030      65642063 
 2030      68617200 
 2031              	.LASF12:
 2032 01b6 6C6F6E67 		.ascii	"long long unsigned int\000"
 2032      206C6F6E 
 2032      6720756E 
 2032      7369676E 
 2032      65642069 
 2033              	.LASF17:
 2034 01cd 75696E74 		.ascii	"uint32_t\000"
 2034      33325F74 
 2034      00
ARM GAS  /tmp/cclYhXuA.s 			page 38


 2035              	.LASF13:
 2036 01d6 756E7369 		.ascii	"unsigned int\000"
 2036      676E6564 
 2036      20696E74 
 2036      00
 2037              	.LASF15:
 2038 01e3 75696E74 		.ascii	"uint16_t\000"
 2038      31365F74 
 2038      00
 2039              	.LASF32:
 2040 01ec 43616E61 		.ascii	"CanardBufferBlock\000"
 2040      72644275 
 2040      66666572 
 2040      426C6F63 
 2040      6B00
 2041              	.LASF29:
 2042 01fe 736F7572 		.ascii	"source_node_id\000"
 2042      63655F6E 
 2042      6F64655F 
 2042      696400
 2043              	.LASF5:
 2044 020d 73686F72 		.ascii	"short unsigned int\000"
 2044      7420756E 
 2044      7369676E 
 2044      65642069 
 2044      6E7400
 2045              	.LASF53:
 2046 0220 63616E61 		.ascii	"canardEncodeScalar\000"
 2046      7264456E 
 2046      636F6465 
 2046      5363616C 
 2046      617200
 2047              	.LASF39:
 2048 0233 76656E64 		.ascii	"vendor_specific_status_code\000"
 2048      6F725F73 
 2048      70656369 
 2048      6669635F 
 2048      73746174 
 2049              	.LASF31:
 2050 024f 63686172 		.ascii	"char\000"
 2050      00
 2051              	.LASF30:
 2052 0254 5F426F6F 		.ascii	"_Bool\000"
 2052      6C00
 2053              	.LASF16:
 2054 025a 696E7433 		.ascii	"int32_t\000"
 2054      325F7400 
 2055              	.LASF26:
 2056 0262 7472616E 		.ascii	"transfer_type\000"
 2056      73666572 
 2056      5F747970 
 2056      6500
 2057              	.LASF21:
 2058 0270 7061796C 		.ascii	"payload_head\000"
 2058      6F61645F 
 2058      68656164 
 2058      00
ARM GAS  /tmp/cclYhXuA.s 			page 39


 2059              	.LASF11:
 2060 027d 5F5F7569 		.ascii	"__uint64_t\000"
 2060      6E743634 
 2060      5F7400
 2061              	.LASF34:
 2062 0288 64617461 		.ascii	"data\000"
 2062      00
 2063              	.LASF41:
 2064 028d 7472616E 		.ascii	"transfer\000"
 2064      73666572 
 2064      00
 2065              	.LASF19:
 2066 0296 43616E61 		.ascii	"CanardRxTransfer\000"
 2066      72645278 
 2066      5472616E 
 2066      73666572 
 2066      00
 2067              	.LASF9:
 2068 02a7 6C6F6E67 		.ascii	"long unsigned int\000"
 2068      20756E73 
 2068      69676E65 
 2068      6420696E 
 2068      7400
 2069              	.LASF57:
 2070 02b9 75617663 		.ascii	"uavcan_protocol_NodeStatus_error_exit\000"
 2070      616E5F70 
 2070      726F746F 
 2070      636F6C5F 
 2070      4E6F6465 
 2071              	.LASF51:
 2072 02df 726F6F74 		.ascii	"root_item\000"
 2072      5F697465 
 2072      6D00
 2073              	.LASF6:
 2074 02e9 5F5F696E 		.ascii	"__int32_t\000"
 2074      7433325F 
 2074      7400
 2075              	.LASF40:
 2076 02f3 75617663 		.ascii	"uavcan_protocol_NodeStatus\000"
 2076      616E5F70 
 2076      726F746F 
 2076      636F6C5F 
 2076      4E6F6465 
 2077              	.LASF24:
 2078 030e 7061796C 		.ascii	"payload_len\000"
 2078      6F61645F 
 2078      6C656E00 
 2079              	.LASF27:
 2080 031a 7472616E 		.ascii	"transfer_id\000"
 2080      73666572 
 2080      5F696400 
 2081              	.LASF35:
 2082 0326 75707469 		.ascii	"uptime_sec\000"
 2082      6D655F73 
 2082      656300
 2083              	.LASF52:
 2084 0331 63616E61 		.ascii	"canardDecodeScalar\000"
ARM GAS  /tmp/cclYhXuA.s 			page 40


 2084      72644465 
 2084      636F6465 
 2084      5363616C 
 2084      617200
 2085              	.LASF49:
 2086 0344 6D73675F 		.ascii	"msg_buf\000"
 2086      62756600 
 2087              	.LASF33:
 2088 034c 6E657874 		.ascii	"next\000"
 2088      00
 2089              	.LASF54:
 2090 0351 474E5520 		.ascii	"GNU C99 7.3.1 20180622 (release) [ARM/embedded-7-br"
 2090      43393920 
 2090      372E332E 
 2090      31203230 
 2090      31383036 
 2091 0384 616E6368 		.ascii	"anch revision 261907] -mcpu=cortex-m4 -mfloat-abi=h"
 2091      20726576 
 2091      6973696F 
 2091      6E203236 
 2091      31393037 
 2092 03b7 61726420 		.ascii	"ard -mfpu=fpv4-sp-d16 -mno-thumb-interwork -mthumb "
 2092      2D6D6670 
 2092      753D6670 
 2092      76342D73 
 2092      702D6431 
 2093 03ea 2D676764 		.ascii	"-ggdb -O2 -std=gnu99 -fomit-frame-pointer -falign-f"
 2093      62202D4F 
 2093      32202D73 
 2093      74643D67 
 2093      6E753939 
 2094 041d 756E6374 		.ascii	"unctions=16 -ffunction-sections -fdata-sections -fn"
 2094      696F6E73 
 2094      3D313620 
 2094      2D666675 
 2094      6E637469 
 2095 0450 6F2D636F 		.ascii	"o-common -fsingle-precision-constant\000"
 2095      6D6D6F6E 
 2095      202D6673 
 2095      696E676C 
 2095      652D7072 
 2096              		.ident	"GCC: (GNU Tools for Arm Embedded Processors 7-2018-q3-update) 7.3.1 20180622 (release) [AR
ARM GAS  /tmp/cclYhXuA.s 			page 41


DEFINED SYMBOLS
                            *ABS*:0000000000000000 protocol_NodeStatus.c
     /tmp/cclYhXuA.s:18     .text.uavcan_protocol_NodeStatus_encode_internal:0000000000000000 $t
     /tmp/cclYhXuA.s:26     .text.uavcan_protocol_NodeStatus_encode_internal:0000000000000000 uavcan_protocol_NodeStatus_encode_internal
     /tmp/cclYhXuA.s:113    .text.uavcan_protocol_NodeStatus_encode:0000000000000000 $t
     /tmp/cclYhXuA.s:121    .text.uavcan_protocol_NodeStatus_encode:0000000000000000 uavcan_protocol_NodeStatus_encode
     /tmp/cclYhXuA.s:148    .text.uavcan_protocol_NodeStatus_decode_internal:0000000000000000 $t
     /tmp/cclYhXuA.s:156    .text.uavcan_protocol_NodeStatus_decode_internal:0000000000000000 uavcan_protocol_NodeStatus_decode_internal
     /tmp/cclYhXuA.s:280    .text.uavcan_protocol_NodeStatus_decode:0000000000000000 $t
     /tmp/cclYhXuA.s:288    .text.uavcan_protocol_NodeStatus_decode:0000000000000000 uavcan_protocol_NodeStatus_decode

UNDEFINED SYMBOLS
canardEncodeScalar
canardDecodeScalar
